<?xml version="1.0" encoding="UTF-8"?>
<testsuites name="Empaques" time="187.276" tests="6" failures="3" errors="0">
   <testsuite name="Empaques" tests="6" failures="3" errors="0" time="187.276" skipped="0" timestamp="27-11-2024T23:33:46" hostname="OLVATI - DESKTOP-RGFFP9A" id="Test Suites/Empaques">
      <properties>
         <property name="deviceName" value=""/>
         <property name="devicePlatform"/>
         <property name="logFolder" value="C:\\Users\\OLVATI\\Katalon Studio\\RegistroEnvio_Totem\\Reports\\20241127_233333\\Empaques\\20241127_233333"/>
         <property name="logFiles" value="C:\\Users\\OLVATI\\Katalon Studio\\RegistroEnvio_Totem\\Reports\\20241127_233333\\Empaques\\20241127_233333\\execution0.log"/>
         <property name="attachments" value=""/>
         <property name="hostName" value="OLVATI - DESKTOP-RGFFP9A"/>
         <property name="os" value="Windows 11 64bit"/>
         <property name="katalonVersion" value="9.7.2.223"/>
         <property name="browser" value="Firefox 133.0"/>
         <property name="hostAddress" value="10.136.10.6"/>
         <property name="sessionId" value="e484e55f-a00f-481a-8752-acee7e8c082a"/>
         <property name="seleniumVersion" value="3.141.59"/>
         <property name="proxyInformation" value="ProxyInformation { proxyOption=NO_PROXY, proxyServerType=HTTP, username=, password=********, proxyServerAddress=, proxyServerPort=0, executionList=&quot;&quot;, isApplyToDesiredCapabilities=true }"/>
         <property name="platform" value="Windows 11"/>
      </properties>
      <testcase name="Test Cases/5.Empaques/4.Positivas/Comprar Empaques - Agregar" time="56.59" classname="Test Cases/5.Empaques/4.Positivas/Comprar Empaques - Agregar" status="PASSED">
         <system-out><![CDATA[27-11-2024T23:33:46 - [TEST_CASE][PASSED] - Test Cases/5.Empaques/4.Positivas/Comprar Empaques - Agregar: Test Cases/5.Empaques/4.Positivas/Comprar Empaques - Agregar

27-11-2024T23:33:47 - [TEST_STEP][PASSED] - callTestCase(findTestCase("5.Empaques/1.Inicio-Empaques/Inicio-cajas"), [:], STOP_ON_FAILURE): Call Test Case 'Test Cases/5.Empaques/1.Inicio-Empaques/Inicio-cajas' successfully

27-11-2024T23:33:47 - [TEST_CASE][PASSED] - Test Cases/5.Empaques/1.Inicio-Empaques/Inicio-cajas: Test Cases/5.Empaques/1.Inicio-Empaques/Inicio-cajas

27-11-2024T23:33:47 - [TEST_STEP][PASSED] - openBrowser(""): Browser is opened with url: ''

27-11-2024T23:33:47 - [MESSAGE][INFO] - Starting 'Firefox' driver

27-11-2024T23:33:47 - [MESSAGE][INFO] - Action delay is set to 0 milliseconds

27-11-2024T23:34:03 - [MESSAGE][PASSED] - Browser is opened with url: ''

27-11-2024T23:34:03 - [TEST_STEP][PASSED] - navigateToUrl("https://dev01-registrodeenvios.olvacourier.com/principal"): Navigate to 'https://dev01-registrodeenvios.olvacourier.com/principal' successfully

27-11-2024T23:34:05 - [MESSAGE][PASSED] - Navigate to 'https://dev01-registrodeenvios.olvacourier.com/principal' successfully

27-11-2024T23:34:05 - [TEST_STEP][PASSED] - maximizeWindow(STOP_ON_FAILURE): Current window maximized

27-11-2024T23:34:05 - [MESSAGE][PASSED] - Current window maximized

27-11-2024T23:34:05 - [MESSAGE][PASSED] - Call Test Case 'Test Cases/5.Empaques/1.Inicio-Empaques/Inicio-cajas' successfully

27-11-2024T23:34:05 - [TEST_STEP][PASSED] - click(findTestObject("Object Repository/Comprar Empaques/Page_Olva Courier  Confirma tus datos/img_Envo de documentoscon un peso mximo de__8aba39")): Object: 'Object Repository/Comprar Empaques/Page_Olva Courier  Confirma tus datos/img_Envo de documentoscon un peso mximo de__8aba39' is clicked on

27-11-2024T23:34:06 - [MESSAGE][PASSED] - Object: 'Object Repository/Comprar Empaques/Page_Olva Courier  Confirma tus datos/img_Envo de documentoscon un peso mximo de__8aba39' is clicked on

27-11-2024T23:34:06 - [TEST_STEP][PASSED] - click(findTestObject("Object Repository/Comprar Empaques/Page_Olva Courier  Confirma tus datos/span_He ledo y acepto los_checkmark")): Object: 'Object Repository/Comprar Empaques/Page_Olva Courier  Confirma tus datos/span_He ledo y acepto los_checkmark' is clicked on

27-11-2024T23:34:06 - [MESSAGE][PASSED] - Object: 'Object Repository/Comprar Empaques/Page_Olva Courier  Confirma tus datos/span_He ledo y acepto los_checkmark' is clicked on

27-11-2024T23:34:06 - [TEST_STEP][PASSED] - scrollToElement(findTestObject("Object Repository/Comprar Empaques/Page_Olva Courier  Confirma tus datos/button_CONTINUAR"), 0): Scroll to object 'Object Repository/Comprar Empaques/Page_Olva Courier  Confirma tus datos/button_CONTINUAR' successfully

27-11-2024T23:34:06 - [MESSAGE][WARNING] - Timeout '0' is invalid. Using default page load timeout: '30'

27-11-2024T23:34:07 - [MESSAGE][PASSED] - Scroll to object 'Object Repository/Comprar Empaques/Page_Olva Courier  Confirma tus datos/button_CONTINUAR' successfully

27-11-2024T23:34:07 - [TEST_STEP][PASSED] - click(findTestObject("Object Repository/Comprar Empaques/Page_Olva Courier  Confirma tus datos/button_CONTINUAR")): Object: 'Object Repository/Comprar Empaques/Page_Olva Courier  Confirma tus datos/button_CONTINUAR' is clicked on

27-11-2024T23:34:08 - [MESSAGE][PASSED] - Object: 'Object Repository/Comprar Empaques/Page_Olva Courier  Confirma tus datos/button_CONTINUAR' is clicked on

27-11-2024T23:34:08 - [TEST_STEP][PASSED] - click(findTestObject("Object Repository/Comprar Empaques/Page_Olva Courier  Datos Personales/span_Tipo De Documento")): Object: 'Object Repository/Comprar Empaques/Page_Olva Courier  Datos Personales/span_Tipo De Documento' is clicked on

27-11-2024T23:34:09 - [MESSAGE][PASSED] - Object: 'Object Repository/Comprar Empaques/Page_Olva Courier  Datos Personales/span_Tipo De Documento' is clicked on

27-11-2024T23:34:09 - [TEST_STEP][PASSED] - click(findTestObject("Object Repository/Comprar Empaques/Page_Olva Courier  Datos Personales/a_RUC")): Object: 'Object Repository/Comprar Empaques/Page_Olva Courier  Datos Personales/a_RUC' is clicked on

27-11-2024T23:34:09 - [MESSAGE][PASSED] - Object: 'Object Repository/Comprar Empaques/Page_Olva Courier  Datos Personales/a_RUC' is clicked on

27-11-2024T23:34:09 - [TEST_STEP][PASSED] - setText(findTestObject("Object Repository/Comprar Empaques/Page_Olva Courier  Datos Personales/input_CARN EXT_txt_documento_cliente"), "10066810581"): Text '10066810581' is set on object 'Object Repository/Comprar Empaques/Page_Olva Courier  Datos Personales/input_CARN EXT_txt_documento_cliente'

27-11-2024T23:34:10 - [MESSAGE][PASSED] - Text '10066810581' is set on object 'Object Repository/Comprar Empaques/Page_Olva Courier  Datos Personales/input_CARN EXT_txt_documento_cliente'

27-11-2024T23:34:10 - [TEST_STEP][PASSED] - setText(findTestObject("Object Repository/Comprar Empaques/Page_Olva Courier  Datos Personales/input_CARN EXT_txt_telefono_cliente"), "900000001"): Text '900000001' is set on object 'Object Repository/Comprar Empaques/Page_Olva Courier  Datos Personales/input_CARN EXT_txt_telefono_cliente'

27-11-2024T23:34:13 - [MESSAGE][PASSED] - Text '900000001' is set on object 'Object Repository/Comprar Empaques/Page_Olva Courier  Datos Personales/input_CARN EXT_txt_telefono_cliente'

27-11-2024T23:34:13 - [TEST_STEP][PASSED] - click(findTestObject("Object Repository/Comprar Empaques/Page_Olva Courier  Datos Personales/div_Hola,")): Object: 'Object Repository/Comprar Empaques/Page_Olva Courier  Datos Personales/div_Hola,' is clicked on

27-11-2024T23:34:13 - [MESSAGE][PASSED] - Object: 'Object Repository/Comprar Empaques/Page_Olva Courier  Datos Personales/div_Hola,' is clicked on

27-11-2024T23:34:13 - [TEST_STEP][PASSED] - scrollToElement(findTestObject("Object Repository/Comprar Empaques/Page_Olva Courier  Datos Personales/button_CONTINUAR"), 0): Scroll to object 'Object Repository/Comprar Empaques/Page_Olva Courier  Datos Personales/button_CONTINUAR' successfully

27-11-2024T23:34:13 - [MESSAGE][WARNING] - Timeout '0' is invalid. Using default page load timeout: '30'

27-11-2024T23:34:14 - [MESSAGE][PASSED] - Scroll to object 'Object Repository/Comprar Empaques/Page_Olva Courier  Datos Personales/button_CONTINUAR' successfully

27-11-2024T23:34:14 - [TEST_STEP][PASSED] - click(findTestObject("Object Repository/Comprar Empaques/Page_Olva Courier  Datos Personales/button_CONTINUAR")): Object: 'Object Repository/Comprar Empaques/Page_Olva Courier  Datos Personales/button_CONTINUAR' is clicked on

27-11-2024T23:34:15 - [MESSAGE][PASSED] - Object: 'Object Repository/Comprar Empaques/Page_Olva Courier  Datos Personales/button_CONTINUAR' is clicked on

27-11-2024T23:34:15 - [TEST_STEP][PASSED] - scrollToPosition(0, 400): Browser is scrolled to position x = 0, y = 400

27-11-2024T23:34:15 - [MESSAGE][PASSED] - Browser is scrolled to position x = 0, y = 400

27-11-2024T23:34:15 - [TEST_STEP][PASSED] - click(findTestObject("Object Repository/EMPAQUE 1")): Object: 'Object Repository/EMPAQUE 1' is clicked on

27-11-2024T23:34:16 - [MESSAGE][PASSED] - Object: 'Object Repository/EMPAQUE 1' is clicked on

27-11-2024T23:34:16 - [TEST_STEP][PASSED] - click(findTestObject("Object Repository/EMPAQUE 2")): Object: 'Object Repository/EMPAQUE 2' is clicked on

27-11-2024T23:34:16 - [MESSAGE][PASSED] - Object: 'Object Repository/EMPAQUE 2' is clicked on

27-11-2024T23:34:16 - [TEST_STEP][PASSED] - click(findTestObject("Object Repository/EMPAQUE 3")): Object: 'Object Repository/EMPAQUE 3' is clicked on

27-11-2024T23:34:17 - [MESSAGE][PASSED] - Object: 'Object Repository/EMPAQUE 3' is clicked on

27-11-2024T23:34:17 - [TEST_STEP][PASSED] - scrollToElement(findTestObject("Object Repository/EMPAQUE 4"), 0): Scroll to object 'Object Repository/EMPAQUE 4' successfully

27-11-2024T23:34:17 - [MESSAGE][WARNING] - Timeout '0' is invalid. Using default page load timeout: '30'

27-11-2024T23:34:17 - [MESSAGE][PASSED] - Scroll to object 'Object Repository/EMPAQUE 4' successfully

27-11-2024T23:34:17 - [TEST_STEP][PASSED] - click(findTestObject("Object Repository/EMPAQUE 4")): Object: 'Object Repository/EMPAQUE 4' is clicked on

27-11-2024T23:34:18 - [MESSAGE][PASSED] - Object: 'Object Repository/EMPAQUE 4' is clicked on

27-11-2024T23:34:18 - [TEST_STEP][PASSED] - click(findTestObject("Object Repository/EMPAQUE 5")): Object: 'Object Repository/EMPAQUE 5' is clicked on

27-11-2024T23:34:18 - [MESSAGE][PASSED] - Object: 'Object Repository/EMPAQUE 5' is clicked on

27-11-2024T23:34:18 - [TEST_STEP][PASSED] - scrollToElement(findTestObject("Comprar Empaques/Page_Olva Courier  Datos Personales/button_CONTINUAR_empaque"), 0): Scroll to object 'Object Repository/Comprar Empaques/Page_Olva Courier  Datos Personales/button_CONTINUAR_empaque' successfully

27-11-2024T23:34:18 - [MESSAGE][WARNING] - Timeout '0' is invalid. Using default page load timeout: '30'

27-11-2024T23:34:18 - [MESSAGE][PASSED] - Scroll to object 'Object Repository/Comprar Empaques/Page_Olva Courier  Datos Personales/button_CONTINUAR_empaque' successfully

27-11-2024T23:34:18 - [TEST_STEP][PASSED] - click(findTestObject("Comprar Empaques/Page_Olva Courier  Datos Personales/button_CONTINUAR_empaque")): Object: 'Object Repository/Comprar Empaques/Page_Olva Courier  Datos Personales/button_CONTINUAR_empaque' is clicked on

27-11-2024T23:34:19 - [MESSAGE][PASSED] - Object: 'Object Repository/Comprar Empaques/Page_Olva Courier  Datos Personales/button_CONTINUAR_empaque' is clicked on

27-11-2024T23:34:19 - [TEST_STEP][PASSED] - click(findTestObject("Comprar Empaques/Page_Olva Courier  Datos Personales/a_AGREGAR EMPAQUES")): Object: 'Object Repository/Comprar Empaques/Page_Olva Courier  Datos Personales/a_AGREGAR EMPAQUES' is clicked on

27-11-2024T23:34:20 - [MESSAGE][PASSED] - Object: 'Object Repository/Comprar Empaques/Page_Olva Courier  Datos Personales/a_AGREGAR EMPAQUES' is clicked on

27-11-2024T23:34:20 - [TEST_STEP][PASSED] - scrollToElement(findTestObject("Object Repository/EMPAQUE 4"), 0): Scroll to object 'Object Repository/EMPAQUE 4' successfully

27-11-2024T23:34:20 - [MESSAGE][WARNING] - Timeout '0' is invalid. Using default page load timeout: '30'

27-11-2024T23:34:20 - [MESSAGE][PASSED] - Scroll to object 'Object Repository/EMPAQUE 4' successfully

27-11-2024T23:34:20 - [TEST_STEP][PASSED] - click(findTestObject("Object Repository/EMPAQUE 4")): Object: 'Object Repository/EMPAQUE 4' is clicked on

27-11-2024T23:34:21 - [MESSAGE][PASSED] - Object: 'Object Repository/EMPAQUE 4' is clicked on

27-11-2024T23:34:21 - [TEST_STEP][PASSED] - click(findTestObject("Object Repository/EMPAQUE 5")): Object: 'Object Repository/EMPAQUE 5' is clicked on

27-11-2024T23:34:22 - [MESSAGE][PASSED] - Object: 'Object Repository/EMPAQUE 5' is clicked on

27-11-2024T23:34:22 - [TEST_STEP][PASSED] - click(findTestObject("Object Repository/EMPAQUE 6")): Object: 'Object Repository/EMPAQUE 6' is clicked on

27-11-2024T23:34:22 - [MESSAGE][PASSED] - Object: 'Object Repository/EMPAQUE 6' is clicked on

27-11-2024T23:34:22 - [TEST_STEP][PASSED] - click(findTestObject("Object Repository/EMPAQUE 6")): Object: 'Object Repository/EMPAQUE 6' is clicked on

27-11-2024T23:34:22 - [MESSAGE][PASSED] - Object: 'Object Repository/EMPAQUE 6' is clicked on

27-11-2024T23:34:22 - [TEST_STEP][PASSED] - scrollToElement(findTestObject("Object Repository/Comprar Empaques/Page_Olva Courier  Datos Personales/button_CONTINUAR_empaque"), 0): Scroll to object 'Object Repository/Comprar Empaques/Page_Olva Courier  Datos Personales/button_CONTINUAR_empaque' successfully

27-11-2024T23:34:22 - [MESSAGE][WARNING] - Timeout '0' is invalid. Using default page load timeout: '30'

27-11-2024T23:34:23 - [MESSAGE][PASSED] - Scroll to object 'Object Repository/Comprar Empaques/Page_Olva Courier  Datos Personales/button_CONTINUAR_empaque' successfully

27-11-2024T23:34:23 - [TEST_STEP][PASSED] - click(findTestObject("Object Repository/Comprar Empaques/Page_Olva Courier  Datos Personales/button_CONTINUAR_empaque")): Object: 'Object Repository/Comprar Empaques/Page_Olva Courier  Datos Personales/button_CONTINUAR_empaque' is clicked on

27-11-2024T23:34:23 - [MESSAGE][PASSED] - Object: 'Object Repository/Comprar Empaques/Page_Olva Courier  Datos Personales/button_CONTINUAR_empaque' is clicked on

27-11-2024T23:34:23 - [TEST_STEP][PASSED] - click(findTestObject("Comprar Empaques/Page_Olva Courier  Datos Personales/a_AGREGAR EMPAQUES")): Object: 'Object Repository/Comprar Empaques/Page_Olva Courier  Datos Personales/a_AGREGAR EMPAQUES' is clicked on

27-11-2024T23:34:24 - [MESSAGE][PASSED] - Object: 'Object Repository/Comprar Empaques/Page_Olva Courier  Datos Personales/a_AGREGAR EMPAQUES' is clicked on

27-11-2024T23:34:24 - [TEST_STEP][PASSED] - scrollToElement(findTestObject("Object Repository/EMPAQUE 1"), 0): Scroll to object 'Object Repository/EMPAQUE 1' successfully

27-11-2024T23:34:24 - [MESSAGE][WARNING] - Timeout '0' is invalid. Using default page load timeout: '30'

27-11-2024T23:34:25 - [MESSAGE][PASSED] - Scroll to object 'Object Repository/EMPAQUE 1' successfully

27-11-2024T23:34:25 - [TEST_STEP][PASSED] - click(findTestObject("Object Repository/EMPAQUE 1")): Object: 'Object Repository/EMPAQUE 1' is clicked on

27-11-2024T23:34:25 - [MESSAGE][PASSED] - Object: 'Object Repository/EMPAQUE 1' is clicked on

27-11-2024T23:34:25 - [TEST_STEP][PASSED] - scrollToElement(findTestObject("Object Repository/Comprar Empaques/Page_Olva Courier  Datos Personales/button_CONTINUAR_empaque"), 0): Scroll to object 'Object Repository/Comprar Empaques/Page_Olva Courier  Datos Personales/button_CONTINUAR_empaque' successfully

27-11-2024T23:34:25 - [MESSAGE][WARNING] - Timeout '0' is invalid. Using default page load timeout: '30'

27-11-2024T23:34:26 - [MESSAGE][PASSED] - Scroll to object 'Object Repository/Comprar Empaques/Page_Olva Courier  Datos Personales/button_CONTINUAR_empaque' successfully

27-11-2024T23:34:26 - [TEST_STEP][PASSED] - click(findTestObject("Object Repository/Comprar Empaques/Page_Olva Courier  Datos Personales/button_CONTINUAR_empaque")): Object: 'Object Repository/Comprar Empaques/Page_Olva Courier  Datos Personales/button_CONTINUAR_empaque' is clicked on

27-11-2024T23:34:26 - [MESSAGE][PASSED] - Object: 'Object Repository/Comprar Empaques/Page_Olva Courier  Datos Personales/button_CONTINUAR_empaque' is clicked on

27-11-2024T23:34:26 - [TEST_STEP][PASSED] - scrollToElement(findTestObject("Object Repository/Comprar Empaques/Page_Olva Courier  Datos Personales/button_CONTINUAR_1_2"), 0): Scroll to object 'Object Repository/Comprar Empaques/Page_Olva Courier  Datos Personales/button_CONTINUAR_1_2' successfully

27-11-2024T23:34:26 - [MESSAGE][WARNING] - Timeout '0' is invalid. Using default page load timeout: '30'

27-11-2024T23:34:27 - [MESSAGE][PASSED] - Scroll to object 'Object Repository/Comprar Empaques/Page_Olva Courier  Datos Personales/button_CONTINUAR_1_2' successfully

27-11-2024T23:34:27 - [TEST_STEP][PASSED] - click(findTestObject("Object Repository/Comprar Empaques/Page_Olva Courier  Datos Personales/button_CONTINUAR_1_2")): Object: 'Object Repository/Comprar Empaques/Page_Olva Courier  Datos Personales/button_CONTINUAR_1_2' is clicked on

27-11-2024T23:34:29 - [MESSAGE][PASSED] - Object: 'Object Repository/Comprar Empaques/Page_Olva Courier  Datos Personales/button_CONTINUAR_1_2' is clicked on

27-11-2024T23:34:29 - [TEST_STEP][PASSED] - delay(3): Delayed 3 second(s)

27-11-2024T23:34:32 - [MESSAGE][PASSED] - Delayed 3 second(s)

27-11-2024T23:34:32 - [TEST_STEP][PASSED] - rightClick(findTestObject("Object Repository/Comprar Empaques/Page_Olva Courier  Datos Personales/button_LIMA - LIMA - MIRAFLORES")): Object: 'Object Repository/Comprar Empaques/Page_Olva Courier  Datos Personales/button_LIMA - LIMA - MIRAFLORES' is right clicked on

27-11-2024T23:34:32 - [MESSAGE][PASSED] - Object: 'Object Repository/Comprar Empaques/Page_Olva Courier  Datos Personales/button_LIMA - LIMA - MIRAFLORES' is right clicked on

27-11-2024T23:34:32 - [TEST_STEP][PASSED] - click(findTestObject("Object Repository/Comprar Empaques/Page_Olva Courier  Datos Personales/button_LIMA - LIMA - MIRAFLORES")): Object: 'Object Repository/Comprar Empaques/Page_Olva Courier  Datos Personales/button_LIMA - LIMA - MIRAFLORES' is clicked on

27-11-2024T23:34:33 - [MESSAGE][PASSED] - Object: 'Object Repository/Comprar Empaques/Page_Olva Courier  Datos Personales/button_LIMA - LIMA - MIRAFLORES' is clicked on

27-11-2024T23:34:33 - [TEST_STEP][PASSED] - click(findTestObject("Object Repository/Comprar Empaques/Page_Olva Courier  Datos Personales/a_CALLAO - CALLAO - CALLAO")): Object: 'Object Repository/Comprar Empaques/Page_Olva Courier  Datos Personales/a_CALLAO - CALLAO - CALLAO' is clicked on

27-11-2024T23:34:33 - [MESSAGE][PASSED] - Object: 'Object Repository/Comprar Empaques/Page_Olva Courier  Datos Personales/a_CALLAO - CALLAO - CALLAO' is clicked on

27-11-2024T23:34:33 - [TEST_STEP][PASSED] - click(findTestObject("Object Repository/Comprar Empaques/Page_Olva Courier  Datos Personales/button_Tienda")): Object: 'Object Repository/Comprar Empaques/Page_Olva Courier  Datos Personales/button_Tienda' is clicked on

27-11-2024T23:34:34 - [MESSAGE][PASSED] - Object: 'Object Repository/Comprar Empaques/Page_Olva Courier  Datos Personales/button_Tienda' is clicked on

27-11-2024T23:34:34 - [TEST_STEP][PASSED] - click(findTestObject("Object Repository/Comprar Empaques/Page_Olva Courier  Datos Personales/a_OLVA ALMACEN - AV. ARGENTINA 4458 - CALLA_89a3f6")): Object: 'Object Repository/Comprar Empaques/Page_Olva Courier  Datos Personales/a_OLVA ALMACEN - AV. ARGENTINA 4458 - CALLA_89a3f6' is clicked on

27-11-2024T23:34:35 - [MESSAGE][PASSED] - Object: 'Object Repository/Comprar Empaques/Page_Olva Courier  Datos Personales/a_OLVA ALMACEN - AV. ARGENTINA 4458 - CALLA_89a3f6' is clicked on

27-11-2024T23:34:35 - [TEST_STEP][PASSED] - click(findTestObject("Object Repository/Comprar Empaques/Page_Olva Courier  Datos Personales/button_CONTINUAR (2)")): Object: 'Object Repository/Comprar Empaques/Page_Olva Courier  Datos Personales/button_CONTINUAR (2)' is clicked on

27-11-2024T23:34:35 - [MESSAGE][PASSED] - Object: 'Object Repository/Comprar Empaques/Page_Olva Courier  Datos Personales/button_CONTINUAR (2)' is clicked on

27-11-2024T23:34:35 - [TEST_STEP][PASSED] - setText(findTestObject("Object Repository/Comprar Empaques/Page_Olva Courier  Datos Personales/input_Para el recojo de tu compra se necesi_22ff2d"), "1"): Text '1' is set on object 'Object Repository/Comprar Empaques/Page_Olva Courier  Datos Personales/input_Para el recojo de tu compra se necesi_22ff2d'

27-11-2024T23:34:36 - [MESSAGE][PASSED] - Text '1' is set on object 'Object Repository/Comprar Empaques/Page_Olva Courier  Datos Personales/input_Para el recojo de tu compra se necesi_22ff2d'

27-11-2024T23:34:36 - [TEST_STEP][PASSED] - setText(findTestObject("Object Repository/Comprar Empaques/Page_Olva Courier  Datos Personales/input_Para el recojo de tu compra se necesi_39579b"), "1"): Text '1' is set on object 'Object Repository/Comprar Empaques/Page_Olva Courier  Datos Personales/input_Para el recojo de tu compra se necesi_39579b'

27-11-2024T23:34:37 - [MESSAGE][PASSED] - Text '1' is set on object 'Object Repository/Comprar Empaques/Page_Olva Courier  Datos Personales/input_Para el recojo de tu compra se necesi_39579b'

27-11-2024T23:34:37 - [TEST_STEP][PASSED] - setText(findTestObject("Object Repository/Comprar Empaques/Page_Olva Courier  Datos Personales/input_Para el recojo de tu compra se necesi_9b4583"), "1"): Text '1' is set on object 'Object Repository/Comprar Empaques/Page_Olva Courier  Datos Personales/input_Para el recojo de tu compra se necesi_9b4583'

27-11-2024T23:34:38 - [MESSAGE][PASSED] - Text '1' is set on object 'Object Repository/Comprar Empaques/Page_Olva Courier  Datos Personales/input_Para el recojo de tu compra se necesi_9b4583'

27-11-2024T23:34:38 - [TEST_STEP][PASSED] - setText(findTestObject("Object Repository/Comprar Empaques/Page_Olva Courier  Datos Personales/input_Para el recojo de tu compra se necesi_cbc9dd"), "1"): Text '1' is set on object 'Object Repository/Comprar Empaques/Page_Olva Courier  Datos Personales/input_Para el recojo de tu compra se necesi_cbc9dd'

27-11-2024T23:34:39 - [MESSAGE][PASSED] - Text '1' is set on object 'Object Repository/Comprar Empaques/Page_Olva Courier  Datos Personales/input_Para el recojo de tu compra se necesi_cbc9dd'

27-11-2024T23:34:39 - [TEST_STEP][PASSED] - click(findTestObject("Object Repository/Comprar Empaques/Page_Olva Courier  Datos Personales/div_Aceptar")): Object: 'Object Repository/Comprar Empaques/Page_Olva Courier  Datos Personales/div_Aceptar' is clicked on

27-11-2024T23:34:39 - [MESSAGE][PASSED] - Object: 'Object Repository/Comprar Empaques/Page_Olva Courier  Datos Personales/div_Aceptar' is clicked on

27-11-2024T23:34:39 - [TEST_STEP][PASSED] - scrollToElement(findTestObject("Object Repository/Comprar Empaques/Page_Olva Courier  Datos Personales/button_PAGAR"), 0): Scroll to object 'Object Repository/Comprar Empaques/Page_Olva Courier  Datos Personales/button_PAGAR' successfully

27-11-2024T23:34:39 - [MESSAGE][WARNING] - Timeout '0' is invalid. Using default page load timeout: '30'

27-11-2024T23:34:41 - [MESSAGE][PASSED] - Scroll to object 'Object Repository/Comprar Empaques/Page_Olva Courier  Datos Personales/button_PAGAR' successfully

27-11-2024T23:34:41 - [TEST_STEP][PASSED] - verifyElementPresent(findTestObject("Object Repository/Comprar Empaques/Page_Olva Courier  Datos Personales/button_PAGAR"), 0): Object 'Object Repository/Comprar Empaques/Page_Olva Courier  Datos Personales/button_PAGAR' is present

27-11-2024T23:34:41 - [MESSAGE][WARNING] - Timeout '0' is invalid. Using default page load timeout: '30'

27-11-2024T23:34:42 - [MESSAGE][PASSED] - Object 'Object Repository/Comprar Empaques/Page_Olva Courier  Datos Personales/button_PAGAR' is present

27-11-2024T23:34:42 - [TEST_STEP][PASSED] - callTestCase(findTestCase("5.Empaques/3.Pago-Empaques/Pago-exitoso"), [:], STOP_ON_FAILURE): Call Test Case 'Test Cases/5.Empaques/3.Pago-Empaques/Pago-exitoso' successfully

27-11-2024T23:34:42 - [TEST_CASE][PASSED] - Test Cases/5.Empaques/3.Pago-Empaques/Pago-exitoso: Test Cases/5.Empaques/3.Pago-Empaques/Pago-exitoso

27-11-2024T23:34:42 - [TEST_STEP][PASSED] - verifyElementPresent(findTestObject("Object Repository/pago/Page_Olva Courier  Medios de pago/div_Pago con tarjeta de crdito, dbito y Yape"), 0): Object 'Object Repository/pago/Page_Olva Courier  Medios de pago/div_Pago con tarjeta de crdito, dbito y Yape' is present

27-11-2024T23:34:42 - [MESSAGE][WARNING] - Timeout '0' is invalid. Using default page load timeout: '30'

27-11-2024T23:34:42 - [MESSAGE][PASSED] - Object 'Object Repository/pago/Page_Olva Courier  Medios de pago/div_Pago con tarjeta de crdito, dbito y Yape' is present

27-11-2024T23:34:42 - [TEST_STEP][PASSED] - verifyElementPresent(findTestObject("Object Repository/pago/Page_Olva Courier  Medios de pago/td_S"), 0): Object 'Object Repository/pago/Page_Olva Courier  Medios de pago/td_S' is present

27-11-2024T23:34:42 - [MESSAGE][WARNING] - Timeout '0' is invalid. Using default page load timeout: '30'

27-11-2024T23:34:42 - [MESSAGE][PASSED] - Object 'Object Repository/pago/Page_Olva Courier  Medios de pago/td_S' is present

27-11-2024T23:34:42 - [TEST_STEP][PASSED] - click(findTestObject("Object Repository/pago/Page_Olva Courier  Medios de pago/button_PAGAR")): Object: 'Object Repository/pago/Page_Olva Courier  Medios de pago/button_PAGAR' is clicked on

27-11-2024T23:34:43 - [MESSAGE][PASSED] - Object: 'Object Repository/pago/Page_Olva Courier  Medios de pago/button_PAGAR' is clicked on

27-11-2024T23:34:43 - [MESSAGE][PASSED] - Call Test Case 'Test Cases/5.Empaques/3.Pago-Empaques/Pago-exitoso' successfully]]></system-out>
         <system-err><![CDATA[]]></system-err>
      </testcase>
      <testcase name="Test Cases/5.Empaques/4.Positivas/Comprar Empaques - CE - Tienda" time="42.924" classname="Test Cases/5.Empaques/4.Positivas/Comprar Empaques - CE - Tienda" status="PASSED">
         <system-out><![CDATA[27-11-2024T23:34:43 - [TEST_CASE][PASSED] - Test Cases/5.Empaques/4.Positivas/Comprar Empaques - CE - Tienda: Test Cases/5.Empaques/4.Positivas/Comprar Empaques - CE - Tienda

27-11-2024T23:34:43 - [TEST_STEP][PASSED] - callTestCase(findTestCase("5.Empaques/1.Inicio-Empaques/Inicio-cajas"), [:], STOP_ON_FAILURE): Call Test Case 'Test Cases/5.Empaques/1.Inicio-Empaques/Inicio-cajas' successfully

27-11-2024T23:34:43 - [TEST_CASE][PASSED] - Test Cases/5.Empaques/1.Inicio-Empaques/Inicio-cajas: Test Cases/5.Empaques/1.Inicio-Empaques/Inicio-cajas

27-11-2024T23:34:43 - [TEST_STEP][PASSED] - openBrowser(""): Browser is opened with url: ''

27-11-2024T23:34:43 - [MESSAGE][WARNING] - A browser is already opened. Closing browser and opening a new one

27-11-2024T23:34:45 - [MESSAGE][INFO] - Starting 'Firefox' driver

27-11-2024T23:34:45 - [MESSAGE][INFO] - Action delay is set to 0 milliseconds

27-11-2024T23:34:56 - [MESSAGE][PASSED] - Browser is opened with url: ''

27-11-2024T23:34:56 - [TEST_STEP][PASSED] - navigateToUrl("https://dev01-registrodeenvios.olvacourier.com/principal"): Navigate to 'https://dev01-registrodeenvios.olvacourier.com/principal' successfully

27-11-2024T23:34:57 - [MESSAGE][PASSED] - Navigate to 'https://dev01-registrodeenvios.olvacourier.com/principal' successfully

27-11-2024T23:34:57 - [TEST_STEP][PASSED] - maximizeWindow(STOP_ON_FAILURE): Current window maximized

27-11-2024T23:34:57 - [MESSAGE][PASSED] - Current window maximized

27-11-2024T23:34:57 - [MESSAGE][PASSED] - Call Test Case 'Test Cases/5.Empaques/1.Inicio-Empaques/Inicio-cajas' successfully

27-11-2024T23:34:57 - [TEST_STEP][PASSED] - click(findTestObject("Object Repository/Comprar Empaques/Page_Olva Courier  Confirma tus datos/img_Envo de documentoscon un peso mximo de__8aba39")): Object: 'Object Repository/Comprar Empaques/Page_Olva Courier  Confirma tus datos/img_Envo de documentoscon un peso mximo de__8aba39' is clicked on

27-11-2024T23:34:58 - [MESSAGE][PASSED] - Object: 'Object Repository/Comprar Empaques/Page_Olva Courier  Confirma tus datos/img_Envo de documentoscon un peso mximo de__8aba39' is clicked on

27-11-2024T23:34:58 - [TEST_STEP][PASSED] - click(findTestObject("Object Repository/Comprar Empaques/Page_Olva Courier  Confirma tus datos/span_He ledo y acepto los_checkmark")): Object: 'Object Repository/Comprar Empaques/Page_Olva Courier  Confirma tus datos/span_He ledo y acepto los_checkmark' is clicked on

27-11-2024T23:34:58 - [MESSAGE][PASSED] - Object: 'Object Repository/Comprar Empaques/Page_Olva Courier  Confirma tus datos/span_He ledo y acepto los_checkmark' is clicked on

27-11-2024T23:34:58 - [TEST_STEP][PASSED] - scrollToElement(findTestObject("Object Repository/Comprar Empaques/Page_Olva Courier  Confirma tus datos/button_CONTINUAR"), 0): Scroll to object 'Object Repository/Comprar Empaques/Page_Olva Courier  Confirma tus datos/button_CONTINUAR' successfully

27-11-2024T23:34:58 - [MESSAGE][WARNING] - Timeout '0' is invalid. Using default page load timeout: '30'

27-11-2024T23:34:59 - [MESSAGE][PASSED] - Scroll to object 'Object Repository/Comprar Empaques/Page_Olva Courier  Confirma tus datos/button_CONTINUAR' successfully

27-11-2024T23:34:59 - [TEST_STEP][PASSED] - click(findTestObject("Object Repository/Comprar Empaques/Page_Olva Courier  Confirma tus datos/button_CONTINUAR")): Object: 'Object Repository/Comprar Empaques/Page_Olva Courier  Confirma tus datos/button_CONTINUAR' is clicked on

27-11-2024T23:35:00 - [MESSAGE][PASSED] - Object: 'Object Repository/Comprar Empaques/Page_Olva Courier  Confirma tus datos/button_CONTINUAR' is clicked on

27-11-2024T23:35:00 - [TEST_STEP][PASSED] - click(findTestObject("Object Repository/Comprar Empaques/Page_Olva Courier  Datos Personales/span_Tipo De Documento")): Object: 'Object Repository/Comprar Empaques/Page_Olva Courier  Datos Personales/span_Tipo De Documento' is clicked on

27-11-2024T23:35:01 - [MESSAGE][PASSED] - Object: 'Object Repository/Comprar Empaques/Page_Olva Courier  Datos Personales/span_Tipo De Documento' is clicked on

27-11-2024T23:35:01 - [TEST_STEP][PASSED] - click(findTestObject("Object Repository/Comprar Empaques/Page_Olva Courier  Datos Personales/span_CARN EXT")): Object: 'Object Repository/Comprar Empaques/Page_Olva Courier  Datos Personales/span_CARN EXT' is clicked on

27-11-2024T23:35:01 - [MESSAGE][PASSED] - Object: 'Object Repository/Comprar Empaques/Page_Olva Courier  Datos Personales/span_CARN EXT' is clicked on

27-11-2024T23:35:01 - [TEST_STEP][PASSED] - setText(findTestObject("Object Repository/Comprar Empaques/Page_Olva Courier  Datos Personales/input_CARN EXT_txt_documento_cliente"), "002699003"): Text '002699003' is set on object 'Object Repository/Comprar Empaques/Page_Olva Courier  Datos Personales/input_CARN EXT_txt_documento_cliente'

27-11-2024T23:35:02 - [MESSAGE][PASSED] - Text '002699003' is set on object 'Object Repository/Comprar Empaques/Page_Olva Courier  Datos Personales/input_CARN EXT_txt_documento_cliente'

27-11-2024T23:35:02 - [TEST_STEP][PASSED] - setText(findTestObject("Object Repository/Comprar Empaques/Page_Olva Courier  Datos Personales/input_CARN EXT_txt_telefono_cliente"), "900000001"): Text '900000001' is set on object 'Object Repository/Comprar Empaques/Page_Olva Courier  Datos Personales/input_CARN EXT_txt_telefono_cliente'

27-11-2024T23:35:03 - [MESSAGE][PASSED] - Text '900000001' is set on object 'Object Repository/Comprar Empaques/Page_Olva Courier  Datos Personales/input_CARN EXT_txt_telefono_cliente'

27-11-2024T23:35:03 - [TEST_STEP][PASSED] - click(findTestObject("Object Repository/Comprar Empaques/Page_Olva Courier  Datos Personales/div_Hola,")): Object: 'Object Repository/Comprar Empaques/Page_Olva Courier  Datos Personales/div_Hola,' is clicked on

27-11-2024T23:35:04 - [MESSAGE][PASSED] - Object: 'Object Repository/Comprar Empaques/Page_Olva Courier  Datos Personales/div_Hola,' is clicked on

27-11-2024T23:35:04 - [TEST_STEP][PASSED] - scrollToElement(findTestObject("Object Repository/Comprar Empaques/Page_Olva Courier  Datos Personales/button_CONTINUAR"), 0): Scroll to object 'Object Repository/Comprar Empaques/Page_Olva Courier  Datos Personales/button_CONTINUAR' successfully

27-11-2024T23:35:04 - [MESSAGE][WARNING] - Timeout '0' is invalid. Using default page load timeout: '30'

27-11-2024T23:35:04 - [MESSAGE][PASSED] - Scroll to object 'Object Repository/Comprar Empaques/Page_Olva Courier  Datos Personales/button_CONTINUAR' successfully

27-11-2024T23:35:04 - [TEST_STEP][PASSED] - click(findTestObject("Object Repository/Comprar Empaques/Page_Olva Courier  Datos Personales/button_CONTINUAR")): Object: 'Object Repository/Comprar Empaques/Page_Olva Courier  Datos Personales/button_CONTINUAR' is clicked on

27-11-2024T23:35:05 - [MESSAGE][PASSED] - Object: 'Object Repository/Comprar Empaques/Page_Olva Courier  Datos Personales/button_CONTINUAR' is clicked on

27-11-2024T23:35:05 - [TEST_STEP][PASSED] - scrollToPosition(0, 400): Browser is scrolled to position x = 0, y = 400

27-11-2024T23:35:05 - [MESSAGE][PASSED] - Browser is scrolled to position x = 0, y = 400

27-11-2024T23:35:05 - [TEST_STEP][PASSED] - click(findTestObject("EMPAQUE 1")): Object: 'Object Repository/EMPAQUE 1' is clicked on

27-11-2024T23:35:06 - [MESSAGE][PASSED] - Object: 'Object Repository/EMPAQUE 1' is clicked on

27-11-2024T23:35:06 - [TEST_STEP][PASSED] - click(findTestObject("EMPAQUE 2")): Object: 'Object Repository/EMPAQUE 2' is clicked on

27-11-2024T23:35:07 - [MESSAGE][PASSED] - Object: 'Object Repository/EMPAQUE 2' is clicked on

27-11-2024T23:35:07 - [TEST_STEP][PASSED] - click(findTestObject("EMPAQUE 3")): Object: 'Object Repository/EMPAQUE 3' is clicked on

27-11-2024T23:35:07 - [MESSAGE][PASSED] - Object: 'Object Repository/EMPAQUE 3' is clicked on

27-11-2024T23:35:07 - [TEST_STEP][PASSED] - scrollToElement(findTestObject("EMPAQUE 4"), 0): Scroll to object 'Object Repository/EMPAQUE 4' successfully

27-11-2024T23:35:07 - [MESSAGE][WARNING] - Timeout '0' is invalid. Using default page load timeout: '30'

27-11-2024T23:35:07 - [MESSAGE][PASSED] - Scroll to object 'Object Repository/EMPAQUE 4' successfully

27-11-2024T23:35:07 - [TEST_STEP][PASSED] - click(findTestObject("EMPAQUE 4")): Object: 'Object Repository/EMPAQUE 4' is clicked on

27-11-2024T23:35:08 - [MESSAGE][PASSED] - Object: 'Object Repository/EMPAQUE 4' is clicked on

27-11-2024T23:35:08 - [TEST_STEP][PASSED] - click(findTestObject("EMPAQUE 5")): Object: 'Object Repository/EMPAQUE 5' is clicked on

27-11-2024T23:35:08 - [MESSAGE][PASSED] - Object: 'Object Repository/EMPAQUE 5' is clicked on

27-11-2024T23:35:08 - [TEST_STEP][PASSED] - click(findTestObject("EMPAQUE 6")): Object: 'Object Repository/EMPAQUE 6' is clicked on

27-11-2024T23:35:09 - [MESSAGE][PASSED] - Object: 'Object Repository/EMPAQUE 6' is clicked on

27-11-2024T23:35:09 - [TEST_STEP][PASSED] - scrollToElement(findTestObject("Comprar Empaques/Page_Olva Courier  Datos Personales/button_CONTINUAR_empaque"), 0): Scroll to object 'Object Repository/Comprar Empaques/Page_Olva Courier  Datos Personales/button_CONTINUAR_empaque' successfully

27-11-2024T23:35:09 - [MESSAGE][WARNING] - Timeout '0' is invalid. Using default page load timeout: '30'

27-11-2024T23:35:09 - [MESSAGE][PASSED] - Scroll to object 'Object Repository/Comprar Empaques/Page_Olva Courier  Datos Personales/button_CONTINUAR_empaque' successfully

27-11-2024T23:35:09 - [TEST_STEP][PASSED] - click(findTestObject("Comprar Empaques/Page_Olva Courier  Datos Personales/button_CONTINUAR_empaque")): Object: 'Object Repository/Comprar Empaques/Page_Olva Courier  Datos Personales/button_CONTINUAR_empaque' is clicked on

27-11-2024T23:35:09 - [MESSAGE][PASSED] - Object: 'Object Repository/Comprar Empaques/Page_Olva Courier  Datos Personales/button_CONTINUAR_empaque' is clicked on

27-11-2024T23:35:09 - [TEST_STEP][PASSED] - scrollToElement(findTestObject("Object Repository/Comprar Empaques/Page_Olva Courier  Datos Personales/button_CONTINUAR_1_2"), 0): Scroll to object 'Object Repository/Comprar Empaques/Page_Olva Courier  Datos Personales/button_CONTINUAR_1_2' successfully

27-11-2024T23:35:09 - [MESSAGE][WARNING] - Timeout '0' is invalid. Using default page load timeout: '30'

27-11-2024T23:35:10 - [MESSAGE][PASSED] - Scroll to object 'Object Repository/Comprar Empaques/Page_Olva Courier  Datos Personales/button_CONTINUAR_1_2' successfully

27-11-2024T23:35:10 - [TEST_STEP][PASSED] - click(findTestObject("Object Repository/Comprar Empaques/Page_Olva Courier  Datos Personales/button_CONTINUAR_1_2")): Object: 'Object Repository/Comprar Empaques/Page_Olva Courier  Datos Personales/button_CONTINUAR_1_2' is clicked on

27-11-2024T23:35:12 - [MESSAGE][PASSED] - Object: 'Object Repository/Comprar Empaques/Page_Olva Courier  Datos Personales/button_CONTINUAR_1_2' is clicked on

27-11-2024T23:35:12 - [TEST_STEP][PASSED] - delay(3): Delayed 3 second(s)

27-11-2024T23:35:15 - [MESSAGE][PASSED] - Delayed 3 second(s)

27-11-2024T23:35:15 - [TEST_STEP][PASSED] - rightClick(findTestObject("Object Repository/Comprar Empaques/Page_Olva Courier  Datos Personales/button_LIMA - LIMA - MIRAFLORES")): Object: 'Object Repository/Comprar Empaques/Page_Olva Courier  Datos Personales/button_LIMA - LIMA - MIRAFLORES' is right clicked on

27-11-2024T23:35:15 - [MESSAGE][PASSED] - Object: 'Object Repository/Comprar Empaques/Page_Olva Courier  Datos Personales/button_LIMA - LIMA - MIRAFLORES' is right clicked on

27-11-2024T23:35:15 - [TEST_STEP][PASSED] - click(findTestObject("Object Repository/Comprar Empaques/Page_Olva Courier  Datos Personales/button_LIMA - LIMA - MIRAFLORES")): Object: 'Object Repository/Comprar Empaques/Page_Olva Courier  Datos Personales/button_LIMA - LIMA - MIRAFLORES' is clicked on

27-11-2024T23:35:16 - [MESSAGE][PASSED] - Object: 'Object Repository/Comprar Empaques/Page_Olva Courier  Datos Personales/button_LIMA - LIMA - MIRAFLORES' is clicked on

27-11-2024T23:35:16 - [TEST_STEP][PASSED] - click(findTestObject("Object Repository/Comprar Empaques/Page_Olva Courier  Datos Personales/a_CALLAO - CALLAO - CALLAO")): Object: 'Object Repository/Comprar Empaques/Page_Olva Courier  Datos Personales/a_CALLAO - CALLAO - CALLAO' is clicked on

27-11-2024T23:35:16 - [MESSAGE][PASSED] - Object: 'Object Repository/Comprar Empaques/Page_Olva Courier  Datos Personales/a_CALLAO - CALLAO - CALLAO' is clicked on

27-11-2024T23:35:16 - [TEST_STEP][PASSED] - click(findTestObject("Object Repository/Comprar Empaques/Page_Olva Courier  Datos Personales/button_Tienda")): Object: 'Object Repository/Comprar Empaques/Page_Olva Courier  Datos Personales/button_Tienda' is clicked on

27-11-2024T23:35:17 - [MESSAGE][PASSED] - Object: 'Object Repository/Comprar Empaques/Page_Olva Courier  Datos Personales/button_Tienda' is clicked on

27-11-2024T23:35:17 - [TEST_STEP][PASSED] - click(findTestObject("Object Repository/Comprar Empaques/Page_Olva Courier  Datos Personales/a_OLVA ALMACEN - AV. ARGENTINA 4458 - CALLA_89a3f6")): Object: 'Object Repository/Comprar Empaques/Page_Olva Courier  Datos Personales/a_OLVA ALMACEN - AV. ARGENTINA 4458 - CALLA_89a3f6' is clicked on

27-11-2024T23:35:18 - [MESSAGE][PASSED] - Object: 'Object Repository/Comprar Empaques/Page_Olva Courier  Datos Personales/a_OLVA ALMACEN - AV. ARGENTINA 4458 - CALLA_89a3f6' is clicked on

27-11-2024T23:35:18 - [TEST_STEP][PASSED] - click(findTestObject("Object Repository/Comprar Empaques/Page_Olva Courier  Datos Personales/button_CONTINUAR (2)")): Object: 'Object Repository/Comprar Empaques/Page_Olva Courier  Datos Personales/button_CONTINUAR (2)' is clicked on

27-11-2024T23:35:18 - [MESSAGE][PASSED] - Object: 'Object Repository/Comprar Empaques/Page_Olva Courier  Datos Personales/button_CONTINUAR (2)' is clicked on

27-11-2024T23:35:18 - [TEST_STEP][PASSED] - setText(findTestObject("Object Repository/Comprar Empaques/Page_Olva Courier  Datos Personales/input_Para el recojo de tu compra se necesi_22ff2d"), "1"): Text '1' is set on object 'Object Repository/Comprar Empaques/Page_Olva Courier  Datos Personales/input_Para el recojo de tu compra se necesi_22ff2d'

27-11-2024T23:35:19 - [MESSAGE][PASSED] - Text '1' is set on object 'Object Repository/Comprar Empaques/Page_Olva Courier  Datos Personales/input_Para el recojo de tu compra se necesi_22ff2d'

27-11-2024T23:35:19 - [TEST_STEP][PASSED] - setText(findTestObject("Object Repository/Comprar Empaques/Page_Olva Courier  Datos Personales/input_Para el recojo de tu compra se necesi_39579b"), "1"): Text '1' is set on object 'Object Repository/Comprar Empaques/Page_Olva Courier  Datos Personales/input_Para el recojo de tu compra se necesi_39579b'

27-11-2024T23:35:20 - [MESSAGE][PASSED] - Text '1' is set on object 'Object Repository/Comprar Empaques/Page_Olva Courier  Datos Personales/input_Para el recojo de tu compra se necesi_39579b'

27-11-2024T23:35:20 - [TEST_STEP][PASSED] - setText(findTestObject("Object Repository/Comprar Empaques/Page_Olva Courier  Datos Personales/input_Para el recojo de tu compra se necesi_9b4583"), "1"): Text '1' is set on object 'Object Repository/Comprar Empaques/Page_Olva Courier  Datos Personales/input_Para el recojo de tu compra se necesi_9b4583'

27-11-2024T23:35:21 - [MESSAGE][PASSED] - Text '1' is set on object 'Object Repository/Comprar Empaques/Page_Olva Courier  Datos Personales/input_Para el recojo de tu compra se necesi_9b4583'

27-11-2024T23:35:21 - [TEST_STEP][PASSED] - setText(findTestObject("Object Repository/Comprar Empaques/Page_Olva Courier  Datos Personales/input_Para el recojo de tu compra se necesi_cbc9dd"), "1"): Text '1' is set on object 'Object Repository/Comprar Empaques/Page_Olva Courier  Datos Personales/input_Para el recojo de tu compra se necesi_cbc9dd'

27-11-2024T23:35:22 - [MESSAGE][PASSED] - Text '1' is set on object 'Object Repository/Comprar Empaques/Page_Olva Courier  Datos Personales/input_Para el recojo de tu compra se necesi_cbc9dd'

27-11-2024T23:35:22 - [TEST_STEP][PASSED] - click(findTestObject("Object Repository/Comprar Empaques/Page_Olva Courier  Datos Personales/div_Aceptar")): Object: 'Object Repository/Comprar Empaques/Page_Olva Courier  Datos Personales/div_Aceptar' is clicked on

27-11-2024T23:35:22 - [MESSAGE][PASSED] - Object: 'Object Repository/Comprar Empaques/Page_Olva Courier  Datos Personales/div_Aceptar' is clicked on

27-11-2024T23:35:22 - [TEST_STEP][PASSED] - scrollToElement(findTestObject("Object Repository/Comprar Empaques/Page_Olva Courier  Datos Personales/button_PAGAR"), 0): Scroll to object 'Object Repository/Comprar Empaques/Page_Olva Courier  Datos Personales/button_PAGAR' successfully

27-11-2024T23:35:22 - [MESSAGE][WARNING] - Timeout '0' is invalid. Using default page load timeout: '30'

27-11-2024T23:35:24 - [MESSAGE][PASSED] - Scroll to object 'Object Repository/Comprar Empaques/Page_Olva Courier  Datos Personales/button_PAGAR' successfully

27-11-2024T23:35:24 - [TEST_STEP][PASSED] - verifyElementPresent(findTestObject("Object Repository/Comprar Empaques/Page_Olva Courier  Datos Personales/button_PAGAR"), 0): Object 'Object Repository/Comprar Empaques/Page_Olva Courier  Datos Personales/button_PAGAR' is present

27-11-2024T23:35:24 - [MESSAGE][WARNING] - Timeout '0' is invalid. Using default page load timeout: '30'

27-11-2024T23:35:24 - [MESSAGE][PASSED] - Object 'Object Repository/Comprar Empaques/Page_Olva Courier  Datos Personales/button_PAGAR' is present

27-11-2024T23:35:24 - [TEST_STEP][PASSED] - callTestCase(findTestCase("5.Empaques/3.Pago-Empaques/Pago-exitoso"), [:], STOP_ON_FAILURE): Call Test Case 'Test Cases/5.Empaques/3.Pago-Empaques/Pago-exitoso' successfully

27-11-2024T23:35:25 - [TEST_CASE][PASSED] - Test Cases/5.Empaques/3.Pago-Empaques/Pago-exitoso: Test Cases/5.Empaques/3.Pago-Empaques/Pago-exitoso

27-11-2024T23:35:25 - [TEST_STEP][PASSED] - verifyElementPresent(findTestObject("Object Repository/pago/Page_Olva Courier  Medios de pago/div_Pago con tarjeta de crdito, dbito y Yape"), 0): Object 'Object Repository/pago/Page_Olva Courier  Medios de pago/div_Pago con tarjeta de crdito, dbito y Yape' is present

27-11-2024T23:35:25 - [MESSAGE][WARNING] - Timeout '0' is invalid. Using default page load timeout: '30'

27-11-2024T23:35:25 - [MESSAGE][PASSED] - Object 'Object Repository/pago/Page_Olva Courier  Medios de pago/div_Pago con tarjeta de crdito, dbito y Yape' is present

27-11-2024T23:35:25 - [TEST_STEP][PASSED] - verifyElementPresent(findTestObject("Object Repository/pago/Page_Olva Courier  Medios de pago/td_S"), 0): Object 'Object Repository/pago/Page_Olva Courier  Medios de pago/td_S' is present

27-11-2024T23:35:25 - [MESSAGE][WARNING] - Timeout '0' is invalid. Using default page load timeout: '30'

27-11-2024T23:35:25 - [MESSAGE][PASSED] - Object 'Object Repository/pago/Page_Olva Courier  Medios de pago/td_S' is present

27-11-2024T23:35:25 - [TEST_STEP][PASSED] - click(findTestObject("Object Repository/pago/Page_Olva Courier  Medios de pago/button_PAGAR")): Object: 'Object Repository/pago/Page_Olva Courier  Medios de pago/button_PAGAR' is clicked on

27-11-2024T23:35:26 - [MESSAGE][PASSED] - Object: 'Object Repository/pago/Page_Olva Courier  Medios de pago/button_PAGAR' is clicked on

27-11-2024T23:35:26 - [MESSAGE][PASSED] - Call Test Case 'Test Cases/5.Empaques/3.Pago-Empaques/Pago-exitoso' successfully]]></system-out>
         <system-err><![CDATA[]]></system-err>
      </testcase>
      <testcase name="Test Cases/5.Empaques/4.Positivas/Comprar Empaques - DNI - Tienda" time="15.18" classname="Test Cases/5.Empaques/4.Positivas/Comprar Empaques - DNI - Tienda" status="FAILED">
         <failure type="FAILED" message="Test Cases/5.Empaques/4.Positivas/Comprar Empaques - DNI - Tienda FAILED.&#xa;Reason:&#xa;com.kms.katalon.core.exception.StepFailedException: Unable to click on object 'Object Repository/Comprar Empaques/Page_Olva Courier  Confirma tus datos/button_Cerrar_2'&#xa;	at com.kms.katalon.core.webui.keyword.internal.WebUIKeywordMain.stepFailed(WebUIKeywordMain.groovy:117)&#xa;	at com.kms.katalon.core.webui.keyword.internal.WebUIKeywordMain.runKeyword(WebUIKeywordMain.groovy:43)&#xa;	at com.kms.katalon.core.webui.keyword.builtin.ClickKeyword.click(ClickKeyword.groovy:74)&#xa;	at com.kms.katalon.core.webui.keyword.builtin.ClickKeyword.execute(ClickKeyword.groovy:40)&#xa;	at com.kms.katalon.core.keyword.internal.KeywordExecutor.executeKeywordForPlatform(KeywordExecutor.groovy:74)&#xa;	at com.kms.katalon.core.webui.keyword.WebUiBuiltInKeywords.click(WebUiBuiltInKeywords.groovy:659)&#xa;	at Comprar Empaques - DNI - Tienda.run(Comprar Empaques - DNI - Tienda:26)&#xa;	at com.kms.katalon.core.main.ScriptEngine.run(ScriptEngine.java:194)&#xa;	at com.kms.katalon.core.main.ScriptEngine.runScriptAsRawText(ScriptEngine.java:119)&#xa;	at com.kms.katalon.core.main.TestCaseExecutor.runScript(TestCaseExecutor.java:448)&#xa;	at com.kms.katalon.core.main.TestCaseExecutor.doExecute(TestCaseExecutor.java:439)&#xa;	at com.kms.katalon.core.main.TestCaseExecutor.processExecutionPhase(TestCaseExecutor.java:418)&#xa;	at com.kms.katalon.core.main.TestCaseExecutor.accessMainPhase(TestCaseExecutor.java:410)&#xa;	at com.kms.katalon.core.main.TestCaseExecutor.execute(TestCaseExecutor.java:285)&#xa;	at com.kms.katalon.core.common.CommonExecutor.accessTestCaseMainPhase(CommonExecutor.java:65)&#xa;	at com.kms.katalon.core.main.TestSuiteExecutor.accessTestSuiteMainPhase(TestSuiteExecutor.java:150)&#xa;	at com.kms.katalon.core.main.TestSuiteExecutor.execute(TestSuiteExecutor.java:106)&#xa;	at com.kms.katalon.core.main.TestCaseMain.startTestSuite(TestCaseMain.java:180)&#xa;	at TempTestSuite1732768413163.run(TempTestSuite1732768413163.groovy:35)&#xa;	at java.base/jdk.internal.reflect.NativeMethodAccessorImpl.invoke0(Native Method)&#xa;	at java.base/jdk.internal.reflect.NativeMethodAccessorImpl.invoke(NativeMethodAccessorImpl.java:77)&#xa;	at java.base/jdk.internal.reflect.DelegatingMethodAccessorImpl.invoke(DelegatingMethodAccessorImpl.java:43)&#xa;Caused by: org.openqa.selenium.ElementNotInteractableException: Element &lt;button class=&quot;btn btn-default&quot; type=&quot;button&quot;> could not be scrolled into view&#xa;Build info: version: '3.141.59', revision: 'unknown', time: 'unknown'&#xa;System info: host: 'DESKTOP-RGFFP9A', ip: '10.136.10.6', os.name: 'Windows 11', os.arch: 'amd64', os.version: '10.0', java.version: '17.0.7'&#xa;Driver info: com.kms.katalon.core.webui.driver.firefox.CGeckoDriver&#xa;Capabilities {acceptInsecureCerts: true, browserName: firefox, browserVersion: 133.0, javascriptEnabled: true, moz:accessibilityChecks: false, moz:buildID: 20241121140525, moz:geckodriverVersion: 0.35.0, moz:headless: false, moz:platformVersion: 10.0, moz:processID: 8448, moz:profile: C:\Users\OLVATI\AppData\Loc..., moz:shutdownTimeout: 60000, moz:webdriverClick: true, moz:windowless: false, pageLoadStrategy: normal, platform: WINDOWS, platformName: WINDOWS, proxy: Proxy(direct), setWindowRect: true, strictFileInteractability: false, timeouts: {implicit: 0, pageLoad: 300000, script: 30000}, unhandledPromptBehavior: dismiss and notify, userAgent: Mozilla/5.0 (Windows NT 10....}&#xa;Session ID: f0729a05-a2ae-49cd-9d05-8f656ae91892&#xa;	at java.base/jdk.internal.reflect.NativeConstructorAccessorImpl.newInstance0(Native Method)&#xa;	at java.base/jdk.internal.reflect.NativeConstructorAccessorImpl.newInstance(NativeConstructorAccessorImpl.java:77)&#xa;	at java.base/jdk.internal.reflect.DelegatingConstructorAccessorImpl.newInstance(DelegatingConstructorAccessorImpl.java:45)&#xa;	at org.openqa.selenium.remote.http.W3CHttpResponseCodec.createException(W3CHttpResponseCodec.java:187)&#xa;	at org.openqa.selenium.remote.http.W3CHttpResponseCodec.decode(W3CHttpResponseCodec.java:122)&#xa;	at org.openqa.selenium.remote.http.W3CHttpResponseCodec.decode(W3CHttpResponseCodec.java:49)&#xa;	at org.openqa.selenium.remote.HttpCommandExecutor.execute(HttpCommandExecutor.java:158)&#xa;	at org.openqa.selenium.remote.service.DriverCommandExecutor.execute(DriverCommandExecutor.java:83)&#xa;	at org.openqa.selenium.remote.RemoteWebDriver.execute(RemoteWebDriver.java:552)&#xa;	at com.kms.katalon.selenium.driver.CFirefoxDriver.execute(CFirefoxDriver.java:28)&#xa;	at org.openqa.selenium.remote.RemoteWebElement.execute(RemoteWebElement.java:285)&#xa;	at org.openqa.selenium.remote.RemoteWebElement.click(RemoteWebElement.java:84)&#xa;	at jdk.internal.reflect.GeneratedMethodAccessor10.invoke(Unknown Source)&#xa;	at java.base/jdk.internal.reflect.DelegatingMethodAccessorImpl.invoke(DelegatingMethodAccessorImpl.java:43)&#xa;	at org.openqa.selenium.support.events.EventFiringWebDriver$EventFiringWebElement.lambda$new$0(EventFiringWebDriver.java:404)&#xa;	at jdk.proxy2/jdk.proxy2.$Proxy21.click(Unknown Source)&#xa;	at org.openqa.selenium.support.events.EventFiringWebDriver$EventFiringWebElement.click(EventFiringWebDriver.java:417)&#xa;	at org.openqa.selenium.WebElement$click.call(Unknown Source)&#xa;	at com.kms.katalon.core.webui.keyword.builtin.ClickKeyword.clickUntilSuccessWithTimeout(ClickKeyword.groovy:81)&#xa;	at com.kms.katalon.core.webui.keyword.builtin.ClickKeyword.clickUntilSuccessWithTimeout(ClickKeyword.groovy)&#xa;	at jdk.internal.reflect.GeneratedMethodAccessor8.invoke(Unknown Source)&#xa;	at java.base/jdk.internal.reflect.DelegatingMethodAccessorImpl.invoke(DelegatingMethodAccessorImpl.java:43)&#xa;	at com.kms.katalon.core.webui.keyword.builtin.ClickKeyword$_click_closure1.doCall(ClickKeyword.groovy:67)&#xa;	at com.kms.katalon.core.webui.keyword.builtin.ClickKeyword$_click_closure1.call(ClickKeyword.groovy)&#xa;	at com.kms.katalon.core.webui.keyword.internal.WebUIKeywordMain.runKeyword(WebUIKeywordMain.groovy:35)&#xa;	... 20 more&#xa;"/>
         <system-out><![CDATA[27-11-2024T23:35:26 - [TEST_CASE][FAILED] - Test Cases/5.Empaques/4.Positivas/Comprar Empaques - DNI - Tienda: Test Cases/5.Empaques/4.Positivas/Comprar Empaques - DNI - Tienda FAILED.
Reason:
com.kms.katalon.core.exception.StepFailedException: Unable to click on object 'Object Repository/Comprar Empaques/Page_Olva Courier  Confirma tus datos/button_Cerrar_2'
	at com.kms.katalon.core.webui.keyword.internal.WebUIKeywordMain.stepFailed(WebUIKeywordMain.groovy:117)
	at com.kms.katalon.core.webui.keyword.internal.WebUIKeywordMain.runKeyword(WebUIKeywordMain.groovy:43)
	at com.kms.katalon.core.webui.keyword.builtin.ClickKeyword.click(ClickKeyword.groovy:74)
	at com.kms.katalon.core.webui.keyword.builtin.ClickKeyword.execute(ClickKeyword.groovy:40)
	at com.kms.katalon.core.keyword.internal.KeywordExecutor.executeKeywordForPlatform(KeywordExecutor.groovy:74)
	at com.kms.katalon.core.webui.keyword.WebUiBuiltInKeywords.click(WebUiBuiltInKeywords.groovy:659)
	at Comprar Empaques - DNI - Tienda.run(Comprar Empaques - DNI - Tienda:26)
	at com.kms.katalon.core.main.ScriptEngine.run(ScriptEngine.java:194)
	at com.kms.katalon.core.main.ScriptEngine.runScriptAsRawText(ScriptEngine.java:119)
	at com.kms.katalon.core.main.TestCaseExecutor.runScript(TestCaseExecutor.java:448)
	at com.kms.katalon.core.main.TestCaseExecutor.doExecute(TestCaseExecutor.java:439)
	at com.kms.katalon.core.main.TestCaseExecutor.processExecutionPhase(TestCaseExecutor.java:418)
	at com.kms.katalon.core.main.TestCaseExecutor.accessMainPhase(TestCaseExecutor.java:410)
	at com.kms.katalon.core.main.TestCaseExecutor.execute(TestCaseExecutor.java:285)
	at com.kms.katalon.core.common.CommonExecutor.accessTestCaseMainPhase(CommonExecutor.java:65)
	at com.kms.katalon.core.main.TestSuiteExecutor.accessTestSuiteMainPhase(TestSuiteExecutor.java:150)
	at com.kms.katalon.core.main.TestSuiteExecutor.execute(TestSuiteExecutor.java:106)
	at com.kms.katalon.core.main.TestCaseMain.startTestSuite(TestCaseMain.java:180)
	at TempTestSuite1732768413163.run(TempTestSuite1732768413163.groovy:35)
	at java.base/jdk.internal.reflect.NativeMethodAccessorImpl.invoke0(Native Method)
	at java.base/jdk.internal.reflect.NativeMethodAccessorImpl.invoke(NativeMethodAccessorImpl.java:77)
	at java.base/jdk.internal.reflect.DelegatingMethodAccessorImpl.invoke(DelegatingMethodAccessorImpl.java:43)
Caused by: org.openqa.selenium.ElementNotInteractableException: Element <button class="btn btn-default" type="button"> could not be scrolled into view
Build info: version: '3.141.59', revision: 'unknown', time: 'unknown'
System info: host: 'DESKTOP-RGFFP9A', ip: '10.136.10.6', os.name: 'Windows 11', os.arch: 'amd64', os.version: '10.0', java.version: '17.0.7'
Driver info: com.kms.katalon.core.webui.driver.firefox.CGeckoDriver
Capabilities {acceptInsecureCerts: true, browserName: firefox, browserVersion: 133.0, javascriptEnabled: true, moz:accessibilityChecks: false, moz:buildID: 20241121140525, moz:geckodriverVersion: 0.35.0, moz:headless: false, moz:platformVersion: 10.0, moz:processID: 8448, moz:profile: C:\Users\OLVATI\AppData\Loc..., moz:shutdownTimeout: 60000, moz:webdriverClick: true, moz:windowless: false, pageLoadStrategy: normal, platform: WINDOWS, platformName: WINDOWS, proxy: Proxy(direct), setWindowRect: true, strictFileInteractability: false, timeouts: {implicit: 0, pageLoad: 300000, script: 30000}, unhandledPromptBehavior: dismiss and notify, userAgent: Mozilla/5.0 (Windows NT 10....}
Session ID: f0729a05-a2ae-49cd-9d05-8f656ae91892
	at java.base/jdk.internal.reflect.NativeConstructorAccessorImpl.newInstance0(Native Method)
	at java.base/jdk.internal.reflect.NativeConstructorAccessorImpl.newInstance(NativeConstructorAccessorImpl.java:77)
	at java.base/jdk.internal.reflect.DelegatingConstructorAccessorImpl.newInstance(DelegatingConstructorAccessorImpl.java:45)
	at org.openqa.selenium.remote.http.W3CHttpResponseCodec.createException(W3CHttpResponseCodec.java:187)
	at org.openqa.selenium.remote.http.W3CHttpResponseCodec.decode(W3CHttpResponseCodec.java:122)
	at org.openqa.selenium.remote.http.W3CHttpResponseCodec.decode(W3CHttpResponseCodec.java:49)
	at org.openqa.selenium.remote.HttpCommandExecutor.execute(HttpCommandExecutor.java:158)
	at org.openqa.selenium.remote.service.DriverCommandExecutor.execute(DriverCommandExecutor.java:83)
	at org.openqa.selenium.remote.RemoteWebDriver.execute(RemoteWebDriver.java:552)
	at com.kms.katalon.selenium.driver.CFirefoxDriver.execute(CFirefoxDriver.java:28)
	at org.openqa.selenium.remote.RemoteWebElement.execute(RemoteWebElement.java:285)
	at org.openqa.selenium.remote.RemoteWebElement.click(RemoteWebElement.java:84)
	at jdk.internal.reflect.GeneratedMethodAccessor10.invoke(Unknown Source)
	at java.base/jdk.internal.reflect.DelegatingMethodAccessorImpl.invoke(DelegatingMethodAccessorImpl.java:43)
	at org.openqa.selenium.support.events.EventFiringWebDriver$EventFiringWebElement.lambda$new$0(EventFiringWebDriver.java:404)
	at jdk.proxy2/jdk.proxy2.$Proxy21.click(Unknown Source)
	at org.openqa.selenium.support.events.EventFiringWebDriver$EventFiringWebElement.click(EventFiringWebDriver.java:417)
	at org.openqa.selenium.WebElement$click.call(Unknown Source)
	at com.kms.katalon.core.webui.keyword.builtin.ClickKeyword.clickUntilSuccessWithTimeout(ClickKeyword.groovy:81)
	at com.kms.katalon.core.webui.keyword.builtin.ClickKeyword.clickUntilSuccessWithTimeout(ClickKeyword.groovy)
	at jdk.internal.reflect.GeneratedMethodAccessor8.invoke(Unknown Source)
	at java.base/jdk.internal.reflect.DelegatingMethodAccessorImpl.invoke(DelegatingMethodAccessorImpl.java:43)
	at com.kms.katalon.core.webui.keyword.builtin.ClickKeyword$_click_closure1.doCall(ClickKeyword.groovy:67)
	at com.kms.katalon.core.webui.keyword.builtin.ClickKeyword$_click_closure1.call(ClickKeyword.groovy)
	at com.kms.katalon.core.webui.keyword.internal.WebUIKeywordMain.runKeyword(WebUIKeywordMain.groovy:35)
	... 20 more


27-11-2024T23:35:26 - [TEST_STEP][PASSED] - callTestCase(findTestCase("5.Empaques/1.Inicio-Empaques/Inicio-cajas"), [:], STOP_ON_FAILURE): Call Test Case 'Test Cases/5.Empaques/1.Inicio-Empaques/Inicio-cajas' successfully

27-11-2024T23:35:26 - [TEST_CASE][PASSED] - Test Cases/5.Empaques/1.Inicio-Empaques/Inicio-cajas: Test Cases/5.Empaques/1.Inicio-Empaques/Inicio-cajas

27-11-2024T23:35:26 - [TEST_STEP][PASSED] - openBrowser(""): Browser is opened with url: ''

27-11-2024T23:35:26 - [MESSAGE][WARNING] - A browser is already opened. Closing browser and opening a new one

27-11-2024T23:35:28 - [MESSAGE][INFO] - Starting 'Firefox' driver

27-11-2024T23:35:28 - [MESSAGE][INFO] - Action delay is set to 0 milliseconds

27-11-2024T23:35:38 - [MESSAGE][PASSED] - Browser is opened with url: ''

27-11-2024T23:35:38 - [TEST_STEP][PASSED] - navigateToUrl("https://dev01-registrodeenvios.olvacourier.com/principal"): Navigate to 'https://dev01-registrodeenvios.olvacourier.com/principal' successfully

27-11-2024T23:35:40 - [MESSAGE][PASSED] - Navigate to 'https://dev01-registrodeenvios.olvacourier.com/principal' successfully

27-11-2024T23:35:40 - [TEST_STEP][PASSED] - maximizeWindow(STOP_ON_FAILURE): Current window maximized

27-11-2024T23:35:40 - [MESSAGE][PASSED] - Current window maximized

27-11-2024T23:35:40 - [MESSAGE][PASSED] - Call Test Case 'Test Cases/5.Empaques/1.Inicio-Empaques/Inicio-cajas' successfully

27-11-2024T23:35:40 - [TEST_STEP][PASSED] - click(findTestObject("Object Repository/Comprar Empaques/Page_Olva Courier  Confirma tus datos/img_Envo de documentoscon un peso mximo de__8aba39")): Object: 'Object Repository/Comprar Empaques/Page_Olva Courier  Confirma tus datos/img_Envo de documentoscon un peso mximo de__8aba39' is clicked on

27-11-2024T23:35:41 - [MESSAGE][PASSED] - Object: 'Object Repository/Comprar Empaques/Page_Olva Courier  Confirma tus datos/img_Envo de documentoscon un peso mximo de__8aba39' is clicked on

27-11-2024T23:35:41 - [TEST_STEP][FAILED] - click(findTestObject("Comprar Empaques/Page_Olva Courier  Confirma tus datos/button_Cerrar_2")): Unable to click on object 'Object Repository/Comprar Empaques/Page_Olva Courier  Confirma tus datos/button_Cerrar_2' (Root cause: com.kms.katalon.core.exception.StepFailedException: Unable to click on object 'Object Repository/Comprar Empaques/Page_Olva Courier  Confirma tus datos/button_Cerrar_2'
	at com.kms.katalon.core.webui.keyword.internal.WebUIKeywordMain.stepFailed(WebUIKeywordMain.groovy:117)
	at com.kms.katalon.core.webui.keyword.internal.WebUIKeywordMain.runKeyword(WebUIKeywordMain.groovy:43)
	at com.kms.katalon.core.webui.keyword.builtin.ClickKeyword.click(ClickKeyword.groovy:74)
	at com.kms.katalon.core.webui.keyword.builtin.ClickKeyword.execute(ClickKeyword.groovy:40)
	at com.kms.katalon.core.keyword.internal.KeywordExecutor.executeKeywordForPlatform(KeywordExecutor.groovy:74)
	at com.kms.katalon.core.webui.keyword.WebUiBuiltInKeywords.click(WebUiBuiltInKeywords.groovy:659)
	at Comprar Empaques - DNI - Tienda.run(Comprar Empaques - DNI - Tienda:26)
	at com.kms.katalon.core.main.ScriptEngine.run(ScriptEngine.java:194)
	at com.kms.katalon.core.main.ScriptEngine.runScriptAsRawText(ScriptEngine.java:119)
	at com.kms.katalon.core.main.TestCaseExecutor.runScript(TestCaseExecutor.java:448)
	at com.kms.katalon.core.main.TestCaseExecutor.doExecute(TestCaseExecutor.java:439)
	at com.kms.katalon.core.main.TestCaseExecutor.processExecutionPhase(TestCaseExecutor.java:418)
	at com.kms.katalon.core.main.TestCaseExecutor.accessMainPhase(TestCaseExecutor.java:410)
	at com.kms.katalon.core.main.TestCaseExecutor.execute(TestCaseExecutor.java:285)
	at com.kms.katalon.core.common.CommonExecutor.accessTestCaseMainPhase(CommonExecutor.java:65)
	at com.kms.katalon.core.main.TestSuiteExecutor.accessTestSuiteMainPhase(TestSuiteExecutor.java:150)
	at com.kms.katalon.core.main.TestSuiteExecutor.execute(TestSuiteExecutor.java:106)
	at com.kms.katalon.core.main.TestCaseMain.startTestSuite(TestCaseMain.java:180)
	at TempTestSuite1732768413163.run(TempTestSuite1732768413163.groovy:35)
	at java.base/jdk.internal.reflect.NativeMethodAccessorImpl.invoke0(Native Method)
	at java.base/jdk.internal.reflect.NativeMethodAccessorImpl.invoke(NativeMethodAccessorImpl.java:77)
	at java.base/jdk.internal.reflect.DelegatingMethodAccessorImpl.invoke(DelegatingMethodAccessorImpl.java:43)
Caused by: org.openqa.selenium.ElementNotInteractableException: Element <button class="btn btn-default" type="button"> could not be scrolled into view
Build info: version: '3.141.59', revision: 'unknown', time: 'unknown'
System info: host: 'DESKTOP-RGFFP9A', ip: '10.136.10.6', os.name: 'Windows 11', os.arch: 'amd64', os.version: '10.0', java.version: '17.0.7'
Driver info: com.kms.katalon.core.webui.driver.firefox.CGeckoDriver
Capabilities {acceptInsecureCerts: true, browserName: firefox, browserVersion: 133.0, javascriptEnabled: true, moz:accessibilityChecks: false, moz:buildID: 20241121140525, moz:geckodriverVersion: 0.35.0, moz:headless: false, moz:platformVersion: 10.0, moz:processID: 8448, moz:profile: C:\Users\OLVATI\AppData\Loc..., moz:shutdownTimeout: 60000, moz:webdriverClick: true, moz:windowless: false, pageLoadStrategy: normal, platform: WINDOWS, platformName: WINDOWS, proxy: Proxy(direct), setWindowRect: true, strictFileInteractability: false, timeouts: {implicit: 0, pageLoad: 300000, script: 30000}, unhandledPromptBehavior: dismiss and notify, userAgent: Mozilla/5.0 (Windows NT 10....}
Session ID: f0729a05-a2ae-49cd-9d05-8f656ae91892
	at java.base/jdk.internal.reflect.NativeConstructorAccessorImpl.newInstance0(Native Method)
	at java.base/jdk.internal.reflect.NativeConstructorAccessorImpl.newInstance(NativeConstructorAccessorImpl.java:77)
	at java.base/jdk.internal.reflect.DelegatingConstructorAccessorImpl.newInstance(DelegatingConstructorAccessorImpl.java:45)
	at org.openqa.selenium.remote.http.W3CHttpResponseCodec.createException(W3CHttpResponseCodec.java:187)
	at org.openqa.selenium.remote.http.W3CHttpResponseCodec.decode(W3CHttpResponseCodec.java:122)
	at org.openqa.selenium.remote.http.W3CHttpResponseCodec.decode(W3CHttpResponseCodec.java:49)
	at org.openqa.selenium.remote.HttpCommandExecutor.execute(HttpCommandExecutor.java:158)
	at org.openqa.selenium.remote.service.DriverCommandExecutor.execute(DriverCommandExecutor.java:83)
	at org.openqa.selenium.remote.RemoteWebDriver.execute(RemoteWebDriver.java:552)
	at com.kms.katalon.selenium.driver.CFirefoxDriver.execute(CFirefoxDriver.java:28)
	at org.openqa.selenium.remote.RemoteWebElement.execute(RemoteWebElement.java:285)
	at org.openqa.selenium.remote.RemoteWebElement.click(RemoteWebElement.java:84)
	at jdk.internal.reflect.GeneratedMethodAccessor10.invoke(Unknown Source)
	at java.base/jdk.internal.reflect.DelegatingMethodAccessorImpl.invoke(DelegatingMethodAccessorImpl.java:43)
	at org.openqa.selenium.support.events.EventFiringWebDriver$EventFiringWebElement.lambda$new$0(EventFiringWebDriver.java:404)
	at jdk.proxy2/jdk.proxy2.$Proxy21.click(Unknown Source)
	at org.openqa.selenium.support.events.EventFiringWebDriver$EventFiringWebElement.click(EventFiringWebDriver.java:417)
	at org.openqa.selenium.WebElement$click.call(Unknown Source)
	at com.kms.katalon.core.webui.keyword.builtin.ClickKeyword.clickUntilSuccessWithTimeout(ClickKeyword.groovy:81)
	at com.kms.katalon.core.webui.keyword.builtin.ClickKeyword.clickUntilSuccessWithTimeout(ClickKeyword.groovy)
	at jdk.internal.reflect.GeneratedMethodAccessor8.invoke(Unknown Source)
	at java.base/jdk.internal.reflect.DelegatingMethodAccessorImpl.invoke(DelegatingMethodAccessorImpl.java:43)
	at com.kms.katalon.core.webui.keyword.builtin.ClickKeyword$_click_closure1.doCall(ClickKeyword.groovy:67)
	at com.kms.katalon.core.webui.keyword.builtin.ClickKeyword$_click_closure1.call(ClickKeyword.groovy)
	at com.kms.katalon.core.webui.keyword.internal.WebUIKeywordMain.runKeyword(WebUIKeywordMain.groovy:35)
	at com.kms.katalon.core.webui.keyword.builtin.ClickKeyword.click(ClickKeyword.groovy:74)
	at com.kms.katalon.core.webui.keyword.builtin.ClickKeyword.execute(ClickKeyword.groovy:40)
	at com.kms.katalon.core.keyword.internal.KeywordExecutor.executeKeywordForPlatform(KeywordExecutor.groovy:74)
	at com.kms.katalon.core.webui.keyword.WebUiBuiltInKeywords.click(WebUiBuiltInKeywords.groovy:659)
	at Script1732688354314.run(Script1732688354314.groovy:26)
	... 15 more
)

27-11-2024T23:35:41 - [MESSAGE][FAILED] - Unable to click on object 'Object Repository/Comprar Empaques/Page_Olva Courier  Confirma tus datos/button_Cerrar_2' (Root cause: com.kms.katalon.core.exception.StepFailedException: Unable to click on object 'Object Repository/Comprar Empaques/Page_Olva Courier  Confirma tus datos/button_Cerrar_2'
	at com.kms.katalon.core.webui.keyword.internal.WebUIKeywordMain.stepFailed(WebUIKeywordMain.groovy:117)
	at com.kms.katalon.core.webui.keyword.internal.WebUIKeywordMain.runKeyword(WebUIKeywordMain.groovy:43)
	at com.kms.katalon.core.webui.keyword.builtin.ClickKeyword.click(ClickKeyword.groovy:74)
	at com.kms.katalon.core.webui.keyword.builtin.ClickKeyword.execute(ClickKeyword.groovy:40)
	at com.kms.katalon.core.keyword.internal.KeywordExecutor.executeKeywordForPlatform(KeywordExecutor.groovy:74)
	at com.kms.katalon.core.webui.keyword.WebUiBuiltInKeywords.click(WebUiBuiltInKeywords.groovy:659)
	at Comprar Empaques - DNI - Tienda.run(Comprar Empaques - DNI - Tienda:26)
	at com.kms.katalon.core.main.ScriptEngine.run(ScriptEngine.java:194)
	at com.kms.katalon.core.main.ScriptEngine.runScriptAsRawText(ScriptEngine.java:119)
	at com.kms.katalon.core.main.TestCaseExecutor.runScript(TestCaseExecutor.java:448)
	at com.kms.katalon.core.main.TestCaseExecutor.doExecute(TestCaseExecutor.java:439)
	at com.kms.katalon.core.main.TestCaseExecutor.processExecutionPhase(TestCaseExecutor.java:418)
	at com.kms.katalon.core.main.TestCaseExecutor.accessMainPhase(TestCaseExecutor.java:410)
	at com.kms.katalon.core.main.TestCaseExecutor.execute(TestCaseExecutor.java:285)
	at com.kms.katalon.core.common.CommonExecutor.accessTestCaseMainPhase(CommonExecutor.java:65)
	at com.kms.katalon.core.main.TestSuiteExecutor.accessTestSuiteMainPhase(TestSuiteExecutor.java:150)
	at com.kms.katalon.core.main.TestSuiteExecutor.execute(TestSuiteExecutor.java:106)
	at com.kms.katalon.core.main.TestCaseMain.startTestSuite(TestCaseMain.java:180)
	at TempTestSuite1732768413163.run(TempTestSuite1732768413163.groovy:35)
	at java.base/jdk.internal.reflect.NativeMethodAccessorImpl.invoke0(Native Method)
	at java.base/jdk.internal.reflect.NativeMethodAccessorImpl.invoke(NativeMethodAccessorImpl.java:77)
	at java.base/jdk.internal.reflect.DelegatingMethodAccessorImpl.invoke(DelegatingMethodAccessorImpl.java:43)
Caused by: org.openqa.selenium.ElementNotInteractableException: Element <button class="btn btn-default" type="button"> could not be scrolled into view
Build info: version: '3.141.59', revision: 'unknown', time: 'unknown'
System info: host: 'DESKTOP-RGFFP9A', ip: '10.136.10.6', os.name: 'Windows 11', os.arch: 'amd64', os.version: '10.0', java.version: '17.0.7'
Driver info: com.kms.katalon.core.webui.driver.firefox.CGeckoDriver
Capabilities {acceptInsecureCerts: true, browserName: firefox, browserVersion: 133.0, javascriptEnabled: true, moz:accessibilityChecks: false, moz:buildID: 20241121140525, moz:geckodriverVersion: 0.35.0, moz:headless: false, moz:platformVersion: 10.0, moz:processID: 8448, moz:profile: C:\Users\OLVATI\AppData\Loc..., moz:shutdownTimeout: 60000, moz:webdriverClick: true, moz:windowless: false, pageLoadStrategy: normal, platform: WINDOWS, platformName: WINDOWS, proxy: Proxy(direct), setWindowRect: true, strictFileInteractability: false, timeouts: {implicit: 0, pageLoad: 300000, script: 30000}, unhandledPromptBehavior: dismiss and notify, userAgent: Mozilla/5.0 (Windows NT 10....}
Session ID: f0729a05-a2ae-49cd-9d05-8f656ae91892
	at java.base/jdk.internal.reflect.NativeConstructorAccessorImpl.newInstance0(Native Method)
	at java.base/jdk.internal.reflect.NativeConstructorAccessorImpl.newInstance(NativeConstructorAccessorImpl.java:77)
	at java.base/jdk.internal.reflect.DelegatingConstructorAccessorImpl.newInstance(DelegatingConstructorAccessorImpl.java:45)
	at org.openqa.selenium.remote.http.W3CHttpResponseCodec.createException(W3CHttpResponseCodec.java:187)
	at org.openqa.selenium.remote.http.W3CHttpResponseCodec.decode(W3CHttpResponseCodec.java:122)
	at org.openqa.selenium.remote.http.W3CHttpResponseCodec.decode(W3CHttpResponseCodec.java:49)
	at org.openqa.selenium.remote.HttpCommandExecutor.execute(HttpCommandExecutor.java:158)
	at org.openqa.selenium.remote.service.DriverCommandExecutor.execute(DriverCommandExecutor.java:83)
	at org.openqa.selenium.remote.RemoteWebDriver.execute(RemoteWebDriver.java:552)
	at com.kms.katalon.selenium.driver.CFirefoxDriver.execute(CFirefoxDriver.java:28)
	at org.openqa.selenium.remote.RemoteWebElement.execute(RemoteWebElement.java:285)
	at org.openqa.selenium.remote.RemoteWebElement.click(RemoteWebElement.java:84)
	at jdk.internal.reflect.GeneratedMethodAccessor10.invoke(Unknown Source)
	at java.base/jdk.internal.reflect.DelegatingMethodAccessorImpl.invoke(DelegatingMethodAccessorImpl.java:43)
	at org.openqa.selenium.support.events.EventFiringWebDriver$EventFiringWebElement.lambda$new$0(EventFiringWebDriver.java:404)
	at jdk.proxy2/jdk.proxy2.$Proxy21.click(Unknown Source)
	at org.openqa.selenium.support.events.EventFiringWebDriver$EventFiringWebElement.click(EventFiringWebDriver.java:417)
	at org.openqa.selenium.WebElement$click.call(Unknown Source)
	at com.kms.katalon.core.webui.keyword.builtin.ClickKeyword.clickUntilSuccessWithTimeout(ClickKeyword.groovy:81)
	at com.kms.katalon.core.webui.keyword.builtin.ClickKeyword.clickUntilSuccessWithTimeout(ClickKeyword.groovy)
	at jdk.internal.reflect.GeneratedMethodAccessor8.invoke(Unknown Source)
	at java.base/jdk.internal.reflect.DelegatingMethodAccessorImpl.invoke(DelegatingMethodAccessorImpl.java:43)
	at com.kms.katalon.core.webui.keyword.builtin.ClickKeyword$_click_closure1.doCall(ClickKeyword.groovy:67)
	at com.kms.katalon.core.webui.keyword.builtin.ClickKeyword$_click_closure1.call(ClickKeyword.groovy)
	at com.kms.katalon.core.webui.keyword.internal.WebUIKeywordMain.runKeyword(WebUIKeywordMain.groovy:35)
	at com.kms.katalon.core.webui.keyword.builtin.ClickKeyword.click(ClickKeyword.groovy:74)
	at com.kms.katalon.core.webui.keyword.builtin.ClickKeyword.execute(ClickKeyword.groovy:40)
	at com.kms.katalon.core.keyword.internal.KeywordExecutor.executeKeywordForPlatform(KeywordExecutor.groovy:74)
	at com.kms.katalon.core.webui.keyword.WebUiBuiltInKeywords.click(WebUiBuiltInKeywords.groovy:659)
	at Script1732688354314.run(Script1732688354314.groovy:26)
	... 15 more
)]]></system-out>
         <system-err><![CDATA[27-11-2024T23:35:26 - [TEST_CASE][FAILED] - Test Cases/5.Empaques/4.Positivas/Comprar Empaques - DNI - Tienda: Test Cases/5.Empaques/4.Positivas/Comprar Empaques - DNI - Tienda FAILED.
Reason:
com.kms.katalon.core.exception.StepFailedException: Unable to click on object 'Object Repository/Comprar Empaques/Page_Olva Courier  Confirma tus datos/button_Cerrar_2'
	at com.kms.katalon.core.webui.keyword.internal.WebUIKeywordMain.stepFailed(WebUIKeywordMain.groovy:117)
	at com.kms.katalon.core.webui.keyword.internal.WebUIKeywordMain.runKeyword(WebUIKeywordMain.groovy:43)
	at com.kms.katalon.core.webui.keyword.builtin.ClickKeyword.click(ClickKeyword.groovy:74)
	at com.kms.katalon.core.webui.keyword.builtin.ClickKeyword.execute(ClickKeyword.groovy:40)
	at com.kms.katalon.core.keyword.internal.KeywordExecutor.executeKeywordForPlatform(KeywordExecutor.groovy:74)
	at com.kms.katalon.core.webui.keyword.WebUiBuiltInKeywords.click(WebUiBuiltInKeywords.groovy:659)
	at Comprar Empaques - DNI - Tienda.run(Comprar Empaques - DNI - Tienda:26)
	at com.kms.katalon.core.main.ScriptEngine.run(ScriptEngine.java:194)
	at com.kms.katalon.core.main.ScriptEngine.runScriptAsRawText(ScriptEngine.java:119)
	at com.kms.katalon.core.main.TestCaseExecutor.runScript(TestCaseExecutor.java:448)
	at com.kms.katalon.core.main.TestCaseExecutor.doExecute(TestCaseExecutor.java:439)
	at com.kms.katalon.core.main.TestCaseExecutor.processExecutionPhase(TestCaseExecutor.java:418)
	at com.kms.katalon.core.main.TestCaseExecutor.accessMainPhase(TestCaseExecutor.java:410)
	at com.kms.katalon.core.main.TestCaseExecutor.execute(TestCaseExecutor.java:285)
	at com.kms.katalon.core.common.CommonExecutor.accessTestCaseMainPhase(CommonExecutor.java:65)
	at com.kms.katalon.core.main.TestSuiteExecutor.accessTestSuiteMainPhase(TestSuiteExecutor.java:150)
	at com.kms.katalon.core.main.TestSuiteExecutor.execute(TestSuiteExecutor.java:106)
	at com.kms.katalon.core.main.TestCaseMain.startTestSuite(TestCaseMain.java:180)
	at TempTestSuite1732768413163.run(TempTestSuite1732768413163.groovy:35)
	at java.base/jdk.internal.reflect.NativeMethodAccessorImpl.invoke0(Native Method)
	at java.base/jdk.internal.reflect.NativeMethodAccessorImpl.invoke(NativeMethodAccessorImpl.java:77)
	at java.base/jdk.internal.reflect.DelegatingMethodAccessorImpl.invoke(DelegatingMethodAccessorImpl.java:43)
Caused by: org.openqa.selenium.ElementNotInteractableException: Element <button class="btn btn-default" type="button"> could not be scrolled into view
Build info: version: '3.141.59', revision: 'unknown', time: 'unknown'
System info: host: 'DESKTOP-RGFFP9A', ip: '10.136.10.6', os.name: 'Windows 11', os.arch: 'amd64', os.version: '10.0', java.version: '17.0.7'
Driver info: com.kms.katalon.core.webui.driver.firefox.CGeckoDriver
Capabilities {acceptInsecureCerts: true, browserName: firefox, browserVersion: 133.0, javascriptEnabled: true, moz:accessibilityChecks: false, moz:buildID: 20241121140525, moz:geckodriverVersion: 0.35.0, moz:headless: false, moz:platformVersion: 10.0, moz:processID: 8448, moz:profile: C:\Users\OLVATI\AppData\Loc..., moz:shutdownTimeout: 60000, moz:webdriverClick: true, moz:windowless: false, pageLoadStrategy: normal, platform: WINDOWS, platformName: WINDOWS, proxy: Proxy(direct), setWindowRect: true, strictFileInteractability: false, timeouts: {implicit: 0, pageLoad: 300000, script: 30000}, unhandledPromptBehavior: dismiss and notify, userAgent: Mozilla/5.0 (Windows NT 10....}
Session ID: f0729a05-a2ae-49cd-9d05-8f656ae91892
	at java.base/jdk.internal.reflect.NativeConstructorAccessorImpl.newInstance0(Native Method)
	at java.base/jdk.internal.reflect.NativeConstructorAccessorImpl.newInstance(NativeConstructorAccessorImpl.java:77)
	at java.base/jdk.internal.reflect.DelegatingConstructorAccessorImpl.newInstance(DelegatingConstructorAccessorImpl.java:45)
	at org.openqa.selenium.remote.http.W3CHttpResponseCodec.createException(W3CHttpResponseCodec.java:187)
	at org.openqa.selenium.remote.http.W3CHttpResponseCodec.decode(W3CHttpResponseCodec.java:122)
	at org.openqa.selenium.remote.http.W3CHttpResponseCodec.decode(W3CHttpResponseCodec.java:49)
	at org.openqa.selenium.remote.HttpCommandExecutor.execute(HttpCommandExecutor.java:158)
	at org.openqa.selenium.remote.service.DriverCommandExecutor.execute(DriverCommandExecutor.java:83)
	at org.openqa.selenium.remote.RemoteWebDriver.execute(RemoteWebDriver.java:552)
	at com.kms.katalon.selenium.driver.CFirefoxDriver.execute(CFirefoxDriver.java:28)
	at org.openqa.selenium.remote.RemoteWebElement.execute(RemoteWebElement.java:285)
	at org.openqa.selenium.remote.RemoteWebElement.click(RemoteWebElement.java:84)
	at jdk.internal.reflect.GeneratedMethodAccessor10.invoke(Unknown Source)
	at java.base/jdk.internal.reflect.DelegatingMethodAccessorImpl.invoke(DelegatingMethodAccessorImpl.java:43)
	at org.openqa.selenium.support.events.EventFiringWebDriver$EventFiringWebElement.lambda$new$0(EventFiringWebDriver.java:404)
	at jdk.proxy2/jdk.proxy2.$Proxy21.click(Unknown Source)
	at org.openqa.selenium.support.events.EventFiringWebDriver$EventFiringWebElement.click(EventFiringWebDriver.java:417)
	at org.openqa.selenium.WebElement$click.call(Unknown Source)
	at com.kms.katalon.core.webui.keyword.builtin.ClickKeyword.clickUntilSuccessWithTimeout(ClickKeyword.groovy:81)
	at com.kms.katalon.core.webui.keyword.builtin.ClickKeyword.clickUntilSuccessWithTimeout(ClickKeyword.groovy)
	at jdk.internal.reflect.GeneratedMethodAccessor8.invoke(Unknown Source)
	at java.base/jdk.internal.reflect.DelegatingMethodAccessorImpl.invoke(DelegatingMethodAccessorImpl.java:43)
	at com.kms.katalon.core.webui.keyword.builtin.ClickKeyword$_click_closure1.doCall(ClickKeyword.groovy:67)
	at com.kms.katalon.core.webui.keyword.builtin.ClickKeyword$_click_closure1.call(ClickKeyword.groovy)
	at com.kms.katalon.core.webui.keyword.internal.WebUIKeywordMain.runKeyword(WebUIKeywordMain.groovy:35)
	... 20 more]]></system-err>
      </testcase>
      <testcase name="Test Cases/5.Empaques/4.Positivas/Comprar Empaques - Olvacorp" time="16.767" classname="Test Cases/5.Empaques/4.Positivas/Comprar Empaques - Olvacorp" status="FAILED">
         <failure type="FAILED" message="Test Cases/5.Empaques/4.Positivas/Comprar Empaques - Olvacorp FAILED.&#xa;Reason:&#xa;com.kms.katalon.core.exception.StepFailedException: Unable to click on object 'Object Repository/Comprar Empaques/Page_Olva Courier  Confirma tus datos/button_Cerrar_2'&#xa;	at com.kms.katalon.core.webui.keyword.internal.WebUIKeywordMain.stepFailed(WebUIKeywordMain.groovy:117)&#xa;	at com.kms.katalon.core.webui.keyword.internal.WebUIKeywordMain.runKeyword(WebUIKeywordMain.groovy:43)&#xa;	at com.kms.katalon.core.webui.keyword.builtin.ClickKeyword.click(ClickKeyword.groovy:74)&#xa;	at com.kms.katalon.core.webui.keyword.builtin.ClickKeyword.execute(ClickKeyword.groovy:40)&#xa;	at com.kms.katalon.core.keyword.internal.KeywordExecutor.executeKeywordForPlatform(KeywordExecutor.groovy:74)&#xa;	at com.kms.katalon.core.webui.keyword.WebUiBuiltInKeywords.click(WebUiBuiltInKeywords.groovy:659)&#xa;	at Comprar Empaques - Olvacorp.run(Comprar Empaques - Olvacorp:26)&#xa;	at com.kms.katalon.core.main.ScriptEngine.run(ScriptEngine.java:194)&#xa;	at com.kms.katalon.core.main.ScriptEngine.runScriptAsRawText(ScriptEngine.java:119)&#xa;	at com.kms.katalon.core.main.TestCaseExecutor.runScript(TestCaseExecutor.java:448)&#xa;	at com.kms.katalon.core.main.TestCaseExecutor.doExecute(TestCaseExecutor.java:439)&#xa;	at com.kms.katalon.core.main.TestCaseExecutor.processExecutionPhase(TestCaseExecutor.java:418)&#xa;	at com.kms.katalon.core.main.TestCaseExecutor.accessMainPhase(TestCaseExecutor.java:410)&#xa;	at com.kms.katalon.core.main.TestCaseExecutor.execute(TestCaseExecutor.java:285)&#xa;	at com.kms.katalon.core.common.CommonExecutor.accessTestCaseMainPhase(CommonExecutor.java:65)&#xa;	at com.kms.katalon.core.main.TestSuiteExecutor.accessTestSuiteMainPhase(TestSuiteExecutor.java:150)&#xa;	at com.kms.katalon.core.main.TestSuiteExecutor.execute(TestSuiteExecutor.java:106)&#xa;	at com.kms.katalon.core.main.TestCaseMain.startTestSuite(TestCaseMain.java:180)&#xa;	at TempTestSuite1732768413163.run(TempTestSuite1732768413163.groovy:35)&#xa;	at java.base/jdk.internal.reflect.NativeMethodAccessorImpl.invoke0(Native Method)&#xa;	at java.base/jdk.internal.reflect.NativeMethodAccessorImpl.invoke(NativeMethodAccessorImpl.java:77)&#xa;	at java.base/jdk.internal.reflect.DelegatingMethodAccessorImpl.invoke(DelegatingMethodAccessorImpl.java:43)&#xa;Caused by: org.openqa.selenium.ElementNotInteractableException: Element &lt;button class=&quot;btn btn-default&quot; type=&quot;button&quot;> could not be scrolled into view&#xa;Build info: version: '3.141.59', revision: 'unknown', time: 'unknown'&#xa;System info: host: 'DESKTOP-RGFFP9A', ip: '10.136.10.6', os.name: 'Windows 11', os.arch: 'amd64', os.version: '10.0', java.version: '17.0.7'&#xa;Driver info: com.kms.katalon.core.webui.driver.firefox.CGeckoDriver&#xa;Capabilities {acceptInsecureCerts: true, browserName: firefox, browserVersion: 133.0, javascriptEnabled: true, moz:accessibilityChecks: false, moz:buildID: 20241121140525, moz:geckodriverVersion: 0.35.0, moz:headless: false, moz:platformVersion: 10.0, moz:processID: 12680, moz:profile: C:\Users\OLVATI\AppData\Loc..., moz:shutdownTimeout: 60000, moz:webdriverClick: true, moz:windowless: false, pageLoadStrategy: normal, platform: WINDOWS, platformName: WINDOWS, proxy: Proxy(direct), setWindowRect: true, strictFileInteractability: false, timeouts: {implicit: 0, pageLoad: 300000, script: 30000}, unhandledPromptBehavior: dismiss and notify, userAgent: Mozilla/5.0 (Windows NT 10....}&#xa;Session ID: c928a3c0-5991-423f-86e7-2410d47491e5&#xa;	at java.base/jdk.internal.reflect.NativeConstructorAccessorImpl.newInstance0(Native Method)&#xa;	at java.base/jdk.internal.reflect.NativeConstructorAccessorImpl.newInstance(NativeConstructorAccessorImpl.java:77)&#xa;	at java.base/jdk.internal.reflect.DelegatingConstructorAccessorImpl.newInstance(DelegatingConstructorAccessorImpl.java:45)&#xa;	at org.openqa.selenium.remote.http.W3CHttpResponseCodec.createException(W3CHttpResponseCodec.java:187)&#xa;	at org.openqa.selenium.remote.http.W3CHttpResponseCodec.decode(W3CHttpResponseCodec.java:122)&#xa;	at org.openqa.selenium.remote.http.W3CHttpResponseCodec.decode(W3CHttpResponseCodec.java:49)&#xa;	at org.openqa.selenium.remote.HttpCommandExecutor.execute(HttpCommandExecutor.java:158)&#xa;	at org.openqa.selenium.remote.service.DriverCommandExecutor.execute(DriverCommandExecutor.java:83)&#xa;	at org.openqa.selenium.remote.RemoteWebDriver.execute(RemoteWebDriver.java:552)&#xa;	at com.kms.katalon.selenium.driver.CFirefoxDriver.execute(CFirefoxDriver.java:28)&#xa;	at org.openqa.selenium.remote.RemoteWebElement.execute(RemoteWebElement.java:285)&#xa;	at org.openqa.selenium.remote.RemoteWebElement.click(RemoteWebElement.java:84)&#xa;	at jdk.internal.reflect.GeneratedMethodAccessor10.invoke(Unknown Source)&#xa;	at java.base/jdk.internal.reflect.DelegatingMethodAccessorImpl.invoke(DelegatingMethodAccessorImpl.java:43)&#xa;	at org.openqa.selenium.support.events.EventFiringWebDriver$EventFiringWebElement.lambda$new$0(EventFiringWebDriver.java:404)&#xa;	at jdk.proxy2/jdk.proxy2.$Proxy21.click(Unknown Source)&#xa;	at org.openqa.selenium.support.events.EventFiringWebDriver$EventFiringWebElement.click(EventFiringWebDriver.java:417)&#xa;	at org.openqa.selenium.WebElement$click.call(Unknown Source)&#xa;	at com.kms.katalon.core.webui.keyword.builtin.ClickKeyword.clickUntilSuccessWithTimeout(ClickKeyword.groovy:81)&#xa;	at com.kms.katalon.core.webui.keyword.builtin.ClickKeyword.clickUntilSuccessWithTimeout(ClickKeyword.groovy)&#xa;	at jdk.internal.reflect.GeneratedMethodAccessor8.invoke(Unknown Source)&#xa;	at java.base/jdk.internal.reflect.DelegatingMethodAccessorImpl.invoke(DelegatingMethodAccessorImpl.java:43)&#xa;	at com.kms.katalon.core.webui.keyword.builtin.ClickKeyword$_click_closure1.doCall(ClickKeyword.groovy:67)&#xa;	at com.kms.katalon.core.webui.keyword.builtin.ClickKeyword$_click_closure1.call(ClickKeyword.groovy)&#xa;	at com.kms.katalon.core.webui.keyword.internal.WebUIKeywordMain.runKeyword(WebUIKeywordMain.groovy:35)&#xa;	... 20 more&#xa;"/>
         <system-out><![CDATA[27-11-2024T23:35:41 - [TEST_CASE][FAILED] - Test Cases/5.Empaques/4.Positivas/Comprar Empaques - Olvacorp: Test Cases/5.Empaques/4.Positivas/Comprar Empaques - Olvacorp FAILED.
Reason:
com.kms.katalon.core.exception.StepFailedException: Unable to click on object 'Object Repository/Comprar Empaques/Page_Olva Courier  Confirma tus datos/button_Cerrar_2'
	at com.kms.katalon.core.webui.keyword.internal.WebUIKeywordMain.stepFailed(WebUIKeywordMain.groovy:117)
	at com.kms.katalon.core.webui.keyword.internal.WebUIKeywordMain.runKeyword(WebUIKeywordMain.groovy:43)
	at com.kms.katalon.core.webui.keyword.builtin.ClickKeyword.click(ClickKeyword.groovy:74)
	at com.kms.katalon.core.webui.keyword.builtin.ClickKeyword.execute(ClickKeyword.groovy:40)
	at com.kms.katalon.core.keyword.internal.KeywordExecutor.executeKeywordForPlatform(KeywordExecutor.groovy:74)
	at com.kms.katalon.core.webui.keyword.WebUiBuiltInKeywords.click(WebUiBuiltInKeywords.groovy:659)
	at Comprar Empaques - Olvacorp.run(Comprar Empaques - Olvacorp:26)
	at com.kms.katalon.core.main.ScriptEngine.run(ScriptEngine.java:194)
	at com.kms.katalon.core.main.ScriptEngine.runScriptAsRawText(ScriptEngine.java:119)
	at com.kms.katalon.core.main.TestCaseExecutor.runScript(TestCaseExecutor.java:448)
	at com.kms.katalon.core.main.TestCaseExecutor.doExecute(TestCaseExecutor.java:439)
	at com.kms.katalon.core.main.TestCaseExecutor.processExecutionPhase(TestCaseExecutor.java:418)
	at com.kms.katalon.core.main.TestCaseExecutor.accessMainPhase(TestCaseExecutor.java:410)
	at com.kms.katalon.core.main.TestCaseExecutor.execute(TestCaseExecutor.java:285)
	at com.kms.katalon.core.common.CommonExecutor.accessTestCaseMainPhase(CommonExecutor.java:65)
	at com.kms.katalon.core.main.TestSuiteExecutor.accessTestSuiteMainPhase(TestSuiteExecutor.java:150)
	at com.kms.katalon.core.main.TestSuiteExecutor.execute(TestSuiteExecutor.java:106)
	at com.kms.katalon.core.main.TestCaseMain.startTestSuite(TestCaseMain.java:180)
	at TempTestSuite1732768413163.run(TempTestSuite1732768413163.groovy:35)
	at java.base/jdk.internal.reflect.NativeMethodAccessorImpl.invoke0(Native Method)
	at java.base/jdk.internal.reflect.NativeMethodAccessorImpl.invoke(NativeMethodAccessorImpl.java:77)
	at java.base/jdk.internal.reflect.DelegatingMethodAccessorImpl.invoke(DelegatingMethodAccessorImpl.java:43)
Caused by: org.openqa.selenium.ElementNotInteractableException: Element <button class="btn btn-default" type="button"> could not be scrolled into view
Build info: version: '3.141.59', revision: 'unknown', time: 'unknown'
System info: host: 'DESKTOP-RGFFP9A', ip: '10.136.10.6', os.name: 'Windows 11', os.arch: 'amd64', os.version: '10.0', java.version: '17.0.7'
Driver info: com.kms.katalon.core.webui.driver.firefox.CGeckoDriver
Capabilities {acceptInsecureCerts: true, browserName: firefox, browserVersion: 133.0, javascriptEnabled: true, moz:accessibilityChecks: false, moz:buildID: 20241121140525, moz:geckodriverVersion: 0.35.0, moz:headless: false, moz:platformVersion: 10.0, moz:processID: 12680, moz:profile: C:\Users\OLVATI\AppData\Loc..., moz:shutdownTimeout: 60000, moz:webdriverClick: true, moz:windowless: false, pageLoadStrategy: normal, platform: WINDOWS, platformName: WINDOWS, proxy: Proxy(direct), setWindowRect: true, strictFileInteractability: false, timeouts: {implicit: 0, pageLoad: 300000, script: 30000}, unhandledPromptBehavior: dismiss and notify, userAgent: Mozilla/5.0 (Windows NT 10....}
Session ID: c928a3c0-5991-423f-86e7-2410d47491e5
	at java.base/jdk.internal.reflect.NativeConstructorAccessorImpl.newInstance0(Native Method)
	at java.base/jdk.internal.reflect.NativeConstructorAccessorImpl.newInstance(NativeConstructorAccessorImpl.java:77)
	at java.base/jdk.internal.reflect.DelegatingConstructorAccessorImpl.newInstance(DelegatingConstructorAccessorImpl.java:45)
	at org.openqa.selenium.remote.http.W3CHttpResponseCodec.createException(W3CHttpResponseCodec.java:187)
	at org.openqa.selenium.remote.http.W3CHttpResponseCodec.decode(W3CHttpResponseCodec.java:122)
	at org.openqa.selenium.remote.http.W3CHttpResponseCodec.decode(W3CHttpResponseCodec.java:49)
	at org.openqa.selenium.remote.HttpCommandExecutor.execute(HttpCommandExecutor.java:158)
	at org.openqa.selenium.remote.service.DriverCommandExecutor.execute(DriverCommandExecutor.java:83)
	at org.openqa.selenium.remote.RemoteWebDriver.execute(RemoteWebDriver.java:552)
	at com.kms.katalon.selenium.driver.CFirefoxDriver.execute(CFirefoxDriver.java:28)
	at org.openqa.selenium.remote.RemoteWebElement.execute(RemoteWebElement.java:285)
	at org.openqa.selenium.remote.RemoteWebElement.click(RemoteWebElement.java:84)
	at jdk.internal.reflect.GeneratedMethodAccessor10.invoke(Unknown Source)
	at java.base/jdk.internal.reflect.DelegatingMethodAccessorImpl.invoke(DelegatingMethodAccessorImpl.java:43)
	at org.openqa.selenium.support.events.EventFiringWebDriver$EventFiringWebElement.lambda$new$0(EventFiringWebDriver.java:404)
	at jdk.proxy2/jdk.proxy2.$Proxy21.click(Unknown Source)
	at org.openqa.selenium.support.events.EventFiringWebDriver$EventFiringWebElement.click(EventFiringWebDriver.java:417)
	at org.openqa.selenium.WebElement$click.call(Unknown Source)
	at com.kms.katalon.core.webui.keyword.builtin.ClickKeyword.clickUntilSuccessWithTimeout(ClickKeyword.groovy:81)
	at com.kms.katalon.core.webui.keyword.builtin.ClickKeyword.clickUntilSuccessWithTimeout(ClickKeyword.groovy)
	at jdk.internal.reflect.GeneratedMethodAccessor8.invoke(Unknown Source)
	at java.base/jdk.internal.reflect.DelegatingMethodAccessorImpl.invoke(DelegatingMethodAccessorImpl.java:43)
	at com.kms.katalon.core.webui.keyword.builtin.ClickKeyword$_click_closure1.doCall(ClickKeyword.groovy:67)
	at com.kms.katalon.core.webui.keyword.builtin.ClickKeyword$_click_closure1.call(ClickKeyword.groovy)
	at com.kms.katalon.core.webui.keyword.internal.WebUIKeywordMain.runKeyword(WebUIKeywordMain.groovy:35)
	... 20 more


27-11-2024T23:35:41 - [TEST_STEP][PASSED] - callTestCase(findTestCase("5.Empaques/1.Inicio-Empaques/Inicio-cajas"), [:], STOP_ON_FAILURE): Call Test Case 'Test Cases/5.Empaques/1.Inicio-Empaques/Inicio-cajas' successfully

27-11-2024T23:35:41 - [TEST_CASE][PASSED] - Test Cases/5.Empaques/1.Inicio-Empaques/Inicio-cajas: Test Cases/5.Empaques/1.Inicio-Empaques/Inicio-cajas

27-11-2024T23:35:41 - [TEST_STEP][PASSED] - openBrowser(""): Browser is opened with url: ''

27-11-2024T23:35:41 - [MESSAGE][WARNING] - A browser is already opened. Closing browser and opening a new one

27-11-2024T23:35:44 - [MESSAGE][INFO] - Starting 'Firefox' driver

27-11-2024T23:35:44 - [MESSAGE][INFO] - Action delay is set to 0 milliseconds

27-11-2024T23:35:55 - [MESSAGE][PASSED] - Browser is opened with url: ''

27-11-2024T23:35:55 - [TEST_STEP][PASSED] - navigateToUrl("https://dev01-registrodeenvios.olvacourier.com/principal"): Navigate to 'https://dev01-registrodeenvios.olvacourier.com/principal' successfully

27-11-2024T23:35:57 - [MESSAGE][PASSED] - Navigate to 'https://dev01-registrodeenvios.olvacourier.com/principal' successfully

27-11-2024T23:35:57 - [TEST_STEP][PASSED] - maximizeWindow(STOP_ON_FAILURE): Current window maximized

27-11-2024T23:35:57 - [MESSAGE][PASSED] - Current window maximized

27-11-2024T23:35:57 - [MESSAGE][PASSED] - Call Test Case 'Test Cases/5.Empaques/1.Inicio-Empaques/Inicio-cajas' successfully

27-11-2024T23:35:57 - [TEST_STEP][PASSED] - click(findTestObject("Object Repository/Comprar Empaques/Page_Olva Courier  Confirma tus datos/img_Envo de documentoscon un peso mximo de__8aba39")): Object: 'Object Repository/Comprar Empaques/Page_Olva Courier  Confirma tus datos/img_Envo de documentoscon un peso mximo de__8aba39' is clicked on

27-11-2024T23:35:57 - [MESSAGE][PASSED] - Object: 'Object Repository/Comprar Empaques/Page_Olva Courier  Confirma tus datos/img_Envo de documentoscon un peso mximo de__8aba39' is clicked on

27-11-2024T23:35:57 - [TEST_STEP][FAILED] - click(findTestObject("Comprar Empaques/Page_Olva Courier  Confirma tus datos/button_Cerrar_2")): Unable to click on object 'Object Repository/Comprar Empaques/Page_Olva Courier  Confirma tus datos/button_Cerrar_2' (Root cause: com.kms.katalon.core.exception.StepFailedException: Unable to click on object 'Object Repository/Comprar Empaques/Page_Olva Courier  Confirma tus datos/button_Cerrar_2'
	at com.kms.katalon.core.webui.keyword.internal.WebUIKeywordMain.stepFailed(WebUIKeywordMain.groovy:117)
	at com.kms.katalon.core.webui.keyword.internal.WebUIKeywordMain.runKeyword(WebUIKeywordMain.groovy:43)
	at com.kms.katalon.core.webui.keyword.builtin.ClickKeyword.click(ClickKeyword.groovy:74)
	at com.kms.katalon.core.webui.keyword.builtin.ClickKeyword.execute(ClickKeyword.groovy:40)
	at com.kms.katalon.core.keyword.internal.KeywordExecutor.executeKeywordForPlatform(KeywordExecutor.groovy:74)
	at com.kms.katalon.core.webui.keyword.WebUiBuiltInKeywords.click(WebUiBuiltInKeywords.groovy:659)
	at Comprar Empaques - Olvacorp.run(Comprar Empaques - Olvacorp:26)
	at com.kms.katalon.core.main.ScriptEngine.run(ScriptEngine.java:194)
	at com.kms.katalon.core.main.ScriptEngine.runScriptAsRawText(ScriptEngine.java:119)
	at com.kms.katalon.core.main.TestCaseExecutor.runScript(TestCaseExecutor.java:448)
	at com.kms.katalon.core.main.TestCaseExecutor.doExecute(TestCaseExecutor.java:439)
	at com.kms.katalon.core.main.TestCaseExecutor.processExecutionPhase(TestCaseExecutor.java:418)
	at com.kms.katalon.core.main.TestCaseExecutor.accessMainPhase(TestCaseExecutor.java:410)
	at com.kms.katalon.core.main.TestCaseExecutor.execute(TestCaseExecutor.java:285)
	at com.kms.katalon.core.common.CommonExecutor.accessTestCaseMainPhase(CommonExecutor.java:65)
	at com.kms.katalon.core.main.TestSuiteExecutor.accessTestSuiteMainPhase(TestSuiteExecutor.java:150)
	at com.kms.katalon.core.main.TestSuiteExecutor.execute(TestSuiteExecutor.java:106)
	at com.kms.katalon.core.main.TestCaseMain.startTestSuite(TestCaseMain.java:180)
	at TempTestSuite1732768413163.run(TempTestSuite1732768413163.groovy:35)
	at java.base/jdk.internal.reflect.NativeMethodAccessorImpl.invoke0(Native Method)
	at java.base/jdk.internal.reflect.NativeMethodAccessorImpl.invoke(NativeMethodAccessorImpl.java:77)
	at java.base/jdk.internal.reflect.DelegatingMethodAccessorImpl.invoke(DelegatingMethodAccessorImpl.java:43)
Caused by: org.openqa.selenium.ElementNotInteractableException: Element <button class="btn btn-default" type="button"> could not be scrolled into view
Build info: version: '3.141.59', revision: 'unknown', time: 'unknown'
System info: host: 'DESKTOP-RGFFP9A', ip: '10.136.10.6', os.name: 'Windows 11', os.arch: 'amd64', os.version: '10.0', java.version: '17.0.7'
Driver info: com.kms.katalon.core.webui.driver.firefox.CGeckoDriver
Capabilities {acceptInsecureCerts: true, browserName: firefox, browserVersion: 133.0, javascriptEnabled: true, moz:accessibilityChecks: false, moz:buildID: 20241121140525, moz:geckodriverVersion: 0.35.0, moz:headless: false, moz:platformVersion: 10.0, moz:processID: 12680, moz:profile: C:\Users\OLVATI\AppData\Loc..., moz:shutdownTimeout: 60000, moz:webdriverClick: true, moz:windowless: false, pageLoadStrategy: normal, platform: WINDOWS, platformName: WINDOWS, proxy: Proxy(direct), setWindowRect: true, strictFileInteractability: false, timeouts: {implicit: 0, pageLoad: 300000, script: 30000}, unhandledPromptBehavior: dismiss and notify, userAgent: Mozilla/5.0 (Windows NT 10....}
Session ID: c928a3c0-5991-423f-86e7-2410d47491e5
	at java.base/jdk.internal.reflect.NativeConstructorAccessorImpl.newInstance0(Native Method)
	at java.base/jdk.internal.reflect.NativeConstructorAccessorImpl.newInstance(NativeConstructorAccessorImpl.java:77)
	at java.base/jdk.internal.reflect.DelegatingConstructorAccessorImpl.newInstance(DelegatingConstructorAccessorImpl.java:45)
	at org.openqa.selenium.remote.http.W3CHttpResponseCodec.createException(W3CHttpResponseCodec.java:187)
	at org.openqa.selenium.remote.http.W3CHttpResponseCodec.decode(W3CHttpResponseCodec.java:122)
	at org.openqa.selenium.remote.http.W3CHttpResponseCodec.decode(W3CHttpResponseCodec.java:49)
	at org.openqa.selenium.remote.HttpCommandExecutor.execute(HttpCommandExecutor.java:158)
	at org.openqa.selenium.remote.service.DriverCommandExecutor.execute(DriverCommandExecutor.java:83)
	at org.openqa.selenium.remote.RemoteWebDriver.execute(RemoteWebDriver.java:552)
	at com.kms.katalon.selenium.driver.CFirefoxDriver.execute(CFirefoxDriver.java:28)
	at org.openqa.selenium.remote.RemoteWebElement.execute(RemoteWebElement.java:285)
	at org.openqa.selenium.remote.RemoteWebElement.click(RemoteWebElement.java:84)
	at jdk.internal.reflect.GeneratedMethodAccessor10.invoke(Unknown Source)
	at java.base/jdk.internal.reflect.DelegatingMethodAccessorImpl.invoke(DelegatingMethodAccessorImpl.java:43)
	at org.openqa.selenium.support.events.EventFiringWebDriver$EventFiringWebElement.lambda$new$0(EventFiringWebDriver.java:404)
	at jdk.proxy2/jdk.proxy2.$Proxy21.click(Unknown Source)
	at org.openqa.selenium.support.events.EventFiringWebDriver$EventFiringWebElement.click(EventFiringWebDriver.java:417)
	at org.openqa.selenium.WebElement$click.call(Unknown Source)
	at com.kms.katalon.core.webui.keyword.builtin.ClickKeyword.clickUntilSuccessWithTimeout(ClickKeyword.groovy:81)
	at com.kms.katalon.core.webui.keyword.builtin.ClickKeyword.clickUntilSuccessWithTimeout(ClickKeyword.groovy)
	at jdk.internal.reflect.GeneratedMethodAccessor8.invoke(Unknown Source)
	at java.base/jdk.internal.reflect.DelegatingMethodAccessorImpl.invoke(DelegatingMethodAccessorImpl.java:43)
	at com.kms.katalon.core.webui.keyword.builtin.ClickKeyword$_click_closure1.doCall(ClickKeyword.groovy:67)
	at com.kms.katalon.core.webui.keyword.builtin.ClickKeyword$_click_closure1.call(ClickKeyword.groovy)
	at com.kms.katalon.core.webui.keyword.internal.WebUIKeywordMain.runKeyword(WebUIKeywordMain.groovy:35)
	at com.kms.katalon.core.webui.keyword.builtin.ClickKeyword.click(ClickKeyword.groovy:74)
	at com.kms.katalon.core.webui.keyword.builtin.ClickKeyword.execute(ClickKeyword.groovy:40)
	at com.kms.katalon.core.keyword.internal.KeywordExecutor.executeKeywordForPlatform(KeywordExecutor.groovy:74)
	at com.kms.katalon.core.webui.keyword.WebUiBuiltInKeywords.click(WebUiBuiltInKeywords.groovy:659)
	at Script1732688354320.run(Script1732688354320.groovy:26)
	... 15 more
)

27-11-2024T23:35:58 - [MESSAGE][FAILED] - Unable to click on object 'Object Repository/Comprar Empaques/Page_Olva Courier  Confirma tus datos/button_Cerrar_2' (Root cause: com.kms.katalon.core.exception.StepFailedException: Unable to click on object 'Object Repository/Comprar Empaques/Page_Olva Courier  Confirma tus datos/button_Cerrar_2'
	at com.kms.katalon.core.webui.keyword.internal.WebUIKeywordMain.stepFailed(WebUIKeywordMain.groovy:117)
	at com.kms.katalon.core.webui.keyword.internal.WebUIKeywordMain.runKeyword(WebUIKeywordMain.groovy:43)
	at com.kms.katalon.core.webui.keyword.builtin.ClickKeyword.click(ClickKeyword.groovy:74)
	at com.kms.katalon.core.webui.keyword.builtin.ClickKeyword.execute(ClickKeyword.groovy:40)
	at com.kms.katalon.core.keyword.internal.KeywordExecutor.executeKeywordForPlatform(KeywordExecutor.groovy:74)
	at com.kms.katalon.core.webui.keyword.WebUiBuiltInKeywords.click(WebUiBuiltInKeywords.groovy:659)
	at Comprar Empaques - Olvacorp.run(Comprar Empaques - Olvacorp:26)
	at com.kms.katalon.core.main.ScriptEngine.run(ScriptEngine.java:194)
	at com.kms.katalon.core.main.ScriptEngine.runScriptAsRawText(ScriptEngine.java:119)
	at com.kms.katalon.core.main.TestCaseExecutor.runScript(TestCaseExecutor.java:448)
	at com.kms.katalon.core.main.TestCaseExecutor.doExecute(TestCaseExecutor.java:439)
	at com.kms.katalon.core.main.TestCaseExecutor.processExecutionPhase(TestCaseExecutor.java:418)
	at com.kms.katalon.core.main.TestCaseExecutor.accessMainPhase(TestCaseExecutor.java:410)
	at com.kms.katalon.core.main.TestCaseExecutor.execute(TestCaseExecutor.java:285)
	at com.kms.katalon.core.common.CommonExecutor.accessTestCaseMainPhase(CommonExecutor.java:65)
	at com.kms.katalon.core.main.TestSuiteExecutor.accessTestSuiteMainPhase(TestSuiteExecutor.java:150)
	at com.kms.katalon.core.main.TestSuiteExecutor.execute(TestSuiteExecutor.java:106)
	at com.kms.katalon.core.main.TestCaseMain.startTestSuite(TestCaseMain.java:180)
	at TempTestSuite1732768413163.run(TempTestSuite1732768413163.groovy:35)
	at java.base/jdk.internal.reflect.NativeMethodAccessorImpl.invoke0(Native Method)
	at java.base/jdk.internal.reflect.NativeMethodAccessorImpl.invoke(NativeMethodAccessorImpl.java:77)
	at java.base/jdk.internal.reflect.DelegatingMethodAccessorImpl.invoke(DelegatingMethodAccessorImpl.java:43)
Caused by: org.openqa.selenium.ElementNotInteractableException: Element <button class="btn btn-default" type="button"> could not be scrolled into view
Build info: version: '3.141.59', revision: 'unknown', time: 'unknown'
System info: host: 'DESKTOP-RGFFP9A', ip: '10.136.10.6', os.name: 'Windows 11', os.arch: 'amd64', os.version: '10.0', java.version: '17.0.7'
Driver info: com.kms.katalon.core.webui.driver.firefox.CGeckoDriver
Capabilities {acceptInsecureCerts: true, browserName: firefox, browserVersion: 133.0, javascriptEnabled: true, moz:accessibilityChecks: false, moz:buildID: 20241121140525, moz:geckodriverVersion: 0.35.0, moz:headless: false, moz:platformVersion: 10.0, moz:processID: 12680, moz:profile: C:\Users\OLVATI\AppData\Loc..., moz:shutdownTimeout: 60000, moz:webdriverClick: true, moz:windowless: false, pageLoadStrategy: normal, platform: WINDOWS, platformName: WINDOWS, proxy: Proxy(direct), setWindowRect: true, strictFileInteractability: false, timeouts: {implicit: 0, pageLoad: 300000, script: 30000}, unhandledPromptBehavior: dismiss and notify, userAgent: Mozilla/5.0 (Windows NT 10....}
Session ID: c928a3c0-5991-423f-86e7-2410d47491e5
	at java.base/jdk.internal.reflect.NativeConstructorAccessorImpl.newInstance0(Native Method)
	at java.base/jdk.internal.reflect.NativeConstructorAccessorImpl.newInstance(NativeConstructorAccessorImpl.java:77)
	at java.base/jdk.internal.reflect.DelegatingConstructorAccessorImpl.newInstance(DelegatingConstructorAccessorImpl.java:45)
	at org.openqa.selenium.remote.http.W3CHttpResponseCodec.createException(W3CHttpResponseCodec.java:187)
	at org.openqa.selenium.remote.http.W3CHttpResponseCodec.decode(W3CHttpResponseCodec.java:122)
	at org.openqa.selenium.remote.http.W3CHttpResponseCodec.decode(W3CHttpResponseCodec.java:49)
	at org.openqa.selenium.remote.HttpCommandExecutor.execute(HttpCommandExecutor.java:158)
	at org.openqa.selenium.remote.service.DriverCommandExecutor.execute(DriverCommandExecutor.java:83)
	at org.openqa.selenium.remote.RemoteWebDriver.execute(RemoteWebDriver.java:552)
	at com.kms.katalon.selenium.driver.CFirefoxDriver.execute(CFirefoxDriver.java:28)
	at org.openqa.selenium.remote.RemoteWebElement.execute(RemoteWebElement.java:285)
	at org.openqa.selenium.remote.RemoteWebElement.click(RemoteWebElement.java:84)
	at jdk.internal.reflect.GeneratedMethodAccessor10.invoke(Unknown Source)
	at java.base/jdk.internal.reflect.DelegatingMethodAccessorImpl.invoke(DelegatingMethodAccessorImpl.java:43)
	at org.openqa.selenium.support.events.EventFiringWebDriver$EventFiringWebElement.lambda$new$0(EventFiringWebDriver.java:404)
	at jdk.proxy2/jdk.proxy2.$Proxy21.click(Unknown Source)
	at org.openqa.selenium.support.events.EventFiringWebDriver$EventFiringWebElement.click(EventFiringWebDriver.java:417)
	at org.openqa.selenium.WebElement$click.call(Unknown Source)
	at com.kms.katalon.core.webui.keyword.builtin.ClickKeyword.clickUntilSuccessWithTimeout(ClickKeyword.groovy:81)
	at com.kms.katalon.core.webui.keyword.builtin.ClickKeyword.clickUntilSuccessWithTimeout(ClickKeyword.groovy)
	at jdk.internal.reflect.GeneratedMethodAccessor8.invoke(Unknown Source)
	at java.base/jdk.internal.reflect.DelegatingMethodAccessorImpl.invoke(DelegatingMethodAccessorImpl.java:43)
	at com.kms.katalon.core.webui.keyword.builtin.ClickKeyword$_click_closure1.doCall(ClickKeyword.groovy:67)
	at com.kms.katalon.core.webui.keyword.builtin.ClickKeyword$_click_closure1.call(ClickKeyword.groovy)
	at com.kms.katalon.core.webui.keyword.internal.WebUIKeywordMain.runKeyword(WebUIKeywordMain.groovy:35)
	at com.kms.katalon.core.webui.keyword.builtin.ClickKeyword.click(ClickKeyword.groovy:74)
	at com.kms.katalon.core.webui.keyword.builtin.ClickKeyword.execute(ClickKeyword.groovy:40)
	at com.kms.katalon.core.keyword.internal.KeywordExecutor.executeKeywordForPlatform(KeywordExecutor.groovy:74)
	at com.kms.katalon.core.webui.keyword.WebUiBuiltInKeywords.click(WebUiBuiltInKeywords.groovy:659)
	at Script1732688354320.run(Script1732688354320.groovy:26)
	... 15 more
)]]></system-out>
         <system-err><![CDATA[27-11-2024T23:35:41 - [TEST_CASE][FAILED] - Test Cases/5.Empaques/4.Positivas/Comprar Empaques - Olvacorp: Test Cases/5.Empaques/4.Positivas/Comprar Empaques - Olvacorp FAILED.
Reason:
com.kms.katalon.core.exception.StepFailedException: Unable to click on object 'Object Repository/Comprar Empaques/Page_Olva Courier  Confirma tus datos/button_Cerrar_2'
	at com.kms.katalon.core.webui.keyword.internal.WebUIKeywordMain.stepFailed(WebUIKeywordMain.groovy:117)
	at com.kms.katalon.core.webui.keyword.internal.WebUIKeywordMain.runKeyword(WebUIKeywordMain.groovy:43)
	at com.kms.katalon.core.webui.keyword.builtin.ClickKeyword.click(ClickKeyword.groovy:74)
	at com.kms.katalon.core.webui.keyword.builtin.ClickKeyword.execute(ClickKeyword.groovy:40)
	at com.kms.katalon.core.keyword.internal.KeywordExecutor.executeKeywordForPlatform(KeywordExecutor.groovy:74)
	at com.kms.katalon.core.webui.keyword.WebUiBuiltInKeywords.click(WebUiBuiltInKeywords.groovy:659)
	at Comprar Empaques - Olvacorp.run(Comprar Empaques - Olvacorp:26)
	at com.kms.katalon.core.main.ScriptEngine.run(ScriptEngine.java:194)
	at com.kms.katalon.core.main.ScriptEngine.runScriptAsRawText(ScriptEngine.java:119)
	at com.kms.katalon.core.main.TestCaseExecutor.runScript(TestCaseExecutor.java:448)
	at com.kms.katalon.core.main.TestCaseExecutor.doExecute(TestCaseExecutor.java:439)
	at com.kms.katalon.core.main.TestCaseExecutor.processExecutionPhase(TestCaseExecutor.java:418)
	at com.kms.katalon.core.main.TestCaseExecutor.accessMainPhase(TestCaseExecutor.java:410)
	at com.kms.katalon.core.main.TestCaseExecutor.execute(TestCaseExecutor.java:285)
	at com.kms.katalon.core.common.CommonExecutor.accessTestCaseMainPhase(CommonExecutor.java:65)
	at com.kms.katalon.core.main.TestSuiteExecutor.accessTestSuiteMainPhase(TestSuiteExecutor.java:150)
	at com.kms.katalon.core.main.TestSuiteExecutor.execute(TestSuiteExecutor.java:106)
	at com.kms.katalon.core.main.TestCaseMain.startTestSuite(TestCaseMain.java:180)
	at TempTestSuite1732768413163.run(TempTestSuite1732768413163.groovy:35)
	at java.base/jdk.internal.reflect.NativeMethodAccessorImpl.invoke0(Native Method)
	at java.base/jdk.internal.reflect.NativeMethodAccessorImpl.invoke(NativeMethodAccessorImpl.java:77)
	at java.base/jdk.internal.reflect.DelegatingMethodAccessorImpl.invoke(DelegatingMethodAccessorImpl.java:43)
Caused by: org.openqa.selenium.ElementNotInteractableException: Element <button class="btn btn-default" type="button"> could not be scrolled into view
Build info: version: '3.141.59', revision: 'unknown', time: 'unknown'
System info: host: 'DESKTOP-RGFFP9A', ip: '10.136.10.6', os.name: 'Windows 11', os.arch: 'amd64', os.version: '10.0', java.version: '17.0.7'
Driver info: com.kms.katalon.core.webui.driver.firefox.CGeckoDriver
Capabilities {acceptInsecureCerts: true, browserName: firefox, browserVersion: 133.0, javascriptEnabled: true, moz:accessibilityChecks: false, moz:buildID: 20241121140525, moz:geckodriverVersion: 0.35.0, moz:headless: false, moz:platformVersion: 10.0, moz:processID: 12680, moz:profile: C:\Users\OLVATI\AppData\Loc..., moz:shutdownTimeout: 60000, moz:webdriverClick: true, moz:windowless: false, pageLoadStrategy: normal, platform: WINDOWS, platformName: WINDOWS, proxy: Proxy(direct), setWindowRect: true, strictFileInteractability: false, timeouts: {implicit: 0, pageLoad: 300000, script: 30000}, unhandledPromptBehavior: dismiss and notify, userAgent: Mozilla/5.0 (Windows NT 10....}
Session ID: c928a3c0-5991-423f-86e7-2410d47491e5
	at java.base/jdk.internal.reflect.NativeConstructorAccessorImpl.newInstance0(Native Method)
	at java.base/jdk.internal.reflect.NativeConstructorAccessorImpl.newInstance(NativeConstructorAccessorImpl.java:77)
	at java.base/jdk.internal.reflect.DelegatingConstructorAccessorImpl.newInstance(DelegatingConstructorAccessorImpl.java:45)
	at org.openqa.selenium.remote.http.W3CHttpResponseCodec.createException(W3CHttpResponseCodec.java:187)
	at org.openqa.selenium.remote.http.W3CHttpResponseCodec.decode(W3CHttpResponseCodec.java:122)
	at org.openqa.selenium.remote.http.W3CHttpResponseCodec.decode(W3CHttpResponseCodec.java:49)
	at org.openqa.selenium.remote.HttpCommandExecutor.execute(HttpCommandExecutor.java:158)
	at org.openqa.selenium.remote.service.DriverCommandExecutor.execute(DriverCommandExecutor.java:83)
	at org.openqa.selenium.remote.RemoteWebDriver.execute(RemoteWebDriver.java:552)
	at com.kms.katalon.selenium.driver.CFirefoxDriver.execute(CFirefoxDriver.java:28)
	at org.openqa.selenium.remote.RemoteWebElement.execute(RemoteWebElement.java:285)
	at org.openqa.selenium.remote.RemoteWebElement.click(RemoteWebElement.java:84)
	at jdk.internal.reflect.GeneratedMethodAccessor10.invoke(Unknown Source)
	at java.base/jdk.internal.reflect.DelegatingMethodAccessorImpl.invoke(DelegatingMethodAccessorImpl.java:43)
	at org.openqa.selenium.support.events.EventFiringWebDriver$EventFiringWebElement.lambda$new$0(EventFiringWebDriver.java:404)
	at jdk.proxy2/jdk.proxy2.$Proxy21.click(Unknown Source)
	at org.openqa.selenium.support.events.EventFiringWebDriver$EventFiringWebElement.click(EventFiringWebDriver.java:417)
	at org.openqa.selenium.WebElement$click.call(Unknown Source)
	at com.kms.katalon.core.webui.keyword.builtin.ClickKeyword.clickUntilSuccessWithTimeout(ClickKeyword.groovy:81)
	at com.kms.katalon.core.webui.keyword.builtin.ClickKeyword.clickUntilSuccessWithTimeout(ClickKeyword.groovy)
	at jdk.internal.reflect.GeneratedMethodAccessor8.invoke(Unknown Source)
	at java.base/jdk.internal.reflect.DelegatingMethodAccessorImpl.invoke(DelegatingMethodAccessorImpl.java:43)
	at com.kms.katalon.core.webui.keyword.builtin.ClickKeyword$_click_closure1.doCall(ClickKeyword.groovy:67)
	at com.kms.katalon.core.webui.keyword.builtin.ClickKeyword$_click_closure1.call(ClickKeyword.groovy)
	at com.kms.katalon.core.webui.keyword.internal.WebUIKeywordMain.runKeyword(WebUIKeywordMain.groovy:35)
	... 20 more]]></system-err>
      </testcase>
      <testcase name="Test Cases/5.Empaques/4.Positivas/Comprar Empaques - RUC - Tienda" time="16.659" classname="Test Cases/5.Empaques/4.Positivas/Comprar Empaques - RUC - Tienda" status="FAILED">
         <failure type="FAILED" message="Test Cases/5.Empaques/4.Positivas/Comprar Empaques - RUC - Tienda FAILED.&#xa;Reason:&#xa;com.kms.katalon.core.exception.StepFailedException: Unable to click on object 'Object Repository/Comprar Empaques/Page_Olva Courier  Confirma tus datos/button_Cerrar_2'&#xa;	at com.kms.katalon.core.webui.keyword.internal.WebUIKeywordMain.stepFailed(WebUIKeywordMain.groovy:117)&#xa;	at com.kms.katalon.core.webui.keyword.internal.WebUIKeywordMain.runKeyword(WebUIKeywordMain.groovy:43)&#xa;	at com.kms.katalon.core.webui.keyword.builtin.ClickKeyword.click(ClickKeyword.groovy:74)&#xa;	at com.kms.katalon.core.webui.keyword.builtin.ClickKeyword.execute(ClickKeyword.groovy:40)&#xa;	at com.kms.katalon.core.keyword.internal.KeywordExecutor.executeKeywordForPlatform(KeywordExecutor.groovy:74)&#xa;	at com.kms.katalon.core.webui.keyword.WebUiBuiltInKeywords.click(WebUiBuiltInKeywords.groovy:659)&#xa;	at Comprar Empaques - RUC - Tienda.run(Comprar Empaques - RUC - Tienda:26)&#xa;	at com.kms.katalon.core.main.ScriptEngine.run(ScriptEngine.java:194)&#xa;	at com.kms.katalon.core.main.ScriptEngine.runScriptAsRawText(ScriptEngine.java:119)&#xa;	at com.kms.katalon.core.main.TestCaseExecutor.runScript(TestCaseExecutor.java:448)&#xa;	at com.kms.katalon.core.main.TestCaseExecutor.doExecute(TestCaseExecutor.java:439)&#xa;	at com.kms.katalon.core.main.TestCaseExecutor.processExecutionPhase(TestCaseExecutor.java:418)&#xa;	at com.kms.katalon.core.main.TestCaseExecutor.accessMainPhase(TestCaseExecutor.java:410)&#xa;	at com.kms.katalon.core.main.TestCaseExecutor.execute(TestCaseExecutor.java:285)&#xa;	at com.kms.katalon.core.common.CommonExecutor.accessTestCaseMainPhase(CommonExecutor.java:65)&#xa;	at com.kms.katalon.core.main.TestSuiteExecutor.accessTestSuiteMainPhase(TestSuiteExecutor.java:150)&#xa;	at com.kms.katalon.core.main.TestSuiteExecutor.execute(TestSuiteExecutor.java:106)&#xa;	at com.kms.katalon.core.main.TestCaseMain.startTestSuite(TestCaseMain.java:180)&#xa;	at TempTestSuite1732768413163.run(TempTestSuite1732768413163.groovy:35)&#xa;	at java.base/jdk.internal.reflect.NativeMethodAccessorImpl.invoke0(Native Method)&#xa;	at java.base/jdk.internal.reflect.NativeMethodAccessorImpl.invoke(NativeMethodAccessorImpl.java:77)&#xa;	at java.base/jdk.internal.reflect.DelegatingMethodAccessorImpl.invoke(DelegatingMethodAccessorImpl.java:43)&#xa;Caused by: org.openqa.selenium.ElementNotInteractableException: Element &lt;button class=&quot;btn btn-default&quot; type=&quot;button&quot;> could not be scrolled into view&#xa;Build info: version: '3.141.59', revision: 'unknown', time: 'unknown'&#xa;System info: host: 'DESKTOP-RGFFP9A', ip: '10.136.10.6', os.name: 'Windows 11', os.arch: 'amd64', os.version: '10.0', java.version: '17.0.7'&#xa;Driver info: com.kms.katalon.core.webui.driver.firefox.CGeckoDriver&#xa;Capabilities {acceptInsecureCerts: true, browserName: firefox, browserVersion: 133.0, javascriptEnabled: true, moz:accessibilityChecks: false, moz:buildID: 20241121140525, moz:geckodriverVersion: 0.35.0, moz:headless: false, moz:platformVersion: 10.0, moz:processID: 31112, moz:profile: C:\Users\OLVATI\AppData\Loc..., moz:shutdownTimeout: 60000, moz:webdriverClick: true, moz:windowless: false, pageLoadStrategy: normal, platform: WINDOWS, platformName: WINDOWS, proxy: Proxy(direct), setWindowRect: true, strictFileInteractability: false, timeouts: {implicit: 0, pageLoad: 300000, script: 30000}, unhandledPromptBehavior: dismiss and notify, userAgent: Mozilla/5.0 (Windows NT 10....}&#xa;Session ID: 14e2bd75-19fe-498c-9076-8942dd4a15d1&#xa;	at java.base/jdk.internal.reflect.NativeConstructorAccessorImpl.newInstance0(Native Method)&#xa;	at java.base/jdk.internal.reflect.NativeConstructorAccessorImpl.newInstance(NativeConstructorAccessorImpl.java:77)&#xa;	at java.base/jdk.internal.reflect.DelegatingConstructorAccessorImpl.newInstance(DelegatingConstructorAccessorImpl.java:45)&#xa;	at org.openqa.selenium.remote.http.W3CHttpResponseCodec.createException(W3CHttpResponseCodec.java:187)&#xa;	at org.openqa.selenium.remote.http.W3CHttpResponseCodec.decode(W3CHttpResponseCodec.java:122)&#xa;	at org.openqa.selenium.remote.http.W3CHttpResponseCodec.decode(W3CHttpResponseCodec.java:49)&#xa;	at org.openqa.selenium.remote.HttpCommandExecutor.execute(HttpCommandExecutor.java:158)&#xa;	at org.openqa.selenium.remote.service.DriverCommandExecutor.execute(DriverCommandExecutor.java:83)&#xa;	at org.openqa.selenium.remote.RemoteWebDriver.execute(RemoteWebDriver.java:552)&#xa;	at com.kms.katalon.selenium.driver.CFirefoxDriver.execute(CFirefoxDriver.java:28)&#xa;	at org.openqa.selenium.remote.RemoteWebElement.execute(RemoteWebElement.java:285)&#xa;	at org.openqa.selenium.remote.RemoteWebElement.click(RemoteWebElement.java:84)&#xa;	at jdk.internal.reflect.GeneratedMethodAccessor10.invoke(Unknown Source)&#xa;	at java.base/jdk.internal.reflect.DelegatingMethodAccessorImpl.invoke(DelegatingMethodAccessorImpl.java:43)&#xa;	at org.openqa.selenium.support.events.EventFiringWebDriver$EventFiringWebElement.lambda$new$0(EventFiringWebDriver.java:404)&#xa;	at jdk.proxy2/jdk.proxy2.$Proxy21.click(Unknown Source)&#xa;	at org.openqa.selenium.support.events.EventFiringWebDriver$EventFiringWebElement.click(EventFiringWebDriver.java:417)&#xa;	at org.openqa.selenium.WebElement$click.call(Unknown Source)&#xa;	at com.kms.katalon.core.webui.keyword.builtin.ClickKeyword.clickUntilSuccessWithTimeout(ClickKeyword.groovy:81)&#xa;	at com.kms.katalon.core.webui.keyword.builtin.ClickKeyword.clickUntilSuccessWithTimeout(ClickKeyword.groovy)&#xa;	at jdk.internal.reflect.GeneratedMethodAccessor8.invoke(Unknown Source)&#xa;	at java.base/jdk.internal.reflect.DelegatingMethodAccessorImpl.invoke(DelegatingMethodAccessorImpl.java:43)&#xa;	at com.kms.katalon.core.webui.keyword.builtin.ClickKeyword$_click_closure1.doCall(ClickKeyword.groovy:67)&#xa;	at com.kms.katalon.core.webui.keyword.builtin.ClickKeyword$_click_closure1.call(ClickKeyword.groovy)&#xa;	at com.kms.katalon.core.webui.keyword.internal.WebUIKeywordMain.runKeyword(WebUIKeywordMain.groovy:35)&#xa;	... 20 more&#xa;"/>
         <system-out><![CDATA[27-11-2024T23:35:58 - [TEST_CASE][FAILED] - Test Cases/5.Empaques/4.Positivas/Comprar Empaques - RUC - Tienda: Test Cases/5.Empaques/4.Positivas/Comprar Empaques - RUC - Tienda FAILED.
Reason:
com.kms.katalon.core.exception.StepFailedException: Unable to click on object 'Object Repository/Comprar Empaques/Page_Olva Courier  Confirma tus datos/button_Cerrar_2'
	at com.kms.katalon.core.webui.keyword.internal.WebUIKeywordMain.stepFailed(WebUIKeywordMain.groovy:117)
	at com.kms.katalon.core.webui.keyword.internal.WebUIKeywordMain.runKeyword(WebUIKeywordMain.groovy:43)
	at com.kms.katalon.core.webui.keyword.builtin.ClickKeyword.click(ClickKeyword.groovy:74)
	at com.kms.katalon.core.webui.keyword.builtin.ClickKeyword.execute(ClickKeyword.groovy:40)
	at com.kms.katalon.core.keyword.internal.KeywordExecutor.executeKeywordForPlatform(KeywordExecutor.groovy:74)
	at com.kms.katalon.core.webui.keyword.WebUiBuiltInKeywords.click(WebUiBuiltInKeywords.groovy:659)
	at Comprar Empaques - RUC - Tienda.run(Comprar Empaques - RUC - Tienda:26)
	at com.kms.katalon.core.main.ScriptEngine.run(ScriptEngine.java:194)
	at com.kms.katalon.core.main.ScriptEngine.runScriptAsRawText(ScriptEngine.java:119)
	at com.kms.katalon.core.main.TestCaseExecutor.runScript(TestCaseExecutor.java:448)
	at com.kms.katalon.core.main.TestCaseExecutor.doExecute(TestCaseExecutor.java:439)
	at com.kms.katalon.core.main.TestCaseExecutor.processExecutionPhase(TestCaseExecutor.java:418)
	at com.kms.katalon.core.main.TestCaseExecutor.accessMainPhase(TestCaseExecutor.java:410)
	at com.kms.katalon.core.main.TestCaseExecutor.execute(TestCaseExecutor.java:285)
	at com.kms.katalon.core.common.CommonExecutor.accessTestCaseMainPhase(CommonExecutor.java:65)
	at com.kms.katalon.core.main.TestSuiteExecutor.accessTestSuiteMainPhase(TestSuiteExecutor.java:150)
	at com.kms.katalon.core.main.TestSuiteExecutor.execute(TestSuiteExecutor.java:106)
	at com.kms.katalon.core.main.TestCaseMain.startTestSuite(TestCaseMain.java:180)
	at TempTestSuite1732768413163.run(TempTestSuite1732768413163.groovy:35)
	at java.base/jdk.internal.reflect.NativeMethodAccessorImpl.invoke0(Native Method)
	at java.base/jdk.internal.reflect.NativeMethodAccessorImpl.invoke(NativeMethodAccessorImpl.java:77)
	at java.base/jdk.internal.reflect.DelegatingMethodAccessorImpl.invoke(DelegatingMethodAccessorImpl.java:43)
Caused by: org.openqa.selenium.ElementNotInteractableException: Element <button class="btn btn-default" type="button"> could not be scrolled into view
Build info: version: '3.141.59', revision: 'unknown', time: 'unknown'
System info: host: 'DESKTOP-RGFFP9A', ip: '10.136.10.6', os.name: 'Windows 11', os.arch: 'amd64', os.version: '10.0', java.version: '17.0.7'
Driver info: com.kms.katalon.core.webui.driver.firefox.CGeckoDriver
Capabilities {acceptInsecureCerts: true, browserName: firefox, browserVersion: 133.0, javascriptEnabled: true, moz:accessibilityChecks: false, moz:buildID: 20241121140525, moz:geckodriverVersion: 0.35.0, moz:headless: false, moz:platformVersion: 10.0, moz:processID: 31112, moz:profile: C:\Users\OLVATI\AppData\Loc..., moz:shutdownTimeout: 60000, moz:webdriverClick: true, moz:windowless: false, pageLoadStrategy: normal, platform: WINDOWS, platformName: WINDOWS, proxy: Proxy(direct), setWindowRect: true, strictFileInteractability: false, timeouts: {implicit: 0, pageLoad: 300000, script: 30000}, unhandledPromptBehavior: dismiss and notify, userAgent: Mozilla/5.0 (Windows NT 10....}
Session ID: 14e2bd75-19fe-498c-9076-8942dd4a15d1
	at java.base/jdk.internal.reflect.NativeConstructorAccessorImpl.newInstance0(Native Method)
	at java.base/jdk.internal.reflect.NativeConstructorAccessorImpl.newInstance(NativeConstructorAccessorImpl.java:77)
	at java.base/jdk.internal.reflect.DelegatingConstructorAccessorImpl.newInstance(DelegatingConstructorAccessorImpl.java:45)
	at org.openqa.selenium.remote.http.W3CHttpResponseCodec.createException(W3CHttpResponseCodec.java:187)
	at org.openqa.selenium.remote.http.W3CHttpResponseCodec.decode(W3CHttpResponseCodec.java:122)
	at org.openqa.selenium.remote.http.W3CHttpResponseCodec.decode(W3CHttpResponseCodec.java:49)
	at org.openqa.selenium.remote.HttpCommandExecutor.execute(HttpCommandExecutor.java:158)
	at org.openqa.selenium.remote.service.DriverCommandExecutor.execute(DriverCommandExecutor.java:83)
	at org.openqa.selenium.remote.RemoteWebDriver.execute(RemoteWebDriver.java:552)
	at com.kms.katalon.selenium.driver.CFirefoxDriver.execute(CFirefoxDriver.java:28)
	at org.openqa.selenium.remote.RemoteWebElement.execute(RemoteWebElement.java:285)
	at org.openqa.selenium.remote.RemoteWebElement.click(RemoteWebElement.java:84)
	at jdk.internal.reflect.GeneratedMethodAccessor10.invoke(Unknown Source)
	at java.base/jdk.internal.reflect.DelegatingMethodAccessorImpl.invoke(DelegatingMethodAccessorImpl.java:43)
	at org.openqa.selenium.support.events.EventFiringWebDriver$EventFiringWebElement.lambda$new$0(EventFiringWebDriver.java:404)
	at jdk.proxy2/jdk.proxy2.$Proxy21.click(Unknown Source)
	at org.openqa.selenium.support.events.EventFiringWebDriver$EventFiringWebElement.click(EventFiringWebDriver.java:417)
	at org.openqa.selenium.WebElement$click.call(Unknown Source)
	at com.kms.katalon.core.webui.keyword.builtin.ClickKeyword.clickUntilSuccessWithTimeout(ClickKeyword.groovy:81)
	at com.kms.katalon.core.webui.keyword.builtin.ClickKeyword.clickUntilSuccessWithTimeout(ClickKeyword.groovy)
	at jdk.internal.reflect.GeneratedMethodAccessor8.invoke(Unknown Source)
	at java.base/jdk.internal.reflect.DelegatingMethodAccessorImpl.invoke(DelegatingMethodAccessorImpl.java:43)
	at com.kms.katalon.core.webui.keyword.builtin.ClickKeyword$_click_closure1.doCall(ClickKeyword.groovy:67)
	at com.kms.katalon.core.webui.keyword.builtin.ClickKeyword$_click_closure1.call(ClickKeyword.groovy)
	at com.kms.katalon.core.webui.keyword.internal.WebUIKeywordMain.runKeyword(WebUIKeywordMain.groovy:35)
	... 20 more


27-11-2024T23:35:58 - [TEST_STEP][PASSED] - callTestCase(findTestCase("5.Empaques/1.Inicio-Empaques/Inicio-cajas"), [:], STOP_ON_FAILURE): Call Test Case 'Test Cases/5.Empaques/1.Inicio-Empaques/Inicio-cajas' successfully

27-11-2024T23:35:58 - [TEST_CASE][PASSED] - Test Cases/5.Empaques/1.Inicio-Empaques/Inicio-cajas: Test Cases/5.Empaques/1.Inicio-Empaques/Inicio-cajas

27-11-2024T23:35:58 - [TEST_STEP][PASSED] - openBrowser(""): Browser is opened with url: ''

27-11-2024T23:35:58 - [MESSAGE][WARNING] - A browser is already opened. Closing browser and opening a new one

27-11-2024T23:36:01 - [MESSAGE][INFO] - Starting 'Firefox' driver

27-11-2024T23:36:01 - [MESSAGE][INFO] - Action delay is set to 0 milliseconds

27-11-2024T23:36:12 - [MESSAGE][PASSED] - Browser is opened with url: ''

27-11-2024T23:36:12 - [TEST_STEP][PASSED] - navigateToUrl("https://dev01-registrodeenvios.olvacourier.com/principal"): Navigate to 'https://dev01-registrodeenvios.olvacourier.com/principal' successfully

27-11-2024T23:36:13 - [MESSAGE][PASSED] - Navigate to 'https://dev01-registrodeenvios.olvacourier.com/principal' successfully

27-11-2024T23:36:13 - [TEST_STEP][PASSED] - maximizeWindow(STOP_ON_FAILURE): Current window maximized

27-11-2024T23:36:13 - [MESSAGE][PASSED] - Current window maximized

27-11-2024T23:36:13 - [MESSAGE][PASSED] - Call Test Case 'Test Cases/5.Empaques/1.Inicio-Empaques/Inicio-cajas' successfully

27-11-2024T23:36:13 - [TEST_STEP][PASSED] - click(findTestObject("Object Repository/Comprar Empaques/Page_Olva Courier  Confirma tus datos/img_Envo de documentoscon un peso mximo de__8aba39")): Object: 'Object Repository/Comprar Empaques/Page_Olva Courier  Confirma tus datos/img_Envo de documentoscon un peso mximo de__8aba39' is clicked on

27-11-2024T23:36:14 - [MESSAGE][PASSED] - Object: 'Object Repository/Comprar Empaques/Page_Olva Courier  Confirma tus datos/img_Envo de documentoscon un peso mximo de__8aba39' is clicked on

27-11-2024T23:36:14 - [TEST_STEP][FAILED] - click(findTestObject("Comprar Empaques/Page_Olva Courier  Confirma tus datos/button_Cerrar_2")): Unable to click on object 'Object Repository/Comprar Empaques/Page_Olva Courier  Confirma tus datos/button_Cerrar_2' (Root cause: com.kms.katalon.core.exception.StepFailedException: Unable to click on object 'Object Repository/Comprar Empaques/Page_Olva Courier  Confirma tus datos/button_Cerrar_2'
	at com.kms.katalon.core.webui.keyword.internal.WebUIKeywordMain.stepFailed(WebUIKeywordMain.groovy:117)
	at com.kms.katalon.core.webui.keyword.internal.WebUIKeywordMain.runKeyword(WebUIKeywordMain.groovy:43)
	at com.kms.katalon.core.webui.keyword.builtin.ClickKeyword.click(ClickKeyword.groovy:74)
	at com.kms.katalon.core.webui.keyword.builtin.ClickKeyword.execute(ClickKeyword.groovy:40)
	at com.kms.katalon.core.keyword.internal.KeywordExecutor.executeKeywordForPlatform(KeywordExecutor.groovy:74)
	at com.kms.katalon.core.webui.keyword.WebUiBuiltInKeywords.click(WebUiBuiltInKeywords.groovy:659)
	at Comprar Empaques - RUC - Tienda.run(Comprar Empaques - RUC - Tienda:26)
	at com.kms.katalon.core.main.ScriptEngine.run(ScriptEngine.java:194)
	at com.kms.katalon.core.main.ScriptEngine.runScriptAsRawText(ScriptEngine.java:119)
	at com.kms.katalon.core.main.TestCaseExecutor.runScript(TestCaseExecutor.java:448)
	at com.kms.katalon.core.main.TestCaseExecutor.doExecute(TestCaseExecutor.java:439)
	at com.kms.katalon.core.main.TestCaseExecutor.processExecutionPhase(TestCaseExecutor.java:418)
	at com.kms.katalon.core.main.TestCaseExecutor.accessMainPhase(TestCaseExecutor.java:410)
	at com.kms.katalon.core.main.TestCaseExecutor.execute(TestCaseExecutor.java:285)
	at com.kms.katalon.core.common.CommonExecutor.accessTestCaseMainPhase(CommonExecutor.java:65)
	at com.kms.katalon.core.main.TestSuiteExecutor.accessTestSuiteMainPhase(TestSuiteExecutor.java:150)
	at com.kms.katalon.core.main.TestSuiteExecutor.execute(TestSuiteExecutor.java:106)
	at com.kms.katalon.core.main.TestCaseMain.startTestSuite(TestCaseMain.java:180)
	at TempTestSuite1732768413163.run(TempTestSuite1732768413163.groovy:35)
	at java.base/jdk.internal.reflect.NativeMethodAccessorImpl.invoke0(Native Method)
	at java.base/jdk.internal.reflect.NativeMethodAccessorImpl.invoke(NativeMethodAccessorImpl.java:77)
	at java.base/jdk.internal.reflect.DelegatingMethodAccessorImpl.invoke(DelegatingMethodAccessorImpl.java:43)
Caused by: org.openqa.selenium.ElementNotInteractableException: Element <button class="btn btn-default" type="button"> could not be scrolled into view
Build info: version: '3.141.59', revision: 'unknown', time: 'unknown'
System info: host: 'DESKTOP-RGFFP9A', ip: '10.136.10.6', os.name: 'Windows 11', os.arch: 'amd64', os.version: '10.0', java.version: '17.0.7'
Driver info: com.kms.katalon.core.webui.driver.firefox.CGeckoDriver
Capabilities {acceptInsecureCerts: true, browserName: firefox, browserVersion: 133.0, javascriptEnabled: true, moz:accessibilityChecks: false, moz:buildID: 20241121140525, moz:geckodriverVersion: 0.35.0, moz:headless: false, moz:platformVersion: 10.0, moz:processID: 31112, moz:profile: C:\Users\OLVATI\AppData\Loc..., moz:shutdownTimeout: 60000, moz:webdriverClick: true, moz:windowless: false, pageLoadStrategy: normal, platform: WINDOWS, platformName: WINDOWS, proxy: Proxy(direct), setWindowRect: true, strictFileInteractability: false, timeouts: {implicit: 0, pageLoad: 300000, script: 30000}, unhandledPromptBehavior: dismiss and notify, userAgent: Mozilla/5.0 (Windows NT 10....}
Session ID: 14e2bd75-19fe-498c-9076-8942dd4a15d1
	at java.base/jdk.internal.reflect.NativeConstructorAccessorImpl.newInstance0(Native Method)
	at java.base/jdk.internal.reflect.NativeConstructorAccessorImpl.newInstance(NativeConstructorAccessorImpl.java:77)
	at java.base/jdk.internal.reflect.DelegatingConstructorAccessorImpl.newInstance(DelegatingConstructorAccessorImpl.java:45)
	at org.openqa.selenium.remote.http.W3CHttpResponseCodec.createException(W3CHttpResponseCodec.java:187)
	at org.openqa.selenium.remote.http.W3CHttpResponseCodec.decode(W3CHttpResponseCodec.java:122)
	at org.openqa.selenium.remote.http.W3CHttpResponseCodec.decode(W3CHttpResponseCodec.java:49)
	at org.openqa.selenium.remote.HttpCommandExecutor.execute(HttpCommandExecutor.java:158)
	at org.openqa.selenium.remote.service.DriverCommandExecutor.execute(DriverCommandExecutor.java:83)
	at org.openqa.selenium.remote.RemoteWebDriver.execute(RemoteWebDriver.java:552)
	at com.kms.katalon.selenium.driver.CFirefoxDriver.execute(CFirefoxDriver.java:28)
	at org.openqa.selenium.remote.RemoteWebElement.execute(RemoteWebElement.java:285)
	at org.openqa.selenium.remote.RemoteWebElement.click(RemoteWebElement.java:84)
	at jdk.internal.reflect.GeneratedMethodAccessor10.invoke(Unknown Source)
	at java.base/jdk.internal.reflect.DelegatingMethodAccessorImpl.invoke(DelegatingMethodAccessorImpl.java:43)
	at org.openqa.selenium.support.events.EventFiringWebDriver$EventFiringWebElement.lambda$new$0(EventFiringWebDriver.java:404)
	at jdk.proxy2/jdk.proxy2.$Proxy21.click(Unknown Source)
	at org.openqa.selenium.support.events.EventFiringWebDriver$EventFiringWebElement.click(EventFiringWebDriver.java:417)
	at org.openqa.selenium.WebElement$click.call(Unknown Source)
	at com.kms.katalon.core.webui.keyword.builtin.ClickKeyword.clickUntilSuccessWithTimeout(ClickKeyword.groovy:81)
	at com.kms.katalon.core.webui.keyword.builtin.ClickKeyword.clickUntilSuccessWithTimeout(ClickKeyword.groovy)
	at jdk.internal.reflect.GeneratedMethodAccessor8.invoke(Unknown Source)
	at java.base/jdk.internal.reflect.DelegatingMethodAccessorImpl.invoke(DelegatingMethodAccessorImpl.java:43)
	at com.kms.katalon.core.webui.keyword.builtin.ClickKeyword$_click_closure1.doCall(ClickKeyword.groovy:67)
	at com.kms.katalon.core.webui.keyword.builtin.ClickKeyword$_click_closure1.call(ClickKeyword.groovy)
	at com.kms.katalon.core.webui.keyword.internal.WebUIKeywordMain.runKeyword(WebUIKeywordMain.groovy:35)
	at com.kms.katalon.core.webui.keyword.builtin.ClickKeyword.click(ClickKeyword.groovy:74)
	at com.kms.katalon.core.webui.keyword.builtin.ClickKeyword.execute(ClickKeyword.groovy:40)
	at com.kms.katalon.core.keyword.internal.KeywordExecutor.executeKeywordForPlatform(KeywordExecutor.groovy:74)
	at com.kms.katalon.core.webui.keyword.WebUiBuiltInKeywords.click(WebUiBuiltInKeywords.groovy:659)
	at Script1732688354328.run(Script1732688354328.groovy:26)
	... 15 more
)

27-11-2024T23:36:14 - [MESSAGE][FAILED] - Unable to click on object 'Object Repository/Comprar Empaques/Page_Olva Courier  Confirma tus datos/button_Cerrar_2' (Root cause: com.kms.katalon.core.exception.StepFailedException: Unable to click on object 'Object Repository/Comprar Empaques/Page_Olva Courier  Confirma tus datos/button_Cerrar_2'
	at com.kms.katalon.core.webui.keyword.internal.WebUIKeywordMain.stepFailed(WebUIKeywordMain.groovy:117)
	at com.kms.katalon.core.webui.keyword.internal.WebUIKeywordMain.runKeyword(WebUIKeywordMain.groovy:43)
	at com.kms.katalon.core.webui.keyword.builtin.ClickKeyword.click(ClickKeyword.groovy:74)
	at com.kms.katalon.core.webui.keyword.builtin.ClickKeyword.execute(ClickKeyword.groovy:40)
	at com.kms.katalon.core.keyword.internal.KeywordExecutor.executeKeywordForPlatform(KeywordExecutor.groovy:74)
	at com.kms.katalon.core.webui.keyword.WebUiBuiltInKeywords.click(WebUiBuiltInKeywords.groovy:659)
	at Comprar Empaques - RUC - Tienda.run(Comprar Empaques - RUC - Tienda:26)
	at com.kms.katalon.core.main.ScriptEngine.run(ScriptEngine.java:194)
	at com.kms.katalon.core.main.ScriptEngine.runScriptAsRawText(ScriptEngine.java:119)
	at com.kms.katalon.core.main.TestCaseExecutor.runScript(TestCaseExecutor.java:448)
	at com.kms.katalon.core.main.TestCaseExecutor.doExecute(TestCaseExecutor.java:439)
	at com.kms.katalon.core.main.TestCaseExecutor.processExecutionPhase(TestCaseExecutor.java:418)
	at com.kms.katalon.core.main.TestCaseExecutor.accessMainPhase(TestCaseExecutor.java:410)
	at com.kms.katalon.core.main.TestCaseExecutor.execute(TestCaseExecutor.java:285)
	at com.kms.katalon.core.common.CommonExecutor.accessTestCaseMainPhase(CommonExecutor.java:65)
	at com.kms.katalon.core.main.TestSuiteExecutor.accessTestSuiteMainPhase(TestSuiteExecutor.java:150)
	at com.kms.katalon.core.main.TestSuiteExecutor.execute(TestSuiteExecutor.java:106)
	at com.kms.katalon.core.main.TestCaseMain.startTestSuite(TestCaseMain.java:180)
	at TempTestSuite1732768413163.run(TempTestSuite1732768413163.groovy:35)
	at java.base/jdk.internal.reflect.NativeMethodAccessorImpl.invoke0(Native Method)
	at java.base/jdk.internal.reflect.NativeMethodAccessorImpl.invoke(NativeMethodAccessorImpl.java:77)
	at java.base/jdk.internal.reflect.DelegatingMethodAccessorImpl.invoke(DelegatingMethodAccessorImpl.java:43)
Caused by: org.openqa.selenium.ElementNotInteractableException: Element <button class="btn btn-default" type="button"> could not be scrolled into view
Build info: version: '3.141.59', revision: 'unknown', time: 'unknown'
System info: host: 'DESKTOP-RGFFP9A', ip: '10.136.10.6', os.name: 'Windows 11', os.arch: 'amd64', os.version: '10.0', java.version: '17.0.7'
Driver info: com.kms.katalon.core.webui.driver.firefox.CGeckoDriver
Capabilities {acceptInsecureCerts: true, browserName: firefox, browserVersion: 133.0, javascriptEnabled: true, moz:accessibilityChecks: false, moz:buildID: 20241121140525, moz:geckodriverVersion: 0.35.0, moz:headless: false, moz:platformVersion: 10.0, moz:processID: 31112, moz:profile: C:\Users\OLVATI\AppData\Loc..., moz:shutdownTimeout: 60000, moz:webdriverClick: true, moz:windowless: false, pageLoadStrategy: normal, platform: WINDOWS, platformName: WINDOWS, proxy: Proxy(direct), setWindowRect: true, strictFileInteractability: false, timeouts: {implicit: 0, pageLoad: 300000, script: 30000}, unhandledPromptBehavior: dismiss and notify, userAgent: Mozilla/5.0 (Windows NT 10....}
Session ID: 14e2bd75-19fe-498c-9076-8942dd4a15d1
	at java.base/jdk.internal.reflect.NativeConstructorAccessorImpl.newInstance0(Native Method)
	at java.base/jdk.internal.reflect.NativeConstructorAccessorImpl.newInstance(NativeConstructorAccessorImpl.java:77)
	at java.base/jdk.internal.reflect.DelegatingConstructorAccessorImpl.newInstance(DelegatingConstructorAccessorImpl.java:45)
	at org.openqa.selenium.remote.http.W3CHttpResponseCodec.createException(W3CHttpResponseCodec.java:187)
	at org.openqa.selenium.remote.http.W3CHttpResponseCodec.decode(W3CHttpResponseCodec.java:122)
	at org.openqa.selenium.remote.http.W3CHttpResponseCodec.decode(W3CHttpResponseCodec.java:49)
	at org.openqa.selenium.remote.HttpCommandExecutor.execute(HttpCommandExecutor.java:158)
	at org.openqa.selenium.remote.service.DriverCommandExecutor.execute(DriverCommandExecutor.java:83)
	at org.openqa.selenium.remote.RemoteWebDriver.execute(RemoteWebDriver.java:552)
	at com.kms.katalon.selenium.driver.CFirefoxDriver.execute(CFirefoxDriver.java:28)
	at org.openqa.selenium.remote.RemoteWebElement.execute(RemoteWebElement.java:285)
	at org.openqa.selenium.remote.RemoteWebElement.click(RemoteWebElement.java:84)
	at jdk.internal.reflect.GeneratedMethodAccessor10.invoke(Unknown Source)
	at java.base/jdk.internal.reflect.DelegatingMethodAccessorImpl.invoke(DelegatingMethodAccessorImpl.java:43)
	at org.openqa.selenium.support.events.EventFiringWebDriver$EventFiringWebElement.lambda$new$0(EventFiringWebDriver.java:404)
	at jdk.proxy2/jdk.proxy2.$Proxy21.click(Unknown Source)
	at org.openqa.selenium.support.events.EventFiringWebDriver$EventFiringWebElement.click(EventFiringWebDriver.java:417)
	at org.openqa.selenium.WebElement$click.call(Unknown Source)
	at com.kms.katalon.core.webui.keyword.builtin.ClickKeyword.clickUntilSuccessWithTimeout(ClickKeyword.groovy:81)
	at com.kms.katalon.core.webui.keyword.builtin.ClickKeyword.clickUntilSuccessWithTimeout(ClickKeyword.groovy)
	at jdk.internal.reflect.GeneratedMethodAccessor8.invoke(Unknown Source)
	at java.base/jdk.internal.reflect.DelegatingMethodAccessorImpl.invoke(DelegatingMethodAccessorImpl.java:43)
	at com.kms.katalon.core.webui.keyword.builtin.ClickKeyword$_click_closure1.doCall(ClickKeyword.groovy:67)
	at com.kms.katalon.core.webui.keyword.builtin.ClickKeyword$_click_closure1.call(ClickKeyword.groovy)
	at com.kms.katalon.core.webui.keyword.internal.WebUIKeywordMain.runKeyword(WebUIKeywordMain.groovy:35)
	at com.kms.katalon.core.webui.keyword.builtin.ClickKeyword.click(ClickKeyword.groovy:74)
	at com.kms.katalon.core.webui.keyword.builtin.ClickKeyword.execute(ClickKeyword.groovy:40)
	at com.kms.katalon.core.keyword.internal.KeywordExecutor.executeKeywordForPlatform(KeywordExecutor.groovy:74)
	at com.kms.katalon.core.webui.keyword.WebUiBuiltInKeywords.click(WebUiBuiltInKeywords.groovy:659)
	at Script1732688354328.run(Script1732688354328.groovy:26)
	... 15 more
)]]></system-out>
         <system-err><![CDATA[27-11-2024T23:35:58 - [TEST_CASE][FAILED] - Test Cases/5.Empaques/4.Positivas/Comprar Empaques - RUC - Tienda: Test Cases/5.Empaques/4.Positivas/Comprar Empaques - RUC - Tienda FAILED.
Reason:
com.kms.katalon.core.exception.StepFailedException: Unable to click on object 'Object Repository/Comprar Empaques/Page_Olva Courier  Confirma tus datos/button_Cerrar_2'
	at com.kms.katalon.core.webui.keyword.internal.WebUIKeywordMain.stepFailed(WebUIKeywordMain.groovy:117)
	at com.kms.katalon.core.webui.keyword.internal.WebUIKeywordMain.runKeyword(WebUIKeywordMain.groovy:43)
	at com.kms.katalon.core.webui.keyword.builtin.ClickKeyword.click(ClickKeyword.groovy:74)
	at com.kms.katalon.core.webui.keyword.builtin.ClickKeyword.execute(ClickKeyword.groovy:40)
	at com.kms.katalon.core.keyword.internal.KeywordExecutor.executeKeywordForPlatform(KeywordExecutor.groovy:74)
	at com.kms.katalon.core.webui.keyword.WebUiBuiltInKeywords.click(WebUiBuiltInKeywords.groovy:659)
	at Comprar Empaques - RUC - Tienda.run(Comprar Empaques - RUC - Tienda:26)
	at com.kms.katalon.core.main.ScriptEngine.run(ScriptEngine.java:194)
	at com.kms.katalon.core.main.ScriptEngine.runScriptAsRawText(ScriptEngine.java:119)
	at com.kms.katalon.core.main.TestCaseExecutor.runScript(TestCaseExecutor.java:448)
	at com.kms.katalon.core.main.TestCaseExecutor.doExecute(TestCaseExecutor.java:439)
	at com.kms.katalon.core.main.TestCaseExecutor.processExecutionPhase(TestCaseExecutor.java:418)
	at com.kms.katalon.core.main.TestCaseExecutor.accessMainPhase(TestCaseExecutor.java:410)
	at com.kms.katalon.core.main.TestCaseExecutor.execute(TestCaseExecutor.java:285)
	at com.kms.katalon.core.common.CommonExecutor.accessTestCaseMainPhase(CommonExecutor.java:65)
	at com.kms.katalon.core.main.TestSuiteExecutor.accessTestSuiteMainPhase(TestSuiteExecutor.java:150)
	at com.kms.katalon.core.main.TestSuiteExecutor.execute(TestSuiteExecutor.java:106)
	at com.kms.katalon.core.main.TestCaseMain.startTestSuite(TestCaseMain.java:180)
	at TempTestSuite1732768413163.run(TempTestSuite1732768413163.groovy:35)
	at java.base/jdk.internal.reflect.NativeMethodAccessorImpl.invoke0(Native Method)
	at java.base/jdk.internal.reflect.NativeMethodAccessorImpl.invoke(NativeMethodAccessorImpl.java:77)
	at java.base/jdk.internal.reflect.DelegatingMethodAccessorImpl.invoke(DelegatingMethodAccessorImpl.java:43)
Caused by: org.openqa.selenium.ElementNotInteractableException: Element <button class="btn btn-default" type="button"> could not be scrolled into view
Build info: version: '3.141.59', revision: 'unknown', time: 'unknown'
System info: host: 'DESKTOP-RGFFP9A', ip: '10.136.10.6', os.name: 'Windows 11', os.arch: 'amd64', os.version: '10.0', java.version: '17.0.7'
Driver info: com.kms.katalon.core.webui.driver.firefox.CGeckoDriver
Capabilities {acceptInsecureCerts: true, browserName: firefox, browserVersion: 133.0, javascriptEnabled: true, moz:accessibilityChecks: false, moz:buildID: 20241121140525, moz:geckodriverVersion: 0.35.0, moz:headless: false, moz:platformVersion: 10.0, moz:processID: 31112, moz:profile: C:\Users\OLVATI\AppData\Loc..., moz:shutdownTimeout: 60000, moz:webdriverClick: true, moz:windowless: false, pageLoadStrategy: normal, platform: WINDOWS, platformName: WINDOWS, proxy: Proxy(direct), setWindowRect: true, strictFileInteractability: false, timeouts: {implicit: 0, pageLoad: 300000, script: 30000}, unhandledPromptBehavior: dismiss and notify, userAgent: Mozilla/5.0 (Windows NT 10....}
Session ID: 14e2bd75-19fe-498c-9076-8942dd4a15d1
	at java.base/jdk.internal.reflect.NativeConstructorAccessorImpl.newInstance0(Native Method)
	at java.base/jdk.internal.reflect.NativeConstructorAccessorImpl.newInstance(NativeConstructorAccessorImpl.java:77)
	at java.base/jdk.internal.reflect.DelegatingConstructorAccessorImpl.newInstance(DelegatingConstructorAccessorImpl.java:45)
	at org.openqa.selenium.remote.http.W3CHttpResponseCodec.createException(W3CHttpResponseCodec.java:187)
	at org.openqa.selenium.remote.http.W3CHttpResponseCodec.decode(W3CHttpResponseCodec.java:122)
	at org.openqa.selenium.remote.http.W3CHttpResponseCodec.decode(W3CHttpResponseCodec.java:49)
	at org.openqa.selenium.remote.HttpCommandExecutor.execute(HttpCommandExecutor.java:158)
	at org.openqa.selenium.remote.service.DriverCommandExecutor.execute(DriverCommandExecutor.java:83)
	at org.openqa.selenium.remote.RemoteWebDriver.execute(RemoteWebDriver.java:552)
	at com.kms.katalon.selenium.driver.CFirefoxDriver.execute(CFirefoxDriver.java:28)
	at org.openqa.selenium.remote.RemoteWebElement.execute(RemoteWebElement.java:285)
	at org.openqa.selenium.remote.RemoteWebElement.click(RemoteWebElement.java:84)
	at jdk.internal.reflect.GeneratedMethodAccessor10.invoke(Unknown Source)
	at java.base/jdk.internal.reflect.DelegatingMethodAccessorImpl.invoke(DelegatingMethodAccessorImpl.java:43)
	at org.openqa.selenium.support.events.EventFiringWebDriver$EventFiringWebElement.lambda$new$0(EventFiringWebDriver.java:404)
	at jdk.proxy2/jdk.proxy2.$Proxy21.click(Unknown Source)
	at org.openqa.selenium.support.events.EventFiringWebDriver$EventFiringWebElement.click(EventFiringWebDriver.java:417)
	at org.openqa.selenium.WebElement$click.call(Unknown Source)
	at com.kms.katalon.core.webui.keyword.builtin.ClickKeyword.clickUntilSuccessWithTimeout(ClickKeyword.groovy:81)
	at com.kms.katalon.core.webui.keyword.builtin.ClickKeyword.clickUntilSuccessWithTimeout(ClickKeyword.groovy)
	at jdk.internal.reflect.GeneratedMethodAccessor8.invoke(Unknown Source)
	at java.base/jdk.internal.reflect.DelegatingMethodAccessorImpl.invoke(DelegatingMethodAccessorImpl.java:43)
	at com.kms.katalon.core.webui.keyword.builtin.ClickKeyword$_click_closure1.doCall(ClickKeyword.groovy:67)
	at com.kms.katalon.core.webui.keyword.builtin.ClickKeyword$_click_closure1.call(ClickKeyword.groovy)
	at com.kms.katalon.core.webui.keyword.internal.WebUIKeywordMain.runKeyword(WebUIKeywordMain.groovy:35)
	... 20 more]]></system-err>
      </testcase>
      <testcase name="Test Cases/5.Empaques/4.Positivas/Empaques AIMO" time="38.908" classname="Test Cases/5.Empaques/4.Positivas/Empaques AIMO" status="PASSED">
         <system-out><![CDATA[27-11-2024T23:36:14 - [TEST_CASE][PASSED] - Test Cases/5.Empaques/4.Positivas/Empaques AIMO: Test Cases/5.Empaques/4.Positivas/Empaques AIMO

27-11-2024T23:36:15 - [TEST_STEP][PASSED] - openBrowser(""): Browser is opened with url: ''

27-11-2024T23:36:15 - [MESSAGE][WARNING] - A browser is already opened. Closing browser and opening a new one

27-11-2024T23:36:17 - [MESSAGE][INFO] - Starting 'Firefox' driver

27-11-2024T23:36:17 - [MESSAGE][INFO] - Action delay is set to 0 milliseconds

27-11-2024T23:36:32 - [MESSAGE][PASSED] - Browser is opened with url: ''

27-11-2024T23:36:32 - [TEST_STEP][PASSED] - navigateToUrl("https://app.aimo.co"): Navigate to 'https://app.aimo.co' successfully

27-11-2024T23:36:38 - [MESSAGE][PASSED] - Navigate to 'https://app.aimo.co' successfully

27-11-2024T23:36:38 - [TEST_STEP][PASSED] - maximizeWindow(STOP_ON_FAILURE): Current window maximized

27-11-2024T23:36:39 - [MESSAGE][PASSED] - Current window maximized

27-11-2024T23:36:39 - [TEST_STEP][PASSED] - setText(findTestObject("Object Repository/Comprar Empaques/Page_Aimo Dashboard/input_Ingresar_MuiInputBase-input MuiInput-input"), "fulfillment@olva.com.pe"): Text 'fulfillment@olva.com.pe' is set on object 'Object Repository/Comprar Empaques/Page_Aimo Dashboard/input_Ingresar_MuiInputBase-input MuiInput-input'

27-11-2024T23:36:41 - [MESSAGE][PASSED] - Text 'fulfillment@olva.com.pe' is set on object 'Object Repository/Comprar Empaques/Page_Aimo Dashboard/input_Ingresar_MuiInputBase-input MuiInput-input'

27-11-2024T23:36:41 - [TEST_STEP][PASSED] - click(findTestObject("Object Repository/Comprar Empaques/Page_Aimo Dashboard/input_Ingresar_MuiInputBase-input MuiInput-_643b93"), STOP_ON_FAILURE): Object: 'Object Repository/Comprar Empaques/Page_Aimo Dashboard/input_Ingresar_MuiInputBase-input MuiInput-_643b93' is clicked on

27-11-2024T23:36:42 - [MESSAGE][PASSED] - Object: 'Object Repository/Comprar Empaques/Page_Aimo Dashboard/input_Ingresar_MuiInputBase-input MuiInput-_643b93' is clicked on

27-11-2024T23:36:42 - [TEST_STEP][PASSED] - setEncryptedText(findTestObject("Object Repository/Comprar Empaques/Page_Aimo Dashboard/input_Ingresar_MuiInputBase-input MuiInput-_643b93"), "NEzHLWrOQcYvsbSxoLQLQw=="): Text ****** has been set on object 'Object Repository/Comprar Empaques/Page_Aimo Dashboard/input_Ingresar_MuiInputBase-input MuiInput-_643b93'

27-11-2024T23:36:43 - [MESSAGE][PASSED] - Text ****** has been set on object 'Object Repository/Comprar Empaques/Page_Aimo Dashboard/input_Ingresar_MuiInputBase-input MuiInput-_643b93'

27-11-2024T23:36:43 - [TEST_STEP][PASSED] - click(findTestObject("Object Repository/Comprar Empaques/Page_Aimo Dashboard/button_Iniciar sesin")): Object: 'Object Repository/Comprar Empaques/Page_Aimo Dashboard/button_Iniciar sesin' is clicked on

27-11-2024T23:36:43 - [MESSAGE][PASSED] - Object: 'Object Repository/Comprar Empaques/Page_Aimo Dashboard/button_Iniciar sesin' is clicked on

27-11-2024T23:36:43 - [TEST_STEP][PASSED] - click(findTestObject("Object Repository/Comprar Empaques/Page_Aimo Dashboard/svg_Ver tienda_sc-AykKH LFzel")): Object: 'Object Repository/Comprar Empaques/Page_Aimo Dashboard/svg_Ver tienda_sc-AykKH LFzel' is clicked on

27-11-2024T23:36:47 - [MESSAGE][PASSED] - Object: 'Object Repository/Comprar Empaques/Page_Aimo Dashboard/svg_Ver tienda_sc-AykKH LFzel' is clicked on

27-11-2024T23:36:47 - [TEST_STEP][PASSED] - click(findTestObject("Object Repository/Comprar Empaques/Page_Aimo Dashboard/a_Ver tienda_sc-LzLqK fSTtFv")): Object: 'Object Repository/Comprar Empaques/Page_Aimo Dashboard/a_Ver tienda_sc-LzLqK fSTtFv' is clicked on

27-11-2024T23:36:47 - [MESSAGE][PASSED] - Object: 'Object Repository/Comprar Empaques/Page_Aimo Dashboard/a_Ver tienda_sc-LzLqK fSTtFv' is clicked on

27-11-2024T23:36:47 - [TEST_STEP][PASSED] - click(findTestObject("Object Repository/Comprar Empaques/Page_Aimo Dashboard/checkbox_AIMO"), STOP_ON_FAILURE): Object: 'Object Repository/Comprar Empaques/Page_Aimo Dashboard/checkbox_AIMO' is clicked on

27-11-2024T23:36:49 - [MESSAGE][PASSED] - Object: 'Object Repository/Comprar Empaques/Page_Aimo Dashboard/checkbox_AIMO' is clicked on

27-11-2024T23:36:49 - [TEST_STEP][PASSED] - verifyTextPresent("S/. 0", false): Text 'S/. 0' is present on page 

27-11-2024T23:36:51 - [MESSAGE][PASSED] - Text 'S/. 0' is present on page 

27-11-2024T23:36:51 - [TEST_STEP][PASSED] - verifyTextPresent("S/. 0.00", false): Text 'S/. 0.00' is present on page 

27-11-2024T23:36:53 - [MESSAGE][PASSED] - Text 'S/. 0.00' is present on page]]></system-out>
         <system-err><![CDATA[]]></system-err>
      </testcase>
      <system-out><![CDATA[27-11-2024T23:33:46 - [TEST_SUITE][FAILED] - Empaques: Test Cases/5.Empaques/4.Positivas/Comprar Empaques - DNI - Tienda FAILED.
Reason:
com.kms.katalon.core.exception.StepFailedException: Unable to click on object 'Object Repository/Comprar Empaques/Page_Olva Courier  Confirma tus datos/button_Cerrar_2'
	at com.kms.katalon.core.webui.keyword.internal.WebUIKeywordMain.stepFailed(WebUIKeywordMain.groovy:117)
	at com.kms.katalon.core.webui.keyword.internal.WebUIKeywordMain.runKeyword(WebUIKeywordMain.groovy:43)
	at com.kms.katalon.core.webui.keyword.builtin.ClickKeyword.click(ClickKeyword.groovy:74)
	at com.kms.katalon.core.webui.keyword.builtin.ClickKeyword.execute(ClickKeyword.groovy:40)
	at com.kms.katalon.core.keyword.internal.KeywordExecutor.executeKeywordForPlatform(KeywordExecutor.groovy:74)
	at com.kms.katalon.core.webui.keyword.WebUiBuiltInKeywords.click(WebUiBuiltInKeywords.groovy:659)
	at Comprar Empaques - DNI - Tienda.run(Comprar Empaques - DNI - Tienda:26)
	at com.kms.katalon.core.main.ScriptEngine.run(ScriptEngine.java:194)
	at com.kms.katalon.core.main.ScriptEngine.runScriptAsRawText(ScriptEngine.java:119)
	at com.kms.katalon.core.main.TestCaseExecutor.runScript(TestCaseExecutor.java:448)
	at com.kms.katalon.core.main.TestCaseExecutor.doExecute(TestCaseExecutor.java:439)
	at com.kms.katalon.core.main.TestCaseExecutor.processExecutionPhase(TestCaseExecutor.java:418)
	at com.kms.katalon.core.main.TestCaseExecutor.accessMainPhase(TestCaseExecutor.java:410)
	at com.kms.katalon.core.main.TestCaseExecutor.execute(TestCaseExecutor.java:285)
	at com.kms.katalon.core.common.CommonExecutor.accessTestCaseMainPhase(CommonExecutor.java:65)
	at com.kms.katalon.core.main.TestSuiteExecutor.accessTestSuiteMainPhase(TestSuiteExecutor.java:150)
	at com.kms.katalon.core.main.TestSuiteExecutor.execute(TestSuiteExecutor.java:106)
	at com.kms.katalon.core.main.TestCaseMain.startTestSuite(TestCaseMain.java:180)
	at TempTestSuite1732768413163.run(TempTestSuite1732768413163.groovy:35)
	at java.base/jdk.internal.reflect.NativeMethodAccessorImpl.invoke0(Native Method)
	at java.base/jdk.internal.reflect.NativeMethodAccessorImpl.invoke(NativeMethodAccessorImpl.java:77)
	at java.base/jdk.internal.reflect.DelegatingMethodAccessorImpl.invoke(DelegatingMethodAccessorImpl.java:43)
Caused by: org.openqa.selenium.ElementNotInteractableException: Element <button class="btn btn-default" type="button"> could not be scrolled into view
Build info: version: '3.141.59', revision: 'unknown', time: 'unknown'
System info: host: 'DESKTOP-RGFFP9A', ip: '10.136.10.6', os.name: 'Windows 11', os.arch: 'amd64', os.version: '10.0', java.version: '17.0.7'
Driver info: com.kms.katalon.core.webui.driver.firefox.CGeckoDriver
Capabilities {acceptInsecureCerts: true, browserName: firefox, browserVersion: 133.0, javascriptEnabled: true, moz:accessibilityChecks: false, moz:buildID: 20241121140525, moz:geckodriverVersion: 0.35.0, moz:headless: false, moz:platformVersion: 10.0, moz:processID: 8448, moz:profile: C:\Users\OLVATI\AppData\Loc..., moz:shutdownTimeout: 60000, moz:webdriverClick: true, moz:windowless: false, pageLoadStrategy: normal, platform: WINDOWS, platformName: WINDOWS, proxy: Proxy(direct), setWindowRect: true, strictFileInteractability: false, timeouts: {implicit: 0, pageLoad: 300000, script: 30000}, unhandledPromptBehavior: dismiss and notify, userAgent: Mozilla/5.0 (Windows NT 10....}
Session ID: f0729a05-a2ae-49cd-9d05-8f656ae91892
	at java.base/jdk.internal.reflect.NativeConstructorAccessorImpl.newInstance0(Native Method)
	at java.base/jdk.internal.reflect.NativeConstructorAccessorImpl.newInstance(NativeConstructorAccessorImpl.java:77)
	at java.base/jdk.internal.reflect.DelegatingConstructorAccessorImpl.newInstance(DelegatingConstructorAccessorImpl.java:45)
	at org.openqa.selenium.remote.http.W3CHttpResponseCodec.createException(W3CHttpResponseCodec.java:187)
	at org.openqa.selenium.remote.http.W3CHttpResponseCodec.decode(W3CHttpResponseCodec.java:122)
	at org.openqa.selenium.remote.http.W3CHttpResponseCodec.decode(W3CHttpResponseCodec.java:49)
	at org.openqa.selenium.remote.HttpCommandExecutor.execute(HttpCommandExecutor.java:158)
	at org.openqa.selenium.remote.service.DriverCommandExecutor.execute(DriverCommandExecutor.java:83)
	at org.openqa.selenium.remote.RemoteWebDriver.execute(RemoteWebDriver.java:552)
	at com.kms.katalon.selenium.driver.CFirefoxDriver.execute(CFirefoxDriver.java:28)
	at org.openqa.selenium.remote.RemoteWebElement.execute(RemoteWebElement.java:285)
	at org.openqa.selenium.remote.RemoteWebElement.click(RemoteWebElement.java:84)
	at jdk.internal.reflect.GeneratedMethodAccessor10.invoke(Unknown Source)
	at java.base/jdk.internal.reflect.DelegatingMethodAccessorImpl.invoke(DelegatingMethodAccessorImpl.java:43)
	at org.openqa.selenium.support.events.EventFiringWebDriver$EventFiringWebElement.lambda$new$0(EventFiringWebDriver.java:404)
	at jdk.proxy2/jdk.proxy2.$Proxy21.click(Unknown Source)
	at org.openqa.selenium.support.events.EventFiringWebDriver$EventFiringWebElement.click(EventFiringWebDriver.java:417)
	at org.openqa.selenium.WebElement$click.call(Unknown Source)
	at com.kms.katalon.core.webui.keyword.builtin.ClickKeyword.clickUntilSuccessWithTimeout(ClickKeyword.groovy:81)
	at com.kms.katalon.core.webui.keyword.builtin.ClickKeyword.clickUntilSuccessWithTimeout(ClickKeyword.groovy)
	at jdk.internal.reflect.GeneratedMethodAccessor8.invoke(Unknown Source)
	at java.base/jdk.internal.reflect.DelegatingMethodAccessorImpl.invoke(DelegatingMethodAccessorImpl.java:43)
	at com.kms.katalon.core.webui.keyword.builtin.ClickKeyword$_click_closure1.doCall(ClickKeyword.groovy:67)
	at com.kms.katalon.core.webui.keyword.builtin.ClickKeyword$_click_closure1.call(ClickKeyword.groovy)
	at com.kms.katalon.core.webui.keyword.internal.WebUIKeywordMain.runKeyword(WebUIKeywordMain.groovy:35)
	... 20 more]]></system-out>
      <system-err><![CDATA[27-11-2024T23:33:46 - [TEST_SUITE][FAILED] - Empaques: Test Cases/5.Empaques/4.Positivas/Comprar Empaques - DNI - Tienda FAILED.
Reason:
com.kms.katalon.core.exception.StepFailedException: Unable to click on object 'Object Repository/Comprar Empaques/Page_Olva Courier  Confirma tus datos/button_Cerrar_2'
	at com.kms.katalon.core.webui.keyword.internal.WebUIKeywordMain.stepFailed(WebUIKeywordMain.groovy:117)
	at com.kms.katalon.core.webui.keyword.internal.WebUIKeywordMain.runKeyword(WebUIKeywordMain.groovy:43)
	at com.kms.katalon.core.webui.keyword.builtin.ClickKeyword.click(ClickKeyword.groovy:74)
	at com.kms.katalon.core.webui.keyword.builtin.ClickKeyword.execute(ClickKeyword.groovy:40)
	at com.kms.katalon.core.keyword.internal.KeywordExecutor.executeKeywordForPlatform(KeywordExecutor.groovy:74)
	at com.kms.katalon.core.webui.keyword.WebUiBuiltInKeywords.click(WebUiBuiltInKeywords.groovy:659)
	at Comprar Empaques - DNI - Tienda.run(Comprar Empaques - DNI - Tienda:26)
	at com.kms.katalon.core.main.ScriptEngine.run(ScriptEngine.java:194)
	at com.kms.katalon.core.main.ScriptEngine.runScriptAsRawText(ScriptEngine.java:119)
	at com.kms.katalon.core.main.TestCaseExecutor.runScript(TestCaseExecutor.java:448)
	at com.kms.katalon.core.main.TestCaseExecutor.doExecute(TestCaseExecutor.java:439)
	at com.kms.katalon.core.main.TestCaseExecutor.processExecutionPhase(TestCaseExecutor.java:418)
	at com.kms.katalon.core.main.TestCaseExecutor.accessMainPhase(TestCaseExecutor.java:410)
	at com.kms.katalon.core.main.TestCaseExecutor.execute(TestCaseExecutor.java:285)
	at com.kms.katalon.core.common.CommonExecutor.accessTestCaseMainPhase(CommonExecutor.java:65)
	at com.kms.katalon.core.main.TestSuiteExecutor.accessTestSuiteMainPhase(TestSuiteExecutor.java:150)
	at com.kms.katalon.core.main.TestSuiteExecutor.execute(TestSuiteExecutor.java:106)
	at com.kms.katalon.core.main.TestCaseMain.startTestSuite(TestCaseMain.java:180)
	at TempTestSuite1732768413163.run(TempTestSuite1732768413163.groovy:35)
	at java.base/jdk.internal.reflect.NativeMethodAccessorImpl.invoke0(Native Method)
	at java.base/jdk.internal.reflect.NativeMethodAccessorImpl.invoke(NativeMethodAccessorImpl.java:77)
	at java.base/jdk.internal.reflect.DelegatingMethodAccessorImpl.invoke(DelegatingMethodAccessorImpl.java:43)
Caused by: org.openqa.selenium.ElementNotInteractableException: Element <button class="btn btn-default" type="button"> could not be scrolled into view
Build info: version: '3.141.59', revision: 'unknown', time: 'unknown'
System info: host: 'DESKTOP-RGFFP9A', ip: '10.136.10.6', os.name: 'Windows 11', os.arch: 'amd64', os.version: '10.0', java.version: '17.0.7'
Driver info: com.kms.katalon.core.webui.driver.firefox.CGeckoDriver
Capabilities {acceptInsecureCerts: true, browserName: firefox, browserVersion: 133.0, javascriptEnabled: true, moz:accessibilityChecks: false, moz:buildID: 20241121140525, moz:geckodriverVersion: 0.35.0, moz:headless: false, moz:platformVersion: 10.0, moz:processID: 8448, moz:profile: C:\Users\OLVATI\AppData\Loc..., moz:shutdownTimeout: 60000, moz:webdriverClick: true, moz:windowless: false, pageLoadStrategy: normal, platform: WINDOWS, platformName: WINDOWS, proxy: Proxy(direct), setWindowRect: true, strictFileInteractability: false, timeouts: {implicit: 0, pageLoad: 300000, script: 30000}, unhandledPromptBehavior: dismiss and notify, userAgent: Mozilla/5.0 (Windows NT 10....}
Session ID: f0729a05-a2ae-49cd-9d05-8f656ae91892
	at java.base/jdk.internal.reflect.NativeConstructorAccessorImpl.newInstance0(Native Method)
	at java.base/jdk.internal.reflect.NativeConstructorAccessorImpl.newInstance(NativeConstructorAccessorImpl.java:77)
	at java.base/jdk.internal.reflect.DelegatingConstructorAccessorImpl.newInstance(DelegatingConstructorAccessorImpl.java:45)
	at org.openqa.selenium.remote.http.W3CHttpResponseCodec.createException(W3CHttpResponseCodec.java:187)
	at org.openqa.selenium.remote.http.W3CHttpResponseCodec.decode(W3CHttpResponseCodec.java:122)
	at org.openqa.selenium.remote.http.W3CHttpResponseCodec.decode(W3CHttpResponseCodec.java:49)
	at org.openqa.selenium.remote.HttpCommandExecutor.execute(HttpCommandExecutor.java:158)
	at org.openqa.selenium.remote.service.DriverCommandExecutor.execute(DriverCommandExecutor.java:83)
	at org.openqa.selenium.remote.RemoteWebDriver.execute(RemoteWebDriver.java:552)
	at com.kms.katalon.selenium.driver.CFirefoxDriver.execute(CFirefoxDriver.java:28)
	at org.openqa.selenium.remote.RemoteWebElement.execute(RemoteWebElement.java:285)
	at org.openqa.selenium.remote.RemoteWebElement.click(RemoteWebElement.java:84)
	at jdk.internal.reflect.GeneratedMethodAccessor10.invoke(Unknown Source)
	at java.base/jdk.internal.reflect.DelegatingMethodAccessorImpl.invoke(DelegatingMethodAccessorImpl.java:43)
	at org.openqa.selenium.support.events.EventFiringWebDriver$EventFiringWebElement.lambda$new$0(EventFiringWebDriver.java:404)
	at jdk.proxy2/jdk.proxy2.$Proxy21.click(Unknown Source)
	at org.openqa.selenium.support.events.EventFiringWebDriver$EventFiringWebElement.click(EventFiringWebDriver.java:417)
	at org.openqa.selenium.WebElement$click.call(Unknown Source)
	at com.kms.katalon.core.webui.keyword.builtin.ClickKeyword.clickUntilSuccessWithTimeout(ClickKeyword.groovy:81)
	at com.kms.katalon.core.webui.keyword.builtin.ClickKeyword.clickUntilSuccessWithTimeout(ClickKeyword.groovy)
	at jdk.internal.reflect.GeneratedMethodAccessor8.invoke(Unknown Source)
	at java.base/jdk.internal.reflect.DelegatingMethodAccessorImpl.invoke(DelegatingMethodAccessorImpl.java:43)
	at com.kms.katalon.core.webui.keyword.builtin.ClickKeyword$_click_closure1.doCall(ClickKeyword.groovy:67)
	at com.kms.katalon.core.webui.keyword.builtin.ClickKeyword$_click_closure1.call(ClickKeyword.groovy)
	at com.kms.katalon.core.webui.keyword.internal.WebUIKeywordMain.runKeyword(WebUIKeywordMain.groovy:35)
	... 20 more]]></system-err>
   </testsuite>
</testsuites>
