<?xml version="1.0" encoding="UTF-8"?>
<testsuites name="Empaques" time="219.727" tests="7" failures="2" errors="4">
   <testsuite name="Empaques" tests="7" failures="2" errors="4" time="219.727" skipped="0" timestamp="27-11-2024T18:15:36" hostname="OLVATI - DESKTOP-RGFFP9A" id="Test Suites/Empaques">
      <properties>
         <property name="deviceName" value=""/>
         <property name="devicePlatform"/>
         <property name="logFolder" value="C:\\Users\\OLVATI\\Katalon Studio\\RegistroEnvio_Totem\\Reports\\20241127_181522\\Empaques\\20241127_181522"/>
         <property name="logFiles" value="C:\\Users\\OLVATI\\Katalon Studio\\RegistroEnvio_Totem\\Reports\\20241127_181522\\Empaques\\20241127_181522\\execution0.log"/>
         <property name="attachments" value=""/>
         <property name="hostName" value="OLVATI - DESKTOP-RGFFP9A"/>
         <property name="os" value="Windows 11 64bit"/>
         <property name="katalonVersion" value="9.7.2.223"/>
         <property name="browser" value="Firefox 133.0"/>
         <property name="hostAddress" value="10.136.10.6"/>
         <property name="sessionId" value="afc7a492-88e0-4bb2-82c9-d5db0c5045c1"/>
         <property name="seleniumVersion" value="3.141.59"/>
         <property name="proxyInformation" value="ProxyInformation { proxyOption=NO_PROXY, proxyServerType=HTTP, username=, password=********, proxyServerAddress=, proxyServerPort=0, executionList=&quot;&quot;, isApplyToDesiredCapabilities=true }"/>
         <property name="platform" value="Windows 11"/>
      </properties>
      <testcase name="Test Cases/5.Empaques/4.Positivas/Comprar Empaques - Agregar" time="88.438" classname="Test Cases/5.Empaques/4.Positivas/Comprar Empaques - Agregar" status="FAILED">
         <failure type="FAILED" message="Test Cases/5.Empaques/4.Positivas/Comprar Empaques - Agregar FAILED.&#xa;Reason:&#xa;com.kms.katalon.core.exception.StepFailedException: Call Test Case 'Test Cases/5.Empaques/3.Pago-Empaques/Pago-exitoso' failed&#xa;	at com.kms.katalon.core.keyword.builtin.CallTestCaseKeyword$_callTestCase_closure1.doCall(CallTestCaseKeyword.groovy:63)&#xa;	at com.kms.katalon.core.keyword.builtin.CallTestCaseKeyword$_callTestCase_closure1.call(CallTestCaseKeyword.groovy)&#xa;	at com.kms.katalon.core.keyword.internal.KeywordMain.runKeyword(KeywordMain.groovy:75)&#xa;	at com.kms.katalon.core.keyword.builtin.CallTestCaseKeyword.callTestCase(CallTestCaseKeyword.groovy:81)&#xa;	at com.kms.katalon.core.keyword.builtin.CallTestCaseKeyword.execute(CallTestCaseKeyword.groovy:44)&#xa;	at com.kms.katalon.core.keyword.internal.KeywordExecutor.executeKeywordForPlatform(KeywordExecutor.groovy:74)&#xa;	at com.kms.katalon.core.keyword.BuiltinKeywords.callTestCase(BuiltinKeywords.groovy:310)&#xa;	at java.base/jdk.internal.reflect.NativeMethodAccessorImpl.invoke0(Native Method)&#xa;	at java.base/jdk.internal.reflect.NativeMethodAccessorImpl.invoke(NativeMethodAccessorImpl.java:77)&#xa;	at java.base/jdk.internal.reflect.DelegatingMethodAccessorImpl.invoke(DelegatingMethodAccessorImpl.java:43)&#xa;	at Comprar Empaques - Agregar.run(Comprar Empaques - Agregar:136)&#xa;	at com.kms.katalon.core.main.ScriptEngine.run(ScriptEngine.java:194)&#xa;	at com.kms.katalon.core.main.ScriptEngine.runScriptAsRawText(ScriptEngine.java:119)&#xa;	at com.kms.katalon.core.main.TestCaseExecutor.runScript(TestCaseExecutor.java:448)&#xa;	at com.kms.katalon.core.main.TestCaseExecutor.doExecute(TestCaseExecutor.java:439)&#xa;	at com.kms.katalon.core.main.TestCaseExecutor.processExecutionPhase(TestCaseExecutor.java:418)&#xa;	at com.kms.katalon.core.main.TestCaseExecutor.accessMainPhase(TestCaseExecutor.java:410)&#xa;	at com.kms.katalon.core.main.TestCaseExecutor.execute(TestCaseExecutor.java:285)&#xa;	at com.kms.katalon.core.common.CommonExecutor.accessTestCaseMainPhase(CommonExecutor.java:65)&#xa;	at com.kms.katalon.core.main.TestSuiteExecutor.accessTestSuiteMainPhase(TestSuiteExecutor.java:150)&#xa;	at com.kms.katalon.core.main.TestSuiteExecutor.execute(TestSuiteExecutor.java:106)&#xa;	at com.kms.katalon.core.main.TestCaseMain.startTestSuite(TestCaseMain.java:180)&#xa;	at TempTestSuite1732749322373.run(TempTestSuite1732749322373.groovy:35)&#xa;	at java.base/jdk.internal.reflect.NativeMethodAccessorImpl.invoke0(Native Method)&#xa;	at java.base/jdk.internal.reflect.NativeMethodAccessorImpl.invoke(NativeMethodAccessorImpl.java:77)&#xa;	at java.base/jdk.internal.reflect.DelegatingMethodAccessorImpl.invoke(DelegatingMethodAccessorImpl.java:43)&#xa;Caused by: com.kms.katalon.core.exception.StepFailedException: Unable to click on object 'Object Repository/pago/Page_Olva Courier  Medios de pago/button_PAGAR'&#xa;	at com.kms.katalon.core.webui.keyword.internal.WebUIKeywordMain.stepFailed(WebUIKeywordMain.groovy:117)&#xa;	at com.kms.katalon.core.webui.keyword.internal.WebUIKeywordMain.runKeyword(WebUIKeywordMain.groovy:43)&#xa;	at com.kms.katalon.core.webui.keyword.builtin.ClickKeyword.click(ClickKeyword.groovy:74)&#xa;	at com.kms.katalon.core.webui.keyword.builtin.ClickKeyword.execute(ClickKeyword.groovy:40)&#xa;	at com.kms.katalon.core.keyword.internal.KeywordExecutor.executeKeywordForPlatform(KeywordExecutor.groovy:74)&#xa;	at com.kms.katalon.core.webui.keyword.WebUiBuiltInKeywords.click(WebUiBuiltInKeywords.groovy:659)&#xa;	at Pago-exitoso.run(Pago-exitoso:25)&#xa;	at com.kms.katalon.core.main.ScriptEngine.run(ScriptEngine.java:194)&#xa;	at com.kms.katalon.core.main.ScriptEngine.runScriptAsRawText(ScriptEngine.java:119)&#xa;	at com.kms.katalon.core.main.TestCaseExecutor.runScript(TestCaseExecutor.java:448)&#xa;	at com.kms.katalon.core.main.TestCaseExecutor.doExecute(TestCaseExecutor.java:439)&#xa;	at com.kms.katalon.core.main.TestCaseExecutor.processExecutionPhase(TestCaseExecutor.java:418)&#xa;	at com.kms.katalon.core.main.TestCaseExecutor.accessMainPhase(TestCaseExecutor.java:410)&#xa;	at com.kms.katalon.core.main.TestCaseExecutor.execute(TestCaseExecutor.java:285)&#xa;	at com.kms.katalon.core.main.TestCaseMain.runTestCase(TestCaseMain.java:137)&#xa;	at com.kms.katalon.core.keyword.builtin.CallTestCaseKeyword$_callTestCase_closure1.doCall(CallTestCaseKeyword.groovy:59)&#xa;	... 25 more&#xa;Caused by: com.kms.katalon.core.webui.exception.WebElementNotFoundException: Web element with id: 'Object Repository/pago/Page_Olva Courier  Medios de pago/button_PAGAR' located by '//*[@id=&quot;pagarTottem&quot;]' not found&#xa;	at com.kms.katalon.core.webui.common.WebUiCommonHelper.findWebElement(WebUiCommonHelper.java:1419)&#xa;	at com.kms.katalon.core.webui.keyword.internal.WebUIAbstractKeyword.findWebElement(WebUIAbstractKeyword.groovy:27)&#xa;	at com.kms.katalon.core.webui.keyword.builtin.ClickKeyword$_click_closure1.doCall(ClickKeyword.groovy:65)&#xa;	at com.kms.katalon.core.webui.keyword.builtin.ClickKeyword$_click_closure1.call(ClickKeyword.groovy)&#xa;	at com.kms.katalon.core.webui.keyword.internal.WebUIKeywordMain.runKeyword(WebUIKeywordMain.groovy:35)&#xa;	... 39 more&#xa;"/>
         <system-out><![CDATA[27-11-2024T18:15:36 - [TEST_CASE][FAILED] - Test Cases/5.Empaques/4.Positivas/Comprar Empaques - Agregar: Test Cases/5.Empaques/4.Positivas/Comprar Empaques - Agregar FAILED.
Reason:
com.kms.katalon.core.exception.StepFailedException: Call Test Case 'Test Cases/5.Empaques/3.Pago-Empaques/Pago-exitoso' failed
	at com.kms.katalon.core.keyword.builtin.CallTestCaseKeyword$_callTestCase_closure1.doCall(CallTestCaseKeyword.groovy:63)
	at com.kms.katalon.core.keyword.builtin.CallTestCaseKeyword$_callTestCase_closure1.call(CallTestCaseKeyword.groovy)
	at com.kms.katalon.core.keyword.internal.KeywordMain.runKeyword(KeywordMain.groovy:75)
	at com.kms.katalon.core.keyword.builtin.CallTestCaseKeyword.callTestCase(CallTestCaseKeyword.groovy:81)
	at com.kms.katalon.core.keyword.builtin.CallTestCaseKeyword.execute(CallTestCaseKeyword.groovy:44)
	at com.kms.katalon.core.keyword.internal.KeywordExecutor.executeKeywordForPlatform(KeywordExecutor.groovy:74)
	at com.kms.katalon.core.keyword.BuiltinKeywords.callTestCase(BuiltinKeywords.groovy:310)
	at java.base/jdk.internal.reflect.NativeMethodAccessorImpl.invoke0(Native Method)
	at java.base/jdk.internal.reflect.NativeMethodAccessorImpl.invoke(NativeMethodAccessorImpl.java:77)
	at java.base/jdk.internal.reflect.DelegatingMethodAccessorImpl.invoke(DelegatingMethodAccessorImpl.java:43)
	at Comprar Empaques - Agregar.run(Comprar Empaques - Agregar:136)
	at com.kms.katalon.core.main.ScriptEngine.run(ScriptEngine.java:194)
	at com.kms.katalon.core.main.ScriptEngine.runScriptAsRawText(ScriptEngine.java:119)
	at com.kms.katalon.core.main.TestCaseExecutor.runScript(TestCaseExecutor.java:448)
	at com.kms.katalon.core.main.TestCaseExecutor.doExecute(TestCaseExecutor.java:439)
	at com.kms.katalon.core.main.TestCaseExecutor.processExecutionPhase(TestCaseExecutor.java:418)
	at com.kms.katalon.core.main.TestCaseExecutor.accessMainPhase(TestCaseExecutor.java:410)
	at com.kms.katalon.core.main.TestCaseExecutor.execute(TestCaseExecutor.java:285)
	at com.kms.katalon.core.common.CommonExecutor.accessTestCaseMainPhase(CommonExecutor.java:65)
	at com.kms.katalon.core.main.TestSuiteExecutor.accessTestSuiteMainPhase(TestSuiteExecutor.java:150)
	at com.kms.katalon.core.main.TestSuiteExecutor.execute(TestSuiteExecutor.java:106)
	at com.kms.katalon.core.main.TestCaseMain.startTestSuite(TestCaseMain.java:180)
	at TempTestSuite1732749322373.run(TempTestSuite1732749322373.groovy:35)
	at java.base/jdk.internal.reflect.NativeMethodAccessorImpl.invoke0(Native Method)
	at java.base/jdk.internal.reflect.NativeMethodAccessorImpl.invoke(NativeMethodAccessorImpl.java:77)
	at java.base/jdk.internal.reflect.DelegatingMethodAccessorImpl.invoke(DelegatingMethodAccessorImpl.java:43)
Caused by: com.kms.katalon.core.exception.StepFailedException: Unable to click on object 'Object Repository/pago/Page_Olva Courier  Medios de pago/button_PAGAR'
	at com.kms.katalon.core.webui.keyword.internal.WebUIKeywordMain.stepFailed(WebUIKeywordMain.groovy:117)
	at com.kms.katalon.core.webui.keyword.internal.WebUIKeywordMain.runKeyword(WebUIKeywordMain.groovy:43)
	at com.kms.katalon.core.webui.keyword.builtin.ClickKeyword.click(ClickKeyword.groovy:74)
	at com.kms.katalon.core.webui.keyword.builtin.ClickKeyword.execute(ClickKeyword.groovy:40)
	at com.kms.katalon.core.keyword.internal.KeywordExecutor.executeKeywordForPlatform(KeywordExecutor.groovy:74)
	at com.kms.katalon.core.webui.keyword.WebUiBuiltInKeywords.click(WebUiBuiltInKeywords.groovy:659)
	at Pago-exitoso.run(Pago-exitoso:25)
	at com.kms.katalon.core.main.ScriptEngine.run(ScriptEngine.java:194)
	at com.kms.katalon.core.main.ScriptEngine.runScriptAsRawText(ScriptEngine.java:119)
	at com.kms.katalon.core.main.TestCaseExecutor.runScript(TestCaseExecutor.java:448)
	at com.kms.katalon.core.main.TestCaseExecutor.doExecute(TestCaseExecutor.java:439)
	at com.kms.katalon.core.main.TestCaseExecutor.processExecutionPhase(TestCaseExecutor.java:418)
	at com.kms.katalon.core.main.TestCaseExecutor.accessMainPhase(TestCaseExecutor.java:410)
	at com.kms.katalon.core.main.TestCaseExecutor.execute(TestCaseExecutor.java:285)
	at com.kms.katalon.core.main.TestCaseMain.runTestCase(TestCaseMain.java:137)
	at com.kms.katalon.core.keyword.builtin.CallTestCaseKeyword$_callTestCase_closure1.doCall(CallTestCaseKeyword.groovy:59)
	... 25 more
Caused by: com.kms.katalon.core.webui.exception.WebElementNotFoundException: Web element with id: 'Object Repository/pago/Page_Olva Courier  Medios de pago/button_PAGAR' located by '//*[@id="pagarTottem"]' not found
	at com.kms.katalon.core.webui.common.WebUiCommonHelper.findWebElement(WebUiCommonHelper.java:1419)
	at com.kms.katalon.core.webui.keyword.internal.WebUIAbstractKeyword.findWebElement(WebUIAbstractKeyword.groovy:27)
	at com.kms.katalon.core.webui.keyword.builtin.ClickKeyword$_click_closure1.doCall(ClickKeyword.groovy:65)
	at com.kms.katalon.core.webui.keyword.builtin.ClickKeyword$_click_closure1.call(ClickKeyword.groovy)
	at com.kms.katalon.core.webui.keyword.internal.WebUIKeywordMain.runKeyword(WebUIKeywordMain.groovy:35)
	... 39 more


27-11-2024T18:15:37 - [TEST_STEP][PASSED] - callTestCase(findTestCase("5.Empaques/1.Inicio-Empaques/Inicio-cajas"), [:], STOP_ON_FAILURE): Call Test Case 'Test Cases/5.Empaques/1.Inicio-Empaques/Inicio-cajas' successfully

27-11-2024T18:15:38 - [TEST_CASE][PASSED] - Test Cases/5.Empaques/1.Inicio-Empaques/Inicio-cajas: Test Cases/5.Empaques/1.Inicio-Empaques/Inicio-cajas

27-11-2024T18:15:38 - [TEST_STEP][PASSED] - openBrowser(""): Browser is opened with url: ''

27-11-2024T18:15:38 - [MESSAGE][INFO] - Starting 'Firefox' driver

27-11-2024T18:15:39 - [MESSAGE][INFO] - Action delay is set to 0 milliseconds

27-11-2024T18:15:53 - [MESSAGE][PASSED] - Browser is opened with url: ''

27-11-2024T18:15:53 - [TEST_STEP][PASSED] - navigateToUrl("https://dev01-registrodeenvios.olvacourier.com/principal"): Navigate to 'https://dev01-registrodeenvios.olvacourier.com/principal' successfully

27-11-2024T18:15:55 - [MESSAGE][PASSED] - Navigate to 'https://dev01-registrodeenvios.olvacourier.com/principal' successfully

27-11-2024T18:15:55 - [TEST_STEP][PASSED] - maximizeWindow(STOP_ON_FAILURE): Current window maximized

27-11-2024T18:15:55 - [MESSAGE][PASSED] - Current window maximized

27-11-2024T18:15:55 - [MESSAGE][PASSED] - Call Test Case 'Test Cases/5.Empaques/1.Inicio-Empaques/Inicio-cajas' successfully

27-11-2024T18:15:55 - [TEST_STEP][PASSED] - click(findTestObject("Object Repository/Comprar Empaques/Page_Olva Courier  Confirma tus datos/img_Envo de documentoscon un peso mximo de__8aba39")): Object: 'Object Repository/Comprar Empaques/Page_Olva Courier  Confirma tus datos/img_Envo de documentoscon un peso mximo de__8aba39' is clicked on

27-11-2024T18:15:56 - [MESSAGE][PASSED] - Object: 'Object Repository/Comprar Empaques/Page_Olva Courier  Confirma tus datos/img_Envo de documentoscon un peso mximo de__8aba39' is clicked on

27-11-2024T18:15:56 - [TEST_STEP][PASSED] - click(findTestObject("Object Repository/Comprar Empaques/Page_Olva Courier  Confirma tus datos/span_He ledo y acepto los_checkmark")): Object: 'Object Repository/Comprar Empaques/Page_Olva Courier  Confirma tus datos/span_He ledo y acepto los_checkmark' is clicked on

27-11-2024T18:15:56 - [MESSAGE][PASSED] - Object: 'Object Repository/Comprar Empaques/Page_Olva Courier  Confirma tus datos/span_He ledo y acepto los_checkmark' is clicked on

27-11-2024T18:15:56 - [TEST_STEP][PASSED] - scrollToElement(findTestObject("Object Repository/Comprar Empaques/Page_Olva Courier  Confirma tus datos/button_CONTINUAR"), 0): Scroll to object 'Object Repository/Comprar Empaques/Page_Olva Courier  Confirma tus datos/button_CONTINUAR' successfully

27-11-2024T18:15:57 - [MESSAGE][WARNING] - Timeout '0' is invalid. Using default page load timeout: '30'

27-11-2024T18:15:57 - [MESSAGE][PASSED] - Scroll to object 'Object Repository/Comprar Empaques/Page_Olva Courier  Confirma tus datos/button_CONTINUAR' successfully

27-11-2024T18:15:57 - [TEST_STEP][PASSED] - click(findTestObject("Object Repository/Comprar Empaques/Page_Olva Courier  Confirma tus datos/button_CONTINUAR")): Object: 'Object Repository/Comprar Empaques/Page_Olva Courier  Confirma tus datos/button_CONTINUAR' is clicked on

27-11-2024T18:15:58 - [MESSAGE][PASSED] - Object: 'Object Repository/Comprar Empaques/Page_Olva Courier  Confirma tus datos/button_CONTINUAR' is clicked on

27-11-2024T18:15:58 - [TEST_STEP][PASSED] - click(findTestObject("Object Repository/Comprar Empaques/Page_Olva Courier  Datos Personales/span_Tipo De Documento")): Object: 'Object Repository/Comprar Empaques/Page_Olva Courier  Datos Personales/span_Tipo De Documento' is clicked on

27-11-2024T18:15:59 - [MESSAGE][PASSED] - Object: 'Object Repository/Comprar Empaques/Page_Olva Courier  Datos Personales/span_Tipo De Documento' is clicked on

27-11-2024T18:15:59 - [TEST_STEP][PASSED] - click(findTestObject("Object Repository/Comprar Empaques/Page_Olva Courier  Datos Personales/a_RUC")): Object: 'Object Repository/Comprar Empaques/Page_Olva Courier  Datos Personales/a_RUC' is clicked on

27-11-2024T18:15:59 - [MESSAGE][PASSED] - Object: 'Object Repository/Comprar Empaques/Page_Olva Courier  Datos Personales/a_RUC' is clicked on

27-11-2024T18:15:59 - [TEST_STEP][PASSED] - setText(findTestObject("Object Repository/Comprar Empaques/Page_Olva Courier  Datos Personales/input_CARN EXT_txt_documento_cliente"), "10066810581"): Text '10066810581' is set on object 'Object Repository/Comprar Empaques/Page_Olva Courier  Datos Personales/input_CARN EXT_txt_documento_cliente'

27-11-2024T18:16:00 - [MESSAGE][PASSED] - Text '10066810581' is set on object 'Object Repository/Comprar Empaques/Page_Olva Courier  Datos Personales/input_CARN EXT_txt_documento_cliente'

27-11-2024T18:16:00 - [TEST_STEP][PASSED] - setText(findTestObject("Object Repository/Comprar Empaques/Page_Olva Courier  Datos Personales/input_CARN EXT_txt_telefono_cliente"), "900000001"): Text '900000001' is set on object 'Object Repository/Comprar Empaques/Page_Olva Courier  Datos Personales/input_CARN EXT_txt_telefono_cliente'

27-11-2024T18:16:02 - [MESSAGE][PASSED] - Text '900000001' is set on object 'Object Repository/Comprar Empaques/Page_Olva Courier  Datos Personales/input_CARN EXT_txt_telefono_cliente'

27-11-2024T18:16:02 - [TEST_STEP][PASSED] - click(findTestObject("Object Repository/Comprar Empaques/Page_Olva Courier  Datos Personales/div_Hola,")): Object: 'Object Repository/Comprar Empaques/Page_Olva Courier  Datos Personales/div_Hola,' is clicked on

27-11-2024T18:16:03 - [MESSAGE][PASSED] - Object: 'Object Repository/Comprar Empaques/Page_Olva Courier  Datos Personales/div_Hola,' is clicked on

27-11-2024T18:16:03 - [TEST_STEP][PASSED] - scrollToElement(findTestObject("Object Repository/Comprar Empaques/Page_Olva Courier  Datos Personales/button_CONTINUAR"), 0): Scroll to object 'Object Repository/Comprar Empaques/Page_Olva Courier  Datos Personales/button_CONTINUAR' successfully

27-11-2024T18:16:03 - [MESSAGE][WARNING] - Timeout '0' is invalid. Using default page load timeout: '30'

27-11-2024T18:16:03 - [MESSAGE][PASSED] - Scroll to object 'Object Repository/Comprar Empaques/Page_Olva Courier  Datos Personales/button_CONTINUAR' successfully

27-11-2024T18:16:03 - [TEST_STEP][PASSED] - click(findTestObject("Object Repository/Comprar Empaques/Page_Olva Courier  Datos Personales/button_CONTINUAR")): Object: 'Object Repository/Comprar Empaques/Page_Olva Courier  Datos Personales/button_CONTINUAR' is clicked on

27-11-2024T18:16:05 - [MESSAGE][PASSED] - Object: 'Object Repository/Comprar Empaques/Page_Olva Courier  Datos Personales/button_CONTINUAR' is clicked on

27-11-2024T18:16:05 - [TEST_STEP][PASSED] - scrollToPosition(0, 400): Browser is scrolled to position x = 0, y = 400

27-11-2024T18:16:05 - [MESSAGE][PASSED] - Browser is scrolled to position x = 0, y = 400

27-11-2024T18:16:05 - [TEST_STEP][PASSED] - click(findTestObject("Object Repository/EMPAQUE 1")): Object: 'Object Repository/EMPAQUE 1' is clicked on

27-11-2024T18:16:05 - [MESSAGE][PASSED] - Object: 'Object Repository/EMPAQUE 1' is clicked on

27-11-2024T18:16:05 - [TEST_STEP][PASSED] - click(findTestObject("Object Repository/EMPAQUE 2")): Object: 'Object Repository/EMPAQUE 2' is clicked on

27-11-2024T18:16:06 - [MESSAGE][PASSED] - Object: 'Object Repository/EMPAQUE 2' is clicked on

27-11-2024T18:16:06 - [TEST_STEP][PASSED] - click(findTestObject("Object Repository/EMPAQUE 3")): Object: 'Object Repository/EMPAQUE 3' is clicked on

27-11-2024T18:16:06 - [MESSAGE][PASSED] - Object: 'Object Repository/EMPAQUE 3' is clicked on

27-11-2024T18:16:06 - [TEST_STEP][PASSED] - scrollToElement(findTestObject("Object Repository/EMPAQUE 4"), 0): Scroll to object 'Object Repository/EMPAQUE 4' successfully

27-11-2024T18:16:06 - [MESSAGE][WARNING] - Timeout '0' is invalid. Using default page load timeout: '30'

27-11-2024T18:16:07 - [MESSAGE][PASSED] - Scroll to object 'Object Repository/EMPAQUE 4' successfully

27-11-2024T18:16:07 - [TEST_STEP][PASSED] - click(findTestObject("Object Repository/EMPAQUE 4")): Object: 'Object Repository/EMPAQUE 4' is clicked on

27-11-2024T18:16:07 - [MESSAGE][PASSED] - Object: 'Object Repository/EMPAQUE 4' is clicked on

27-11-2024T18:16:07 - [TEST_STEP][PASSED] - click(findTestObject("Object Repository/EMPAQUE 5")): Object: 'Object Repository/EMPAQUE 5' is clicked on

27-11-2024T18:16:08 - [MESSAGE][PASSED] - Object: 'Object Repository/EMPAQUE 5' is clicked on

27-11-2024T18:16:08 - [TEST_STEP][PASSED] - scrollToElement(findTestObject("Comprar Empaques/Page_Olva Courier  Datos Personales/button_CONTINUAR_empaque"), 0): Scroll to object 'Object Repository/Comprar Empaques/Page_Olva Courier  Datos Personales/button_CONTINUAR_empaque' successfully

27-11-2024T18:16:08 - [MESSAGE][WARNING] - Timeout '0' is invalid. Using default page load timeout: '30'

27-11-2024T18:16:08 - [MESSAGE][PASSED] - Scroll to object 'Object Repository/Comprar Empaques/Page_Olva Courier  Datos Personales/button_CONTINUAR_empaque' successfully

27-11-2024T18:16:08 - [TEST_STEP][PASSED] - click(findTestObject("Comprar Empaques/Page_Olva Courier  Datos Personales/button_CONTINUAR_empaque")): Object: 'Object Repository/Comprar Empaques/Page_Olva Courier  Datos Personales/button_CONTINUAR_empaque' is clicked on

27-11-2024T18:16:09 - [MESSAGE][PASSED] - Object: 'Object Repository/Comprar Empaques/Page_Olva Courier  Datos Personales/button_CONTINUAR_empaque' is clicked on

27-11-2024T18:16:09 - [TEST_STEP][PASSED] - click(findTestObject("Comprar Empaques/Page_Olva Courier  Datos Personales/a_AGREGAR EMPAQUES")): Object: 'Object Repository/Comprar Empaques/Page_Olva Courier  Datos Personales/a_AGREGAR EMPAQUES' is clicked on

27-11-2024T18:16:11 - [MESSAGE][PASSED] - Object: 'Object Repository/Comprar Empaques/Page_Olva Courier  Datos Personales/a_AGREGAR EMPAQUES' is clicked on

27-11-2024T18:16:11 - [TEST_STEP][PASSED] - scrollToElement(findTestObject("Object Repository/EMPAQUE 4"), 0): Scroll to object 'Object Repository/EMPAQUE 4' successfully

27-11-2024T18:16:11 - [MESSAGE][WARNING] - Timeout '0' is invalid. Using default page load timeout: '30'

27-11-2024T18:16:11 - [MESSAGE][PASSED] - Scroll to object 'Object Repository/EMPAQUE 4' successfully

27-11-2024T18:16:11 - [TEST_STEP][PASSED] - click(findTestObject("Object Repository/EMPAQUE 4")): Object: 'Object Repository/EMPAQUE 4' is clicked on

27-11-2024T18:16:12 - [MESSAGE][PASSED] - Object: 'Object Repository/EMPAQUE 4' is clicked on

27-11-2024T18:16:12 - [TEST_STEP][PASSED] - click(findTestObject("Object Repository/EMPAQUE 5")): Object: 'Object Repository/EMPAQUE 5' is clicked on

27-11-2024T18:16:12 - [MESSAGE][PASSED] - Object: 'Object Repository/EMPAQUE 5' is clicked on

27-11-2024T18:16:12 - [TEST_STEP][PASSED] - click(findTestObject("Object Repository/EMPAQUE 6")): Object: 'Object Repository/EMPAQUE 6' is clicked on

27-11-2024T18:16:13 - [MESSAGE][PASSED] - Object: 'Object Repository/EMPAQUE 6' is clicked on

27-11-2024T18:16:13 - [TEST_STEP][PASSED] - click(findTestObject("Object Repository/EMPAQUE 6")): Object: 'Object Repository/EMPAQUE 6' is clicked on

27-11-2024T18:16:13 - [MESSAGE][PASSED] - Object: 'Object Repository/EMPAQUE 6' is clicked on

27-11-2024T18:16:13 - [TEST_STEP][PASSED] - scrollToElement(findTestObject("Object Repository/Comprar Empaques/Page_Olva Courier  Datos Personales/button_CONTINUAR_empaque"), 0): Scroll to object 'Object Repository/Comprar Empaques/Page_Olva Courier  Datos Personales/button_CONTINUAR_empaque' successfully

27-11-2024T18:16:13 - [MESSAGE][WARNING] - Timeout '0' is invalid. Using default page load timeout: '30'

27-11-2024T18:16:14 - [MESSAGE][PASSED] - Scroll to object 'Object Repository/Comprar Empaques/Page_Olva Courier  Datos Personales/button_CONTINUAR_empaque' successfully

27-11-2024T18:16:14 - [TEST_STEP][PASSED] - click(findTestObject("Object Repository/Comprar Empaques/Page_Olva Courier  Datos Personales/button_CONTINUAR_empaque")): Object: 'Object Repository/Comprar Empaques/Page_Olva Courier  Datos Personales/button_CONTINUAR_empaque' is clicked on

27-11-2024T18:16:14 - [MESSAGE][PASSED] - Object: 'Object Repository/Comprar Empaques/Page_Olva Courier  Datos Personales/button_CONTINUAR_empaque' is clicked on

27-11-2024T18:16:14 - [TEST_STEP][PASSED] - click(findTestObject("Comprar Empaques/Page_Olva Courier  Datos Personales/a_AGREGAR EMPAQUES")): Object: 'Object Repository/Comprar Empaques/Page_Olva Courier  Datos Personales/a_AGREGAR EMPAQUES' is clicked on

27-11-2024T18:16:15 - [MESSAGE][PASSED] - Object: 'Object Repository/Comprar Empaques/Page_Olva Courier  Datos Personales/a_AGREGAR EMPAQUES' is clicked on

27-11-2024T18:16:15 - [TEST_STEP][PASSED] - scrollToElement(findTestObject("Object Repository/EMPAQUE 1"), 0): Scroll to object 'Object Repository/EMPAQUE 1' successfully

27-11-2024T18:16:15 - [MESSAGE][WARNING] - Timeout '0' is invalid. Using default page load timeout: '30'

27-11-2024T18:16:15 - [MESSAGE][PASSED] - Scroll to object 'Object Repository/EMPAQUE 1' successfully

27-11-2024T18:16:15 - [TEST_STEP][PASSED] - click(findTestObject("Object Repository/EMPAQUE 1")): Object: 'Object Repository/EMPAQUE 1' is clicked on

27-11-2024T18:16:16 - [MESSAGE][PASSED] - Object: 'Object Repository/EMPAQUE 1' is clicked on

27-11-2024T18:16:16 - [TEST_STEP][PASSED] - scrollToElement(findTestObject("Object Repository/Comprar Empaques/Page_Olva Courier  Datos Personales/button_CONTINUAR_empaque"), 0): Scroll to object 'Object Repository/Comprar Empaques/Page_Olva Courier  Datos Personales/button_CONTINUAR_empaque' successfully

27-11-2024T18:16:16 - [MESSAGE][WARNING] - Timeout '0' is invalid. Using default page load timeout: '30'

27-11-2024T18:16:16 - [MESSAGE][PASSED] - Scroll to object 'Object Repository/Comprar Empaques/Page_Olva Courier  Datos Personales/button_CONTINUAR_empaque' successfully

27-11-2024T18:16:16 - [TEST_STEP][PASSED] - click(findTestObject("Object Repository/Comprar Empaques/Page_Olva Courier  Datos Personales/button_CONTINUAR_empaque")): Object: 'Object Repository/Comprar Empaques/Page_Olva Courier  Datos Personales/button_CONTINUAR_empaque' is clicked on

27-11-2024T18:16:17 - [MESSAGE][PASSED] - Object: 'Object Repository/Comprar Empaques/Page_Olva Courier  Datos Personales/button_CONTINUAR_empaque' is clicked on

27-11-2024T18:16:17 - [TEST_STEP][PASSED] - scrollToElement(findTestObject("Object Repository/Comprar Empaques/Page_Olva Courier  Datos Personales/button_CONTINUAR_1_2"), 0): Scroll to object 'Object Repository/Comprar Empaques/Page_Olva Courier  Datos Personales/button_CONTINUAR_1_2' successfully

27-11-2024T18:16:17 - [MESSAGE][WARNING] - Timeout '0' is invalid. Using default page load timeout: '30'

27-11-2024T18:16:18 - [MESSAGE][PASSED] - Scroll to object 'Object Repository/Comprar Empaques/Page_Olva Courier  Datos Personales/button_CONTINUAR_1_2' successfully

27-11-2024T18:16:18 - [TEST_STEP][PASSED] - click(findTestObject("Object Repository/Comprar Empaques/Page_Olva Courier  Datos Personales/button_CONTINUAR_1_2")): Object: 'Object Repository/Comprar Empaques/Page_Olva Courier  Datos Personales/button_CONTINUAR_1_2' is clicked on

27-11-2024T18:16:20 - [MESSAGE][PASSED] - Object: 'Object Repository/Comprar Empaques/Page_Olva Courier  Datos Personales/button_CONTINUAR_1_2' is clicked on

27-11-2024T18:16:20 - [TEST_STEP][PASSED] - delay(3): Delayed 3 second(s)

27-11-2024T18:16:23 - [MESSAGE][PASSED] - Delayed 3 second(s)

27-11-2024T18:16:23 - [TEST_STEP][PASSED] - rightClick(findTestObject("Object Repository/Comprar Empaques/Page_Olva Courier  Datos Personales/button_LIMA - LIMA - MIRAFLORES")): Object: 'Object Repository/Comprar Empaques/Page_Olva Courier  Datos Personales/button_LIMA - LIMA - MIRAFLORES' is right clicked on

27-11-2024T18:16:23 - [MESSAGE][PASSED] - Object: 'Object Repository/Comprar Empaques/Page_Olva Courier  Datos Personales/button_LIMA - LIMA - MIRAFLORES' is right clicked on

27-11-2024T18:16:23 - [TEST_STEP][PASSED] - click(findTestObject("Object Repository/Comprar Empaques/Page_Olva Courier  Datos Personales/button_LIMA - LIMA - MIRAFLORES")): Object: 'Object Repository/Comprar Empaques/Page_Olva Courier  Datos Personales/button_LIMA - LIMA - MIRAFLORES' is clicked on

27-11-2024T18:16:24 - [MESSAGE][PASSED] - Object: 'Object Repository/Comprar Empaques/Page_Olva Courier  Datos Personales/button_LIMA - LIMA - MIRAFLORES' is clicked on

27-11-2024T18:16:24 - [TEST_STEP][PASSED] - click(findTestObject("Object Repository/Comprar Empaques/Page_Olva Courier  Datos Personales/a_CALLAO - CALLAO - CALLAO")): Object: 'Object Repository/Comprar Empaques/Page_Olva Courier  Datos Personales/a_CALLAO - CALLAO - CALLAO' is clicked on

27-11-2024T18:16:24 - [MESSAGE][PASSED] - Object: 'Object Repository/Comprar Empaques/Page_Olva Courier  Datos Personales/a_CALLAO - CALLAO - CALLAO' is clicked on

27-11-2024T18:16:24 - [TEST_STEP][PASSED] - click(findTestObject("Object Repository/Comprar Empaques/Page_Olva Courier  Datos Personales/button_Tienda")): Object: 'Object Repository/Comprar Empaques/Page_Olva Courier  Datos Personales/button_Tienda' is clicked on

27-11-2024T18:16:25 - [MESSAGE][PASSED] - Object: 'Object Repository/Comprar Empaques/Page_Olva Courier  Datos Personales/button_Tienda' is clicked on

27-11-2024T18:16:25 - [TEST_STEP][PASSED] - click(findTestObject("Object Repository/Comprar Empaques/Page_Olva Courier  Datos Personales/a_OLVA ALMACEN - AV. ARGENTINA 4458 - CALLA_89a3f6")): Object: 'Object Repository/Comprar Empaques/Page_Olva Courier  Datos Personales/a_OLVA ALMACEN - AV. ARGENTINA 4458 - CALLA_89a3f6' is clicked on

27-11-2024T18:16:26 - [MESSAGE][PASSED] - Object: 'Object Repository/Comprar Empaques/Page_Olva Courier  Datos Personales/a_OLVA ALMACEN - AV. ARGENTINA 4458 - CALLA_89a3f6' is clicked on

27-11-2024T18:16:26 - [TEST_STEP][PASSED] - click(findTestObject("Object Repository/Comprar Empaques/Page_Olva Courier  Datos Personales/button_CONTINUAR (2)")): Object: 'Object Repository/Comprar Empaques/Page_Olva Courier  Datos Personales/button_CONTINUAR (2)' is clicked on

27-11-2024T18:16:26 - [MESSAGE][PASSED] - Object: 'Object Repository/Comprar Empaques/Page_Olva Courier  Datos Personales/button_CONTINUAR (2)' is clicked on

27-11-2024T18:16:26 - [TEST_STEP][PASSED] - setText(findTestObject("Object Repository/Comprar Empaques/Page_Olva Courier  Datos Personales/input_Para el recojo de tu compra se necesi_22ff2d"), "1"): Text '1' is set on object 'Object Repository/Comprar Empaques/Page_Olva Courier  Datos Personales/input_Para el recojo de tu compra se necesi_22ff2d'

27-11-2024T18:16:27 - [MESSAGE][PASSED] - Text '1' is set on object 'Object Repository/Comprar Empaques/Page_Olva Courier  Datos Personales/input_Para el recojo de tu compra se necesi_22ff2d'

27-11-2024T18:16:27 - [TEST_STEP][PASSED] - setText(findTestObject("Object Repository/Comprar Empaques/Page_Olva Courier  Datos Personales/input_Para el recojo de tu compra se necesi_39579b"), "1"): Text '1' is set on object 'Object Repository/Comprar Empaques/Page_Olva Courier  Datos Personales/input_Para el recojo de tu compra se necesi_39579b'

27-11-2024T18:16:28 - [MESSAGE][PASSED] - Text '1' is set on object 'Object Repository/Comprar Empaques/Page_Olva Courier  Datos Personales/input_Para el recojo de tu compra se necesi_39579b'

27-11-2024T18:16:28 - [TEST_STEP][PASSED] - setText(findTestObject("Object Repository/Comprar Empaques/Page_Olva Courier  Datos Personales/input_Para el recojo de tu compra se necesi_9b4583"), "1"): Text '1' is set on object 'Object Repository/Comprar Empaques/Page_Olva Courier  Datos Personales/input_Para el recojo de tu compra se necesi_9b4583'

27-11-2024T18:16:29 - [MESSAGE][PASSED] - Text '1' is set on object 'Object Repository/Comprar Empaques/Page_Olva Courier  Datos Personales/input_Para el recojo de tu compra se necesi_9b4583'

27-11-2024T18:16:29 - [TEST_STEP][PASSED] - setText(findTestObject("Object Repository/Comprar Empaques/Page_Olva Courier  Datos Personales/input_Para el recojo de tu compra se necesi_cbc9dd"), "1"): Text '1' is set on object 'Object Repository/Comprar Empaques/Page_Olva Courier  Datos Personales/input_Para el recojo de tu compra se necesi_cbc9dd'

27-11-2024T18:16:30 - [MESSAGE][PASSED] - Text '1' is set on object 'Object Repository/Comprar Empaques/Page_Olva Courier  Datos Personales/input_Para el recojo de tu compra se necesi_cbc9dd'

27-11-2024T18:16:30 - [TEST_STEP][PASSED] - click(findTestObject("Object Repository/Comprar Empaques/Page_Olva Courier  Datos Personales/div_Aceptar")): Object: 'Object Repository/Comprar Empaques/Page_Olva Courier  Datos Personales/div_Aceptar' is clicked on

27-11-2024T18:16:31 - [MESSAGE][PASSED] - Object: 'Object Repository/Comprar Empaques/Page_Olva Courier  Datos Personales/div_Aceptar' is clicked on

27-11-2024T18:16:31 - [TEST_STEP][PASSED] - scrollToElement(findTestObject("Object Repository/Comprar Empaques/Page_Olva Courier  Datos Personales/button_PAGAR"), 0): Scroll to object 'Object Repository/Comprar Empaques/Page_Olva Courier  Datos Personales/button_PAGAR' successfully

27-11-2024T18:16:31 - [MESSAGE][WARNING] - Timeout '0' is invalid. Using default page load timeout: '30'

27-11-2024T18:16:32 - [MESSAGE][PASSED] - Scroll to object 'Object Repository/Comprar Empaques/Page_Olva Courier  Datos Personales/button_PAGAR' successfully

27-11-2024T18:16:33 - [TEST_STEP][PASSED] - verifyElementPresent(findTestObject("Object Repository/Comprar Empaques/Page_Olva Courier  Datos Personales/button_PAGAR"), 0): Object 'Object Repository/Comprar Empaques/Page_Olva Courier  Datos Personales/button_PAGAR' is present

27-11-2024T18:16:33 - [MESSAGE][WARNING] - Timeout '0' is invalid. Using default page load timeout: '30'

27-11-2024T18:16:33 - [MESSAGE][PASSED] - Object 'Object Repository/Comprar Empaques/Page_Olva Courier  Datos Personales/button_PAGAR' is present

27-11-2024T18:16:33 - [TEST_STEP][FAILED] - callTestCase(findTestCase("5.Empaques/3.Pago-Empaques/Pago-exitoso"), [:], STOP_ON_FAILURE): Unable to call Test Case 'Test Cases/5.Empaques/3.Pago-Empaques/Pago-exitoso' (Root cause: com.kms.katalon.core.exception.StepFailedException: Call Test Case 'Test Cases/5.Empaques/3.Pago-Empaques/Pago-exitoso' failed
	at com.kms.katalon.core.keyword.builtin.CallTestCaseKeyword$_callTestCase_closure1.doCall(CallTestCaseKeyword.groovy:63)
	at com.kms.katalon.core.keyword.builtin.CallTestCaseKeyword$_callTestCase_closure1.call(CallTestCaseKeyword.groovy)
	at com.kms.katalon.core.keyword.internal.KeywordMain.runKeyword(KeywordMain.groovy:75)
	at com.kms.katalon.core.keyword.builtin.CallTestCaseKeyword.callTestCase(CallTestCaseKeyword.groovy:81)
	at com.kms.katalon.core.keyword.builtin.CallTestCaseKeyword.execute(CallTestCaseKeyword.groovy:44)
	at com.kms.katalon.core.keyword.internal.KeywordExecutor.executeKeywordForPlatform(KeywordExecutor.groovy:74)
	at com.kms.katalon.core.keyword.BuiltinKeywords.callTestCase(BuiltinKeywords.groovy:310)
	at java.base/jdk.internal.reflect.NativeMethodAccessorImpl.invoke0(Native Method)
	at java.base/jdk.internal.reflect.NativeMethodAccessorImpl.invoke(NativeMethodAccessorImpl.java:77)
	at java.base/jdk.internal.reflect.DelegatingMethodAccessorImpl.invoke(DelegatingMethodAccessorImpl.java:43)
	at Comprar Empaques - Agregar.run(Comprar Empaques - Agregar:136)
	at com.kms.katalon.core.main.ScriptEngine.run(ScriptEngine.java:194)
	at com.kms.katalon.core.main.ScriptEngine.runScriptAsRawText(ScriptEngine.java:119)
	at com.kms.katalon.core.main.TestCaseExecutor.runScript(TestCaseExecutor.java:448)
	at com.kms.katalon.core.main.TestCaseExecutor.doExecute(TestCaseExecutor.java:439)
	at com.kms.katalon.core.main.TestCaseExecutor.processExecutionPhase(TestCaseExecutor.java:418)
	at com.kms.katalon.core.main.TestCaseExecutor.accessMainPhase(TestCaseExecutor.java:410)
	at com.kms.katalon.core.main.TestCaseExecutor.execute(TestCaseExecutor.java:285)
	at com.kms.katalon.core.common.CommonExecutor.accessTestCaseMainPhase(CommonExecutor.java:65)
	at com.kms.katalon.core.main.TestSuiteExecutor.accessTestSuiteMainPhase(TestSuiteExecutor.java:150)
	at com.kms.katalon.core.main.TestSuiteExecutor.execute(TestSuiteExecutor.java:106)
	at com.kms.katalon.core.main.TestCaseMain.startTestSuite(TestCaseMain.java:180)
	at TempTestSuite1732749322373.run(TempTestSuite1732749322373.groovy:35)
	at java.base/jdk.internal.reflect.NativeMethodAccessorImpl.invoke0(Native Method)
	at java.base/jdk.internal.reflect.NativeMethodAccessorImpl.invoke(NativeMethodAccessorImpl.java:77)
	at java.base/jdk.internal.reflect.DelegatingMethodAccessorImpl.invoke(DelegatingMethodAccessorImpl.java:43)
Caused by: com.kms.katalon.core.exception.StepFailedException: Unable to click on object 'Object Repository/pago/Page_Olva Courier  Medios de pago/button_PAGAR'
	at com.kms.katalon.core.webui.keyword.internal.WebUIKeywordMain.stepFailed(WebUIKeywordMain.groovy:117)
	at com.kms.katalon.core.webui.keyword.internal.WebUIKeywordMain.runKeyword(WebUIKeywordMain.groovy:43)
	at com.kms.katalon.core.webui.keyword.builtin.ClickKeyword.click(ClickKeyword.groovy:74)
	at com.kms.katalon.core.webui.keyword.builtin.ClickKeyword.execute(ClickKeyword.groovy:40)
	at com.kms.katalon.core.keyword.internal.KeywordExecutor.executeKeywordForPlatform(KeywordExecutor.groovy:74)
	at com.kms.katalon.core.webui.keyword.WebUiBuiltInKeywords.click(WebUiBuiltInKeywords.groovy:659)
	at Pago-exitoso.run(Pago-exitoso:25)
	at com.kms.katalon.core.main.ScriptEngine.run(ScriptEngine.java:194)
	at com.kms.katalon.core.main.ScriptEngine.runScriptAsRawText(ScriptEngine.java:119)
	at com.kms.katalon.core.main.TestCaseExecutor.runScript(TestCaseExecutor.java:448)
	at com.kms.katalon.core.main.TestCaseExecutor.doExecute(TestCaseExecutor.java:439)
	at com.kms.katalon.core.main.TestCaseExecutor.processExecutionPhase(TestCaseExecutor.java:418)
	at com.kms.katalon.core.main.TestCaseExecutor.accessMainPhase(TestCaseExecutor.java:410)
	at com.kms.katalon.core.main.TestCaseExecutor.execute(TestCaseExecutor.java:285)
	at com.kms.katalon.core.main.TestCaseMain.runTestCase(TestCaseMain.java:137)
	at com.kms.katalon.core.keyword.builtin.CallTestCaseKeyword$_callTestCase_closure1.doCall(CallTestCaseKeyword.groovy:59)
	... 25 more
Caused by: com.kms.katalon.core.webui.exception.WebElementNotFoundException: Web element with id: 'Object Repository/pago/Page_Olva Courier  Medios de pago/button_PAGAR' located by '//*[@id="pagarTottem"]' not found
	at com.kms.katalon.core.webui.common.WebUiCommonHelper.findWebElement(WebUiCommonHelper.java:1419)
	at com.kms.katalon.core.webui.keyword.internal.WebUIAbstractKeyword.findWebElement(WebUIAbstractKeyword.groovy:27)
	at com.kms.katalon.core.webui.keyword.builtin.ClickKeyword$_click_closure1.doCall(ClickKeyword.groovy:65)
	at com.kms.katalon.core.webui.keyword.builtin.ClickKeyword$_click_closure1.call(ClickKeyword.groovy)
	at com.kms.katalon.core.webui.keyword.internal.WebUIKeywordMain.runKeyword(WebUIKeywordMain.groovy:35)
	... 39 more
)

27-11-2024T18:16:33 - [TEST_CASE][FAILED] - Test Cases/5.Empaques/3.Pago-Empaques/Pago-exitoso: Test Cases/5.Empaques/3.Pago-Empaques/Pago-exitoso FAILED.
Reason:
com.kms.katalon.core.exception.StepFailedException: Unable to click on object 'Object Repository/pago/Page_Olva Courier  Medios de pago/button_PAGAR'
	at com.kms.katalon.core.webui.keyword.internal.WebUIKeywordMain.stepFailed(WebUIKeywordMain.groovy:117)
	at com.kms.katalon.core.webui.keyword.internal.WebUIKeywordMain.runKeyword(WebUIKeywordMain.groovy:43)
	at com.kms.katalon.core.webui.keyword.builtin.ClickKeyword.click(ClickKeyword.groovy:74)
	at com.kms.katalon.core.webui.keyword.builtin.ClickKeyword.execute(ClickKeyword.groovy:40)
	at com.kms.katalon.core.keyword.internal.KeywordExecutor.executeKeywordForPlatform(KeywordExecutor.groovy:74)
	at com.kms.katalon.core.webui.keyword.WebUiBuiltInKeywords.click(WebUiBuiltInKeywords.groovy:659)
	at Pago-exitoso.run(Pago-exitoso:25)
	at com.kms.katalon.core.main.ScriptEngine.run(ScriptEngine.java:194)
	at com.kms.katalon.core.main.ScriptEngine.runScriptAsRawText(ScriptEngine.java:119)
	at com.kms.katalon.core.main.TestCaseExecutor.runScript(TestCaseExecutor.java:448)
	at com.kms.katalon.core.main.TestCaseExecutor.doExecute(TestCaseExecutor.java:439)
	at com.kms.katalon.core.main.TestCaseExecutor.processExecutionPhase(TestCaseExecutor.java:418)
	at com.kms.katalon.core.main.TestCaseExecutor.accessMainPhase(TestCaseExecutor.java:410)
	at com.kms.katalon.core.main.TestCaseExecutor.execute(TestCaseExecutor.java:285)
	at com.kms.katalon.core.main.TestCaseMain.runTestCase(TestCaseMain.java:137)
	at com.kms.katalon.core.keyword.builtin.CallTestCaseKeyword$_callTestCase_closure1.doCall(CallTestCaseKeyword.groovy:59)
	at com.kms.katalon.core.keyword.builtin.CallTestCaseKeyword$_callTestCase_closure1.call(CallTestCaseKeyword.groovy)
	at com.kms.katalon.core.keyword.internal.KeywordMain.runKeyword(KeywordMain.groovy:75)
	at com.kms.katalon.core.keyword.builtin.CallTestCaseKeyword.callTestCase(CallTestCaseKeyword.groovy:81)
	at com.kms.katalon.core.keyword.builtin.CallTestCaseKeyword.execute(CallTestCaseKeyword.groovy:44)
	at com.kms.katalon.core.keyword.internal.KeywordExecutor.executeKeywordForPlatform(KeywordExecutor.groovy:74)
	at com.kms.katalon.core.keyword.BuiltinKeywords.callTestCase(BuiltinKeywords.groovy:310)
	at java.base/jdk.internal.reflect.NativeMethodAccessorImpl.invoke0(Native Method)
	at java.base/jdk.internal.reflect.NativeMethodAccessorImpl.invoke(NativeMethodAccessorImpl.java:77)
	at java.base/jdk.internal.reflect.DelegatingMethodAccessorImpl.invoke(DelegatingMethodAccessorImpl.java:43)
	at Comprar Empaques - Agregar.run(Comprar Empaques - Agregar:136)
	at com.kms.katalon.core.main.ScriptEngine.run(ScriptEngine.java:194)
	at com.kms.katalon.core.main.ScriptEngine.runScriptAsRawText(ScriptEngine.java:119)
	at com.kms.katalon.core.main.TestCaseExecutor.runScript(TestCaseExecutor.java:448)
	at com.kms.katalon.core.main.TestCaseExecutor.doExecute(TestCaseExecutor.java:439)
	at com.kms.katalon.core.main.TestCaseExecutor.processExecutionPhase(TestCaseExecutor.java:418)
	at com.kms.katalon.core.main.TestCaseExecutor.accessMainPhase(TestCaseExecutor.java:410)
	at com.kms.katalon.core.main.TestCaseExecutor.execute(TestCaseExecutor.java:285)
	at com.kms.katalon.core.common.CommonExecutor.accessTestCaseMainPhase(CommonExecutor.java:65)
	at com.kms.katalon.core.main.TestSuiteExecutor.accessTestSuiteMainPhase(TestSuiteExecutor.java:150)
	at com.kms.katalon.core.main.TestSuiteExecutor.execute(TestSuiteExecutor.java:106)
	at com.kms.katalon.core.main.TestCaseMain.startTestSuite(TestCaseMain.java:180)
	at TempTestSuite1732749322373.run(TempTestSuite1732749322373.groovy:35)
	at java.base/jdk.internal.reflect.NativeMethodAccessorImpl.invoke0(Native Method)
	at java.base/jdk.internal.reflect.NativeMethodAccessorImpl.invoke(NativeMethodAccessorImpl.java:77)
	at java.base/jdk.internal.reflect.DelegatingMethodAccessorImpl.invoke(DelegatingMethodAccessorImpl.java:43)
Caused by: com.kms.katalon.core.webui.exception.WebElementNotFoundException: Web element with id: 'Object Repository/pago/Page_Olva Courier  Medios de pago/button_PAGAR' located by '//*[@id="pagarTottem"]' not found
	at com.kms.katalon.core.webui.common.WebUiCommonHelper.findWebElement(WebUiCommonHelper.java:1419)
	at com.kms.katalon.core.webui.keyword.internal.WebUIAbstractKeyword.findWebElement(WebUIAbstractKeyword.groovy:27)
	at com.kms.katalon.core.webui.keyword.builtin.ClickKeyword$_click_closure1.doCall(ClickKeyword.groovy:65)
	at com.kms.katalon.core.webui.keyword.builtin.ClickKeyword$_click_closure1.call(ClickKeyword.groovy)
	at com.kms.katalon.core.webui.keyword.internal.WebUIKeywordMain.runKeyword(WebUIKeywordMain.groovy:35)
	... 39 more


27-11-2024T18:16:33 - [TEST_STEP][PASSED] - verifyElementPresent(findTestObject("Object Repository/pago/Page_Olva Courier  Medios de pago/div_Pago con tarjeta de crdito, dbito y Yape"), 0): Object 'Object Repository/pago/Page_Olva Courier  Medios de pago/div_Pago con tarjeta de crdito, dbito y Yape' is present

27-11-2024T18:16:33 - [MESSAGE][WARNING] - Timeout '0' is invalid. Using default page load timeout: '30'

27-11-2024T18:16:33 - [MESSAGE][PASSED] - Object 'Object Repository/pago/Page_Olva Courier  Medios de pago/div_Pago con tarjeta de crdito, dbito y Yape' is present

27-11-2024T18:16:33 - [TEST_STEP][PASSED] - verifyElementPresent(findTestObject("Object Repository/pago/Page_Olva Courier  Medios de pago/td_S"), 0): Object 'Object Repository/pago/Page_Olva Courier  Medios de pago/td_S' is present

27-11-2024T18:16:33 - [MESSAGE][WARNING] - Timeout '0' is invalid. Using default page load timeout: '30'

27-11-2024T18:16:34 - [MESSAGE][PASSED] - Object 'Object Repository/pago/Page_Olva Courier  Medios de pago/td_S' is present

27-11-2024T18:16:34 - [TEST_STEP][FAILED] - click(findTestObject("Object Repository/pago/Page_Olva Courier  Medios de pago/button_PAGAR")): Unable to click on object 'Object Repository/pago/Page_Olva Courier  Medios de pago/button_PAGAR' (Root cause: com.kms.katalon.core.exception.StepFailedException: Unable to click on object 'Object Repository/pago/Page_Olva Courier  Medios de pago/button_PAGAR'
	at com.kms.katalon.core.webui.keyword.internal.WebUIKeywordMain.stepFailed(WebUIKeywordMain.groovy:117)
	at com.kms.katalon.core.webui.keyword.internal.WebUIKeywordMain.runKeyword(WebUIKeywordMain.groovy:43)
	at com.kms.katalon.core.webui.keyword.builtin.ClickKeyword.click(ClickKeyword.groovy:74)
	at com.kms.katalon.core.webui.keyword.builtin.ClickKeyword.execute(ClickKeyword.groovy:40)
	at com.kms.katalon.core.keyword.internal.KeywordExecutor.executeKeywordForPlatform(KeywordExecutor.groovy:74)
	at com.kms.katalon.core.webui.keyword.WebUiBuiltInKeywords.click(WebUiBuiltInKeywords.groovy:659)
	at Pago-exitoso.run(Pago-exitoso:25)
	at com.kms.katalon.core.main.ScriptEngine.run(ScriptEngine.java:194)
	at com.kms.katalon.core.main.ScriptEngine.runScriptAsRawText(ScriptEngine.java:119)
	at com.kms.katalon.core.main.TestCaseExecutor.runScript(TestCaseExecutor.java:448)
	at com.kms.katalon.core.main.TestCaseExecutor.doExecute(TestCaseExecutor.java:439)
	at com.kms.katalon.core.main.TestCaseExecutor.processExecutionPhase(TestCaseExecutor.java:418)
	at com.kms.katalon.core.main.TestCaseExecutor.accessMainPhase(TestCaseExecutor.java:410)
	at com.kms.katalon.core.main.TestCaseExecutor.execute(TestCaseExecutor.java:285)
	at com.kms.katalon.core.main.TestCaseMain.runTestCase(TestCaseMain.java:137)
	at com.kms.katalon.core.keyword.builtin.CallTestCaseKeyword$_callTestCase_closure1.doCall(CallTestCaseKeyword.groovy:59)
	at com.kms.katalon.core.keyword.builtin.CallTestCaseKeyword$_callTestCase_closure1.call(CallTestCaseKeyword.groovy)
	at com.kms.katalon.core.keyword.internal.KeywordMain.runKeyword(KeywordMain.groovy:75)
	at com.kms.katalon.core.keyword.builtin.CallTestCaseKeyword.callTestCase(CallTestCaseKeyword.groovy:81)
	at com.kms.katalon.core.keyword.builtin.CallTestCaseKeyword.execute(CallTestCaseKeyword.groovy:44)
	at com.kms.katalon.core.keyword.internal.KeywordExecutor.executeKeywordForPlatform(KeywordExecutor.groovy:74)
	at com.kms.katalon.core.keyword.BuiltinKeywords.callTestCase(BuiltinKeywords.groovy:310)
	at java.base/jdk.internal.reflect.NativeMethodAccessorImpl.invoke0(Native Method)
	at java.base/jdk.internal.reflect.NativeMethodAccessorImpl.invoke(NativeMethodAccessorImpl.java:77)
	at java.base/jdk.internal.reflect.DelegatingMethodAccessorImpl.invoke(DelegatingMethodAccessorImpl.java:43)
	at Comprar Empaques - Agregar.run(Comprar Empaques - Agregar:136)
	at com.kms.katalon.core.main.ScriptEngine.run(ScriptEngine.java:194)
	at com.kms.katalon.core.main.ScriptEngine.runScriptAsRawText(ScriptEngine.java:119)
	at com.kms.katalon.core.main.TestCaseExecutor.runScript(TestCaseExecutor.java:448)
	at com.kms.katalon.core.main.TestCaseExecutor.doExecute(TestCaseExecutor.java:439)
	at com.kms.katalon.core.main.TestCaseExecutor.processExecutionPhase(TestCaseExecutor.java:418)
	at com.kms.katalon.core.main.TestCaseExecutor.accessMainPhase(TestCaseExecutor.java:410)
	at com.kms.katalon.core.main.TestCaseExecutor.execute(TestCaseExecutor.java:285)
	at com.kms.katalon.core.common.CommonExecutor.accessTestCaseMainPhase(CommonExecutor.java:65)
	at com.kms.katalon.core.main.TestSuiteExecutor.accessTestSuiteMainPhase(TestSuiteExecutor.java:150)
	at com.kms.katalon.core.main.TestSuiteExecutor.execute(TestSuiteExecutor.java:106)
	at com.kms.katalon.core.main.TestCaseMain.startTestSuite(TestCaseMain.java:180)
	at TempTestSuite1732749322373.run(TempTestSuite1732749322373.groovy:35)
	at java.base/jdk.internal.reflect.NativeMethodAccessorImpl.invoke0(Native Method)
	at java.base/jdk.internal.reflect.NativeMethodAccessorImpl.invoke(NativeMethodAccessorImpl.java:77)
	at java.base/jdk.internal.reflect.DelegatingMethodAccessorImpl.invoke(DelegatingMethodAccessorImpl.java:43)
Caused by: com.kms.katalon.core.webui.exception.WebElementNotFoundException: Web element with id: 'Object Repository/pago/Page_Olva Courier  Medios de pago/button_PAGAR' located by '//*[@id="pagarTottem"]' not found
	at com.kms.katalon.core.webui.common.WebUiCommonHelper.findWebElement(WebUiCommonHelper.java:1419)
	at com.kms.katalon.core.webui.keyword.internal.WebUIAbstractKeyword.findWebElement(WebUIAbstractKeyword.groovy:27)
	at com.kms.katalon.core.webui.keyword.builtin.ClickKeyword$_click_closure1.doCall(ClickKeyword.groovy:65)
	at com.kms.katalon.core.webui.keyword.builtin.ClickKeyword$_click_closure1.call(ClickKeyword.groovy)
	at com.kms.katalon.core.webui.keyword.internal.WebUIKeywordMain.runKeyword(WebUIKeywordMain.groovy:35)
	at com.kms.katalon.core.webui.keyword.builtin.ClickKeyword.click(ClickKeyword.groovy:74)
	at com.kms.katalon.core.webui.keyword.builtin.ClickKeyword.execute(ClickKeyword.groovy:40)
	at com.kms.katalon.core.keyword.internal.KeywordExecutor.executeKeywordForPlatform(KeywordExecutor.groovy:74)
	at com.kms.katalon.core.webui.keyword.WebUiBuiltInKeywords.click(WebUiBuiltInKeywords.groovy:659)
	at Script1732688343034.run(Script1732688343034.groovy:25)
	at com.kms.katalon.core.main.ScriptEngine.run(ScriptEngine.java:194)
	at com.kms.katalon.core.main.ScriptEngine.runScriptAsRawText(ScriptEngine.java:119)
	at com.kms.katalon.core.main.TestCaseExecutor.runScript(TestCaseExecutor.java:448)
	at com.kms.katalon.core.main.TestCaseExecutor.doExecute(TestCaseExecutor.java:439)
	at com.kms.katalon.core.main.TestCaseExecutor.processExecutionPhase(TestCaseExecutor.java:418)
	at com.kms.katalon.core.main.TestCaseExecutor.accessMainPhase(TestCaseExecutor.java:410)
	at com.kms.katalon.core.main.TestCaseExecutor.execute(TestCaseExecutor.java:285)
	at com.kms.katalon.core.main.TestCaseMain.runTestCase(TestCaseMain.java:137)
	at com.kms.katalon.core.keyword.builtin.CallTestCaseKeyword$_callTestCase_closure1.doCall(CallTestCaseKeyword.groovy:59)
	at com.kms.katalon.core.keyword.builtin.CallTestCaseKeyword$_callTestCase_closure1.call(CallTestCaseKeyword.groovy)
	at com.kms.katalon.core.keyword.internal.KeywordMain.runKeyword(KeywordMain.groovy:75)
	at com.kms.katalon.core.keyword.builtin.CallTestCaseKeyword.callTestCase(CallTestCaseKeyword.groovy:81)
	at com.kms.katalon.core.keyword.builtin.CallTestCaseKeyword.execute(CallTestCaseKeyword.groovy:44)
	at com.kms.katalon.core.keyword.internal.KeywordExecutor.executeKeywordForPlatform(KeywordExecutor.groovy:74)
	at com.kms.katalon.core.keyword.BuiltinKeywords.callTestCase(BuiltinKeywords.groovy:310)
	at java.base/jdk.internal.reflect.NativeMethodAccessorImpl.invoke0(Native Method)
	at java.base/jdk.internal.reflect.NativeMethodAccessorImpl.invoke(NativeMethodAccessorImpl.java:77)
	at java.base/jdk.internal.reflect.DelegatingMethodAccessorImpl.invoke(DelegatingMethodAccessorImpl.java:43)
	at Script1732689342164.run(Script1732689342164.groovy:136)
	... 15 more
)

27-11-2024T18:17:05 - [MESSAGE][INFO] - Unable to find the element located by 'By.xpath: //*[@id="pagarTottem"]'. Please recheck the objects properties to make sure the desired element is located. 

27-11-2024T18:17:05 - [MESSAGE][FAILED] - Unable to click on object 'Object Repository/pago/Page_Olva Courier  Medios de pago/button_PAGAR' (Root cause: com.kms.katalon.core.exception.StepFailedException: Unable to click on object 'Object Repository/pago/Page_Olva Courier  Medios de pago/button_PAGAR'
	at com.kms.katalon.core.webui.keyword.internal.WebUIKeywordMain.stepFailed(WebUIKeywordMain.groovy:117)
	at com.kms.katalon.core.webui.keyword.internal.WebUIKeywordMain.runKeyword(WebUIKeywordMain.groovy:43)
	at com.kms.katalon.core.webui.keyword.builtin.ClickKeyword.click(ClickKeyword.groovy:74)
	at com.kms.katalon.core.webui.keyword.builtin.ClickKeyword.execute(ClickKeyword.groovy:40)
	at com.kms.katalon.core.keyword.internal.KeywordExecutor.executeKeywordForPlatform(KeywordExecutor.groovy:74)
	at com.kms.katalon.core.webui.keyword.WebUiBuiltInKeywords.click(WebUiBuiltInKeywords.groovy:659)
	at Pago-exitoso.run(Pago-exitoso:25)
	at com.kms.katalon.core.main.ScriptEngine.run(ScriptEngine.java:194)
	at com.kms.katalon.core.main.ScriptEngine.runScriptAsRawText(ScriptEngine.java:119)
	at com.kms.katalon.core.main.TestCaseExecutor.runScript(TestCaseExecutor.java:448)
	at com.kms.katalon.core.main.TestCaseExecutor.doExecute(TestCaseExecutor.java:439)
	at com.kms.katalon.core.main.TestCaseExecutor.processExecutionPhase(TestCaseExecutor.java:418)
	at com.kms.katalon.core.main.TestCaseExecutor.accessMainPhase(TestCaseExecutor.java:410)
	at com.kms.katalon.core.main.TestCaseExecutor.execute(TestCaseExecutor.java:285)
	at com.kms.katalon.core.main.TestCaseMain.runTestCase(TestCaseMain.java:137)
	at com.kms.katalon.core.keyword.builtin.CallTestCaseKeyword$_callTestCase_closure1.doCall(CallTestCaseKeyword.groovy:59)
	at com.kms.katalon.core.keyword.builtin.CallTestCaseKeyword$_callTestCase_closure1.call(CallTestCaseKeyword.groovy)
	at com.kms.katalon.core.keyword.internal.KeywordMain.runKeyword(KeywordMain.groovy:75)
	at com.kms.katalon.core.keyword.builtin.CallTestCaseKeyword.callTestCase(CallTestCaseKeyword.groovy:81)
	at com.kms.katalon.core.keyword.builtin.CallTestCaseKeyword.execute(CallTestCaseKeyword.groovy:44)
	at com.kms.katalon.core.keyword.internal.KeywordExecutor.executeKeywordForPlatform(KeywordExecutor.groovy:74)
	at com.kms.katalon.core.keyword.BuiltinKeywords.callTestCase(BuiltinKeywords.groovy:310)
	at java.base/jdk.internal.reflect.NativeMethodAccessorImpl.invoke0(Native Method)
	at java.base/jdk.internal.reflect.NativeMethodAccessorImpl.invoke(NativeMethodAccessorImpl.java:77)
	at java.base/jdk.internal.reflect.DelegatingMethodAccessorImpl.invoke(DelegatingMethodAccessorImpl.java:43)
	at Comprar Empaques - Agregar.run(Comprar Empaques - Agregar:136)
	at com.kms.katalon.core.main.ScriptEngine.run(ScriptEngine.java:194)
	at com.kms.katalon.core.main.ScriptEngine.runScriptAsRawText(ScriptEngine.java:119)
	at com.kms.katalon.core.main.TestCaseExecutor.runScript(TestCaseExecutor.java:448)
	at com.kms.katalon.core.main.TestCaseExecutor.doExecute(TestCaseExecutor.java:439)
	at com.kms.katalon.core.main.TestCaseExecutor.processExecutionPhase(TestCaseExecutor.java:418)
	at com.kms.katalon.core.main.TestCaseExecutor.accessMainPhase(TestCaseExecutor.java:410)
	at com.kms.katalon.core.main.TestCaseExecutor.execute(TestCaseExecutor.java:285)
	at com.kms.katalon.core.common.CommonExecutor.accessTestCaseMainPhase(CommonExecutor.java:65)
	at com.kms.katalon.core.main.TestSuiteExecutor.accessTestSuiteMainPhase(TestSuiteExecutor.java:150)
	at com.kms.katalon.core.main.TestSuiteExecutor.execute(TestSuiteExecutor.java:106)
	at com.kms.katalon.core.main.TestCaseMain.startTestSuite(TestCaseMain.java:180)
	at TempTestSuite1732749322373.run(TempTestSuite1732749322373.groovy:35)
	at java.base/jdk.internal.reflect.NativeMethodAccessorImpl.invoke0(Native Method)
	at java.base/jdk.internal.reflect.NativeMethodAccessorImpl.invoke(NativeMethodAccessorImpl.java:77)
	at java.base/jdk.internal.reflect.DelegatingMethodAccessorImpl.invoke(DelegatingMethodAccessorImpl.java:43)
Caused by: com.kms.katalon.core.webui.exception.WebElementNotFoundException: Web element with id: 'Object Repository/pago/Page_Olva Courier  Medios de pago/button_PAGAR' located by '//*[@id="pagarTottem"]' not found
	at com.kms.katalon.core.webui.common.WebUiCommonHelper.findWebElement(WebUiCommonHelper.java:1419)
	at com.kms.katalon.core.webui.keyword.internal.WebUIAbstractKeyword.findWebElement(WebUIAbstractKeyword.groovy:27)
	at com.kms.katalon.core.webui.keyword.builtin.ClickKeyword$_click_closure1.doCall(ClickKeyword.groovy:65)
	at com.kms.katalon.core.webui.keyword.builtin.ClickKeyword$_click_closure1.call(ClickKeyword.groovy)
	at com.kms.katalon.core.webui.keyword.internal.WebUIKeywordMain.runKeyword(WebUIKeywordMain.groovy:35)
	at com.kms.katalon.core.webui.keyword.builtin.ClickKeyword.click(ClickKeyword.groovy:74)
	at com.kms.katalon.core.webui.keyword.builtin.ClickKeyword.execute(ClickKeyword.groovy:40)
	at com.kms.katalon.core.keyword.internal.KeywordExecutor.executeKeywordForPlatform(KeywordExecutor.groovy:74)
	at com.kms.katalon.core.webui.keyword.WebUiBuiltInKeywords.click(WebUiBuiltInKeywords.groovy:659)
	at Script1732688343034.run(Script1732688343034.groovy:25)
	at com.kms.katalon.core.main.ScriptEngine.run(ScriptEngine.java:194)
	at com.kms.katalon.core.main.ScriptEngine.runScriptAsRawText(ScriptEngine.java:119)
	at com.kms.katalon.core.main.TestCaseExecutor.runScript(TestCaseExecutor.java:448)
	at com.kms.katalon.core.main.TestCaseExecutor.doExecute(TestCaseExecutor.java:439)
	at com.kms.katalon.core.main.TestCaseExecutor.processExecutionPhase(TestCaseExecutor.java:418)
	at com.kms.katalon.core.main.TestCaseExecutor.accessMainPhase(TestCaseExecutor.java:410)
	at com.kms.katalon.core.main.TestCaseExecutor.execute(TestCaseExecutor.java:285)
	at com.kms.katalon.core.main.TestCaseMain.runTestCase(TestCaseMain.java:137)
	at com.kms.katalon.core.keyword.builtin.CallTestCaseKeyword$_callTestCase_closure1.doCall(CallTestCaseKeyword.groovy:59)
	at com.kms.katalon.core.keyword.builtin.CallTestCaseKeyword$_callTestCase_closure1.call(CallTestCaseKeyword.groovy)
	at com.kms.katalon.core.keyword.internal.KeywordMain.runKeyword(KeywordMain.groovy:75)
	at com.kms.katalon.core.keyword.builtin.CallTestCaseKeyword.callTestCase(CallTestCaseKeyword.groovy:81)
	at com.kms.katalon.core.keyword.builtin.CallTestCaseKeyword.execute(CallTestCaseKeyword.groovy:44)
	at com.kms.katalon.core.keyword.internal.KeywordExecutor.executeKeywordForPlatform(KeywordExecutor.groovy:74)
	at com.kms.katalon.core.keyword.BuiltinKeywords.callTestCase(BuiltinKeywords.groovy:310)
	at java.base/jdk.internal.reflect.NativeMethodAccessorImpl.invoke0(Native Method)
	at java.base/jdk.internal.reflect.NativeMethodAccessorImpl.invoke(NativeMethodAccessorImpl.java:77)
	at java.base/jdk.internal.reflect.DelegatingMethodAccessorImpl.invoke(DelegatingMethodAccessorImpl.java:43)
	at Script1732689342164.run(Script1732689342164.groovy:136)
	... 15 more
)

27-11-2024T18:17:05 - [MESSAGE][FAILED] - Unable to call Test Case 'Test Cases/5.Empaques/3.Pago-Empaques/Pago-exitoso' (Root cause: com.kms.katalon.core.exception.StepFailedException: Call Test Case 'Test Cases/5.Empaques/3.Pago-Empaques/Pago-exitoso' failed
	at com.kms.katalon.core.keyword.builtin.CallTestCaseKeyword$_callTestCase_closure1.doCall(CallTestCaseKeyword.groovy:63)
	at com.kms.katalon.core.keyword.builtin.CallTestCaseKeyword$_callTestCase_closure1.call(CallTestCaseKeyword.groovy)
	at com.kms.katalon.core.keyword.internal.KeywordMain.runKeyword(KeywordMain.groovy:75)
	at com.kms.katalon.core.keyword.builtin.CallTestCaseKeyword.callTestCase(CallTestCaseKeyword.groovy:81)
	at com.kms.katalon.core.keyword.builtin.CallTestCaseKeyword.execute(CallTestCaseKeyword.groovy:44)
	at com.kms.katalon.core.keyword.internal.KeywordExecutor.executeKeywordForPlatform(KeywordExecutor.groovy:74)
	at com.kms.katalon.core.keyword.BuiltinKeywords.callTestCase(BuiltinKeywords.groovy:310)
	at java.base/jdk.internal.reflect.NativeMethodAccessorImpl.invoke0(Native Method)
	at java.base/jdk.internal.reflect.NativeMethodAccessorImpl.invoke(NativeMethodAccessorImpl.java:77)
	at java.base/jdk.internal.reflect.DelegatingMethodAccessorImpl.invoke(DelegatingMethodAccessorImpl.java:43)
	at Comprar Empaques - Agregar.run(Comprar Empaques - Agregar:136)
	at com.kms.katalon.core.main.ScriptEngine.run(ScriptEngine.java:194)
	at com.kms.katalon.core.main.ScriptEngine.runScriptAsRawText(ScriptEngine.java:119)
	at com.kms.katalon.core.main.TestCaseExecutor.runScript(TestCaseExecutor.java:448)
	at com.kms.katalon.core.main.TestCaseExecutor.doExecute(TestCaseExecutor.java:439)
	at com.kms.katalon.core.main.TestCaseExecutor.processExecutionPhase(TestCaseExecutor.java:418)
	at com.kms.katalon.core.main.TestCaseExecutor.accessMainPhase(TestCaseExecutor.java:410)
	at com.kms.katalon.core.main.TestCaseExecutor.execute(TestCaseExecutor.java:285)
	at com.kms.katalon.core.common.CommonExecutor.accessTestCaseMainPhase(CommonExecutor.java:65)
	at com.kms.katalon.core.main.TestSuiteExecutor.accessTestSuiteMainPhase(TestSuiteExecutor.java:150)
	at com.kms.katalon.core.main.TestSuiteExecutor.execute(TestSuiteExecutor.java:106)
	at com.kms.katalon.core.main.TestCaseMain.startTestSuite(TestCaseMain.java:180)
	at TempTestSuite1732749322373.run(TempTestSuite1732749322373.groovy:35)
	at java.base/jdk.internal.reflect.NativeMethodAccessorImpl.invoke0(Native Method)
	at java.base/jdk.internal.reflect.NativeMethodAccessorImpl.invoke(NativeMethodAccessorImpl.java:77)
	at java.base/jdk.internal.reflect.DelegatingMethodAccessorImpl.invoke(DelegatingMethodAccessorImpl.java:43)
Caused by: com.kms.katalon.core.exception.StepFailedException: Unable to click on object 'Object Repository/pago/Page_Olva Courier  Medios de pago/button_PAGAR'
	at com.kms.katalon.core.webui.keyword.internal.WebUIKeywordMain.stepFailed(WebUIKeywordMain.groovy:117)
	at com.kms.katalon.core.webui.keyword.internal.WebUIKeywordMain.runKeyword(WebUIKeywordMain.groovy:43)
	at com.kms.katalon.core.webui.keyword.builtin.ClickKeyword.click(ClickKeyword.groovy:74)
	at com.kms.katalon.core.webui.keyword.builtin.ClickKeyword.execute(ClickKeyword.groovy:40)
	at com.kms.katalon.core.keyword.internal.KeywordExecutor.executeKeywordForPlatform(KeywordExecutor.groovy:74)
	at com.kms.katalon.core.webui.keyword.WebUiBuiltInKeywords.click(WebUiBuiltInKeywords.groovy:659)
	at Pago-exitoso.run(Pago-exitoso:25)
	at com.kms.katalon.core.main.ScriptEngine.run(ScriptEngine.java:194)
	at com.kms.katalon.core.main.ScriptEngine.runScriptAsRawText(ScriptEngine.java:119)
	at com.kms.katalon.core.main.TestCaseExecutor.runScript(TestCaseExecutor.java:448)
	at com.kms.katalon.core.main.TestCaseExecutor.doExecute(TestCaseExecutor.java:439)
	at com.kms.katalon.core.main.TestCaseExecutor.processExecutionPhase(TestCaseExecutor.java:418)
	at com.kms.katalon.core.main.TestCaseExecutor.accessMainPhase(TestCaseExecutor.java:410)
	at com.kms.katalon.core.main.TestCaseExecutor.execute(TestCaseExecutor.java:285)
	at com.kms.katalon.core.main.TestCaseMain.runTestCase(TestCaseMain.java:137)
	at com.kms.katalon.core.keyword.builtin.CallTestCaseKeyword$_callTestCase_closure1.doCall(CallTestCaseKeyword.groovy:59)
	... 25 more
Caused by: com.kms.katalon.core.webui.exception.WebElementNotFoundException: Web element with id: 'Object Repository/pago/Page_Olva Courier  Medios de pago/button_PAGAR' located by '//*[@id="pagarTottem"]' not found
	at com.kms.katalon.core.webui.common.WebUiCommonHelper.findWebElement(WebUiCommonHelper.java:1419)
	at com.kms.katalon.core.webui.keyword.internal.WebUIAbstractKeyword.findWebElement(WebUIAbstractKeyword.groovy:27)
	at com.kms.katalon.core.webui.keyword.builtin.ClickKeyword$_click_closure1.doCall(ClickKeyword.groovy:65)
	at com.kms.katalon.core.webui.keyword.builtin.ClickKeyword$_click_closure1.call(ClickKeyword.groovy)
	at com.kms.katalon.core.webui.keyword.internal.WebUIKeywordMain.runKeyword(WebUIKeywordMain.groovy:35)
	... 39 more
)]]></system-out>
         <system-err><![CDATA[27-11-2024T18:15:36 - [TEST_CASE][FAILED] - Test Cases/5.Empaques/4.Positivas/Comprar Empaques - Agregar: Test Cases/5.Empaques/4.Positivas/Comprar Empaques - Agregar FAILED.
Reason:
com.kms.katalon.core.exception.StepFailedException: Call Test Case 'Test Cases/5.Empaques/3.Pago-Empaques/Pago-exitoso' failed
	at com.kms.katalon.core.keyword.builtin.CallTestCaseKeyword$_callTestCase_closure1.doCall(CallTestCaseKeyword.groovy:63)
	at com.kms.katalon.core.keyword.builtin.CallTestCaseKeyword$_callTestCase_closure1.call(CallTestCaseKeyword.groovy)
	at com.kms.katalon.core.keyword.internal.KeywordMain.runKeyword(KeywordMain.groovy:75)
	at com.kms.katalon.core.keyword.builtin.CallTestCaseKeyword.callTestCase(CallTestCaseKeyword.groovy:81)
	at com.kms.katalon.core.keyword.builtin.CallTestCaseKeyword.execute(CallTestCaseKeyword.groovy:44)
	at com.kms.katalon.core.keyword.internal.KeywordExecutor.executeKeywordForPlatform(KeywordExecutor.groovy:74)
	at com.kms.katalon.core.keyword.BuiltinKeywords.callTestCase(BuiltinKeywords.groovy:310)
	at java.base/jdk.internal.reflect.NativeMethodAccessorImpl.invoke0(Native Method)
	at java.base/jdk.internal.reflect.NativeMethodAccessorImpl.invoke(NativeMethodAccessorImpl.java:77)
	at java.base/jdk.internal.reflect.DelegatingMethodAccessorImpl.invoke(DelegatingMethodAccessorImpl.java:43)
	at Comprar Empaques - Agregar.run(Comprar Empaques - Agregar:136)
	at com.kms.katalon.core.main.ScriptEngine.run(ScriptEngine.java:194)
	at com.kms.katalon.core.main.ScriptEngine.runScriptAsRawText(ScriptEngine.java:119)
	at com.kms.katalon.core.main.TestCaseExecutor.runScript(TestCaseExecutor.java:448)
	at com.kms.katalon.core.main.TestCaseExecutor.doExecute(TestCaseExecutor.java:439)
	at com.kms.katalon.core.main.TestCaseExecutor.processExecutionPhase(TestCaseExecutor.java:418)
	at com.kms.katalon.core.main.TestCaseExecutor.accessMainPhase(TestCaseExecutor.java:410)
	at com.kms.katalon.core.main.TestCaseExecutor.execute(TestCaseExecutor.java:285)
	at com.kms.katalon.core.common.CommonExecutor.accessTestCaseMainPhase(CommonExecutor.java:65)
	at com.kms.katalon.core.main.TestSuiteExecutor.accessTestSuiteMainPhase(TestSuiteExecutor.java:150)
	at com.kms.katalon.core.main.TestSuiteExecutor.execute(TestSuiteExecutor.java:106)
	at com.kms.katalon.core.main.TestCaseMain.startTestSuite(TestCaseMain.java:180)
	at TempTestSuite1732749322373.run(TempTestSuite1732749322373.groovy:35)
	at java.base/jdk.internal.reflect.NativeMethodAccessorImpl.invoke0(Native Method)
	at java.base/jdk.internal.reflect.NativeMethodAccessorImpl.invoke(NativeMethodAccessorImpl.java:77)
	at java.base/jdk.internal.reflect.DelegatingMethodAccessorImpl.invoke(DelegatingMethodAccessorImpl.java:43)
Caused by: com.kms.katalon.core.exception.StepFailedException: Unable to click on object 'Object Repository/pago/Page_Olva Courier  Medios de pago/button_PAGAR'
	at com.kms.katalon.core.webui.keyword.internal.WebUIKeywordMain.stepFailed(WebUIKeywordMain.groovy:117)
	at com.kms.katalon.core.webui.keyword.internal.WebUIKeywordMain.runKeyword(WebUIKeywordMain.groovy:43)
	at com.kms.katalon.core.webui.keyword.builtin.ClickKeyword.click(ClickKeyword.groovy:74)
	at com.kms.katalon.core.webui.keyword.builtin.ClickKeyword.execute(ClickKeyword.groovy:40)
	at com.kms.katalon.core.keyword.internal.KeywordExecutor.executeKeywordForPlatform(KeywordExecutor.groovy:74)
	at com.kms.katalon.core.webui.keyword.WebUiBuiltInKeywords.click(WebUiBuiltInKeywords.groovy:659)
	at Pago-exitoso.run(Pago-exitoso:25)
	at com.kms.katalon.core.main.ScriptEngine.run(ScriptEngine.java:194)
	at com.kms.katalon.core.main.ScriptEngine.runScriptAsRawText(ScriptEngine.java:119)
	at com.kms.katalon.core.main.TestCaseExecutor.runScript(TestCaseExecutor.java:448)
	at com.kms.katalon.core.main.TestCaseExecutor.doExecute(TestCaseExecutor.java:439)
	at com.kms.katalon.core.main.TestCaseExecutor.processExecutionPhase(TestCaseExecutor.java:418)
	at com.kms.katalon.core.main.TestCaseExecutor.accessMainPhase(TestCaseExecutor.java:410)
	at com.kms.katalon.core.main.TestCaseExecutor.execute(TestCaseExecutor.java:285)
	at com.kms.katalon.core.main.TestCaseMain.runTestCase(TestCaseMain.java:137)
	at com.kms.katalon.core.keyword.builtin.CallTestCaseKeyword$_callTestCase_closure1.doCall(CallTestCaseKeyword.groovy:59)
	... 25 more
Caused by: com.kms.katalon.core.webui.exception.WebElementNotFoundException: Web element with id: 'Object Repository/pago/Page_Olva Courier  Medios de pago/button_PAGAR' located by '//*[@id="pagarTottem"]' not found
	at com.kms.katalon.core.webui.common.WebUiCommonHelper.findWebElement(WebUiCommonHelper.java:1419)
	at com.kms.katalon.core.webui.keyword.internal.WebUIAbstractKeyword.findWebElement(WebUIAbstractKeyword.groovy:27)
	at com.kms.katalon.core.webui.keyword.builtin.ClickKeyword$_click_closure1.doCall(ClickKeyword.groovy:65)
	at com.kms.katalon.core.webui.keyword.builtin.ClickKeyword$_click_closure1.call(ClickKeyword.groovy)
	at com.kms.katalon.core.webui.keyword.internal.WebUIKeywordMain.runKeyword(WebUIKeywordMain.groovy:35)
	... 39 more]]></system-err>
      </testcase>
      <testcase name="Test Cases/5.Empaques/4.Positivas/Comprar Empaques - CE - Tienda" time="98.361" classname="Test Cases/5.Empaques/4.Positivas/Comprar Empaques - CE - Tienda" status="FAILED">
         <failure type="FAILED" message="Test Cases/5.Empaques/4.Positivas/Comprar Empaques - CE - Tienda FAILED.&#xa;Reason:&#xa;com.kms.katalon.core.exception.StepFailedException: Call Test Case 'Test Cases/5.Empaques/3.Pago-Empaques/Pago-exitoso' failed&#xa;	at com.kms.katalon.core.keyword.builtin.CallTestCaseKeyword$_callTestCase_closure1.doCall(CallTestCaseKeyword.groovy:63)&#xa;	at com.kms.katalon.core.keyword.builtin.CallTestCaseKeyword$_callTestCase_closure1.call(CallTestCaseKeyword.groovy)&#xa;	at com.kms.katalon.core.keyword.internal.KeywordMain.runKeyword(KeywordMain.groovy:75)&#xa;	at com.kms.katalon.core.keyword.builtin.CallTestCaseKeyword.callTestCase(CallTestCaseKeyword.groovy:81)&#xa;	at com.kms.katalon.core.keyword.builtin.CallTestCaseKeyword.execute(CallTestCaseKeyword.groovy:44)&#xa;	at com.kms.katalon.core.keyword.internal.KeywordExecutor.executeKeywordForPlatform(KeywordExecutor.groovy:74)&#xa;	at com.kms.katalon.core.keyword.BuiltinKeywords.callTestCase(BuiltinKeywords.groovy:310)&#xa;	at java.base/jdk.internal.reflect.NativeMethodAccessorImpl.invoke0(Native Method)&#xa;	at java.base/jdk.internal.reflect.NativeMethodAccessorImpl.invoke(NativeMethodAccessorImpl.java:77)&#xa;	at java.base/jdk.internal.reflect.DelegatingMethodAccessorImpl.invoke(DelegatingMethodAccessorImpl.java:43)&#xa;	at Comprar Empaques - CE - Tienda.run(Comprar Empaques - CE - Tienda:110)&#xa;	at com.kms.katalon.core.main.ScriptEngine.run(ScriptEngine.java:194)&#xa;	at com.kms.katalon.core.main.ScriptEngine.runScriptAsRawText(ScriptEngine.java:119)&#xa;	at com.kms.katalon.core.main.TestCaseExecutor.runScript(TestCaseExecutor.java:448)&#xa;	at com.kms.katalon.core.main.TestCaseExecutor.doExecute(TestCaseExecutor.java:439)&#xa;	at com.kms.katalon.core.main.TestCaseExecutor.processExecutionPhase(TestCaseExecutor.java:418)&#xa;	at com.kms.katalon.core.main.TestCaseExecutor.accessMainPhase(TestCaseExecutor.java:410)&#xa;	at com.kms.katalon.core.main.TestCaseExecutor.execute(TestCaseExecutor.java:285)&#xa;	at com.kms.katalon.core.common.CommonExecutor.accessTestCaseMainPhase(CommonExecutor.java:65)&#xa;	at com.kms.katalon.core.main.TestSuiteExecutor.accessTestSuiteMainPhase(TestSuiteExecutor.java:150)&#xa;	at com.kms.katalon.core.main.TestSuiteExecutor.execute(TestSuiteExecutor.java:106)&#xa;	at com.kms.katalon.core.main.TestCaseMain.startTestSuite(TestCaseMain.java:180)&#xa;	at TempTestSuite1732749322373.run(TempTestSuite1732749322373.groovy:35)&#xa;	at java.base/jdk.internal.reflect.NativeMethodAccessorImpl.invoke0(Native Method)&#xa;	at java.base/jdk.internal.reflect.NativeMethodAccessorImpl.invoke(NativeMethodAccessorImpl.java:77)&#xa;	at java.base/jdk.internal.reflect.DelegatingMethodAccessorImpl.invoke(DelegatingMethodAccessorImpl.java:43)&#xa;Caused by: com.kms.katalon.core.exception.StepFailedException: Unable to click on object 'Object Repository/pago/Page_Olva Courier  Medios de pago/button_PAGAR'&#xa;	at com.kms.katalon.core.webui.keyword.internal.WebUIKeywordMain.stepFailed(WebUIKeywordMain.groovy:117)&#xa;	at com.kms.katalon.core.webui.keyword.internal.WebUIKeywordMain.runKeyword(WebUIKeywordMain.groovy:43)&#xa;	at com.kms.katalon.core.webui.keyword.builtin.ClickKeyword.click(ClickKeyword.groovy:74)&#xa;	at com.kms.katalon.core.webui.keyword.builtin.ClickKeyword.execute(ClickKeyword.groovy:40)&#xa;	at com.kms.katalon.core.keyword.internal.KeywordExecutor.executeKeywordForPlatform(KeywordExecutor.groovy:74)&#xa;	at com.kms.katalon.core.webui.keyword.WebUiBuiltInKeywords.click(WebUiBuiltInKeywords.groovy:659)&#xa;	at Pago-exitoso.run(Pago-exitoso:25)&#xa;	at com.kms.katalon.core.main.ScriptEngine.run(ScriptEngine.java:194)&#xa;	at com.kms.katalon.core.main.ScriptEngine.runScriptAsRawText(ScriptEngine.java:119)&#xa;	at com.kms.katalon.core.main.TestCaseExecutor.runScript(TestCaseExecutor.java:448)&#xa;	at com.kms.katalon.core.main.TestCaseExecutor.doExecute(TestCaseExecutor.java:439)&#xa;	at com.kms.katalon.core.main.TestCaseExecutor.processExecutionPhase(TestCaseExecutor.java:418)&#xa;	at com.kms.katalon.core.main.TestCaseExecutor.accessMainPhase(TestCaseExecutor.java:410)&#xa;	at com.kms.katalon.core.main.TestCaseExecutor.execute(TestCaseExecutor.java:285)&#xa;	at com.kms.katalon.core.main.TestCaseMain.runTestCase(TestCaseMain.java:137)&#xa;	at com.kms.katalon.core.keyword.builtin.CallTestCaseKeyword$_callTestCase_closure1.doCall(CallTestCaseKeyword.groovy:59)&#xa;	... 25 more&#xa;Caused by: com.kms.katalon.core.webui.exception.WebElementNotFoundException: Web element with id: 'Object Repository/pago/Page_Olva Courier  Medios de pago/button_PAGAR' located by '//*[@id=&quot;pagarTottem&quot;]' not found&#xa;	at com.kms.katalon.core.webui.common.WebUiCommonHelper.findWebElement(WebUiCommonHelper.java:1419)&#xa;	at com.kms.katalon.core.webui.keyword.internal.WebUIAbstractKeyword.findWebElement(WebUIAbstractKeyword.groovy:27)&#xa;	at com.kms.katalon.core.webui.keyword.builtin.ClickKeyword$_click_closure1.doCall(ClickKeyword.groovy:65)&#xa;	at com.kms.katalon.core.webui.keyword.builtin.ClickKeyword$_click_closure1.call(ClickKeyword.groovy)&#xa;	at com.kms.katalon.core.webui.keyword.internal.WebUIKeywordMain.runKeyword(WebUIKeywordMain.groovy:35)&#xa;	... 39 more&#xa;"/>
         <system-out><![CDATA[27-11-2024T18:17:05 - [TEST_CASE][FAILED] - Test Cases/5.Empaques/4.Positivas/Comprar Empaques - CE - Tienda: Test Cases/5.Empaques/4.Positivas/Comprar Empaques - CE - Tienda FAILED.
Reason:
com.kms.katalon.core.exception.StepFailedException: Call Test Case 'Test Cases/5.Empaques/3.Pago-Empaques/Pago-exitoso' failed
	at com.kms.katalon.core.keyword.builtin.CallTestCaseKeyword$_callTestCase_closure1.doCall(CallTestCaseKeyword.groovy:63)
	at com.kms.katalon.core.keyword.builtin.CallTestCaseKeyword$_callTestCase_closure1.call(CallTestCaseKeyword.groovy)
	at com.kms.katalon.core.keyword.internal.KeywordMain.runKeyword(KeywordMain.groovy:75)
	at com.kms.katalon.core.keyword.builtin.CallTestCaseKeyword.callTestCase(CallTestCaseKeyword.groovy:81)
	at com.kms.katalon.core.keyword.builtin.CallTestCaseKeyword.execute(CallTestCaseKeyword.groovy:44)
	at com.kms.katalon.core.keyword.internal.KeywordExecutor.executeKeywordForPlatform(KeywordExecutor.groovy:74)
	at com.kms.katalon.core.keyword.BuiltinKeywords.callTestCase(BuiltinKeywords.groovy:310)
	at java.base/jdk.internal.reflect.NativeMethodAccessorImpl.invoke0(Native Method)
	at java.base/jdk.internal.reflect.NativeMethodAccessorImpl.invoke(NativeMethodAccessorImpl.java:77)
	at java.base/jdk.internal.reflect.DelegatingMethodAccessorImpl.invoke(DelegatingMethodAccessorImpl.java:43)
	at Comprar Empaques - CE - Tienda.run(Comprar Empaques - CE - Tienda:110)
	at com.kms.katalon.core.main.ScriptEngine.run(ScriptEngine.java:194)
	at com.kms.katalon.core.main.ScriptEngine.runScriptAsRawText(ScriptEngine.java:119)
	at com.kms.katalon.core.main.TestCaseExecutor.runScript(TestCaseExecutor.java:448)
	at com.kms.katalon.core.main.TestCaseExecutor.doExecute(TestCaseExecutor.java:439)
	at com.kms.katalon.core.main.TestCaseExecutor.processExecutionPhase(TestCaseExecutor.java:418)
	at com.kms.katalon.core.main.TestCaseExecutor.accessMainPhase(TestCaseExecutor.java:410)
	at com.kms.katalon.core.main.TestCaseExecutor.execute(TestCaseExecutor.java:285)
	at com.kms.katalon.core.common.CommonExecutor.accessTestCaseMainPhase(CommonExecutor.java:65)
	at com.kms.katalon.core.main.TestSuiteExecutor.accessTestSuiteMainPhase(TestSuiteExecutor.java:150)
	at com.kms.katalon.core.main.TestSuiteExecutor.execute(TestSuiteExecutor.java:106)
	at com.kms.katalon.core.main.TestCaseMain.startTestSuite(TestCaseMain.java:180)
	at TempTestSuite1732749322373.run(TempTestSuite1732749322373.groovy:35)
	at java.base/jdk.internal.reflect.NativeMethodAccessorImpl.invoke0(Native Method)
	at java.base/jdk.internal.reflect.NativeMethodAccessorImpl.invoke(NativeMethodAccessorImpl.java:77)
	at java.base/jdk.internal.reflect.DelegatingMethodAccessorImpl.invoke(DelegatingMethodAccessorImpl.java:43)
Caused by: com.kms.katalon.core.exception.StepFailedException: Unable to click on object 'Object Repository/pago/Page_Olva Courier  Medios de pago/button_PAGAR'
	at com.kms.katalon.core.webui.keyword.internal.WebUIKeywordMain.stepFailed(WebUIKeywordMain.groovy:117)
	at com.kms.katalon.core.webui.keyword.internal.WebUIKeywordMain.runKeyword(WebUIKeywordMain.groovy:43)
	at com.kms.katalon.core.webui.keyword.builtin.ClickKeyword.click(ClickKeyword.groovy:74)
	at com.kms.katalon.core.webui.keyword.builtin.ClickKeyword.execute(ClickKeyword.groovy:40)
	at com.kms.katalon.core.keyword.internal.KeywordExecutor.executeKeywordForPlatform(KeywordExecutor.groovy:74)
	at com.kms.katalon.core.webui.keyword.WebUiBuiltInKeywords.click(WebUiBuiltInKeywords.groovy:659)
	at Pago-exitoso.run(Pago-exitoso:25)
	at com.kms.katalon.core.main.ScriptEngine.run(ScriptEngine.java:194)
	at com.kms.katalon.core.main.ScriptEngine.runScriptAsRawText(ScriptEngine.java:119)
	at com.kms.katalon.core.main.TestCaseExecutor.runScript(TestCaseExecutor.java:448)
	at com.kms.katalon.core.main.TestCaseExecutor.doExecute(TestCaseExecutor.java:439)
	at com.kms.katalon.core.main.TestCaseExecutor.processExecutionPhase(TestCaseExecutor.java:418)
	at com.kms.katalon.core.main.TestCaseExecutor.accessMainPhase(TestCaseExecutor.java:410)
	at com.kms.katalon.core.main.TestCaseExecutor.execute(TestCaseExecutor.java:285)
	at com.kms.katalon.core.main.TestCaseMain.runTestCase(TestCaseMain.java:137)
	at com.kms.katalon.core.keyword.builtin.CallTestCaseKeyword$_callTestCase_closure1.doCall(CallTestCaseKeyword.groovy:59)
	... 25 more
Caused by: com.kms.katalon.core.webui.exception.WebElementNotFoundException: Web element with id: 'Object Repository/pago/Page_Olva Courier  Medios de pago/button_PAGAR' located by '//*[@id="pagarTottem"]' not found
	at com.kms.katalon.core.webui.common.WebUiCommonHelper.findWebElement(WebUiCommonHelper.java:1419)
	at com.kms.katalon.core.webui.keyword.internal.WebUIAbstractKeyword.findWebElement(WebUIAbstractKeyword.groovy:27)
	at com.kms.katalon.core.webui.keyword.builtin.ClickKeyword$_click_closure1.doCall(ClickKeyword.groovy:65)
	at com.kms.katalon.core.webui.keyword.builtin.ClickKeyword$_click_closure1.call(ClickKeyword.groovy)
	at com.kms.katalon.core.webui.keyword.internal.WebUIKeywordMain.runKeyword(WebUIKeywordMain.groovy:35)
	... 39 more


27-11-2024T18:17:05 - [TEST_STEP][PASSED] - callTestCase(findTestCase("5.Empaques/1.Inicio-Empaques/Inicio-cajas"), [:], STOP_ON_FAILURE): Call Test Case 'Test Cases/5.Empaques/1.Inicio-Empaques/Inicio-cajas' successfully

27-11-2024T18:17:05 - [TEST_CASE][PASSED] - Test Cases/5.Empaques/1.Inicio-Empaques/Inicio-cajas: Test Cases/5.Empaques/1.Inicio-Empaques/Inicio-cajas

27-11-2024T18:17:05 - [TEST_STEP][PASSED] - openBrowser(""): Browser is opened with url: ''

27-11-2024T18:17:05 - [MESSAGE][WARNING] - A browser is already opened. Closing browser and opening a new one

27-11-2024T18:17:06 - [MESSAGE][INFO] - Starting 'Firefox' driver

27-11-2024T18:17:06 - [MESSAGE][INFO] - Action delay is set to 0 milliseconds

27-11-2024T18:17:18 - [MESSAGE][PASSED] - Browser is opened with url: ''

27-11-2024T18:17:18 - [TEST_STEP][PASSED] - navigateToUrl("https://dev01-registrodeenvios.olvacourier.com/principal"): Navigate to 'https://dev01-registrodeenvios.olvacourier.com/principal' successfully

27-11-2024T18:17:20 - [MESSAGE][PASSED] - Navigate to 'https://dev01-registrodeenvios.olvacourier.com/principal' successfully

27-11-2024T18:17:20 - [TEST_STEP][PASSED] - maximizeWindow(STOP_ON_FAILURE): Current window maximized

27-11-2024T18:17:20 - [MESSAGE][PASSED] - Current window maximized

27-11-2024T18:17:20 - [MESSAGE][PASSED] - Call Test Case 'Test Cases/5.Empaques/1.Inicio-Empaques/Inicio-cajas' successfully

27-11-2024T18:17:20 - [TEST_STEP][PASSED] - click(findTestObject("Object Repository/Comprar Empaques/Page_Olva Courier  Confirma tus datos/img_Envo de documentoscon un peso mximo de__8aba39")): Object: 'Object Repository/Comprar Empaques/Page_Olva Courier  Confirma tus datos/img_Envo de documentoscon un peso mximo de__8aba39' is clicked on

27-11-2024T18:17:21 - [MESSAGE][PASSED] - Object: 'Object Repository/Comprar Empaques/Page_Olva Courier  Confirma tus datos/img_Envo de documentoscon un peso mximo de__8aba39' is clicked on

27-11-2024T18:17:21 - [TEST_STEP][PASSED] - click(findTestObject("Object Repository/Comprar Empaques/Page_Olva Courier  Confirma tus datos/span_He ledo y acepto los_checkmark")): Object: 'Object Repository/Comprar Empaques/Page_Olva Courier  Confirma tus datos/span_He ledo y acepto los_checkmark' is clicked on

27-11-2024T18:17:21 - [MESSAGE][PASSED] - Object: 'Object Repository/Comprar Empaques/Page_Olva Courier  Confirma tus datos/span_He ledo y acepto los_checkmark' is clicked on

27-11-2024T18:17:21 - [TEST_STEP][PASSED] - scrollToElement(findTestObject("Object Repository/Comprar Empaques/Page_Olva Courier  Confirma tus datos/button_CONTINUAR"), 0): Scroll to object 'Object Repository/Comprar Empaques/Page_Olva Courier  Confirma tus datos/button_CONTINUAR' successfully

27-11-2024T18:17:21 - [MESSAGE][WARNING] - Timeout '0' is invalid. Using default page load timeout: '30'

27-11-2024T18:17:21 - [MESSAGE][PASSED] - Scroll to object 'Object Repository/Comprar Empaques/Page_Olva Courier  Confirma tus datos/button_CONTINUAR' successfully

27-11-2024T18:17:21 - [TEST_STEP][PASSED] - click(findTestObject("Object Repository/Comprar Empaques/Page_Olva Courier  Confirma tus datos/button_CONTINUAR")): Object: 'Object Repository/Comprar Empaques/Page_Olva Courier  Confirma tus datos/button_CONTINUAR' is clicked on

27-11-2024T18:17:25 - [MESSAGE][PASSED] - Object: 'Object Repository/Comprar Empaques/Page_Olva Courier  Confirma tus datos/button_CONTINUAR' is clicked on

27-11-2024T18:17:25 - [TEST_STEP][PASSED] - click(findTestObject("Object Repository/Comprar Empaques/Page_Olva Courier  Datos Personales/span_Tipo De Documento")): Object: 'Object Repository/Comprar Empaques/Page_Olva Courier  Datos Personales/span_Tipo De Documento' is clicked on

27-11-2024T18:17:25 - [MESSAGE][PASSED] - Object: 'Object Repository/Comprar Empaques/Page_Olva Courier  Datos Personales/span_Tipo De Documento' is clicked on

27-11-2024T18:17:25 - [TEST_STEP][PASSED] - click(findTestObject("Object Repository/Comprar Empaques/Page_Olva Courier  Datos Personales/span_CARN EXT")): Object: 'Object Repository/Comprar Empaques/Page_Olva Courier  Datos Personales/span_CARN EXT' is clicked on

27-11-2024T18:17:26 - [MESSAGE][PASSED] - Object: 'Object Repository/Comprar Empaques/Page_Olva Courier  Datos Personales/span_CARN EXT' is clicked on

27-11-2024T18:17:26 - [TEST_STEP][PASSED] - setText(findTestObject("Object Repository/Comprar Empaques/Page_Olva Courier  Datos Personales/input_CARN EXT_txt_documento_cliente"), "002699003"): Text '002699003' is set on object 'Object Repository/Comprar Empaques/Page_Olva Courier  Datos Personales/input_CARN EXT_txt_documento_cliente'

27-11-2024T18:17:27 - [MESSAGE][PASSED] - Text '002699003' is set on object 'Object Repository/Comprar Empaques/Page_Olva Courier  Datos Personales/input_CARN EXT_txt_documento_cliente'

27-11-2024T18:17:27 - [TEST_STEP][PASSED] - setText(findTestObject("Object Repository/Comprar Empaques/Page_Olva Courier  Datos Personales/input_CARN EXT_txt_telefono_cliente"), "900000001"): Text '900000001' is set on object 'Object Repository/Comprar Empaques/Page_Olva Courier  Datos Personales/input_CARN EXT_txt_telefono_cliente'

27-11-2024T18:17:29 - [MESSAGE][PASSED] - Text '900000001' is set on object 'Object Repository/Comprar Empaques/Page_Olva Courier  Datos Personales/input_CARN EXT_txt_telefono_cliente'

27-11-2024T18:17:29 - [TEST_STEP][PASSED] - click(findTestObject("Object Repository/Comprar Empaques/Page_Olva Courier  Datos Personales/div_Hola,")): Object: 'Object Repository/Comprar Empaques/Page_Olva Courier  Datos Personales/div_Hola,' is clicked on

27-11-2024T18:17:30 - [MESSAGE][PASSED] - Object: 'Object Repository/Comprar Empaques/Page_Olva Courier  Datos Personales/div_Hola,' is clicked on

27-11-2024T18:17:30 - [TEST_STEP][PASSED] - scrollToElement(findTestObject("Object Repository/Comprar Empaques/Page_Olva Courier  Datos Personales/button_CONTINUAR"), 0): Scroll to object 'Object Repository/Comprar Empaques/Page_Olva Courier  Datos Personales/button_CONTINUAR' successfully

27-11-2024T18:17:30 - [MESSAGE][WARNING] - Timeout '0' is invalid. Using default page load timeout: '30'

27-11-2024T18:17:30 - [MESSAGE][PASSED] - Scroll to object 'Object Repository/Comprar Empaques/Page_Olva Courier  Datos Personales/button_CONTINUAR' successfully

27-11-2024T18:17:30 - [TEST_STEP][PASSED] - click(findTestObject("Object Repository/Comprar Empaques/Page_Olva Courier  Datos Personales/button_CONTINUAR")): Object: 'Object Repository/Comprar Empaques/Page_Olva Courier  Datos Personales/button_CONTINUAR' is clicked on

27-11-2024T18:17:34 - [MESSAGE][PASSED] - Object: 'Object Repository/Comprar Empaques/Page_Olva Courier  Datos Personales/button_CONTINUAR' is clicked on

27-11-2024T18:17:34 - [TEST_STEP][PASSED] - scrollToPosition(0, 400): Browser is scrolled to position x = 0, y = 400

27-11-2024T18:17:34 - [MESSAGE][PASSED] - Browser is scrolled to position x = 0, y = 400

27-11-2024T18:17:34 - [TEST_STEP][PASSED] - click(findTestObject("EMPAQUE 1")): Object: 'Object Repository/EMPAQUE 1' is clicked on

27-11-2024T18:17:34 - [MESSAGE][PASSED] - Object: 'Object Repository/EMPAQUE 1' is clicked on

27-11-2024T18:17:34 - [TEST_STEP][PASSED] - click(findTestObject("EMPAQUE 2")): Object: 'Object Repository/EMPAQUE 2' is clicked on

27-11-2024T18:17:35 - [MESSAGE][PASSED] - Object: 'Object Repository/EMPAQUE 2' is clicked on

27-11-2024T18:17:35 - [TEST_STEP][PASSED] - click(findTestObject("EMPAQUE 3")): Object: 'Object Repository/EMPAQUE 3' is clicked on

27-11-2024T18:17:35 - [MESSAGE][PASSED] - Object: 'Object Repository/EMPAQUE 3' is clicked on

27-11-2024T18:17:35 - [TEST_STEP][PASSED] - scrollToElement(findTestObject("EMPAQUE 4"), 0): Scroll to object 'Object Repository/EMPAQUE 4' successfully

27-11-2024T18:17:35 - [MESSAGE][WARNING] - Timeout '0' is invalid. Using default page load timeout: '30'

27-11-2024T18:17:35 - [MESSAGE][PASSED] - Scroll to object 'Object Repository/EMPAQUE 4' successfully

27-11-2024T18:17:35 - [TEST_STEP][PASSED] - click(findTestObject("EMPAQUE 4")): Object: 'Object Repository/EMPAQUE 4' is clicked on

27-11-2024T18:17:36 - [MESSAGE][PASSED] - Object: 'Object Repository/EMPAQUE 4' is clicked on

27-11-2024T18:17:36 - [TEST_STEP][PASSED] - click(findTestObject("EMPAQUE 5")): Object: 'Object Repository/EMPAQUE 5' is clicked on

27-11-2024T18:17:36 - [MESSAGE][PASSED] - Object: 'Object Repository/EMPAQUE 5' is clicked on

27-11-2024T18:17:36 - [TEST_STEP][PASSED] - click(findTestObject("EMPAQUE 6")): Object: 'Object Repository/EMPAQUE 6' is clicked on

27-11-2024T18:17:37 - [MESSAGE][PASSED] - Object: 'Object Repository/EMPAQUE 6' is clicked on

27-11-2024T18:17:37 - [TEST_STEP][PASSED] - scrollToElement(findTestObject("Comprar Empaques/Page_Olva Courier  Datos Personales/button_CONTINUAR_empaque"), 0): Scroll to object 'Object Repository/Comprar Empaques/Page_Olva Courier  Datos Personales/button_CONTINUAR_empaque' successfully

27-11-2024T18:17:37 - [MESSAGE][WARNING] - Timeout '0' is invalid. Using default page load timeout: '30'

27-11-2024T18:17:37 - [MESSAGE][PASSED] - Scroll to object 'Object Repository/Comprar Empaques/Page_Olva Courier  Datos Personales/button_CONTINUAR_empaque' successfully

27-11-2024T18:17:37 - [TEST_STEP][PASSED] - click(findTestObject("Comprar Empaques/Page_Olva Courier  Datos Personales/button_CONTINUAR_empaque")): Object: 'Object Repository/Comprar Empaques/Page_Olva Courier  Datos Personales/button_CONTINUAR_empaque' is clicked on

27-11-2024T18:17:39 - [MESSAGE][PASSED] - Object: 'Object Repository/Comprar Empaques/Page_Olva Courier  Datos Personales/button_CONTINUAR_empaque' is clicked on

27-11-2024T18:17:39 - [TEST_STEP][PASSED] - scrollToElement(findTestObject("Object Repository/Comprar Empaques/Page_Olva Courier  Datos Personales/button_CONTINUAR_1_2"), 0): Scroll to object 'Object Repository/Comprar Empaques/Page_Olva Courier  Datos Personales/button_CONTINUAR_1_2' successfully

27-11-2024T18:17:39 - [MESSAGE][WARNING] - Timeout '0' is invalid. Using default page load timeout: '30'

27-11-2024T18:17:39 - [MESSAGE][PASSED] - Scroll to object 'Object Repository/Comprar Empaques/Page_Olva Courier  Datos Personales/button_CONTINUAR_1_2' successfully

27-11-2024T18:17:39 - [TEST_STEP][PASSED] - click(findTestObject("Object Repository/Comprar Empaques/Page_Olva Courier  Datos Personales/button_CONTINUAR_1_2")): Object: 'Object Repository/Comprar Empaques/Page_Olva Courier  Datos Personales/button_CONTINUAR_1_2' is clicked on

27-11-2024T18:17:42 - [MESSAGE][PASSED] - Object: 'Object Repository/Comprar Empaques/Page_Olva Courier  Datos Personales/button_CONTINUAR_1_2' is clicked on

27-11-2024T18:17:42 - [TEST_STEP][PASSED] - delay(3): Delayed 3 second(s)

27-11-2024T18:17:45 - [MESSAGE][PASSED] - Delayed 3 second(s)

27-11-2024T18:17:45 - [TEST_STEP][PASSED] - rightClick(findTestObject("Object Repository/Comprar Empaques/Page_Olva Courier  Datos Personales/button_LIMA - LIMA - MIRAFLORES")): Object: 'Object Repository/Comprar Empaques/Page_Olva Courier  Datos Personales/button_LIMA - LIMA - MIRAFLORES' is right clicked on

27-11-2024T18:17:46 - [MESSAGE][PASSED] - Object: 'Object Repository/Comprar Empaques/Page_Olva Courier  Datos Personales/button_LIMA - LIMA - MIRAFLORES' is right clicked on

27-11-2024T18:17:46 - [TEST_STEP][PASSED] - click(findTestObject("Object Repository/Comprar Empaques/Page_Olva Courier  Datos Personales/button_LIMA - LIMA - MIRAFLORES")): Object: 'Object Repository/Comprar Empaques/Page_Olva Courier  Datos Personales/button_LIMA - LIMA - MIRAFLORES' is clicked on

27-11-2024T18:17:46 - [MESSAGE][PASSED] - Object: 'Object Repository/Comprar Empaques/Page_Olva Courier  Datos Personales/button_LIMA - LIMA - MIRAFLORES' is clicked on

27-11-2024T18:17:46 - [TEST_STEP][PASSED] - click(findTestObject("Object Repository/Comprar Empaques/Page_Olva Courier  Datos Personales/a_CALLAO - CALLAO - CALLAO")): Object: 'Object Repository/Comprar Empaques/Page_Olva Courier  Datos Personales/a_CALLAO - CALLAO - CALLAO' is clicked on

27-11-2024T18:17:47 - [MESSAGE][PASSED] - Object: 'Object Repository/Comprar Empaques/Page_Olva Courier  Datos Personales/a_CALLAO - CALLAO - CALLAO' is clicked on

27-11-2024T18:17:47 - [TEST_STEP][PASSED] - click(findTestObject("Object Repository/Comprar Empaques/Page_Olva Courier  Datos Personales/button_Tienda")): Object: 'Object Repository/Comprar Empaques/Page_Olva Courier  Datos Personales/button_Tienda' is clicked on

27-11-2024T18:17:48 - [MESSAGE][PASSED] - Object: 'Object Repository/Comprar Empaques/Page_Olva Courier  Datos Personales/button_Tienda' is clicked on

27-11-2024T18:17:48 - [TEST_STEP][PASSED] - click(findTestObject("Object Repository/Comprar Empaques/Page_Olva Courier  Datos Personales/a_OLVA ALMACEN - AV. ARGENTINA 4458 - CALLA_89a3f6")): Object: 'Object Repository/Comprar Empaques/Page_Olva Courier  Datos Personales/a_OLVA ALMACEN - AV. ARGENTINA 4458 - CALLA_89a3f6' is clicked on

27-11-2024T18:17:49 - [MESSAGE][PASSED] - Object: 'Object Repository/Comprar Empaques/Page_Olva Courier  Datos Personales/a_OLVA ALMACEN - AV. ARGENTINA 4458 - CALLA_89a3f6' is clicked on

27-11-2024T18:17:49 - [TEST_STEP][PASSED] - click(findTestObject("Object Repository/Comprar Empaques/Page_Olva Courier  Datos Personales/button_CONTINUAR (2)")): Object: 'Object Repository/Comprar Empaques/Page_Olva Courier  Datos Personales/button_CONTINUAR (2)' is clicked on

27-11-2024T18:17:49 - [MESSAGE][PASSED] - Object: 'Object Repository/Comprar Empaques/Page_Olva Courier  Datos Personales/button_CONTINUAR (2)' is clicked on

27-11-2024T18:17:49 - [TEST_STEP][PASSED] - setText(findTestObject("Object Repository/Comprar Empaques/Page_Olva Courier  Datos Personales/input_Para el recojo de tu compra se necesi_22ff2d"), "1"): Text '1' is set on object 'Object Repository/Comprar Empaques/Page_Olva Courier  Datos Personales/input_Para el recojo de tu compra se necesi_22ff2d'

27-11-2024T18:17:50 - [MESSAGE][PASSED] - Text '1' is set on object 'Object Repository/Comprar Empaques/Page_Olva Courier  Datos Personales/input_Para el recojo de tu compra se necesi_22ff2d'

27-11-2024T18:17:50 - [TEST_STEP][PASSED] - setText(findTestObject("Object Repository/Comprar Empaques/Page_Olva Courier  Datos Personales/input_Para el recojo de tu compra se necesi_39579b"), "1"): Text '1' is set on object 'Object Repository/Comprar Empaques/Page_Olva Courier  Datos Personales/input_Para el recojo de tu compra se necesi_39579b'

27-11-2024T18:17:51 - [MESSAGE][PASSED] - Text '1' is set on object 'Object Repository/Comprar Empaques/Page_Olva Courier  Datos Personales/input_Para el recojo de tu compra se necesi_39579b'

27-11-2024T18:17:51 - [TEST_STEP][PASSED] - setText(findTestObject("Object Repository/Comprar Empaques/Page_Olva Courier  Datos Personales/input_Para el recojo de tu compra se necesi_9b4583"), "1"): Text '1' is set on object 'Object Repository/Comprar Empaques/Page_Olva Courier  Datos Personales/input_Para el recojo de tu compra se necesi_9b4583'

27-11-2024T18:17:52 - [MESSAGE][PASSED] - Text '1' is set on object 'Object Repository/Comprar Empaques/Page_Olva Courier  Datos Personales/input_Para el recojo de tu compra se necesi_9b4583'

27-11-2024T18:17:52 - [TEST_STEP][PASSED] - setText(findTestObject("Object Repository/Comprar Empaques/Page_Olva Courier  Datos Personales/input_Para el recojo de tu compra se necesi_cbc9dd"), "1"): Text '1' is set on object 'Object Repository/Comprar Empaques/Page_Olva Courier  Datos Personales/input_Para el recojo de tu compra se necesi_cbc9dd'

27-11-2024T18:17:53 - [MESSAGE][PASSED] - Text '1' is set on object 'Object Repository/Comprar Empaques/Page_Olva Courier  Datos Personales/input_Para el recojo de tu compra se necesi_cbc9dd'

27-11-2024T18:17:53 - [TEST_STEP][PASSED] - click(findTestObject("Object Repository/Comprar Empaques/Page_Olva Courier  Datos Personales/div_Aceptar")): Object: 'Object Repository/Comprar Empaques/Page_Olva Courier  Datos Personales/div_Aceptar' is clicked on

27-11-2024T18:17:53 - [MESSAGE][PASSED] - Object: 'Object Repository/Comprar Empaques/Page_Olva Courier  Datos Personales/div_Aceptar' is clicked on

27-11-2024T18:17:53 - [TEST_STEP][PASSED] - scrollToElement(findTestObject("Object Repository/Comprar Empaques/Page_Olva Courier  Datos Personales/button_PAGAR"), 0): Scroll to object 'Object Repository/Comprar Empaques/Page_Olva Courier  Datos Personales/button_PAGAR' successfully

27-11-2024T18:17:53 - [MESSAGE][WARNING] - Timeout '0' is invalid. Using default page load timeout: '30'

27-11-2024T18:18:10 - [MESSAGE][PASSED] - Scroll to object 'Object Repository/Comprar Empaques/Page_Olva Courier  Datos Personales/button_PAGAR' successfully

27-11-2024T18:18:10 - [TEST_STEP][PASSED] - verifyElementPresent(findTestObject("Object Repository/Comprar Empaques/Page_Olva Courier  Datos Personales/button_PAGAR"), 0): Object 'Object Repository/Comprar Empaques/Page_Olva Courier  Datos Personales/button_PAGAR' is present

27-11-2024T18:18:10 - [MESSAGE][WARNING] - Timeout '0' is invalid. Using default page load timeout: '30'

27-11-2024T18:18:11 - [MESSAGE][PASSED] - Object 'Object Repository/Comprar Empaques/Page_Olva Courier  Datos Personales/button_PAGAR' is present

27-11-2024T18:18:11 - [TEST_STEP][FAILED] - callTestCase(findTestCase("5.Empaques/3.Pago-Empaques/Pago-exitoso"), [:], STOP_ON_FAILURE): Unable to call Test Case 'Test Cases/5.Empaques/3.Pago-Empaques/Pago-exitoso' (Root cause: com.kms.katalon.core.exception.StepFailedException: Call Test Case 'Test Cases/5.Empaques/3.Pago-Empaques/Pago-exitoso' failed
	at com.kms.katalon.core.keyword.builtin.CallTestCaseKeyword$_callTestCase_closure1.doCall(CallTestCaseKeyword.groovy:63)
	at com.kms.katalon.core.keyword.builtin.CallTestCaseKeyword$_callTestCase_closure1.call(CallTestCaseKeyword.groovy)
	at com.kms.katalon.core.keyword.internal.KeywordMain.runKeyword(KeywordMain.groovy:75)
	at com.kms.katalon.core.keyword.builtin.CallTestCaseKeyword.callTestCase(CallTestCaseKeyword.groovy:81)
	at com.kms.katalon.core.keyword.builtin.CallTestCaseKeyword.execute(CallTestCaseKeyword.groovy:44)
	at com.kms.katalon.core.keyword.internal.KeywordExecutor.executeKeywordForPlatform(KeywordExecutor.groovy:74)
	at com.kms.katalon.core.keyword.BuiltinKeywords.callTestCase(BuiltinKeywords.groovy:310)
	at java.base/jdk.internal.reflect.NativeMethodAccessorImpl.invoke0(Native Method)
	at java.base/jdk.internal.reflect.NativeMethodAccessorImpl.invoke(NativeMethodAccessorImpl.java:77)
	at java.base/jdk.internal.reflect.DelegatingMethodAccessorImpl.invoke(DelegatingMethodAccessorImpl.java:43)
	at Comprar Empaques - CE - Tienda.run(Comprar Empaques - CE - Tienda:110)
	at com.kms.katalon.core.main.ScriptEngine.run(ScriptEngine.java:194)
	at com.kms.katalon.core.main.ScriptEngine.runScriptAsRawText(ScriptEngine.java:119)
	at com.kms.katalon.core.main.TestCaseExecutor.runScript(TestCaseExecutor.java:448)
	at com.kms.katalon.core.main.TestCaseExecutor.doExecute(TestCaseExecutor.java:439)
	at com.kms.katalon.core.main.TestCaseExecutor.processExecutionPhase(TestCaseExecutor.java:418)
	at com.kms.katalon.core.main.TestCaseExecutor.accessMainPhase(TestCaseExecutor.java:410)
	at com.kms.katalon.core.main.TestCaseExecutor.execute(TestCaseExecutor.java:285)
	at com.kms.katalon.core.common.CommonExecutor.accessTestCaseMainPhase(CommonExecutor.java:65)
	at com.kms.katalon.core.main.TestSuiteExecutor.accessTestSuiteMainPhase(TestSuiteExecutor.java:150)
	at com.kms.katalon.core.main.TestSuiteExecutor.execute(TestSuiteExecutor.java:106)
	at com.kms.katalon.core.main.TestCaseMain.startTestSuite(TestCaseMain.java:180)
	at TempTestSuite1732749322373.run(TempTestSuite1732749322373.groovy:35)
	at java.base/jdk.internal.reflect.NativeMethodAccessorImpl.invoke0(Native Method)
	at java.base/jdk.internal.reflect.NativeMethodAccessorImpl.invoke(NativeMethodAccessorImpl.java:77)
	at java.base/jdk.internal.reflect.DelegatingMethodAccessorImpl.invoke(DelegatingMethodAccessorImpl.java:43)
Caused by: com.kms.katalon.core.exception.StepFailedException: Unable to click on object 'Object Repository/pago/Page_Olva Courier  Medios de pago/button_PAGAR'
	at com.kms.katalon.core.webui.keyword.internal.WebUIKeywordMain.stepFailed(WebUIKeywordMain.groovy:117)
	at com.kms.katalon.core.webui.keyword.internal.WebUIKeywordMain.runKeyword(WebUIKeywordMain.groovy:43)
	at com.kms.katalon.core.webui.keyword.builtin.ClickKeyword.click(ClickKeyword.groovy:74)
	at com.kms.katalon.core.webui.keyword.builtin.ClickKeyword.execute(ClickKeyword.groovy:40)
	at com.kms.katalon.core.keyword.internal.KeywordExecutor.executeKeywordForPlatform(KeywordExecutor.groovy:74)
	at com.kms.katalon.core.webui.keyword.WebUiBuiltInKeywords.click(WebUiBuiltInKeywords.groovy:659)
	at Pago-exitoso.run(Pago-exitoso:25)
	at com.kms.katalon.core.main.ScriptEngine.run(ScriptEngine.java:194)
	at com.kms.katalon.core.main.ScriptEngine.runScriptAsRawText(ScriptEngine.java:119)
	at com.kms.katalon.core.main.TestCaseExecutor.runScript(TestCaseExecutor.java:448)
	at com.kms.katalon.core.main.TestCaseExecutor.doExecute(TestCaseExecutor.java:439)
	at com.kms.katalon.core.main.TestCaseExecutor.processExecutionPhase(TestCaseExecutor.java:418)
	at com.kms.katalon.core.main.TestCaseExecutor.accessMainPhase(TestCaseExecutor.java:410)
	at com.kms.katalon.core.main.TestCaseExecutor.execute(TestCaseExecutor.java:285)
	at com.kms.katalon.core.main.TestCaseMain.runTestCase(TestCaseMain.java:137)
	at com.kms.katalon.core.keyword.builtin.CallTestCaseKeyword$_callTestCase_closure1.doCall(CallTestCaseKeyword.groovy:59)
	... 25 more
Caused by: com.kms.katalon.core.webui.exception.WebElementNotFoundException: Web element with id: 'Object Repository/pago/Page_Olva Courier  Medios de pago/button_PAGAR' located by '//*[@id="pagarTottem"]' not found
	at com.kms.katalon.core.webui.common.WebUiCommonHelper.findWebElement(WebUiCommonHelper.java:1419)
	at com.kms.katalon.core.webui.keyword.internal.WebUIAbstractKeyword.findWebElement(WebUIAbstractKeyword.groovy:27)
	at com.kms.katalon.core.webui.keyword.builtin.ClickKeyword$_click_closure1.doCall(ClickKeyword.groovy:65)
	at com.kms.katalon.core.webui.keyword.builtin.ClickKeyword$_click_closure1.call(ClickKeyword.groovy)
	at com.kms.katalon.core.webui.keyword.internal.WebUIKeywordMain.runKeyword(WebUIKeywordMain.groovy:35)
	... 39 more
)

27-11-2024T18:18:11 - [TEST_CASE][FAILED] - Test Cases/5.Empaques/3.Pago-Empaques/Pago-exitoso: Test Cases/5.Empaques/3.Pago-Empaques/Pago-exitoso FAILED.
Reason:
com.kms.katalon.core.exception.StepFailedException: Unable to click on object 'Object Repository/pago/Page_Olva Courier  Medios de pago/button_PAGAR'
	at com.kms.katalon.core.webui.keyword.internal.WebUIKeywordMain.stepFailed(WebUIKeywordMain.groovy:117)
	at com.kms.katalon.core.webui.keyword.internal.WebUIKeywordMain.runKeyword(WebUIKeywordMain.groovy:43)
	at com.kms.katalon.core.webui.keyword.builtin.ClickKeyword.click(ClickKeyword.groovy:74)
	at com.kms.katalon.core.webui.keyword.builtin.ClickKeyword.execute(ClickKeyword.groovy:40)
	at com.kms.katalon.core.keyword.internal.KeywordExecutor.executeKeywordForPlatform(KeywordExecutor.groovy:74)
	at com.kms.katalon.core.webui.keyword.WebUiBuiltInKeywords.click(WebUiBuiltInKeywords.groovy:659)
	at Pago-exitoso.run(Pago-exitoso:25)
	at com.kms.katalon.core.main.ScriptEngine.run(ScriptEngine.java:194)
	at com.kms.katalon.core.main.ScriptEngine.runScriptAsRawText(ScriptEngine.java:119)
	at com.kms.katalon.core.main.TestCaseExecutor.runScript(TestCaseExecutor.java:448)
	at com.kms.katalon.core.main.TestCaseExecutor.doExecute(TestCaseExecutor.java:439)
	at com.kms.katalon.core.main.TestCaseExecutor.processExecutionPhase(TestCaseExecutor.java:418)
	at com.kms.katalon.core.main.TestCaseExecutor.accessMainPhase(TestCaseExecutor.java:410)
	at com.kms.katalon.core.main.TestCaseExecutor.execute(TestCaseExecutor.java:285)
	at com.kms.katalon.core.main.TestCaseMain.runTestCase(TestCaseMain.java:137)
	at com.kms.katalon.core.keyword.builtin.CallTestCaseKeyword$_callTestCase_closure1.doCall(CallTestCaseKeyword.groovy:59)
	at com.kms.katalon.core.keyword.builtin.CallTestCaseKeyword$_callTestCase_closure1.call(CallTestCaseKeyword.groovy)
	at com.kms.katalon.core.keyword.internal.KeywordMain.runKeyword(KeywordMain.groovy:75)
	at com.kms.katalon.core.keyword.builtin.CallTestCaseKeyword.callTestCase(CallTestCaseKeyword.groovy:81)
	at com.kms.katalon.core.keyword.builtin.CallTestCaseKeyword.execute(CallTestCaseKeyword.groovy:44)
	at com.kms.katalon.core.keyword.internal.KeywordExecutor.executeKeywordForPlatform(KeywordExecutor.groovy:74)
	at com.kms.katalon.core.keyword.BuiltinKeywords.callTestCase(BuiltinKeywords.groovy:310)
	at java.base/jdk.internal.reflect.NativeMethodAccessorImpl.invoke0(Native Method)
	at java.base/jdk.internal.reflect.NativeMethodAccessorImpl.invoke(NativeMethodAccessorImpl.java:77)
	at java.base/jdk.internal.reflect.DelegatingMethodAccessorImpl.invoke(DelegatingMethodAccessorImpl.java:43)
	at Comprar Empaques - CE - Tienda.run(Comprar Empaques - CE - Tienda:110)
	at com.kms.katalon.core.main.ScriptEngine.run(ScriptEngine.java:194)
	at com.kms.katalon.core.main.ScriptEngine.runScriptAsRawText(ScriptEngine.java:119)
	at com.kms.katalon.core.main.TestCaseExecutor.runScript(TestCaseExecutor.java:448)
	at com.kms.katalon.core.main.TestCaseExecutor.doExecute(TestCaseExecutor.java:439)
	at com.kms.katalon.core.main.TestCaseExecutor.processExecutionPhase(TestCaseExecutor.java:418)
	at com.kms.katalon.core.main.TestCaseExecutor.accessMainPhase(TestCaseExecutor.java:410)
	at com.kms.katalon.core.main.TestCaseExecutor.execute(TestCaseExecutor.java:285)
	at com.kms.katalon.core.common.CommonExecutor.accessTestCaseMainPhase(CommonExecutor.java:65)
	at com.kms.katalon.core.main.TestSuiteExecutor.accessTestSuiteMainPhase(TestSuiteExecutor.java:150)
	at com.kms.katalon.core.main.TestSuiteExecutor.execute(TestSuiteExecutor.java:106)
	at com.kms.katalon.core.main.TestCaseMain.startTestSuite(TestCaseMain.java:180)
	at TempTestSuite1732749322373.run(TempTestSuite1732749322373.groovy:35)
	at java.base/jdk.internal.reflect.NativeMethodAccessorImpl.invoke0(Native Method)
	at java.base/jdk.internal.reflect.NativeMethodAccessorImpl.invoke(NativeMethodAccessorImpl.java:77)
	at java.base/jdk.internal.reflect.DelegatingMethodAccessorImpl.invoke(DelegatingMethodAccessorImpl.java:43)
Caused by: com.kms.katalon.core.webui.exception.WebElementNotFoundException: Web element with id: 'Object Repository/pago/Page_Olva Courier  Medios de pago/button_PAGAR' located by '//*[@id="pagarTottem"]' not found
	at com.kms.katalon.core.webui.common.WebUiCommonHelper.findWebElement(WebUiCommonHelper.java:1419)
	at com.kms.katalon.core.webui.keyword.internal.WebUIAbstractKeyword.findWebElement(WebUIAbstractKeyword.groovy:27)
	at com.kms.katalon.core.webui.keyword.builtin.ClickKeyword$_click_closure1.doCall(ClickKeyword.groovy:65)
	at com.kms.katalon.core.webui.keyword.builtin.ClickKeyword$_click_closure1.call(ClickKeyword.groovy)
	at com.kms.katalon.core.webui.keyword.internal.WebUIKeywordMain.runKeyword(WebUIKeywordMain.groovy:35)
	... 39 more


27-11-2024T18:18:11 - [TEST_STEP][PASSED] - verifyElementPresent(findTestObject("Object Repository/pago/Page_Olva Courier  Medios de pago/div_Pago con tarjeta de crdito, dbito y Yape"), 0): Object 'Object Repository/pago/Page_Olva Courier  Medios de pago/div_Pago con tarjeta de crdito, dbito y Yape' is present

27-11-2024T18:18:11 - [MESSAGE][WARNING] - Timeout '0' is invalid. Using default page load timeout: '30'

27-11-2024T18:18:11 - [MESSAGE][PASSED] - Object 'Object Repository/pago/Page_Olva Courier  Medios de pago/div_Pago con tarjeta de crdito, dbito y Yape' is present

27-11-2024T18:18:11 - [TEST_STEP][PASSED] - verifyElementPresent(findTestObject("Object Repository/pago/Page_Olva Courier  Medios de pago/td_S"), 0): Object 'Object Repository/pago/Page_Olva Courier  Medios de pago/td_S' is present

27-11-2024T18:18:11 - [MESSAGE][WARNING] - Timeout '0' is invalid. Using default page load timeout: '30'

27-11-2024T18:18:12 - [MESSAGE][PASSED] - Object 'Object Repository/pago/Page_Olva Courier  Medios de pago/td_S' is present

27-11-2024T18:18:12 - [TEST_STEP][FAILED] - click(findTestObject("Object Repository/pago/Page_Olva Courier  Medios de pago/button_PAGAR")): Unable to click on object 'Object Repository/pago/Page_Olva Courier  Medios de pago/button_PAGAR' (Root cause: com.kms.katalon.core.exception.StepFailedException: Unable to click on object 'Object Repository/pago/Page_Olva Courier  Medios de pago/button_PAGAR'
	at com.kms.katalon.core.webui.keyword.internal.WebUIKeywordMain.stepFailed(WebUIKeywordMain.groovy:117)
	at com.kms.katalon.core.webui.keyword.internal.WebUIKeywordMain.runKeyword(WebUIKeywordMain.groovy:43)
	at com.kms.katalon.core.webui.keyword.builtin.ClickKeyword.click(ClickKeyword.groovy:74)
	at com.kms.katalon.core.webui.keyword.builtin.ClickKeyword.execute(ClickKeyword.groovy:40)
	at com.kms.katalon.core.keyword.internal.KeywordExecutor.executeKeywordForPlatform(KeywordExecutor.groovy:74)
	at com.kms.katalon.core.webui.keyword.WebUiBuiltInKeywords.click(WebUiBuiltInKeywords.groovy:659)
	at Pago-exitoso.run(Pago-exitoso:25)
	at com.kms.katalon.core.main.ScriptEngine.run(ScriptEngine.java:194)
	at com.kms.katalon.core.main.ScriptEngine.runScriptAsRawText(ScriptEngine.java:119)
	at com.kms.katalon.core.main.TestCaseExecutor.runScript(TestCaseExecutor.java:448)
	at com.kms.katalon.core.main.TestCaseExecutor.doExecute(TestCaseExecutor.java:439)
	at com.kms.katalon.core.main.TestCaseExecutor.processExecutionPhase(TestCaseExecutor.java:418)
	at com.kms.katalon.core.main.TestCaseExecutor.accessMainPhase(TestCaseExecutor.java:410)
	at com.kms.katalon.core.main.TestCaseExecutor.execute(TestCaseExecutor.java:285)
	at com.kms.katalon.core.main.TestCaseMain.runTestCase(TestCaseMain.java:137)
	at com.kms.katalon.core.keyword.builtin.CallTestCaseKeyword$_callTestCase_closure1.doCall(CallTestCaseKeyword.groovy:59)
	at com.kms.katalon.core.keyword.builtin.CallTestCaseKeyword$_callTestCase_closure1.call(CallTestCaseKeyword.groovy)
	at com.kms.katalon.core.keyword.internal.KeywordMain.runKeyword(KeywordMain.groovy:75)
	at com.kms.katalon.core.keyword.builtin.CallTestCaseKeyword.callTestCase(CallTestCaseKeyword.groovy:81)
	at com.kms.katalon.core.keyword.builtin.CallTestCaseKeyword.execute(CallTestCaseKeyword.groovy:44)
	at com.kms.katalon.core.keyword.internal.KeywordExecutor.executeKeywordForPlatform(KeywordExecutor.groovy:74)
	at com.kms.katalon.core.keyword.BuiltinKeywords.callTestCase(BuiltinKeywords.groovy:310)
	at java.base/jdk.internal.reflect.NativeMethodAccessorImpl.invoke0(Native Method)
	at java.base/jdk.internal.reflect.NativeMethodAccessorImpl.invoke(NativeMethodAccessorImpl.java:77)
	at java.base/jdk.internal.reflect.DelegatingMethodAccessorImpl.invoke(DelegatingMethodAccessorImpl.java:43)
	at Comprar Empaques - CE - Tienda.run(Comprar Empaques - CE - Tienda:110)
	at com.kms.katalon.core.main.ScriptEngine.run(ScriptEngine.java:194)
	at com.kms.katalon.core.main.ScriptEngine.runScriptAsRawText(ScriptEngine.java:119)
	at com.kms.katalon.core.main.TestCaseExecutor.runScript(TestCaseExecutor.java:448)
	at com.kms.katalon.core.main.TestCaseExecutor.doExecute(TestCaseExecutor.java:439)
	at com.kms.katalon.core.main.TestCaseExecutor.processExecutionPhase(TestCaseExecutor.java:418)
	at com.kms.katalon.core.main.TestCaseExecutor.accessMainPhase(TestCaseExecutor.java:410)
	at com.kms.katalon.core.main.TestCaseExecutor.execute(TestCaseExecutor.java:285)
	at com.kms.katalon.core.common.CommonExecutor.accessTestCaseMainPhase(CommonExecutor.java:65)
	at com.kms.katalon.core.main.TestSuiteExecutor.accessTestSuiteMainPhase(TestSuiteExecutor.java:150)
	at com.kms.katalon.core.main.TestSuiteExecutor.execute(TestSuiteExecutor.java:106)
	at com.kms.katalon.core.main.TestCaseMain.startTestSuite(TestCaseMain.java:180)
	at TempTestSuite1732749322373.run(TempTestSuite1732749322373.groovy:35)
	at java.base/jdk.internal.reflect.NativeMethodAccessorImpl.invoke0(Native Method)
	at java.base/jdk.internal.reflect.NativeMethodAccessorImpl.invoke(NativeMethodAccessorImpl.java:77)
	at java.base/jdk.internal.reflect.DelegatingMethodAccessorImpl.invoke(DelegatingMethodAccessorImpl.java:43)
Caused by: com.kms.katalon.core.webui.exception.WebElementNotFoundException: Web element with id: 'Object Repository/pago/Page_Olva Courier  Medios de pago/button_PAGAR' located by '//*[@id="pagarTottem"]' not found
	at com.kms.katalon.core.webui.common.WebUiCommonHelper.findWebElement(WebUiCommonHelper.java:1419)
	at com.kms.katalon.core.webui.keyword.internal.WebUIAbstractKeyword.findWebElement(WebUIAbstractKeyword.groovy:27)
	at com.kms.katalon.core.webui.keyword.builtin.ClickKeyword$_click_closure1.doCall(ClickKeyword.groovy:65)
	at com.kms.katalon.core.webui.keyword.builtin.ClickKeyword$_click_closure1.call(ClickKeyword.groovy)
	at com.kms.katalon.core.webui.keyword.internal.WebUIKeywordMain.runKeyword(WebUIKeywordMain.groovy:35)
	at com.kms.katalon.core.webui.keyword.builtin.ClickKeyword.click(ClickKeyword.groovy:74)
	at com.kms.katalon.core.webui.keyword.builtin.ClickKeyword.execute(ClickKeyword.groovy:40)
	at com.kms.katalon.core.keyword.internal.KeywordExecutor.executeKeywordForPlatform(KeywordExecutor.groovy:74)
	at com.kms.katalon.core.webui.keyword.WebUiBuiltInKeywords.click(WebUiBuiltInKeywords.groovy:659)
	at Script1732688343034.run(Script1732688343034.groovy:25)
	at com.kms.katalon.core.main.ScriptEngine.run(ScriptEngine.java:194)
	at com.kms.katalon.core.main.ScriptEngine.runScriptAsRawText(ScriptEngine.java:119)
	at com.kms.katalon.core.main.TestCaseExecutor.runScript(TestCaseExecutor.java:448)
	at com.kms.katalon.core.main.TestCaseExecutor.doExecute(TestCaseExecutor.java:439)
	at com.kms.katalon.core.main.TestCaseExecutor.processExecutionPhase(TestCaseExecutor.java:418)
	at com.kms.katalon.core.main.TestCaseExecutor.accessMainPhase(TestCaseExecutor.java:410)
	at com.kms.katalon.core.main.TestCaseExecutor.execute(TestCaseExecutor.java:285)
	at com.kms.katalon.core.main.TestCaseMain.runTestCase(TestCaseMain.java:137)
	at com.kms.katalon.core.keyword.builtin.CallTestCaseKeyword$_callTestCase_closure1.doCall(CallTestCaseKeyword.groovy:59)
	at com.kms.katalon.core.keyword.builtin.CallTestCaseKeyword$_callTestCase_closure1.call(CallTestCaseKeyword.groovy)
	at com.kms.katalon.core.keyword.internal.KeywordMain.runKeyword(KeywordMain.groovy:75)
	at com.kms.katalon.core.keyword.builtin.CallTestCaseKeyword.callTestCase(CallTestCaseKeyword.groovy:81)
	at com.kms.katalon.core.keyword.builtin.CallTestCaseKeyword.execute(CallTestCaseKeyword.groovy:44)
	at com.kms.katalon.core.keyword.internal.KeywordExecutor.executeKeywordForPlatform(KeywordExecutor.groovy:74)
	at com.kms.katalon.core.keyword.BuiltinKeywords.callTestCase(BuiltinKeywords.groovy:310)
	at java.base/jdk.internal.reflect.NativeMethodAccessorImpl.invoke0(Native Method)
	at java.base/jdk.internal.reflect.NativeMethodAccessorImpl.invoke(NativeMethodAccessorImpl.java:77)
	at java.base/jdk.internal.reflect.DelegatingMethodAccessorImpl.invoke(DelegatingMethodAccessorImpl.java:43)
	at Script1732688354308.run(Script1732688354308.groovy:110)
	... 15 more
)

27-11-2024T18:18:43 - [MESSAGE][INFO] - Unable to find the element located by 'By.xpath: //*[@id="pagarTottem"]'. Please recheck the objects properties to make sure the desired element is located. 

27-11-2024T18:18:43 - [MESSAGE][FAILED] - Unable to click on object 'Object Repository/pago/Page_Olva Courier  Medios de pago/button_PAGAR' (Root cause: com.kms.katalon.core.exception.StepFailedException: Unable to click on object 'Object Repository/pago/Page_Olva Courier  Medios de pago/button_PAGAR'
	at com.kms.katalon.core.webui.keyword.internal.WebUIKeywordMain.stepFailed(WebUIKeywordMain.groovy:117)
	at com.kms.katalon.core.webui.keyword.internal.WebUIKeywordMain.runKeyword(WebUIKeywordMain.groovy:43)
	at com.kms.katalon.core.webui.keyword.builtin.ClickKeyword.click(ClickKeyword.groovy:74)
	at com.kms.katalon.core.webui.keyword.builtin.ClickKeyword.execute(ClickKeyword.groovy:40)
	at com.kms.katalon.core.keyword.internal.KeywordExecutor.executeKeywordForPlatform(KeywordExecutor.groovy:74)
	at com.kms.katalon.core.webui.keyword.WebUiBuiltInKeywords.click(WebUiBuiltInKeywords.groovy:659)
	at Pago-exitoso.run(Pago-exitoso:25)
	at com.kms.katalon.core.main.ScriptEngine.run(ScriptEngine.java:194)
	at com.kms.katalon.core.main.ScriptEngine.runScriptAsRawText(ScriptEngine.java:119)
	at com.kms.katalon.core.main.TestCaseExecutor.runScript(TestCaseExecutor.java:448)
	at com.kms.katalon.core.main.TestCaseExecutor.doExecute(TestCaseExecutor.java:439)
	at com.kms.katalon.core.main.TestCaseExecutor.processExecutionPhase(TestCaseExecutor.java:418)
	at com.kms.katalon.core.main.TestCaseExecutor.accessMainPhase(TestCaseExecutor.java:410)
	at com.kms.katalon.core.main.TestCaseExecutor.execute(TestCaseExecutor.java:285)
	at com.kms.katalon.core.main.TestCaseMain.runTestCase(TestCaseMain.java:137)
	at com.kms.katalon.core.keyword.builtin.CallTestCaseKeyword$_callTestCase_closure1.doCall(CallTestCaseKeyword.groovy:59)
	at com.kms.katalon.core.keyword.builtin.CallTestCaseKeyword$_callTestCase_closure1.call(CallTestCaseKeyword.groovy)
	at com.kms.katalon.core.keyword.internal.KeywordMain.runKeyword(KeywordMain.groovy:75)
	at com.kms.katalon.core.keyword.builtin.CallTestCaseKeyword.callTestCase(CallTestCaseKeyword.groovy:81)
	at com.kms.katalon.core.keyword.builtin.CallTestCaseKeyword.execute(CallTestCaseKeyword.groovy:44)
	at com.kms.katalon.core.keyword.internal.KeywordExecutor.executeKeywordForPlatform(KeywordExecutor.groovy:74)
	at com.kms.katalon.core.keyword.BuiltinKeywords.callTestCase(BuiltinKeywords.groovy:310)
	at java.base/jdk.internal.reflect.NativeMethodAccessorImpl.invoke0(Native Method)
	at java.base/jdk.internal.reflect.NativeMethodAccessorImpl.invoke(NativeMethodAccessorImpl.java:77)
	at java.base/jdk.internal.reflect.DelegatingMethodAccessorImpl.invoke(DelegatingMethodAccessorImpl.java:43)
	at Comprar Empaques - CE - Tienda.run(Comprar Empaques - CE - Tienda:110)
	at com.kms.katalon.core.main.ScriptEngine.run(ScriptEngine.java:194)
	at com.kms.katalon.core.main.ScriptEngine.runScriptAsRawText(ScriptEngine.java:119)
	at com.kms.katalon.core.main.TestCaseExecutor.runScript(TestCaseExecutor.java:448)
	at com.kms.katalon.core.main.TestCaseExecutor.doExecute(TestCaseExecutor.java:439)
	at com.kms.katalon.core.main.TestCaseExecutor.processExecutionPhase(TestCaseExecutor.java:418)
	at com.kms.katalon.core.main.TestCaseExecutor.accessMainPhase(TestCaseExecutor.java:410)
	at com.kms.katalon.core.main.TestCaseExecutor.execute(TestCaseExecutor.java:285)
	at com.kms.katalon.core.common.CommonExecutor.accessTestCaseMainPhase(CommonExecutor.java:65)
	at com.kms.katalon.core.main.TestSuiteExecutor.accessTestSuiteMainPhase(TestSuiteExecutor.java:150)
	at com.kms.katalon.core.main.TestSuiteExecutor.execute(TestSuiteExecutor.java:106)
	at com.kms.katalon.core.main.TestCaseMain.startTestSuite(TestCaseMain.java:180)
	at TempTestSuite1732749322373.run(TempTestSuite1732749322373.groovy:35)
	at java.base/jdk.internal.reflect.NativeMethodAccessorImpl.invoke0(Native Method)
	at java.base/jdk.internal.reflect.NativeMethodAccessorImpl.invoke(NativeMethodAccessorImpl.java:77)
	at java.base/jdk.internal.reflect.DelegatingMethodAccessorImpl.invoke(DelegatingMethodAccessorImpl.java:43)
Caused by: com.kms.katalon.core.webui.exception.WebElementNotFoundException: Web element with id: 'Object Repository/pago/Page_Olva Courier  Medios de pago/button_PAGAR' located by '//*[@id="pagarTottem"]' not found
	at com.kms.katalon.core.webui.common.WebUiCommonHelper.findWebElement(WebUiCommonHelper.java:1419)
	at com.kms.katalon.core.webui.keyword.internal.WebUIAbstractKeyword.findWebElement(WebUIAbstractKeyword.groovy:27)
	at com.kms.katalon.core.webui.keyword.builtin.ClickKeyword$_click_closure1.doCall(ClickKeyword.groovy:65)
	at com.kms.katalon.core.webui.keyword.builtin.ClickKeyword$_click_closure1.call(ClickKeyword.groovy)
	at com.kms.katalon.core.webui.keyword.internal.WebUIKeywordMain.runKeyword(WebUIKeywordMain.groovy:35)
	at com.kms.katalon.core.webui.keyword.builtin.ClickKeyword.click(ClickKeyword.groovy:74)
	at com.kms.katalon.core.webui.keyword.builtin.ClickKeyword.execute(ClickKeyword.groovy:40)
	at com.kms.katalon.core.keyword.internal.KeywordExecutor.executeKeywordForPlatform(KeywordExecutor.groovy:74)
	at com.kms.katalon.core.webui.keyword.WebUiBuiltInKeywords.click(WebUiBuiltInKeywords.groovy:659)
	at Script1732688343034.run(Script1732688343034.groovy:25)
	at com.kms.katalon.core.main.ScriptEngine.run(ScriptEngine.java:194)
	at com.kms.katalon.core.main.ScriptEngine.runScriptAsRawText(ScriptEngine.java:119)
	at com.kms.katalon.core.main.TestCaseExecutor.runScript(TestCaseExecutor.java:448)
	at com.kms.katalon.core.main.TestCaseExecutor.doExecute(TestCaseExecutor.java:439)
	at com.kms.katalon.core.main.TestCaseExecutor.processExecutionPhase(TestCaseExecutor.java:418)
	at com.kms.katalon.core.main.TestCaseExecutor.accessMainPhase(TestCaseExecutor.java:410)
	at com.kms.katalon.core.main.TestCaseExecutor.execute(TestCaseExecutor.java:285)
	at com.kms.katalon.core.main.TestCaseMain.runTestCase(TestCaseMain.java:137)
	at com.kms.katalon.core.keyword.builtin.CallTestCaseKeyword$_callTestCase_closure1.doCall(CallTestCaseKeyword.groovy:59)
	at com.kms.katalon.core.keyword.builtin.CallTestCaseKeyword$_callTestCase_closure1.call(CallTestCaseKeyword.groovy)
	at com.kms.katalon.core.keyword.internal.KeywordMain.runKeyword(KeywordMain.groovy:75)
	at com.kms.katalon.core.keyword.builtin.CallTestCaseKeyword.callTestCase(CallTestCaseKeyword.groovy:81)
	at com.kms.katalon.core.keyword.builtin.CallTestCaseKeyword.execute(CallTestCaseKeyword.groovy:44)
	at com.kms.katalon.core.keyword.internal.KeywordExecutor.executeKeywordForPlatform(KeywordExecutor.groovy:74)
	at com.kms.katalon.core.keyword.BuiltinKeywords.callTestCase(BuiltinKeywords.groovy:310)
	at java.base/jdk.internal.reflect.NativeMethodAccessorImpl.invoke0(Native Method)
	at java.base/jdk.internal.reflect.NativeMethodAccessorImpl.invoke(NativeMethodAccessorImpl.java:77)
	at java.base/jdk.internal.reflect.DelegatingMethodAccessorImpl.invoke(DelegatingMethodAccessorImpl.java:43)
	at Script1732688354308.run(Script1732688354308.groovy:110)
	... 15 more
)

27-11-2024T18:18:43 - [MESSAGE][FAILED] - Unable to call Test Case 'Test Cases/5.Empaques/3.Pago-Empaques/Pago-exitoso' (Root cause: com.kms.katalon.core.exception.StepFailedException: Call Test Case 'Test Cases/5.Empaques/3.Pago-Empaques/Pago-exitoso' failed
	at com.kms.katalon.core.keyword.builtin.CallTestCaseKeyword$_callTestCase_closure1.doCall(CallTestCaseKeyword.groovy:63)
	at com.kms.katalon.core.keyword.builtin.CallTestCaseKeyword$_callTestCase_closure1.call(CallTestCaseKeyword.groovy)
	at com.kms.katalon.core.keyword.internal.KeywordMain.runKeyword(KeywordMain.groovy:75)
	at com.kms.katalon.core.keyword.builtin.CallTestCaseKeyword.callTestCase(CallTestCaseKeyword.groovy:81)
	at com.kms.katalon.core.keyword.builtin.CallTestCaseKeyword.execute(CallTestCaseKeyword.groovy:44)
	at com.kms.katalon.core.keyword.internal.KeywordExecutor.executeKeywordForPlatform(KeywordExecutor.groovy:74)
	at com.kms.katalon.core.keyword.BuiltinKeywords.callTestCase(BuiltinKeywords.groovy:310)
	at java.base/jdk.internal.reflect.NativeMethodAccessorImpl.invoke0(Native Method)
	at java.base/jdk.internal.reflect.NativeMethodAccessorImpl.invoke(NativeMethodAccessorImpl.java:77)
	at java.base/jdk.internal.reflect.DelegatingMethodAccessorImpl.invoke(DelegatingMethodAccessorImpl.java:43)
	at Comprar Empaques - CE - Tienda.run(Comprar Empaques - CE - Tienda:110)
	at com.kms.katalon.core.main.ScriptEngine.run(ScriptEngine.java:194)
	at com.kms.katalon.core.main.ScriptEngine.runScriptAsRawText(ScriptEngine.java:119)
	at com.kms.katalon.core.main.TestCaseExecutor.runScript(TestCaseExecutor.java:448)
	at com.kms.katalon.core.main.TestCaseExecutor.doExecute(TestCaseExecutor.java:439)
	at com.kms.katalon.core.main.TestCaseExecutor.processExecutionPhase(TestCaseExecutor.java:418)
	at com.kms.katalon.core.main.TestCaseExecutor.accessMainPhase(TestCaseExecutor.java:410)
	at com.kms.katalon.core.main.TestCaseExecutor.execute(TestCaseExecutor.java:285)
	at com.kms.katalon.core.common.CommonExecutor.accessTestCaseMainPhase(CommonExecutor.java:65)
	at com.kms.katalon.core.main.TestSuiteExecutor.accessTestSuiteMainPhase(TestSuiteExecutor.java:150)
	at com.kms.katalon.core.main.TestSuiteExecutor.execute(TestSuiteExecutor.java:106)
	at com.kms.katalon.core.main.TestCaseMain.startTestSuite(TestCaseMain.java:180)
	at TempTestSuite1732749322373.run(TempTestSuite1732749322373.groovy:35)
	at java.base/jdk.internal.reflect.NativeMethodAccessorImpl.invoke0(Native Method)
	at java.base/jdk.internal.reflect.NativeMethodAccessorImpl.invoke(NativeMethodAccessorImpl.java:77)
	at java.base/jdk.internal.reflect.DelegatingMethodAccessorImpl.invoke(DelegatingMethodAccessorImpl.java:43)
Caused by: com.kms.katalon.core.exception.StepFailedException: Unable to click on object 'Object Repository/pago/Page_Olva Courier  Medios de pago/button_PAGAR'
	at com.kms.katalon.core.webui.keyword.internal.WebUIKeywordMain.stepFailed(WebUIKeywordMain.groovy:117)
	at com.kms.katalon.core.webui.keyword.internal.WebUIKeywordMain.runKeyword(WebUIKeywordMain.groovy:43)
	at com.kms.katalon.core.webui.keyword.builtin.ClickKeyword.click(ClickKeyword.groovy:74)
	at com.kms.katalon.core.webui.keyword.builtin.ClickKeyword.execute(ClickKeyword.groovy:40)
	at com.kms.katalon.core.keyword.internal.KeywordExecutor.executeKeywordForPlatform(KeywordExecutor.groovy:74)
	at com.kms.katalon.core.webui.keyword.WebUiBuiltInKeywords.click(WebUiBuiltInKeywords.groovy:659)
	at Pago-exitoso.run(Pago-exitoso:25)
	at com.kms.katalon.core.main.ScriptEngine.run(ScriptEngine.java:194)
	at com.kms.katalon.core.main.ScriptEngine.runScriptAsRawText(ScriptEngine.java:119)
	at com.kms.katalon.core.main.TestCaseExecutor.runScript(TestCaseExecutor.java:448)
	at com.kms.katalon.core.main.TestCaseExecutor.doExecute(TestCaseExecutor.java:439)
	at com.kms.katalon.core.main.TestCaseExecutor.processExecutionPhase(TestCaseExecutor.java:418)
	at com.kms.katalon.core.main.TestCaseExecutor.accessMainPhase(TestCaseExecutor.java:410)
	at com.kms.katalon.core.main.TestCaseExecutor.execute(TestCaseExecutor.java:285)
	at com.kms.katalon.core.main.TestCaseMain.runTestCase(TestCaseMain.java:137)
	at com.kms.katalon.core.keyword.builtin.CallTestCaseKeyword$_callTestCase_closure1.doCall(CallTestCaseKeyword.groovy:59)
	... 25 more
Caused by: com.kms.katalon.core.webui.exception.WebElementNotFoundException: Web element with id: 'Object Repository/pago/Page_Olva Courier  Medios de pago/button_PAGAR' located by '//*[@id="pagarTottem"]' not found
	at com.kms.katalon.core.webui.common.WebUiCommonHelper.findWebElement(WebUiCommonHelper.java:1419)
	at com.kms.katalon.core.webui.keyword.internal.WebUIAbstractKeyword.findWebElement(WebUIAbstractKeyword.groovy:27)
	at com.kms.katalon.core.webui.keyword.builtin.ClickKeyword$_click_closure1.doCall(ClickKeyword.groovy:65)
	at com.kms.katalon.core.webui.keyword.builtin.ClickKeyword$_click_closure1.call(ClickKeyword.groovy)
	at com.kms.katalon.core.webui.keyword.internal.WebUIKeywordMain.runKeyword(WebUIKeywordMain.groovy:35)
	... 39 more
)]]></system-out>
         <system-err><![CDATA[27-11-2024T18:17:05 - [TEST_CASE][FAILED] - Test Cases/5.Empaques/4.Positivas/Comprar Empaques - CE - Tienda: Test Cases/5.Empaques/4.Positivas/Comprar Empaques - CE - Tienda FAILED.
Reason:
com.kms.katalon.core.exception.StepFailedException: Call Test Case 'Test Cases/5.Empaques/3.Pago-Empaques/Pago-exitoso' failed
	at com.kms.katalon.core.keyword.builtin.CallTestCaseKeyword$_callTestCase_closure1.doCall(CallTestCaseKeyword.groovy:63)
	at com.kms.katalon.core.keyword.builtin.CallTestCaseKeyword$_callTestCase_closure1.call(CallTestCaseKeyword.groovy)
	at com.kms.katalon.core.keyword.internal.KeywordMain.runKeyword(KeywordMain.groovy:75)
	at com.kms.katalon.core.keyword.builtin.CallTestCaseKeyword.callTestCase(CallTestCaseKeyword.groovy:81)
	at com.kms.katalon.core.keyword.builtin.CallTestCaseKeyword.execute(CallTestCaseKeyword.groovy:44)
	at com.kms.katalon.core.keyword.internal.KeywordExecutor.executeKeywordForPlatform(KeywordExecutor.groovy:74)
	at com.kms.katalon.core.keyword.BuiltinKeywords.callTestCase(BuiltinKeywords.groovy:310)
	at java.base/jdk.internal.reflect.NativeMethodAccessorImpl.invoke0(Native Method)
	at java.base/jdk.internal.reflect.NativeMethodAccessorImpl.invoke(NativeMethodAccessorImpl.java:77)
	at java.base/jdk.internal.reflect.DelegatingMethodAccessorImpl.invoke(DelegatingMethodAccessorImpl.java:43)
	at Comprar Empaques - CE - Tienda.run(Comprar Empaques - CE - Tienda:110)
	at com.kms.katalon.core.main.ScriptEngine.run(ScriptEngine.java:194)
	at com.kms.katalon.core.main.ScriptEngine.runScriptAsRawText(ScriptEngine.java:119)
	at com.kms.katalon.core.main.TestCaseExecutor.runScript(TestCaseExecutor.java:448)
	at com.kms.katalon.core.main.TestCaseExecutor.doExecute(TestCaseExecutor.java:439)
	at com.kms.katalon.core.main.TestCaseExecutor.processExecutionPhase(TestCaseExecutor.java:418)
	at com.kms.katalon.core.main.TestCaseExecutor.accessMainPhase(TestCaseExecutor.java:410)
	at com.kms.katalon.core.main.TestCaseExecutor.execute(TestCaseExecutor.java:285)
	at com.kms.katalon.core.common.CommonExecutor.accessTestCaseMainPhase(CommonExecutor.java:65)
	at com.kms.katalon.core.main.TestSuiteExecutor.accessTestSuiteMainPhase(TestSuiteExecutor.java:150)
	at com.kms.katalon.core.main.TestSuiteExecutor.execute(TestSuiteExecutor.java:106)
	at com.kms.katalon.core.main.TestCaseMain.startTestSuite(TestCaseMain.java:180)
	at TempTestSuite1732749322373.run(TempTestSuite1732749322373.groovy:35)
	at java.base/jdk.internal.reflect.NativeMethodAccessorImpl.invoke0(Native Method)
	at java.base/jdk.internal.reflect.NativeMethodAccessorImpl.invoke(NativeMethodAccessorImpl.java:77)
	at java.base/jdk.internal.reflect.DelegatingMethodAccessorImpl.invoke(DelegatingMethodAccessorImpl.java:43)
Caused by: com.kms.katalon.core.exception.StepFailedException: Unable to click on object 'Object Repository/pago/Page_Olva Courier  Medios de pago/button_PAGAR'
	at com.kms.katalon.core.webui.keyword.internal.WebUIKeywordMain.stepFailed(WebUIKeywordMain.groovy:117)
	at com.kms.katalon.core.webui.keyword.internal.WebUIKeywordMain.runKeyword(WebUIKeywordMain.groovy:43)
	at com.kms.katalon.core.webui.keyword.builtin.ClickKeyword.click(ClickKeyword.groovy:74)
	at com.kms.katalon.core.webui.keyword.builtin.ClickKeyword.execute(ClickKeyword.groovy:40)
	at com.kms.katalon.core.keyword.internal.KeywordExecutor.executeKeywordForPlatform(KeywordExecutor.groovy:74)
	at com.kms.katalon.core.webui.keyword.WebUiBuiltInKeywords.click(WebUiBuiltInKeywords.groovy:659)
	at Pago-exitoso.run(Pago-exitoso:25)
	at com.kms.katalon.core.main.ScriptEngine.run(ScriptEngine.java:194)
	at com.kms.katalon.core.main.ScriptEngine.runScriptAsRawText(ScriptEngine.java:119)
	at com.kms.katalon.core.main.TestCaseExecutor.runScript(TestCaseExecutor.java:448)
	at com.kms.katalon.core.main.TestCaseExecutor.doExecute(TestCaseExecutor.java:439)
	at com.kms.katalon.core.main.TestCaseExecutor.processExecutionPhase(TestCaseExecutor.java:418)
	at com.kms.katalon.core.main.TestCaseExecutor.accessMainPhase(TestCaseExecutor.java:410)
	at com.kms.katalon.core.main.TestCaseExecutor.execute(TestCaseExecutor.java:285)
	at com.kms.katalon.core.main.TestCaseMain.runTestCase(TestCaseMain.java:137)
	at com.kms.katalon.core.keyword.builtin.CallTestCaseKeyword$_callTestCase_closure1.doCall(CallTestCaseKeyword.groovy:59)
	... 25 more
Caused by: com.kms.katalon.core.webui.exception.WebElementNotFoundException: Web element with id: 'Object Repository/pago/Page_Olva Courier  Medios de pago/button_PAGAR' located by '//*[@id="pagarTottem"]' not found
	at com.kms.katalon.core.webui.common.WebUiCommonHelper.findWebElement(WebUiCommonHelper.java:1419)
	at com.kms.katalon.core.webui.keyword.internal.WebUIAbstractKeyword.findWebElement(WebUIAbstractKeyword.groovy:27)
	at com.kms.katalon.core.webui.keyword.builtin.ClickKeyword$_click_closure1.doCall(ClickKeyword.groovy:65)
	at com.kms.katalon.core.webui.keyword.builtin.ClickKeyword$_click_closure1.call(ClickKeyword.groovy)
	at com.kms.katalon.core.webui.keyword.internal.WebUIKeywordMain.runKeyword(WebUIKeywordMain.groovy:35)
	... 39 more]]></system-err>
      </testcase>
      <testcase name="Test Cases/5.Empaques/4.Positivas/Comprar Empaques - DNI - Tienda" time="0.126" classname="Test Cases/5.Empaques/4.Positivas/Comprar Empaques - DNI - Tienda" status="ERROR">
         <error type="ERROR" message="Test Cases/5.Empaques/4.Positivas/Comprar Empaques - DNI - Tienda FAILED.&#xa;Reason:&#xa;java.lang.IllegalArgumentException: Cannot find test case 'Test Cases/Registro de Envio/Inicio de Registro'&#xa;	at com.kms.katalon.core.testcase.TestCaseFactory.findTestCase(TestCaseFactory.java:75)&#xa;	at Comprar Empaques - DNI - Tienda.run(Comprar Empaques - DNI - Tienda:22)&#xa;	at com.kms.katalon.core.main.ScriptEngine.run(ScriptEngine.java:194)&#xa;	at com.kms.katalon.core.main.ScriptEngine.runScriptAsRawText(ScriptEngine.java:119)&#xa;	at com.kms.katalon.core.main.TestCaseExecutor.runScript(TestCaseExecutor.java:448)&#xa;	at com.kms.katalon.core.main.TestCaseExecutor.doExecute(TestCaseExecutor.java:439)&#xa;	at com.kms.katalon.core.main.TestCaseExecutor.processExecutionPhase(TestCaseExecutor.java:418)&#xa;	at com.kms.katalon.core.main.TestCaseExecutor.accessMainPhase(TestCaseExecutor.java:410)&#xa;	at com.kms.katalon.core.main.TestCaseExecutor.execute(TestCaseExecutor.java:285)&#xa;	at com.kms.katalon.core.common.CommonExecutor.accessTestCaseMainPhase(CommonExecutor.java:65)&#xa;	at com.kms.katalon.core.main.TestSuiteExecutor.accessTestSuiteMainPhase(TestSuiteExecutor.java:150)&#xa;	at com.kms.katalon.core.main.TestSuiteExecutor.execute(TestSuiteExecutor.java:106)&#xa;	at com.kms.katalon.core.main.TestCaseMain.startTestSuite(TestCaseMain.java:180)&#xa;	at TempTestSuite1732749322373.run(TempTestSuite1732749322373.groovy:35)&#xa;	at java.base/jdk.internal.reflect.NativeMethodAccessorImpl.invoke0(Native Method)&#xa;	at java.base/jdk.internal.reflect.NativeMethodAccessorImpl.invoke(NativeMethodAccessorImpl.java:77)&#xa;	at java.base/jdk.internal.reflect.DelegatingMethodAccessorImpl.invoke(DelegatingMethodAccessorImpl.java:43)&#xa;"/>
         <system-out><![CDATA[27-11-2024T18:18:43 - [TEST_CASE][ERROR] - Test Cases/5.Empaques/4.Positivas/Comprar Empaques - DNI - Tienda: Test Cases/5.Empaques/4.Positivas/Comprar Empaques - DNI - Tienda FAILED.
Reason:
java.lang.IllegalArgumentException: Cannot find test case 'Test Cases/Registro de Envio/Inicio de Registro'
	at com.kms.katalon.core.testcase.TestCaseFactory.findTestCase(TestCaseFactory.java:75)
	at Comprar Empaques - DNI - Tienda.run(Comprar Empaques - DNI - Tienda:22)
	at com.kms.katalon.core.main.ScriptEngine.run(ScriptEngine.java:194)
	at com.kms.katalon.core.main.ScriptEngine.runScriptAsRawText(ScriptEngine.java:119)
	at com.kms.katalon.core.main.TestCaseExecutor.runScript(TestCaseExecutor.java:448)
	at com.kms.katalon.core.main.TestCaseExecutor.doExecute(TestCaseExecutor.java:439)
	at com.kms.katalon.core.main.TestCaseExecutor.processExecutionPhase(TestCaseExecutor.java:418)
	at com.kms.katalon.core.main.TestCaseExecutor.accessMainPhase(TestCaseExecutor.java:410)
	at com.kms.katalon.core.main.TestCaseExecutor.execute(TestCaseExecutor.java:285)
	at com.kms.katalon.core.common.CommonExecutor.accessTestCaseMainPhase(CommonExecutor.java:65)
	at com.kms.katalon.core.main.TestSuiteExecutor.accessTestSuiteMainPhase(TestSuiteExecutor.java:150)
	at com.kms.katalon.core.main.TestSuiteExecutor.execute(TestSuiteExecutor.java:106)
	at com.kms.katalon.core.main.TestCaseMain.startTestSuite(TestCaseMain.java:180)
	at TempTestSuite1732749322373.run(TempTestSuite1732749322373.groovy:35)
	at java.base/jdk.internal.reflect.NativeMethodAccessorImpl.invoke0(Native Method)
	at java.base/jdk.internal.reflect.NativeMethodAccessorImpl.invoke(NativeMethodAccessorImpl.java:77)
	at java.base/jdk.internal.reflect.DelegatingMethodAccessorImpl.invoke(DelegatingMethodAccessorImpl.java:43)


27-11-2024T18:18:43 - [TEST_STEP][ERROR] - callTestCase(findTestCase("Registro de Envio/Inicio de Registro"), [:], STOP_ON_FAILURE): Test Cases/5.Empaques/4.Positivas/Comprar Empaques - DNI - Tienda FAILED.
Reason:
java.lang.IllegalArgumentException: Cannot find test case 'Test Cases/Registro de Envio/Inicio de Registro'
	at com.kms.katalon.core.testcase.TestCaseFactory.findTestCase(TestCaseFactory.java:75)
	at Comprar Empaques - DNI - Tienda.run(Comprar Empaques - DNI - Tienda:22)
	at com.kms.katalon.core.main.ScriptEngine.run(ScriptEngine.java:194)
	at com.kms.katalon.core.main.ScriptEngine.runScriptAsRawText(ScriptEngine.java:119)
	at com.kms.katalon.core.main.TestCaseExecutor.runScript(TestCaseExecutor.java:448)
	at com.kms.katalon.core.main.TestCaseExecutor.doExecute(TestCaseExecutor.java:439)
	at com.kms.katalon.core.main.TestCaseExecutor.processExecutionPhase(TestCaseExecutor.java:418)
	at com.kms.katalon.core.main.TestCaseExecutor.accessMainPhase(TestCaseExecutor.java:410)
	at com.kms.katalon.core.main.TestCaseExecutor.execute(TestCaseExecutor.java:285)
	at com.kms.katalon.core.common.CommonExecutor.accessTestCaseMainPhase(CommonExecutor.java:65)
	at com.kms.katalon.core.main.TestSuiteExecutor.accessTestSuiteMainPhase(TestSuiteExecutor.java:150)
	at com.kms.katalon.core.main.TestSuiteExecutor.execute(TestSuiteExecutor.java:106)
	at com.kms.katalon.core.main.TestCaseMain.startTestSuite(TestCaseMain.java:180)
	at TempTestSuite1732749322373.run(TempTestSuite1732749322373.groovy:35)
	at java.base/jdk.internal.reflect.NativeMethodAccessorImpl.invoke0(Native Method)
	at java.base/jdk.internal.reflect.NativeMethodAccessorImpl.invoke(NativeMethodAccessorImpl.java:77)
	at java.base/jdk.internal.reflect.DelegatingMethodAccessorImpl.invoke(DelegatingMethodAccessorImpl.java:43)


27-11-2024T18:18:43 - [MESSAGE][ERROR] - Test Cases/5.Empaques/4.Positivas/Comprar Empaques - DNI - Tienda FAILED.
Reason:
java.lang.IllegalArgumentException: Cannot find test case 'Test Cases/Registro de Envio/Inicio de Registro'
	at com.kms.katalon.core.testcase.TestCaseFactory.findTestCase(TestCaseFactory.java:75)
	at Comprar Empaques - DNI - Tienda.run(Comprar Empaques - DNI - Tienda:22)
	at com.kms.katalon.core.main.ScriptEngine.run(ScriptEngine.java:194)
	at com.kms.katalon.core.main.ScriptEngine.runScriptAsRawText(ScriptEngine.java:119)
	at com.kms.katalon.core.main.TestCaseExecutor.runScript(TestCaseExecutor.java:448)
	at com.kms.katalon.core.main.TestCaseExecutor.doExecute(TestCaseExecutor.java:439)
	at com.kms.katalon.core.main.TestCaseExecutor.processExecutionPhase(TestCaseExecutor.java:418)
	at com.kms.katalon.core.main.TestCaseExecutor.accessMainPhase(TestCaseExecutor.java:410)
	at com.kms.katalon.core.main.TestCaseExecutor.execute(TestCaseExecutor.java:285)
	at com.kms.katalon.core.common.CommonExecutor.accessTestCaseMainPhase(CommonExecutor.java:65)
	at com.kms.katalon.core.main.TestSuiteExecutor.accessTestSuiteMainPhase(TestSuiteExecutor.java:150)
	at com.kms.katalon.core.main.TestSuiteExecutor.execute(TestSuiteExecutor.java:106)
	at com.kms.katalon.core.main.TestCaseMain.startTestSuite(TestCaseMain.java:180)
	at TempTestSuite1732749322373.run(TempTestSuite1732749322373.groovy:35)
	at java.base/jdk.internal.reflect.NativeMethodAccessorImpl.invoke0(Native Method)
	at java.base/jdk.internal.reflect.NativeMethodAccessorImpl.invoke(NativeMethodAccessorImpl.java:77)
	at java.base/jdk.internal.reflect.DelegatingMethodAccessorImpl.invoke(DelegatingMethodAccessorImpl.java:43)]]></system-out>
         <system-err><![CDATA[27-11-2024T18:18:43 - [TEST_CASE][ERROR] - Test Cases/5.Empaques/4.Positivas/Comprar Empaques - DNI - Tienda: Test Cases/5.Empaques/4.Positivas/Comprar Empaques - DNI - Tienda FAILED.
Reason:
java.lang.IllegalArgumentException: Cannot find test case 'Test Cases/Registro de Envio/Inicio de Registro'
	at com.kms.katalon.core.testcase.TestCaseFactory.findTestCase(TestCaseFactory.java:75)
	at Comprar Empaques - DNI - Tienda.run(Comprar Empaques - DNI - Tienda:22)
	at com.kms.katalon.core.main.ScriptEngine.run(ScriptEngine.java:194)
	at com.kms.katalon.core.main.ScriptEngine.runScriptAsRawText(ScriptEngine.java:119)
	at com.kms.katalon.core.main.TestCaseExecutor.runScript(TestCaseExecutor.java:448)
	at com.kms.katalon.core.main.TestCaseExecutor.doExecute(TestCaseExecutor.java:439)
	at com.kms.katalon.core.main.TestCaseExecutor.processExecutionPhase(TestCaseExecutor.java:418)
	at com.kms.katalon.core.main.TestCaseExecutor.accessMainPhase(TestCaseExecutor.java:410)
	at com.kms.katalon.core.main.TestCaseExecutor.execute(TestCaseExecutor.java:285)
	at com.kms.katalon.core.common.CommonExecutor.accessTestCaseMainPhase(CommonExecutor.java:65)
	at com.kms.katalon.core.main.TestSuiteExecutor.accessTestSuiteMainPhase(TestSuiteExecutor.java:150)
	at com.kms.katalon.core.main.TestSuiteExecutor.execute(TestSuiteExecutor.java:106)
	at com.kms.katalon.core.main.TestCaseMain.startTestSuite(TestCaseMain.java:180)
	at TempTestSuite1732749322373.run(TempTestSuite1732749322373.groovy:35)
	at java.base/jdk.internal.reflect.NativeMethodAccessorImpl.invoke0(Native Method)
	at java.base/jdk.internal.reflect.NativeMethodAccessorImpl.invoke(NativeMethodAccessorImpl.java:77)
	at java.base/jdk.internal.reflect.DelegatingMethodAccessorImpl.invoke(DelegatingMethodAccessorImpl.java:43)]]></system-err>
      </testcase>
      <testcase name="Test Cases/5.Empaques/4.Positivas/Comprar Empaques - Olvacorp" time="0.135" classname="Test Cases/5.Empaques/4.Positivas/Comprar Empaques - Olvacorp" status="ERROR">
         <error type="ERROR" message="Test Cases/5.Empaques/4.Positivas/Comprar Empaques - Olvacorp FAILED.&#xa;Reason:&#xa;java.lang.IllegalArgumentException: Cannot find test case 'Test Cases/Registro de Envio/Inicio de Registro'&#xa;	at com.kms.katalon.core.testcase.TestCaseFactory.findTestCase(TestCaseFactory.java:75)&#xa;	at Comprar Empaques - Olvacorp.run(Comprar Empaques - Olvacorp:22)&#xa;	at com.kms.katalon.core.main.ScriptEngine.run(ScriptEngine.java:194)&#xa;	at com.kms.katalon.core.main.ScriptEngine.runScriptAsRawText(ScriptEngine.java:119)&#xa;	at com.kms.katalon.core.main.TestCaseExecutor.runScript(TestCaseExecutor.java:448)&#xa;	at com.kms.katalon.core.main.TestCaseExecutor.doExecute(TestCaseExecutor.java:439)&#xa;	at com.kms.katalon.core.main.TestCaseExecutor.processExecutionPhase(TestCaseExecutor.java:418)&#xa;	at com.kms.katalon.core.main.TestCaseExecutor.accessMainPhase(TestCaseExecutor.java:410)&#xa;	at com.kms.katalon.core.main.TestCaseExecutor.execute(TestCaseExecutor.java:285)&#xa;	at com.kms.katalon.core.common.CommonExecutor.accessTestCaseMainPhase(CommonExecutor.java:65)&#xa;	at com.kms.katalon.core.main.TestSuiteExecutor.accessTestSuiteMainPhase(TestSuiteExecutor.java:150)&#xa;	at com.kms.katalon.core.main.TestSuiteExecutor.execute(TestSuiteExecutor.java:106)&#xa;	at com.kms.katalon.core.main.TestCaseMain.startTestSuite(TestCaseMain.java:180)&#xa;	at TempTestSuite1732749322373.run(TempTestSuite1732749322373.groovy:35)&#xa;	at java.base/jdk.internal.reflect.NativeMethodAccessorImpl.invoke0(Native Method)&#xa;	at java.base/jdk.internal.reflect.NativeMethodAccessorImpl.invoke(NativeMethodAccessorImpl.java:77)&#xa;	at java.base/jdk.internal.reflect.DelegatingMethodAccessorImpl.invoke(DelegatingMethodAccessorImpl.java:43)&#xa;"/>
         <system-out><![CDATA[27-11-2024T18:18:43 - [TEST_CASE][ERROR] - Test Cases/5.Empaques/4.Positivas/Comprar Empaques - Olvacorp: Test Cases/5.Empaques/4.Positivas/Comprar Empaques - Olvacorp FAILED.
Reason:
java.lang.IllegalArgumentException: Cannot find test case 'Test Cases/Registro de Envio/Inicio de Registro'
	at com.kms.katalon.core.testcase.TestCaseFactory.findTestCase(TestCaseFactory.java:75)
	at Comprar Empaques - Olvacorp.run(Comprar Empaques - Olvacorp:22)
	at com.kms.katalon.core.main.ScriptEngine.run(ScriptEngine.java:194)
	at com.kms.katalon.core.main.ScriptEngine.runScriptAsRawText(ScriptEngine.java:119)
	at com.kms.katalon.core.main.TestCaseExecutor.runScript(TestCaseExecutor.java:448)
	at com.kms.katalon.core.main.TestCaseExecutor.doExecute(TestCaseExecutor.java:439)
	at com.kms.katalon.core.main.TestCaseExecutor.processExecutionPhase(TestCaseExecutor.java:418)
	at com.kms.katalon.core.main.TestCaseExecutor.accessMainPhase(TestCaseExecutor.java:410)
	at com.kms.katalon.core.main.TestCaseExecutor.execute(TestCaseExecutor.java:285)
	at com.kms.katalon.core.common.CommonExecutor.accessTestCaseMainPhase(CommonExecutor.java:65)
	at com.kms.katalon.core.main.TestSuiteExecutor.accessTestSuiteMainPhase(TestSuiteExecutor.java:150)
	at com.kms.katalon.core.main.TestSuiteExecutor.execute(TestSuiteExecutor.java:106)
	at com.kms.katalon.core.main.TestCaseMain.startTestSuite(TestCaseMain.java:180)
	at TempTestSuite1732749322373.run(TempTestSuite1732749322373.groovy:35)
	at java.base/jdk.internal.reflect.NativeMethodAccessorImpl.invoke0(Native Method)
	at java.base/jdk.internal.reflect.NativeMethodAccessorImpl.invoke(NativeMethodAccessorImpl.java:77)
	at java.base/jdk.internal.reflect.DelegatingMethodAccessorImpl.invoke(DelegatingMethodAccessorImpl.java:43)


27-11-2024T18:18:43 - [TEST_STEP][ERROR] - callTestCase(findTestCase("Registro de Envio/Inicio de Registro"), [:], STOP_ON_FAILURE): Test Cases/5.Empaques/4.Positivas/Comprar Empaques - Olvacorp FAILED.
Reason:
java.lang.IllegalArgumentException: Cannot find test case 'Test Cases/Registro de Envio/Inicio de Registro'
	at com.kms.katalon.core.testcase.TestCaseFactory.findTestCase(TestCaseFactory.java:75)
	at Comprar Empaques - Olvacorp.run(Comprar Empaques - Olvacorp:22)
	at com.kms.katalon.core.main.ScriptEngine.run(ScriptEngine.java:194)
	at com.kms.katalon.core.main.ScriptEngine.runScriptAsRawText(ScriptEngine.java:119)
	at com.kms.katalon.core.main.TestCaseExecutor.runScript(TestCaseExecutor.java:448)
	at com.kms.katalon.core.main.TestCaseExecutor.doExecute(TestCaseExecutor.java:439)
	at com.kms.katalon.core.main.TestCaseExecutor.processExecutionPhase(TestCaseExecutor.java:418)
	at com.kms.katalon.core.main.TestCaseExecutor.accessMainPhase(TestCaseExecutor.java:410)
	at com.kms.katalon.core.main.TestCaseExecutor.execute(TestCaseExecutor.java:285)
	at com.kms.katalon.core.common.CommonExecutor.accessTestCaseMainPhase(CommonExecutor.java:65)
	at com.kms.katalon.core.main.TestSuiteExecutor.accessTestSuiteMainPhase(TestSuiteExecutor.java:150)
	at com.kms.katalon.core.main.TestSuiteExecutor.execute(TestSuiteExecutor.java:106)
	at com.kms.katalon.core.main.TestCaseMain.startTestSuite(TestCaseMain.java:180)
	at TempTestSuite1732749322373.run(TempTestSuite1732749322373.groovy:35)
	at java.base/jdk.internal.reflect.NativeMethodAccessorImpl.invoke0(Native Method)
	at java.base/jdk.internal.reflect.NativeMethodAccessorImpl.invoke(NativeMethodAccessorImpl.java:77)
	at java.base/jdk.internal.reflect.DelegatingMethodAccessorImpl.invoke(DelegatingMethodAccessorImpl.java:43)


27-11-2024T18:18:43 - [MESSAGE][ERROR] - Test Cases/5.Empaques/4.Positivas/Comprar Empaques - Olvacorp FAILED.
Reason:
java.lang.IllegalArgumentException: Cannot find test case 'Test Cases/Registro de Envio/Inicio de Registro'
	at com.kms.katalon.core.testcase.TestCaseFactory.findTestCase(TestCaseFactory.java:75)
	at Comprar Empaques - Olvacorp.run(Comprar Empaques - Olvacorp:22)
	at com.kms.katalon.core.main.ScriptEngine.run(ScriptEngine.java:194)
	at com.kms.katalon.core.main.ScriptEngine.runScriptAsRawText(ScriptEngine.java:119)
	at com.kms.katalon.core.main.TestCaseExecutor.runScript(TestCaseExecutor.java:448)
	at com.kms.katalon.core.main.TestCaseExecutor.doExecute(TestCaseExecutor.java:439)
	at com.kms.katalon.core.main.TestCaseExecutor.processExecutionPhase(TestCaseExecutor.java:418)
	at com.kms.katalon.core.main.TestCaseExecutor.accessMainPhase(TestCaseExecutor.java:410)
	at com.kms.katalon.core.main.TestCaseExecutor.execute(TestCaseExecutor.java:285)
	at com.kms.katalon.core.common.CommonExecutor.accessTestCaseMainPhase(CommonExecutor.java:65)
	at com.kms.katalon.core.main.TestSuiteExecutor.accessTestSuiteMainPhase(TestSuiteExecutor.java:150)
	at com.kms.katalon.core.main.TestSuiteExecutor.execute(TestSuiteExecutor.java:106)
	at com.kms.katalon.core.main.TestCaseMain.startTestSuite(TestCaseMain.java:180)
	at TempTestSuite1732749322373.run(TempTestSuite1732749322373.groovy:35)
	at java.base/jdk.internal.reflect.NativeMethodAccessorImpl.invoke0(Native Method)
	at java.base/jdk.internal.reflect.NativeMethodAccessorImpl.invoke(NativeMethodAccessorImpl.java:77)
	at java.base/jdk.internal.reflect.DelegatingMethodAccessorImpl.invoke(DelegatingMethodAccessorImpl.java:43)]]></system-out>
         <system-err><![CDATA[27-11-2024T18:18:43 - [TEST_CASE][ERROR] - Test Cases/5.Empaques/4.Positivas/Comprar Empaques - Olvacorp: Test Cases/5.Empaques/4.Positivas/Comprar Empaques - Olvacorp FAILED.
Reason:
java.lang.IllegalArgumentException: Cannot find test case 'Test Cases/Registro de Envio/Inicio de Registro'
	at com.kms.katalon.core.testcase.TestCaseFactory.findTestCase(TestCaseFactory.java:75)
	at Comprar Empaques - Olvacorp.run(Comprar Empaques - Olvacorp:22)
	at com.kms.katalon.core.main.ScriptEngine.run(ScriptEngine.java:194)
	at com.kms.katalon.core.main.ScriptEngine.runScriptAsRawText(ScriptEngine.java:119)
	at com.kms.katalon.core.main.TestCaseExecutor.runScript(TestCaseExecutor.java:448)
	at com.kms.katalon.core.main.TestCaseExecutor.doExecute(TestCaseExecutor.java:439)
	at com.kms.katalon.core.main.TestCaseExecutor.processExecutionPhase(TestCaseExecutor.java:418)
	at com.kms.katalon.core.main.TestCaseExecutor.accessMainPhase(TestCaseExecutor.java:410)
	at com.kms.katalon.core.main.TestCaseExecutor.execute(TestCaseExecutor.java:285)
	at com.kms.katalon.core.common.CommonExecutor.accessTestCaseMainPhase(CommonExecutor.java:65)
	at com.kms.katalon.core.main.TestSuiteExecutor.accessTestSuiteMainPhase(TestSuiteExecutor.java:150)
	at com.kms.katalon.core.main.TestSuiteExecutor.execute(TestSuiteExecutor.java:106)
	at com.kms.katalon.core.main.TestCaseMain.startTestSuite(TestCaseMain.java:180)
	at TempTestSuite1732749322373.run(TempTestSuite1732749322373.groovy:35)
	at java.base/jdk.internal.reflect.NativeMethodAccessorImpl.invoke0(Native Method)
	at java.base/jdk.internal.reflect.NativeMethodAccessorImpl.invoke(NativeMethodAccessorImpl.java:77)
	at java.base/jdk.internal.reflect.DelegatingMethodAccessorImpl.invoke(DelegatingMethodAccessorImpl.java:43)]]></system-err>
      </testcase>
      <testcase name="Test Cases/5.Empaques/4.Positivas/Comprar Empaques - RUC - Tienda" time="0.141" classname="Test Cases/5.Empaques/4.Positivas/Comprar Empaques - RUC - Tienda" status="ERROR">
         <error type="ERROR" message="Test Cases/5.Empaques/4.Positivas/Comprar Empaques - RUC - Tienda FAILED.&#xa;Reason:&#xa;java.lang.IllegalArgumentException: Cannot find test case 'Test Cases/Registro de Envio/Inicio de Registro'&#xa;	at com.kms.katalon.core.testcase.TestCaseFactory.findTestCase(TestCaseFactory.java:75)&#xa;	at Comprar Empaques - RUC - Tienda.run(Comprar Empaques - RUC - Tienda:22)&#xa;	at com.kms.katalon.core.main.ScriptEngine.run(ScriptEngine.java:194)&#xa;	at com.kms.katalon.core.main.ScriptEngine.runScriptAsRawText(ScriptEngine.java:119)&#xa;	at com.kms.katalon.core.main.TestCaseExecutor.runScript(TestCaseExecutor.java:448)&#xa;	at com.kms.katalon.core.main.TestCaseExecutor.doExecute(TestCaseExecutor.java:439)&#xa;	at com.kms.katalon.core.main.TestCaseExecutor.processExecutionPhase(TestCaseExecutor.java:418)&#xa;	at com.kms.katalon.core.main.TestCaseExecutor.accessMainPhase(TestCaseExecutor.java:410)&#xa;	at com.kms.katalon.core.main.TestCaseExecutor.execute(TestCaseExecutor.java:285)&#xa;	at com.kms.katalon.core.common.CommonExecutor.accessTestCaseMainPhase(CommonExecutor.java:65)&#xa;	at com.kms.katalon.core.main.TestSuiteExecutor.accessTestSuiteMainPhase(TestSuiteExecutor.java:150)&#xa;	at com.kms.katalon.core.main.TestSuiteExecutor.execute(TestSuiteExecutor.java:106)&#xa;	at com.kms.katalon.core.main.TestCaseMain.startTestSuite(TestCaseMain.java:180)&#xa;	at TempTestSuite1732749322373.run(TempTestSuite1732749322373.groovy:35)&#xa;	at java.base/jdk.internal.reflect.NativeMethodAccessorImpl.invoke0(Native Method)&#xa;	at java.base/jdk.internal.reflect.NativeMethodAccessorImpl.invoke(NativeMethodAccessorImpl.java:77)&#xa;	at java.base/jdk.internal.reflect.DelegatingMethodAccessorImpl.invoke(DelegatingMethodAccessorImpl.java:43)&#xa;"/>
         <system-out><![CDATA[27-11-2024T18:18:43 - [TEST_CASE][ERROR] - Test Cases/5.Empaques/4.Positivas/Comprar Empaques - RUC - Tienda: Test Cases/5.Empaques/4.Positivas/Comprar Empaques - RUC - Tienda FAILED.
Reason:
java.lang.IllegalArgumentException: Cannot find test case 'Test Cases/Registro de Envio/Inicio de Registro'
	at com.kms.katalon.core.testcase.TestCaseFactory.findTestCase(TestCaseFactory.java:75)
	at Comprar Empaques - RUC - Tienda.run(Comprar Empaques - RUC - Tienda:22)
	at com.kms.katalon.core.main.ScriptEngine.run(ScriptEngine.java:194)
	at com.kms.katalon.core.main.ScriptEngine.runScriptAsRawText(ScriptEngine.java:119)
	at com.kms.katalon.core.main.TestCaseExecutor.runScript(TestCaseExecutor.java:448)
	at com.kms.katalon.core.main.TestCaseExecutor.doExecute(TestCaseExecutor.java:439)
	at com.kms.katalon.core.main.TestCaseExecutor.processExecutionPhase(TestCaseExecutor.java:418)
	at com.kms.katalon.core.main.TestCaseExecutor.accessMainPhase(TestCaseExecutor.java:410)
	at com.kms.katalon.core.main.TestCaseExecutor.execute(TestCaseExecutor.java:285)
	at com.kms.katalon.core.common.CommonExecutor.accessTestCaseMainPhase(CommonExecutor.java:65)
	at com.kms.katalon.core.main.TestSuiteExecutor.accessTestSuiteMainPhase(TestSuiteExecutor.java:150)
	at com.kms.katalon.core.main.TestSuiteExecutor.execute(TestSuiteExecutor.java:106)
	at com.kms.katalon.core.main.TestCaseMain.startTestSuite(TestCaseMain.java:180)
	at TempTestSuite1732749322373.run(TempTestSuite1732749322373.groovy:35)
	at java.base/jdk.internal.reflect.NativeMethodAccessorImpl.invoke0(Native Method)
	at java.base/jdk.internal.reflect.NativeMethodAccessorImpl.invoke(NativeMethodAccessorImpl.java:77)
	at java.base/jdk.internal.reflect.DelegatingMethodAccessorImpl.invoke(DelegatingMethodAccessorImpl.java:43)


27-11-2024T18:18:44 - [TEST_STEP][ERROR] - callTestCase(findTestCase("Registro de Envio/Inicio de Registro"), [:], STOP_ON_FAILURE): Test Cases/5.Empaques/4.Positivas/Comprar Empaques - RUC - Tienda FAILED.
Reason:
java.lang.IllegalArgumentException: Cannot find test case 'Test Cases/Registro de Envio/Inicio de Registro'
	at com.kms.katalon.core.testcase.TestCaseFactory.findTestCase(TestCaseFactory.java:75)
	at Comprar Empaques - RUC - Tienda.run(Comprar Empaques - RUC - Tienda:22)
	at com.kms.katalon.core.main.ScriptEngine.run(ScriptEngine.java:194)
	at com.kms.katalon.core.main.ScriptEngine.runScriptAsRawText(ScriptEngine.java:119)
	at com.kms.katalon.core.main.TestCaseExecutor.runScript(TestCaseExecutor.java:448)
	at com.kms.katalon.core.main.TestCaseExecutor.doExecute(TestCaseExecutor.java:439)
	at com.kms.katalon.core.main.TestCaseExecutor.processExecutionPhase(TestCaseExecutor.java:418)
	at com.kms.katalon.core.main.TestCaseExecutor.accessMainPhase(TestCaseExecutor.java:410)
	at com.kms.katalon.core.main.TestCaseExecutor.execute(TestCaseExecutor.java:285)
	at com.kms.katalon.core.common.CommonExecutor.accessTestCaseMainPhase(CommonExecutor.java:65)
	at com.kms.katalon.core.main.TestSuiteExecutor.accessTestSuiteMainPhase(TestSuiteExecutor.java:150)
	at com.kms.katalon.core.main.TestSuiteExecutor.execute(TestSuiteExecutor.java:106)
	at com.kms.katalon.core.main.TestCaseMain.startTestSuite(TestCaseMain.java:180)
	at TempTestSuite1732749322373.run(TempTestSuite1732749322373.groovy:35)
	at java.base/jdk.internal.reflect.NativeMethodAccessorImpl.invoke0(Native Method)
	at java.base/jdk.internal.reflect.NativeMethodAccessorImpl.invoke(NativeMethodAccessorImpl.java:77)
	at java.base/jdk.internal.reflect.DelegatingMethodAccessorImpl.invoke(DelegatingMethodAccessorImpl.java:43)


27-11-2024T18:18:44 - [MESSAGE][ERROR] - Test Cases/5.Empaques/4.Positivas/Comprar Empaques - RUC - Tienda FAILED.
Reason:
java.lang.IllegalArgumentException: Cannot find test case 'Test Cases/Registro de Envio/Inicio de Registro'
	at com.kms.katalon.core.testcase.TestCaseFactory.findTestCase(TestCaseFactory.java:75)
	at Comprar Empaques - RUC - Tienda.run(Comprar Empaques - RUC - Tienda:22)
	at com.kms.katalon.core.main.ScriptEngine.run(ScriptEngine.java:194)
	at com.kms.katalon.core.main.ScriptEngine.runScriptAsRawText(ScriptEngine.java:119)
	at com.kms.katalon.core.main.TestCaseExecutor.runScript(TestCaseExecutor.java:448)
	at com.kms.katalon.core.main.TestCaseExecutor.doExecute(TestCaseExecutor.java:439)
	at com.kms.katalon.core.main.TestCaseExecutor.processExecutionPhase(TestCaseExecutor.java:418)
	at com.kms.katalon.core.main.TestCaseExecutor.accessMainPhase(TestCaseExecutor.java:410)
	at com.kms.katalon.core.main.TestCaseExecutor.execute(TestCaseExecutor.java:285)
	at com.kms.katalon.core.common.CommonExecutor.accessTestCaseMainPhase(CommonExecutor.java:65)
	at com.kms.katalon.core.main.TestSuiteExecutor.accessTestSuiteMainPhase(TestSuiteExecutor.java:150)
	at com.kms.katalon.core.main.TestSuiteExecutor.execute(TestSuiteExecutor.java:106)
	at com.kms.katalon.core.main.TestCaseMain.startTestSuite(TestCaseMain.java:180)
	at TempTestSuite1732749322373.run(TempTestSuite1732749322373.groovy:35)
	at java.base/jdk.internal.reflect.NativeMethodAccessorImpl.invoke0(Native Method)
	at java.base/jdk.internal.reflect.NativeMethodAccessorImpl.invoke(NativeMethodAccessorImpl.java:77)
	at java.base/jdk.internal.reflect.DelegatingMethodAccessorImpl.invoke(DelegatingMethodAccessorImpl.java:43)]]></system-out>
         <system-err><![CDATA[27-11-2024T18:18:43 - [TEST_CASE][ERROR] - Test Cases/5.Empaques/4.Positivas/Comprar Empaques - RUC - Tienda: Test Cases/5.Empaques/4.Positivas/Comprar Empaques - RUC - Tienda FAILED.
Reason:
java.lang.IllegalArgumentException: Cannot find test case 'Test Cases/Registro de Envio/Inicio de Registro'
	at com.kms.katalon.core.testcase.TestCaseFactory.findTestCase(TestCaseFactory.java:75)
	at Comprar Empaques - RUC - Tienda.run(Comprar Empaques - RUC - Tienda:22)
	at com.kms.katalon.core.main.ScriptEngine.run(ScriptEngine.java:194)
	at com.kms.katalon.core.main.ScriptEngine.runScriptAsRawText(ScriptEngine.java:119)
	at com.kms.katalon.core.main.TestCaseExecutor.runScript(TestCaseExecutor.java:448)
	at com.kms.katalon.core.main.TestCaseExecutor.doExecute(TestCaseExecutor.java:439)
	at com.kms.katalon.core.main.TestCaseExecutor.processExecutionPhase(TestCaseExecutor.java:418)
	at com.kms.katalon.core.main.TestCaseExecutor.accessMainPhase(TestCaseExecutor.java:410)
	at com.kms.katalon.core.main.TestCaseExecutor.execute(TestCaseExecutor.java:285)
	at com.kms.katalon.core.common.CommonExecutor.accessTestCaseMainPhase(CommonExecutor.java:65)
	at com.kms.katalon.core.main.TestSuiteExecutor.accessTestSuiteMainPhase(TestSuiteExecutor.java:150)
	at com.kms.katalon.core.main.TestSuiteExecutor.execute(TestSuiteExecutor.java:106)
	at com.kms.katalon.core.main.TestCaseMain.startTestSuite(TestCaseMain.java:180)
	at TempTestSuite1732749322373.run(TempTestSuite1732749322373.groovy:35)
	at java.base/jdk.internal.reflect.NativeMethodAccessorImpl.invoke0(Native Method)
	at java.base/jdk.internal.reflect.NativeMethodAccessorImpl.invoke(NativeMethodAccessorImpl.java:77)
	at java.base/jdk.internal.reflect.DelegatingMethodAccessorImpl.invoke(DelegatingMethodAccessorImpl.java:43)]]></system-err>
      </testcase>
      <testcase name="Test Cases/5.Empaques/4.Positivas/Empaques AIMO" time="31.478" classname="Test Cases/5.Empaques/4.Positivas/Empaques AIMO" status="PASSED">
         <system-out><![CDATA[27-11-2024T18:18:44 - [TEST_CASE][PASSED] - Test Cases/5.Empaques/4.Positivas/Empaques AIMO: Test Cases/5.Empaques/4.Positivas/Empaques AIMO

27-11-2024T18:18:44 - [TEST_STEP][PASSED] - openBrowser(""): Browser is opened with url: ''

27-11-2024T18:18:44 - [MESSAGE][WARNING] - A browser is already opened. Closing browser and opening a new one

27-11-2024T18:18:45 - [MESSAGE][INFO] - Starting 'Firefox' driver

27-11-2024T18:18:45 - [MESSAGE][INFO] - Action delay is set to 0 milliseconds

27-11-2024T18:18:55 - [MESSAGE][PASSED] - Browser is opened with url: ''

27-11-2024T18:18:55 - [TEST_STEP][PASSED] - navigateToUrl("https://app.aimo.co"): Navigate to 'https://app.aimo.co' successfully

27-11-2024T18:19:02 - [MESSAGE][PASSED] - Navigate to 'https://app.aimo.co' successfully

27-11-2024T18:19:02 - [TEST_STEP][PASSED] - maximizeWindow(STOP_ON_FAILURE): Current window maximized

27-11-2024T18:19:02 - [MESSAGE][PASSED] - Current window maximized

27-11-2024T18:19:02 - [TEST_STEP][PASSED] - setText(findTestObject("Object Repository/Comprar Empaques/Page_Aimo Dashboard/input_Ingresar_MuiInputBase-input MuiInput-input"), "fulfillment@olva.com.pe"): Text 'fulfillment@olva.com.pe' is set on object 'Object Repository/Comprar Empaques/Page_Aimo Dashboard/input_Ingresar_MuiInputBase-input MuiInput-input'

27-11-2024T18:19:04 - [MESSAGE][PASSED] - Text 'fulfillment@olva.com.pe' is set on object 'Object Repository/Comprar Empaques/Page_Aimo Dashboard/input_Ingresar_MuiInputBase-input MuiInput-input'

27-11-2024T18:19:04 - [TEST_STEP][PASSED] - click(findTestObject("Object Repository/Comprar Empaques/Page_Aimo Dashboard/input_Ingresar_MuiInputBase-input MuiInput-_643b93"), STOP_ON_FAILURE): Object: 'Object Repository/Comprar Empaques/Page_Aimo Dashboard/input_Ingresar_MuiInputBase-input MuiInput-_643b93' is clicked on

27-11-2024T18:19:05 - [MESSAGE][PASSED] - Object: 'Object Repository/Comprar Empaques/Page_Aimo Dashboard/input_Ingresar_MuiInputBase-input MuiInput-_643b93' is clicked on

27-11-2024T18:19:05 - [TEST_STEP][PASSED] - setEncryptedText(findTestObject("Object Repository/Comprar Empaques/Page_Aimo Dashboard/input_Ingresar_MuiInputBase-input MuiInput-_643b93"), "NEzHLWrOQcYvsbSxoLQLQw=="): Text ****** has been set on object 'Object Repository/Comprar Empaques/Page_Aimo Dashboard/input_Ingresar_MuiInputBase-input MuiInput-_643b93'

27-11-2024T18:19:05 - [MESSAGE][PASSED] - Text ****** has been set on object 'Object Repository/Comprar Empaques/Page_Aimo Dashboard/input_Ingresar_MuiInputBase-input MuiInput-_643b93'

27-11-2024T18:19:05 - [TEST_STEP][PASSED] - click(findTestObject("Object Repository/Comprar Empaques/Page_Aimo Dashboard/button_Iniciar sesin")): Object: 'Object Repository/Comprar Empaques/Page_Aimo Dashboard/button_Iniciar sesin' is clicked on

27-11-2024T18:19:06 - [MESSAGE][PASSED] - Object: 'Object Repository/Comprar Empaques/Page_Aimo Dashboard/button_Iniciar sesin' is clicked on

27-11-2024T18:19:06 - [TEST_STEP][PASSED] - click(findTestObject("Object Repository/Comprar Empaques/Page_Aimo Dashboard/svg_Ver tienda_sc-AykKH LFzel")): Object: 'Object Repository/Comprar Empaques/Page_Aimo Dashboard/svg_Ver tienda_sc-AykKH LFzel' is clicked on

27-11-2024T18:19:10 - [MESSAGE][PASSED] - Object: 'Object Repository/Comprar Empaques/Page_Aimo Dashboard/svg_Ver tienda_sc-AykKH LFzel' is clicked on

27-11-2024T18:19:10 - [TEST_STEP][PASSED] - click(findTestObject("Object Repository/Comprar Empaques/Page_Aimo Dashboard/a_Ver tienda_sc-LzLqK fSTtFv")): Object: 'Object Repository/Comprar Empaques/Page_Aimo Dashboard/a_Ver tienda_sc-LzLqK fSTtFv' is clicked on

27-11-2024T18:19:10 - [MESSAGE][PASSED] - Object: 'Object Repository/Comprar Empaques/Page_Aimo Dashboard/a_Ver tienda_sc-LzLqK fSTtFv' is clicked on

27-11-2024T18:19:10 - [TEST_STEP][PASSED] - click(findTestObject("Object Repository/Comprar Empaques/Page_Aimo Dashboard/checkbox_AIMO"), STOP_ON_FAILURE): Object: 'Object Repository/Comprar Empaques/Page_Aimo Dashboard/checkbox_AIMO' is clicked on

27-11-2024T18:19:12 - [MESSAGE][PASSED] - Object: 'Object Repository/Comprar Empaques/Page_Aimo Dashboard/checkbox_AIMO' is clicked on

27-11-2024T18:19:12 - [TEST_STEP][PASSED] - verifyTextPresent("S/. 0", false): Text 'S/. 0' is present on page 

27-11-2024T18:19:14 - [MESSAGE][PASSED] - Text 'S/. 0' is present on page 

27-11-2024T18:19:14 - [TEST_STEP][PASSED] - verifyTextPresent("S/. 0.00", false): Text 'S/. 0.00' is present on page 

27-11-2024T18:19:15 - [MESSAGE][PASSED] - Text 'S/. 0.00' is present on page]]></system-out>
         <system-err><![CDATA[]]></system-err>
      </testcase>
      <testcase name="Test Cases/5.Empaques/4.Positivas/Empaques Olvacorp" time="0.582" classname="Test Cases/5.Empaques/4.Positivas/Empaques Olvacorp" status="ERROR">
         <error type="ERROR" message="Test Cases/5.Empaques/4.Positivas/Empaques Olvacorp FAILED.&#xa;Reason:&#xa;com.kms.katalon.core.exception.StepErrorException: Call Test Case 'Test Cases/5.Empaques/4.Positivas/Comprar Empaques - Olvacorp' failed because of error(s)&#xa;	at com.kms.katalon.core.keyword.builtin.CallTestCaseKeyword$_callTestCase_closure1.doCall(CallTestCaseKeyword.groovy:66)&#xa;	at com.kms.katalon.core.keyword.builtin.CallTestCaseKeyword$_callTestCase_closure1.call(CallTestCaseKeyword.groovy)&#xa;	at com.kms.katalon.core.keyword.internal.KeywordMain.runKeyword(KeywordMain.groovy:75)&#xa;	at com.kms.katalon.core.keyword.builtin.CallTestCaseKeyword.callTestCase(CallTestCaseKeyword.groovy:81)&#xa;	at com.kms.katalon.core.keyword.builtin.CallTestCaseKeyword.execute(CallTestCaseKeyword.groovy:44)&#xa;	at com.kms.katalon.core.keyword.internal.KeywordExecutor.executeKeywordForPlatform(KeywordExecutor.groovy:74)&#xa;	at com.kms.katalon.core.keyword.BuiltinKeywords.callTestCase(BuiltinKeywords.groovy:310)&#xa;	at java.base/jdk.internal.reflect.NativeMethodAccessorImpl.invoke0(Native Method)&#xa;	at java.base/jdk.internal.reflect.NativeMethodAccessorImpl.invoke(NativeMethodAccessorImpl.java:77)&#xa;	at java.base/jdk.internal.reflect.DelegatingMethodAccessorImpl.invoke(DelegatingMethodAccessorImpl.java:43)&#xa;	at Empaques Olvacorp.run(Empaques Olvacorp:26)&#xa;	at com.kms.katalon.core.main.ScriptEngine.run(ScriptEngine.java:194)&#xa;	at com.kms.katalon.core.main.ScriptEngine.runScriptAsRawText(ScriptEngine.java:119)&#xa;	at com.kms.katalon.core.main.TestCaseExecutor.runScript(TestCaseExecutor.java:448)&#xa;	at com.kms.katalon.core.main.TestCaseExecutor.doExecute(TestCaseExecutor.java:439)&#xa;	at com.kms.katalon.core.main.TestCaseExecutor.processExecutionPhase(TestCaseExecutor.java:418)&#xa;	at com.kms.katalon.core.main.TestCaseExecutor.accessMainPhase(TestCaseExecutor.java:410)&#xa;	at com.kms.katalon.core.main.TestCaseExecutor.execute(TestCaseExecutor.java:285)&#xa;	at com.kms.katalon.core.common.CommonExecutor.accessTestCaseMainPhase(CommonExecutor.java:65)&#xa;	at com.kms.katalon.core.main.TestSuiteExecutor.accessTestSuiteMainPhase(TestSuiteExecutor.java:150)&#xa;	at com.kms.katalon.core.main.TestSuiteExecutor.execute(TestSuiteExecutor.java:106)&#xa;	at com.kms.katalon.core.main.TestCaseMain.startTestSuite(TestCaseMain.java:180)&#xa;	at TempTestSuite1732749322373.run(TempTestSuite1732749322373.groovy:35)&#xa;	at java.base/jdk.internal.reflect.NativeMethodAccessorImpl.invoke0(Native Method)&#xa;	at java.base/jdk.internal.reflect.NativeMethodAccessorImpl.invoke(NativeMethodAccessorImpl.java:77)&#xa;	at java.base/jdk.internal.reflect.DelegatingMethodAccessorImpl.invoke(DelegatingMethodAccessorImpl.java:43)&#xa;Caused by: java.lang.IllegalArgumentException: Cannot find test case 'Test Cases/Registro de Envio/Inicio de Registro'&#xa;	at com.kms.katalon.core.testcase.TestCaseFactory.findTestCase(TestCaseFactory.java:75)&#xa;	at Comprar Empaques - Olvacorp.run(Comprar Empaques - Olvacorp:22)&#xa;	at com.kms.katalon.core.main.ScriptEngine.run(ScriptEngine.java:194)&#xa;	at com.kms.katalon.core.main.ScriptEngine.runScriptAsRawText(ScriptEngine.java:119)&#xa;	at com.kms.katalon.core.main.TestCaseExecutor.runScript(TestCaseExecutor.java:448)&#xa;	at com.kms.katalon.core.main.TestCaseExecutor.doExecute(TestCaseExecutor.java:439)&#xa;	at com.kms.katalon.core.main.TestCaseExecutor.processExecutionPhase(TestCaseExecutor.java:418)&#xa;	at com.kms.katalon.core.main.TestCaseExecutor.accessMainPhase(TestCaseExecutor.java:410)&#xa;	at com.kms.katalon.core.main.TestCaseExecutor.execute(TestCaseExecutor.java:285)&#xa;	at com.kms.katalon.core.main.TestCaseMain.runTestCase(TestCaseMain.java:137)&#xa;	at com.kms.katalon.core.keyword.builtin.CallTestCaseKeyword$_callTestCase_closure1.doCall(CallTestCaseKeyword.groovy:59)&#xa;	... 25 more&#xa;"/>
         <system-out><![CDATA[27-11-2024T18:19:15 - [TEST_CASE][ERROR] - Test Cases/5.Empaques/4.Positivas/Empaques Olvacorp: Test Cases/5.Empaques/4.Positivas/Empaques Olvacorp FAILED.
Reason:
com.kms.katalon.core.exception.StepErrorException: Call Test Case 'Test Cases/5.Empaques/4.Positivas/Comprar Empaques - Olvacorp' failed because of error(s)
	at com.kms.katalon.core.keyword.builtin.CallTestCaseKeyword$_callTestCase_closure1.doCall(CallTestCaseKeyword.groovy:66)
	at com.kms.katalon.core.keyword.builtin.CallTestCaseKeyword$_callTestCase_closure1.call(CallTestCaseKeyword.groovy)
	at com.kms.katalon.core.keyword.internal.KeywordMain.runKeyword(KeywordMain.groovy:75)
	at com.kms.katalon.core.keyword.builtin.CallTestCaseKeyword.callTestCase(CallTestCaseKeyword.groovy:81)
	at com.kms.katalon.core.keyword.builtin.CallTestCaseKeyword.execute(CallTestCaseKeyword.groovy:44)
	at com.kms.katalon.core.keyword.internal.KeywordExecutor.executeKeywordForPlatform(KeywordExecutor.groovy:74)
	at com.kms.katalon.core.keyword.BuiltinKeywords.callTestCase(BuiltinKeywords.groovy:310)
	at java.base/jdk.internal.reflect.NativeMethodAccessorImpl.invoke0(Native Method)
	at java.base/jdk.internal.reflect.NativeMethodAccessorImpl.invoke(NativeMethodAccessorImpl.java:77)
	at java.base/jdk.internal.reflect.DelegatingMethodAccessorImpl.invoke(DelegatingMethodAccessorImpl.java:43)
	at Empaques Olvacorp.run(Empaques Olvacorp:26)
	at com.kms.katalon.core.main.ScriptEngine.run(ScriptEngine.java:194)
	at com.kms.katalon.core.main.ScriptEngine.runScriptAsRawText(ScriptEngine.java:119)
	at com.kms.katalon.core.main.TestCaseExecutor.runScript(TestCaseExecutor.java:448)
	at com.kms.katalon.core.main.TestCaseExecutor.doExecute(TestCaseExecutor.java:439)
	at com.kms.katalon.core.main.TestCaseExecutor.processExecutionPhase(TestCaseExecutor.java:418)
	at com.kms.katalon.core.main.TestCaseExecutor.accessMainPhase(TestCaseExecutor.java:410)
	at com.kms.katalon.core.main.TestCaseExecutor.execute(TestCaseExecutor.java:285)
	at com.kms.katalon.core.common.CommonExecutor.accessTestCaseMainPhase(CommonExecutor.java:65)
	at com.kms.katalon.core.main.TestSuiteExecutor.accessTestSuiteMainPhase(TestSuiteExecutor.java:150)
	at com.kms.katalon.core.main.TestSuiteExecutor.execute(TestSuiteExecutor.java:106)
	at com.kms.katalon.core.main.TestCaseMain.startTestSuite(TestCaseMain.java:180)
	at TempTestSuite1732749322373.run(TempTestSuite1732749322373.groovy:35)
	at java.base/jdk.internal.reflect.NativeMethodAccessorImpl.invoke0(Native Method)
	at java.base/jdk.internal.reflect.NativeMethodAccessorImpl.invoke(NativeMethodAccessorImpl.java:77)
	at java.base/jdk.internal.reflect.DelegatingMethodAccessorImpl.invoke(DelegatingMethodAccessorImpl.java:43)
Caused by: java.lang.IllegalArgumentException: Cannot find test case 'Test Cases/Registro de Envio/Inicio de Registro'
	at com.kms.katalon.core.testcase.TestCaseFactory.findTestCase(TestCaseFactory.java:75)
	at Comprar Empaques - Olvacorp.run(Comprar Empaques - Olvacorp:22)
	at com.kms.katalon.core.main.ScriptEngine.run(ScriptEngine.java:194)
	at com.kms.katalon.core.main.ScriptEngine.runScriptAsRawText(ScriptEngine.java:119)
	at com.kms.katalon.core.main.TestCaseExecutor.runScript(TestCaseExecutor.java:448)
	at com.kms.katalon.core.main.TestCaseExecutor.doExecute(TestCaseExecutor.java:439)
	at com.kms.katalon.core.main.TestCaseExecutor.processExecutionPhase(TestCaseExecutor.java:418)
	at com.kms.katalon.core.main.TestCaseExecutor.accessMainPhase(TestCaseExecutor.java:410)
	at com.kms.katalon.core.main.TestCaseExecutor.execute(TestCaseExecutor.java:285)
	at com.kms.katalon.core.main.TestCaseMain.runTestCase(TestCaseMain.java:137)
	at com.kms.katalon.core.keyword.builtin.CallTestCaseKeyword$_callTestCase_closure1.doCall(CallTestCaseKeyword.groovy:59)
	... 25 more


27-11-2024T18:19:16 - [TEST_STEP][ERROR] - callTestCase(findTestCase("5.Empaques/4.Positivas/Comprar Empaques - Olvacorp"), [:], STOP_ON_FAILURE): Test Cases/5.Empaques/4.Positivas/Empaques Olvacorp FAILED.
Reason:
com.kms.katalon.core.exception.StepErrorException: Call Test Case 'Test Cases/5.Empaques/4.Positivas/Comprar Empaques - Olvacorp' failed because of error(s)
	at com.kms.katalon.core.keyword.builtin.CallTestCaseKeyword$_callTestCase_closure1.doCall(CallTestCaseKeyword.groovy:66)
	at com.kms.katalon.core.keyword.builtin.CallTestCaseKeyword$_callTestCase_closure1.call(CallTestCaseKeyword.groovy)
	at com.kms.katalon.core.keyword.internal.KeywordMain.runKeyword(KeywordMain.groovy:75)
	at com.kms.katalon.core.keyword.builtin.CallTestCaseKeyword.callTestCase(CallTestCaseKeyword.groovy:81)
	at com.kms.katalon.core.keyword.builtin.CallTestCaseKeyword.execute(CallTestCaseKeyword.groovy:44)
	at com.kms.katalon.core.keyword.internal.KeywordExecutor.executeKeywordForPlatform(KeywordExecutor.groovy:74)
	at com.kms.katalon.core.keyword.BuiltinKeywords.callTestCase(BuiltinKeywords.groovy:310)
	at java.base/jdk.internal.reflect.NativeMethodAccessorImpl.invoke0(Native Method)
	at java.base/jdk.internal.reflect.NativeMethodAccessorImpl.invoke(NativeMethodAccessorImpl.java:77)
	at java.base/jdk.internal.reflect.DelegatingMethodAccessorImpl.invoke(DelegatingMethodAccessorImpl.java:43)
	at Empaques Olvacorp.run(Empaques Olvacorp:26)
	at com.kms.katalon.core.main.ScriptEngine.run(ScriptEngine.java:194)
	at com.kms.katalon.core.main.ScriptEngine.runScriptAsRawText(ScriptEngine.java:119)
	at com.kms.katalon.core.main.TestCaseExecutor.runScript(TestCaseExecutor.java:448)
	at com.kms.katalon.core.main.TestCaseExecutor.doExecute(TestCaseExecutor.java:439)
	at com.kms.katalon.core.main.TestCaseExecutor.processExecutionPhase(TestCaseExecutor.java:418)
	at com.kms.katalon.core.main.TestCaseExecutor.accessMainPhase(TestCaseExecutor.java:410)
	at com.kms.katalon.core.main.TestCaseExecutor.execute(TestCaseExecutor.java:285)
	at com.kms.katalon.core.common.CommonExecutor.accessTestCaseMainPhase(CommonExecutor.java:65)
	at com.kms.katalon.core.main.TestSuiteExecutor.accessTestSuiteMainPhase(TestSuiteExecutor.java:150)
	at com.kms.katalon.core.main.TestSuiteExecutor.execute(TestSuiteExecutor.java:106)
	at com.kms.katalon.core.main.TestCaseMain.startTestSuite(TestCaseMain.java:180)
	at TempTestSuite1732749322373.run(TempTestSuite1732749322373.groovy:35)
	at java.base/jdk.internal.reflect.NativeMethodAccessorImpl.invoke0(Native Method)
	at java.base/jdk.internal.reflect.NativeMethodAccessorImpl.invoke(NativeMethodAccessorImpl.java:77)
	at java.base/jdk.internal.reflect.DelegatingMethodAccessorImpl.invoke(DelegatingMethodAccessorImpl.java:43)
Caused by: java.lang.IllegalArgumentException: Cannot find test case 'Test Cases/Registro de Envio/Inicio de Registro'
	at com.kms.katalon.core.testcase.TestCaseFactory.findTestCase(TestCaseFactory.java:75)
	at Comprar Empaques - Olvacorp.run(Comprar Empaques - Olvacorp:22)
	at com.kms.katalon.core.main.ScriptEngine.run(ScriptEngine.java:194)
	at com.kms.katalon.core.main.ScriptEngine.runScriptAsRawText(ScriptEngine.java:119)
	at com.kms.katalon.core.main.TestCaseExecutor.runScript(TestCaseExecutor.java:448)
	at com.kms.katalon.core.main.TestCaseExecutor.doExecute(TestCaseExecutor.java:439)
	at com.kms.katalon.core.main.TestCaseExecutor.processExecutionPhase(TestCaseExecutor.java:418)
	at com.kms.katalon.core.main.TestCaseExecutor.accessMainPhase(TestCaseExecutor.java:410)
	at com.kms.katalon.core.main.TestCaseExecutor.execute(TestCaseExecutor.java:285)
	at com.kms.katalon.core.main.TestCaseMain.runTestCase(TestCaseMain.java:137)
	at com.kms.katalon.core.keyword.builtin.CallTestCaseKeyword$_callTestCase_closure1.doCall(CallTestCaseKeyword.groovy:59)
	... 25 more


27-11-2024T18:19:16 - [TEST_CASE][ERROR] - Test Cases/5.Empaques/4.Positivas/Comprar Empaques - Olvacorp: Test Cases/5.Empaques/4.Positivas/Comprar Empaques - Olvacorp FAILED.
Reason:
java.lang.IllegalArgumentException: Cannot find test case 'Test Cases/Registro de Envio/Inicio de Registro'
	at com.kms.katalon.core.testcase.TestCaseFactory.findTestCase(TestCaseFactory.java:75)
	at Comprar Empaques - Olvacorp.run(Comprar Empaques - Olvacorp:22)
	at com.kms.katalon.core.main.ScriptEngine.run(ScriptEngine.java:194)
	at com.kms.katalon.core.main.ScriptEngine.runScriptAsRawText(ScriptEngine.java:119)
	at com.kms.katalon.core.main.TestCaseExecutor.runScript(TestCaseExecutor.java:448)
	at com.kms.katalon.core.main.TestCaseExecutor.doExecute(TestCaseExecutor.java:439)
	at com.kms.katalon.core.main.TestCaseExecutor.processExecutionPhase(TestCaseExecutor.java:418)
	at com.kms.katalon.core.main.TestCaseExecutor.accessMainPhase(TestCaseExecutor.java:410)
	at com.kms.katalon.core.main.TestCaseExecutor.execute(TestCaseExecutor.java:285)
	at com.kms.katalon.core.main.TestCaseMain.runTestCase(TestCaseMain.java:137)
	at com.kms.katalon.core.keyword.builtin.CallTestCaseKeyword$_callTestCase_closure1.doCall(CallTestCaseKeyword.groovy:59)
	at com.kms.katalon.core.keyword.builtin.CallTestCaseKeyword$_callTestCase_closure1.call(CallTestCaseKeyword.groovy)
	at com.kms.katalon.core.keyword.internal.KeywordMain.runKeyword(KeywordMain.groovy:75)
	at com.kms.katalon.core.keyword.builtin.CallTestCaseKeyword.callTestCase(CallTestCaseKeyword.groovy:81)
	at com.kms.katalon.core.keyword.builtin.CallTestCaseKeyword.execute(CallTestCaseKeyword.groovy:44)
	at com.kms.katalon.core.keyword.internal.KeywordExecutor.executeKeywordForPlatform(KeywordExecutor.groovy:74)
	at com.kms.katalon.core.keyword.BuiltinKeywords.callTestCase(BuiltinKeywords.groovy:310)
	at java.base/jdk.internal.reflect.NativeMethodAccessorImpl.invoke0(Native Method)
	at java.base/jdk.internal.reflect.NativeMethodAccessorImpl.invoke(NativeMethodAccessorImpl.java:77)
	at java.base/jdk.internal.reflect.DelegatingMethodAccessorImpl.invoke(DelegatingMethodAccessorImpl.java:43)
	at Empaques Olvacorp.run(Empaques Olvacorp:26)
	at com.kms.katalon.core.main.ScriptEngine.run(ScriptEngine.java:194)
	at com.kms.katalon.core.main.ScriptEngine.runScriptAsRawText(ScriptEngine.java:119)
	at com.kms.katalon.core.main.TestCaseExecutor.runScript(TestCaseExecutor.java:448)
	at com.kms.katalon.core.main.TestCaseExecutor.doExecute(TestCaseExecutor.java:439)
	at com.kms.katalon.core.main.TestCaseExecutor.processExecutionPhase(TestCaseExecutor.java:418)
	at com.kms.katalon.core.main.TestCaseExecutor.accessMainPhase(TestCaseExecutor.java:410)
	at com.kms.katalon.core.main.TestCaseExecutor.execute(TestCaseExecutor.java:285)
	at com.kms.katalon.core.common.CommonExecutor.accessTestCaseMainPhase(CommonExecutor.java:65)
	at com.kms.katalon.core.main.TestSuiteExecutor.accessTestSuiteMainPhase(TestSuiteExecutor.java:150)
	at com.kms.katalon.core.main.TestSuiteExecutor.execute(TestSuiteExecutor.java:106)
	at com.kms.katalon.core.main.TestCaseMain.startTestSuite(TestCaseMain.java:180)
	at TempTestSuite1732749322373.run(TempTestSuite1732749322373.groovy:35)
	at java.base/jdk.internal.reflect.NativeMethodAccessorImpl.invoke0(Native Method)
	at java.base/jdk.internal.reflect.NativeMethodAccessorImpl.invoke(NativeMethodAccessorImpl.java:77)
	at java.base/jdk.internal.reflect.DelegatingMethodAccessorImpl.invoke(DelegatingMethodAccessorImpl.java:43)


27-11-2024T18:19:16 - [TEST_STEP][ERROR] - callTestCase(findTestCase("Registro de Envio/Inicio de Registro"), [:], STOP_ON_FAILURE): Test Cases/5.Empaques/4.Positivas/Comprar Empaques - Olvacorp FAILED.
Reason:
java.lang.IllegalArgumentException: Cannot find test case 'Test Cases/Registro de Envio/Inicio de Registro'
	at com.kms.katalon.core.testcase.TestCaseFactory.findTestCase(TestCaseFactory.java:75)
	at Comprar Empaques - Olvacorp.run(Comprar Empaques - Olvacorp:22)
	at com.kms.katalon.core.main.ScriptEngine.run(ScriptEngine.java:194)
	at com.kms.katalon.core.main.ScriptEngine.runScriptAsRawText(ScriptEngine.java:119)
	at com.kms.katalon.core.main.TestCaseExecutor.runScript(TestCaseExecutor.java:448)
	at com.kms.katalon.core.main.TestCaseExecutor.doExecute(TestCaseExecutor.java:439)
	at com.kms.katalon.core.main.TestCaseExecutor.processExecutionPhase(TestCaseExecutor.java:418)
	at com.kms.katalon.core.main.TestCaseExecutor.accessMainPhase(TestCaseExecutor.java:410)
	at com.kms.katalon.core.main.TestCaseExecutor.execute(TestCaseExecutor.java:285)
	at com.kms.katalon.core.main.TestCaseMain.runTestCase(TestCaseMain.java:137)
	at com.kms.katalon.core.keyword.builtin.CallTestCaseKeyword$_callTestCase_closure1.doCall(CallTestCaseKeyword.groovy:59)
	at com.kms.katalon.core.keyword.builtin.CallTestCaseKeyword$_callTestCase_closure1.call(CallTestCaseKeyword.groovy)
	at com.kms.katalon.core.keyword.internal.KeywordMain.runKeyword(KeywordMain.groovy:75)
	at com.kms.katalon.core.keyword.builtin.CallTestCaseKeyword.callTestCase(CallTestCaseKeyword.groovy:81)
	at com.kms.katalon.core.keyword.builtin.CallTestCaseKeyword.execute(CallTestCaseKeyword.groovy:44)
	at com.kms.katalon.core.keyword.internal.KeywordExecutor.executeKeywordForPlatform(KeywordExecutor.groovy:74)
	at com.kms.katalon.core.keyword.BuiltinKeywords.callTestCase(BuiltinKeywords.groovy:310)
	at java.base/jdk.internal.reflect.NativeMethodAccessorImpl.invoke0(Native Method)
	at java.base/jdk.internal.reflect.NativeMethodAccessorImpl.invoke(NativeMethodAccessorImpl.java:77)
	at java.base/jdk.internal.reflect.DelegatingMethodAccessorImpl.invoke(DelegatingMethodAccessorImpl.java:43)
	at Empaques Olvacorp.run(Empaques Olvacorp:26)
	at com.kms.katalon.core.main.ScriptEngine.run(ScriptEngine.java:194)
	at com.kms.katalon.core.main.ScriptEngine.runScriptAsRawText(ScriptEngine.java:119)
	at com.kms.katalon.core.main.TestCaseExecutor.runScript(TestCaseExecutor.java:448)
	at com.kms.katalon.core.main.TestCaseExecutor.doExecute(TestCaseExecutor.java:439)
	at com.kms.katalon.core.main.TestCaseExecutor.processExecutionPhase(TestCaseExecutor.java:418)
	at com.kms.katalon.core.main.TestCaseExecutor.accessMainPhase(TestCaseExecutor.java:410)
	at com.kms.katalon.core.main.TestCaseExecutor.execute(TestCaseExecutor.java:285)
	at com.kms.katalon.core.common.CommonExecutor.accessTestCaseMainPhase(CommonExecutor.java:65)
	at com.kms.katalon.core.main.TestSuiteExecutor.accessTestSuiteMainPhase(TestSuiteExecutor.java:150)
	at com.kms.katalon.core.main.TestSuiteExecutor.execute(TestSuiteExecutor.java:106)
	at com.kms.katalon.core.main.TestCaseMain.startTestSuite(TestCaseMain.java:180)
	at TempTestSuite1732749322373.run(TempTestSuite1732749322373.groovy:35)
	at java.base/jdk.internal.reflect.NativeMethodAccessorImpl.invoke0(Native Method)
	at java.base/jdk.internal.reflect.NativeMethodAccessorImpl.invoke(NativeMethodAccessorImpl.java:77)
	at java.base/jdk.internal.reflect.DelegatingMethodAccessorImpl.invoke(DelegatingMethodAccessorImpl.java:43)


27-11-2024T18:19:16 - [MESSAGE][ERROR] - Test Cases/5.Empaques/4.Positivas/Comprar Empaques - Olvacorp FAILED.
Reason:
java.lang.IllegalArgumentException: Cannot find test case 'Test Cases/Registro de Envio/Inicio de Registro'
	at com.kms.katalon.core.testcase.TestCaseFactory.findTestCase(TestCaseFactory.java:75)
	at Comprar Empaques - Olvacorp.run(Comprar Empaques - Olvacorp:22)
	at com.kms.katalon.core.main.ScriptEngine.run(ScriptEngine.java:194)
	at com.kms.katalon.core.main.ScriptEngine.runScriptAsRawText(ScriptEngine.java:119)
	at com.kms.katalon.core.main.TestCaseExecutor.runScript(TestCaseExecutor.java:448)
	at com.kms.katalon.core.main.TestCaseExecutor.doExecute(TestCaseExecutor.java:439)
	at com.kms.katalon.core.main.TestCaseExecutor.processExecutionPhase(TestCaseExecutor.java:418)
	at com.kms.katalon.core.main.TestCaseExecutor.accessMainPhase(TestCaseExecutor.java:410)
	at com.kms.katalon.core.main.TestCaseExecutor.execute(TestCaseExecutor.java:285)
	at com.kms.katalon.core.main.TestCaseMain.runTestCase(TestCaseMain.java:137)
	at com.kms.katalon.core.keyword.builtin.CallTestCaseKeyword$_callTestCase_closure1.doCall(CallTestCaseKeyword.groovy:59)
	at com.kms.katalon.core.keyword.builtin.CallTestCaseKeyword$_callTestCase_closure1.call(CallTestCaseKeyword.groovy)
	at com.kms.katalon.core.keyword.internal.KeywordMain.runKeyword(KeywordMain.groovy:75)
	at com.kms.katalon.core.keyword.builtin.CallTestCaseKeyword.callTestCase(CallTestCaseKeyword.groovy:81)
	at com.kms.katalon.core.keyword.builtin.CallTestCaseKeyword.execute(CallTestCaseKeyword.groovy:44)
	at com.kms.katalon.core.keyword.internal.KeywordExecutor.executeKeywordForPlatform(KeywordExecutor.groovy:74)
	at com.kms.katalon.core.keyword.BuiltinKeywords.callTestCase(BuiltinKeywords.groovy:310)
	at java.base/jdk.internal.reflect.NativeMethodAccessorImpl.invoke0(Native Method)
	at java.base/jdk.internal.reflect.NativeMethodAccessorImpl.invoke(NativeMethodAccessorImpl.java:77)
	at java.base/jdk.internal.reflect.DelegatingMethodAccessorImpl.invoke(DelegatingMethodAccessorImpl.java:43)
	at Empaques Olvacorp.run(Empaques Olvacorp:26)
	at com.kms.katalon.core.main.ScriptEngine.run(ScriptEngine.java:194)
	at com.kms.katalon.core.main.ScriptEngine.runScriptAsRawText(ScriptEngine.java:119)
	at com.kms.katalon.core.main.TestCaseExecutor.runScript(TestCaseExecutor.java:448)
	at com.kms.katalon.core.main.TestCaseExecutor.doExecute(TestCaseExecutor.java:439)
	at com.kms.katalon.core.main.TestCaseExecutor.processExecutionPhase(TestCaseExecutor.java:418)
	at com.kms.katalon.core.main.TestCaseExecutor.accessMainPhase(TestCaseExecutor.java:410)
	at com.kms.katalon.core.main.TestCaseExecutor.execute(TestCaseExecutor.java:285)
	at com.kms.katalon.core.common.CommonExecutor.accessTestCaseMainPhase(CommonExecutor.java:65)
	at com.kms.katalon.core.main.TestSuiteExecutor.accessTestSuiteMainPhase(TestSuiteExecutor.java:150)
	at com.kms.katalon.core.main.TestSuiteExecutor.execute(TestSuiteExecutor.java:106)
	at com.kms.katalon.core.main.TestCaseMain.startTestSuite(TestCaseMain.java:180)
	at TempTestSuite1732749322373.run(TempTestSuite1732749322373.groovy:35)
	at java.base/jdk.internal.reflect.NativeMethodAccessorImpl.invoke0(Native Method)
	at java.base/jdk.internal.reflect.NativeMethodAccessorImpl.invoke(NativeMethodAccessorImpl.java:77)
	at java.base/jdk.internal.reflect.DelegatingMethodAccessorImpl.invoke(DelegatingMethodAccessorImpl.java:43)


27-11-2024T18:19:16 - [MESSAGE][FAILED] - Unable to call Test Case 'Test Cases/5.Empaques/4.Positivas/Comprar Empaques - Olvacorp' (Root cause: com.kms.katalon.core.exception.StepErrorException: Call Test Case 'Test Cases/5.Empaques/4.Positivas/Comprar Empaques - Olvacorp' failed because of error(s)
	at com.kms.katalon.core.keyword.builtin.CallTestCaseKeyword$_callTestCase_closure1.doCall(CallTestCaseKeyword.groovy:66)
	at com.kms.katalon.core.keyword.builtin.CallTestCaseKeyword$_callTestCase_closure1.call(CallTestCaseKeyword.groovy)
	at com.kms.katalon.core.keyword.internal.KeywordMain.runKeyword(KeywordMain.groovy:75)
	at com.kms.katalon.core.keyword.builtin.CallTestCaseKeyword.callTestCase(CallTestCaseKeyword.groovy:81)
	at com.kms.katalon.core.keyword.builtin.CallTestCaseKeyword.execute(CallTestCaseKeyword.groovy:44)
	at com.kms.katalon.core.keyword.internal.KeywordExecutor.executeKeywordForPlatform(KeywordExecutor.groovy:74)
	at com.kms.katalon.core.keyword.BuiltinKeywords.callTestCase(BuiltinKeywords.groovy:310)
	at java.base/jdk.internal.reflect.NativeMethodAccessorImpl.invoke0(Native Method)
	at java.base/jdk.internal.reflect.NativeMethodAccessorImpl.invoke(NativeMethodAccessorImpl.java:77)
	at java.base/jdk.internal.reflect.DelegatingMethodAccessorImpl.invoke(DelegatingMethodAccessorImpl.java:43)
	at Empaques Olvacorp.run(Empaques Olvacorp:26)
	at com.kms.katalon.core.main.ScriptEngine.run(ScriptEngine.java:194)
	at com.kms.katalon.core.main.ScriptEngine.runScriptAsRawText(ScriptEngine.java:119)
	at com.kms.katalon.core.main.TestCaseExecutor.runScript(TestCaseExecutor.java:448)
	at com.kms.katalon.core.main.TestCaseExecutor.doExecute(TestCaseExecutor.java:439)
	at com.kms.katalon.core.main.TestCaseExecutor.processExecutionPhase(TestCaseExecutor.java:418)
	at com.kms.katalon.core.main.TestCaseExecutor.accessMainPhase(TestCaseExecutor.java:410)
	at com.kms.katalon.core.main.TestCaseExecutor.execute(TestCaseExecutor.java:285)
	at com.kms.katalon.core.common.CommonExecutor.accessTestCaseMainPhase(CommonExecutor.java:65)
	at com.kms.katalon.core.main.TestSuiteExecutor.accessTestSuiteMainPhase(TestSuiteExecutor.java:150)
	at com.kms.katalon.core.main.TestSuiteExecutor.execute(TestSuiteExecutor.java:106)
	at com.kms.katalon.core.main.TestCaseMain.startTestSuite(TestCaseMain.java:180)
	at TempTestSuite1732749322373.run(TempTestSuite1732749322373.groovy:35)
	at java.base/jdk.internal.reflect.NativeMethodAccessorImpl.invoke0(Native Method)
	at java.base/jdk.internal.reflect.NativeMethodAccessorImpl.invoke(NativeMethodAccessorImpl.java:77)
	at java.base/jdk.internal.reflect.DelegatingMethodAccessorImpl.invoke(DelegatingMethodAccessorImpl.java:43)
Caused by: java.lang.IllegalArgumentException: Cannot find test case 'Test Cases/Registro de Envio/Inicio de Registro'
	at com.kms.katalon.core.testcase.TestCaseFactory.findTestCase(TestCaseFactory.java:75)
	at Comprar Empaques - Olvacorp.run(Comprar Empaques - Olvacorp:22)
	at com.kms.katalon.core.main.ScriptEngine.run(ScriptEngine.java:194)
	at com.kms.katalon.core.main.ScriptEngine.runScriptAsRawText(ScriptEngine.java:119)
	at com.kms.katalon.core.main.TestCaseExecutor.runScript(TestCaseExecutor.java:448)
	at com.kms.katalon.core.main.TestCaseExecutor.doExecute(TestCaseExecutor.java:439)
	at com.kms.katalon.core.main.TestCaseExecutor.processExecutionPhase(TestCaseExecutor.java:418)
	at com.kms.katalon.core.main.TestCaseExecutor.accessMainPhase(TestCaseExecutor.java:410)
	at com.kms.katalon.core.main.TestCaseExecutor.execute(TestCaseExecutor.java:285)
	at com.kms.katalon.core.main.TestCaseMain.runTestCase(TestCaseMain.java:137)
	at com.kms.katalon.core.keyword.builtin.CallTestCaseKeyword$_callTestCase_closure1.doCall(CallTestCaseKeyword.groovy:59)
	... 25 more
)

27-11-2024T18:19:16 - [MESSAGE][ERROR] - Test Cases/5.Empaques/4.Positivas/Empaques Olvacorp FAILED.
Reason:
com.kms.katalon.core.exception.StepErrorException: Call Test Case 'Test Cases/5.Empaques/4.Positivas/Comprar Empaques - Olvacorp' failed because of error(s)
	at com.kms.katalon.core.keyword.builtin.CallTestCaseKeyword$_callTestCase_closure1.doCall(CallTestCaseKeyword.groovy:66)
	at com.kms.katalon.core.keyword.builtin.CallTestCaseKeyword$_callTestCase_closure1.call(CallTestCaseKeyword.groovy)
	at com.kms.katalon.core.keyword.internal.KeywordMain.runKeyword(KeywordMain.groovy:75)
	at com.kms.katalon.core.keyword.builtin.CallTestCaseKeyword.callTestCase(CallTestCaseKeyword.groovy:81)
	at com.kms.katalon.core.keyword.builtin.CallTestCaseKeyword.execute(CallTestCaseKeyword.groovy:44)
	at com.kms.katalon.core.keyword.internal.KeywordExecutor.executeKeywordForPlatform(KeywordExecutor.groovy:74)
	at com.kms.katalon.core.keyword.BuiltinKeywords.callTestCase(BuiltinKeywords.groovy:310)
	at java.base/jdk.internal.reflect.NativeMethodAccessorImpl.invoke0(Native Method)
	at java.base/jdk.internal.reflect.NativeMethodAccessorImpl.invoke(NativeMethodAccessorImpl.java:77)
	at java.base/jdk.internal.reflect.DelegatingMethodAccessorImpl.invoke(DelegatingMethodAccessorImpl.java:43)
	at Empaques Olvacorp.run(Empaques Olvacorp:26)
	at com.kms.katalon.core.main.ScriptEngine.run(ScriptEngine.java:194)
	at com.kms.katalon.core.main.ScriptEngine.runScriptAsRawText(ScriptEngine.java:119)
	at com.kms.katalon.core.main.TestCaseExecutor.runScript(TestCaseExecutor.java:448)
	at com.kms.katalon.core.main.TestCaseExecutor.doExecute(TestCaseExecutor.java:439)
	at com.kms.katalon.core.main.TestCaseExecutor.processExecutionPhase(TestCaseExecutor.java:418)
	at com.kms.katalon.core.main.TestCaseExecutor.accessMainPhase(TestCaseExecutor.java:410)
	at com.kms.katalon.core.main.TestCaseExecutor.execute(TestCaseExecutor.java:285)
	at com.kms.katalon.core.common.CommonExecutor.accessTestCaseMainPhase(CommonExecutor.java:65)
	at com.kms.katalon.core.main.TestSuiteExecutor.accessTestSuiteMainPhase(TestSuiteExecutor.java:150)
	at com.kms.katalon.core.main.TestSuiteExecutor.execute(TestSuiteExecutor.java:106)
	at com.kms.katalon.core.main.TestCaseMain.startTestSuite(TestCaseMain.java:180)
	at TempTestSuite1732749322373.run(TempTestSuite1732749322373.groovy:35)
	at java.base/jdk.internal.reflect.NativeMethodAccessorImpl.invoke0(Native Method)
	at java.base/jdk.internal.reflect.NativeMethodAccessorImpl.invoke(NativeMethodAccessorImpl.java:77)
	at java.base/jdk.internal.reflect.DelegatingMethodAccessorImpl.invoke(DelegatingMethodAccessorImpl.java:43)
Caused by: java.lang.IllegalArgumentException: Cannot find test case 'Test Cases/Registro de Envio/Inicio de Registro'
	at com.kms.katalon.core.testcase.TestCaseFactory.findTestCase(TestCaseFactory.java:75)
	at Comprar Empaques - Olvacorp.run(Comprar Empaques - Olvacorp:22)
	at com.kms.katalon.core.main.ScriptEngine.run(ScriptEngine.java:194)
	at com.kms.katalon.core.main.ScriptEngine.runScriptAsRawText(ScriptEngine.java:119)
	at com.kms.katalon.core.main.TestCaseExecutor.runScript(TestCaseExecutor.java:448)
	at com.kms.katalon.core.main.TestCaseExecutor.doExecute(TestCaseExecutor.java:439)
	at com.kms.katalon.core.main.TestCaseExecutor.processExecutionPhase(TestCaseExecutor.java:418)
	at com.kms.katalon.core.main.TestCaseExecutor.accessMainPhase(TestCaseExecutor.java:410)
	at com.kms.katalon.core.main.TestCaseExecutor.execute(TestCaseExecutor.java:285)
	at com.kms.katalon.core.main.TestCaseMain.runTestCase(TestCaseMain.java:137)
	at com.kms.katalon.core.keyword.builtin.CallTestCaseKeyword$_callTestCase_closure1.doCall(CallTestCaseKeyword.groovy:59)
	... 25 more]]></system-out>
         <system-err><![CDATA[27-11-2024T18:19:15 - [TEST_CASE][ERROR] - Test Cases/5.Empaques/4.Positivas/Empaques Olvacorp: Test Cases/5.Empaques/4.Positivas/Empaques Olvacorp FAILED.
Reason:
com.kms.katalon.core.exception.StepErrorException: Call Test Case 'Test Cases/5.Empaques/4.Positivas/Comprar Empaques - Olvacorp' failed because of error(s)
	at com.kms.katalon.core.keyword.builtin.CallTestCaseKeyword$_callTestCase_closure1.doCall(CallTestCaseKeyword.groovy:66)
	at com.kms.katalon.core.keyword.builtin.CallTestCaseKeyword$_callTestCase_closure1.call(CallTestCaseKeyword.groovy)
	at com.kms.katalon.core.keyword.internal.KeywordMain.runKeyword(KeywordMain.groovy:75)
	at com.kms.katalon.core.keyword.builtin.CallTestCaseKeyword.callTestCase(CallTestCaseKeyword.groovy:81)
	at com.kms.katalon.core.keyword.builtin.CallTestCaseKeyword.execute(CallTestCaseKeyword.groovy:44)
	at com.kms.katalon.core.keyword.internal.KeywordExecutor.executeKeywordForPlatform(KeywordExecutor.groovy:74)
	at com.kms.katalon.core.keyword.BuiltinKeywords.callTestCase(BuiltinKeywords.groovy:310)
	at java.base/jdk.internal.reflect.NativeMethodAccessorImpl.invoke0(Native Method)
	at java.base/jdk.internal.reflect.NativeMethodAccessorImpl.invoke(NativeMethodAccessorImpl.java:77)
	at java.base/jdk.internal.reflect.DelegatingMethodAccessorImpl.invoke(DelegatingMethodAccessorImpl.java:43)
	at Empaques Olvacorp.run(Empaques Olvacorp:26)
	at com.kms.katalon.core.main.ScriptEngine.run(ScriptEngine.java:194)
	at com.kms.katalon.core.main.ScriptEngine.runScriptAsRawText(ScriptEngine.java:119)
	at com.kms.katalon.core.main.TestCaseExecutor.runScript(TestCaseExecutor.java:448)
	at com.kms.katalon.core.main.TestCaseExecutor.doExecute(TestCaseExecutor.java:439)
	at com.kms.katalon.core.main.TestCaseExecutor.processExecutionPhase(TestCaseExecutor.java:418)
	at com.kms.katalon.core.main.TestCaseExecutor.accessMainPhase(TestCaseExecutor.java:410)
	at com.kms.katalon.core.main.TestCaseExecutor.execute(TestCaseExecutor.java:285)
	at com.kms.katalon.core.common.CommonExecutor.accessTestCaseMainPhase(CommonExecutor.java:65)
	at com.kms.katalon.core.main.TestSuiteExecutor.accessTestSuiteMainPhase(TestSuiteExecutor.java:150)
	at com.kms.katalon.core.main.TestSuiteExecutor.execute(TestSuiteExecutor.java:106)
	at com.kms.katalon.core.main.TestCaseMain.startTestSuite(TestCaseMain.java:180)
	at TempTestSuite1732749322373.run(TempTestSuite1732749322373.groovy:35)
	at java.base/jdk.internal.reflect.NativeMethodAccessorImpl.invoke0(Native Method)
	at java.base/jdk.internal.reflect.NativeMethodAccessorImpl.invoke(NativeMethodAccessorImpl.java:77)
	at java.base/jdk.internal.reflect.DelegatingMethodAccessorImpl.invoke(DelegatingMethodAccessorImpl.java:43)
Caused by: java.lang.IllegalArgumentException: Cannot find test case 'Test Cases/Registro de Envio/Inicio de Registro'
	at com.kms.katalon.core.testcase.TestCaseFactory.findTestCase(TestCaseFactory.java:75)
	at Comprar Empaques - Olvacorp.run(Comprar Empaques - Olvacorp:22)
	at com.kms.katalon.core.main.ScriptEngine.run(ScriptEngine.java:194)
	at com.kms.katalon.core.main.ScriptEngine.runScriptAsRawText(ScriptEngine.java:119)
	at com.kms.katalon.core.main.TestCaseExecutor.runScript(TestCaseExecutor.java:448)
	at com.kms.katalon.core.main.TestCaseExecutor.doExecute(TestCaseExecutor.java:439)
	at com.kms.katalon.core.main.TestCaseExecutor.processExecutionPhase(TestCaseExecutor.java:418)
	at com.kms.katalon.core.main.TestCaseExecutor.accessMainPhase(TestCaseExecutor.java:410)
	at com.kms.katalon.core.main.TestCaseExecutor.execute(TestCaseExecutor.java:285)
	at com.kms.katalon.core.main.TestCaseMain.runTestCase(TestCaseMain.java:137)
	at com.kms.katalon.core.keyword.builtin.CallTestCaseKeyword$_callTestCase_closure1.doCall(CallTestCaseKeyword.groovy:59)
	... 25 more]]></system-err>
      </testcase>
      <system-out><![CDATA[27-11-2024T18:15:36 - [TEST_SUITE][FAILED] - Empaques: Test Cases/5.Empaques/4.Positivas/Comprar Empaques - Agregar FAILED.
Reason:
com.kms.katalon.core.exception.StepFailedException: Call Test Case 'Test Cases/5.Empaques/3.Pago-Empaques/Pago-exitoso' failed
	at com.kms.katalon.core.keyword.builtin.CallTestCaseKeyword$_callTestCase_closure1.doCall(CallTestCaseKeyword.groovy:63)
	at com.kms.katalon.core.keyword.builtin.CallTestCaseKeyword$_callTestCase_closure1.call(CallTestCaseKeyword.groovy)
	at com.kms.katalon.core.keyword.internal.KeywordMain.runKeyword(KeywordMain.groovy:75)
	at com.kms.katalon.core.keyword.builtin.CallTestCaseKeyword.callTestCase(CallTestCaseKeyword.groovy:81)
	at com.kms.katalon.core.keyword.builtin.CallTestCaseKeyword.execute(CallTestCaseKeyword.groovy:44)
	at com.kms.katalon.core.keyword.internal.KeywordExecutor.executeKeywordForPlatform(KeywordExecutor.groovy:74)
	at com.kms.katalon.core.keyword.BuiltinKeywords.callTestCase(BuiltinKeywords.groovy:310)
	at java.base/jdk.internal.reflect.NativeMethodAccessorImpl.invoke0(Native Method)
	at java.base/jdk.internal.reflect.NativeMethodAccessorImpl.invoke(NativeMethodAccessorImpl.java:77)
	at java.base/jdk.internal.reflect.DelegatingMethodAccessorImpl.invoke(DelegatingMethodAccessorImpl.java:43)
	at Comprar Empaques - Agregar.run(Comprar Empaques - Agregar:136)
	at com.kms.katalon.core.main.ScriptEngine.run(ScriptEngine.java:194)
	at com.kms.katalon.core.main.ScriptEngine.runScriptAsRawText(ScriptEngine.java:119)
	at com.kms.katalon.core.main.TestCaseExecutor.runScript(TestCaseExecutor.java:448)
	at com.kms.katalon.core.main.TestCaseExecutor.doExecute(TestCaseExecutor.java:439)
	at com.kms.katalon.core.main.TestCaseExecutor.processExecutionPhase(TestCaseExecutor.java:418)
	at com.kms.katalon.core.main.TestCaseExecutor.accessMainPhase(TestCaseExecutor.java:410)
	at com.kms.katalon.core.main.TestCaseExecutor.execute(TestCaseExecutor.java:285)
	at com.kms.katalon.core.common.CommonExecutor.accessTestCaseMainPhase(CommonExecutor.java:65)
	at com.kms.katalon.core.main.TestSuiteExecutor.accessTestSuiteMainPhase(TestSuiteExecutor.java:150)
	at com.kms.katalon.core.main.TestSuiteExecutor.execute(TestSuiteExecutor.java:106)
	at com.kms.katalon.core.main.TestCaseMain.startTestSuite(TestCaseMain.java:180)
	at TempTestSuite1732749322373.run(TempTestSuite1732749322373.groovy:35)
	at java.base/jdk.internal.reflect.NativeMethodAccessorImpl.invoke0(Native Method)
	at java.base/jdk.internal.reflect.NativeMethodAccessorImpl.invoke(NativeMethodAccessorImpl.java:77)
	at java.base/jdk.internal.reflect.DelegatingMethodAccessorImpl.invoke(DelegatingMethodAccessorImpl.java:43)
Caused by: com.kms.katalon.core.exception.StepFailedException: Unable to click on object 'Object Repository/pago/Page_Olva Courier  Medios de pago/button_PAGAR'
	at com.kms.katalon.core.webui.keyword.internal.WebUIKeywordMain.stepFailed(WebUIKeywordMain.groovy:117)
	at com.kms.katalon.core.webui.keyword.internal.WebUIKeywordMain.runKeyword(WebUIKeywordMain.groovy:43)
	at com.kms.katalon.core.webui.keyword.builtin.ClickKeyword.click(ClickKeyword.groovy:74)
	at com.kms.katalon.core.webui.keyword.builtin.ClickKeyword.execute(ClickKeyword.groovy:40)
	at com.kms.katalon.core.keyword.internal.KeywordExecutor.executeKeywordForPlatform(KeywordExecutor.groovy:74)
	at com.kms.katalon.core.webui.keyword.WebUiBuiltInKeywords.click(WebUiBuiltInKeywords.groovy:659)
	at Pago-exitoso.run(Pago-exitoso:25)
	at com.kms.katalon.core.main.ScriptEngine.run(ScriptEngine.java:194)
	at com.kms.katalon.core.main.ScriptEngine.runScriptAsRawText(ScriptEngine.java:119)
	at com.kms.katalon.core.main.TestCaseExecutor.runScript(TestCaseExecutor.java:448)
	at com.kms.katalon.core.main.TestCaseExecutor.doExecute(TestCaseExecutor.java:439)
	at com.kms.katalon.core.main.TestCaseExecutor.processExecutionPhase(TestCaseExecutor.java:418)
	at com.kms.katalon.core.main.TestCaseExecutor.accessMainPhase(TestCaseExecutor.java:410)
	at com.kms.katalon.core.main.TestCaseExecutor.execute(TestCaseExecutor.java:285)
	at com.kms.katalon.core.main.TestCaseMain.runTestCase(TestCaseMain.java:137)
	at com.kms.katalon.core.keyword.builtin.CallTestCaseKeyword$_callTestCase_closure1.doCall(CallTestCaseKeyword.groovy:59)
	... 25 more
Caused by: com.kms.katalon.core.webui.exception.WebElementNotFoundException: Web element with id: 'Object Repository/pago/Page_Olva Courier  Medios de pago/button_PAGAR' located by '//*[@id="pagarTottem"]' not found
	at com.kms.katalon.core.webui.common.WebUiCommonHelper.findWebElement(WebUiCommonHelper.java:1419)
	at com.kms.katalon.core.webui.keyword.internal.WebUIAbstractKeyword.findWebElement(WebUIAbstractKeyword.groovy:27)
	at com.kms.katalon.core.webui.keyword.builtin.ClickKeyword$_click_closure1.doCall(ClickKeyword.groovy:65)
	at com.kms.katalon.core.webui.keyword.builtin.ClickKeyword$_click_closure1.call(ClickKeyword.groovy)
	at com.kms.katalon.core.webui.keyword.internal.WebUIKeywordMain.runKeyword(WebUIKeywordMain.groovy:35)
	... 39 more]]></system-out>
      <system-err><![CDATA[27-11-2024T18:15:36 - [TEST_SUITE][FAILED] - Empaques: Test Cases/5.Empaques/4.Positivas/Comprar Empaques - Agregar FAILED.
Reason:
com.kms.katalon.core.exception.StepFailedException: Call Test Case 'Test Cases/5.Empaques/3.Pago-Empaques/Pago-exitoso' failed
	at com.kms.katalon.core.keyword.builtin.CallTestCaseKeyword$_callTestCase_closure1.doCall(CallTestCaseKeyword.groovy:63)
	at com.kms.katalon.core.keyword.builtin.CallTestCaseKeyword$_callTestCase_closure1.call(CallTestCaseKeyword.groovy)
	at com.kms.katalon.core.keyword.internal.KeywordMain.runKeyword(KeywordMain.groovy:75)
	at com.kms.katalon.core.keyword.builtin.CallTestCaseKeyword.callTestCase(CallTestCaseKeyword.groovy:81)
	at com.kms.katalon.core.keyword.builtin.CallTestCaseKeyword.execute(CallTestCaseKeyword.groovy:44)
	at com.kms.katalon.core.keyword.internal.KeywordExecutor.executeKeywordForPlatform(KeywordExecutor.groovy:74)
	at com.kms.katalon.core.keyword.BuiltinKeywords.callTestCase(BuiltinKeywords.groovy:310)
	at java.base/jdk.internal.reflect.NativeMethodAccessorImpl.invoke0(Native Method)
	at java.base/jdk.internal.reflect.NativeMethodAccessorImpl.invoke(NativeMethodAccessorImpl.java:77)
	at java.base/jdk.internal.reflect.DelegatingMethodAccessorImpl.invoke(DelegatingMethodAccessorImpl.java:43)
	at Comprar Empaques - Agregar.run(Comprar Empaques - Agregar:136)
	at com.kms.katalon.core.main.ScriptEngine.run(ScriptEngine.java:194)
	at com.kms.katalon.core.main.ScriptEngine.runScriptAsRawText(ScriptEngine.java:119)
	at com.kms.katalon.core.main.TestCaseExecutor.runScript(TestCaseExecutor.java:448)
	at com.kms.katalon.core.main.TestCaseExecutor.doExecute(TestCaseExecutor.java:439)
	at com.kms.katalon.core.main.TestCaseExecutor.processExecutionPhase(TestCaseExecutor.java:418)
	at com.kms.katalon.core.main.TestCaseExecutor.accessMainPhase(TestCaseExecutor.java:410)
	at com.kms.katalon.core.main.TestCaseExecutor.execute(TestCaseExecutor.java:285)
	at com.kms.katalon.core.common.CommonExecutor.accessTestCaseMainPhase(CommonExecutor.java:65)
	at com.kms.katalon.core.main.TestSuiteExecutor.accessTestSuiteMainPhase(TestSuiteExecutor.java:150)
	at com.kms.katalon.core.main.TestSuiteExecutor.execute(TestSuiteExecutor.java:106)
	at com.kms.katalon.core.main.TestCaseMain.startTestSuite(TestCaseMain.java:180)
	at TempTestSuite1732749322373.run(TempTestSuite1732749322373.groovy:35)
	at java.base/jdk.internal.reflect.NativeMethodAccessorImpl.invoke0(Native Method)
	at java.base/jdk.internal.reflect.NativeMethodAccessorImpl.invoke(NativeMethodAccessorImpl.java:77)
	at java.base/jdk.internal.reflect.DelegatingMethodAccessorImpl.invoke(DelegatingMethodAccessorImpl.java:43)
Caused by: com.kms.katalon.core.exception.StepFailedException: Unable to click on object 'Object Repository/pago/Page_Olva Courier  Medios de pago/button_PAGAR'
	at com.kms.katalon.core.webui.keyword.internal.WebUIKeywordMain.stepFailed(WebUIKeywordMain.groovy:117)
	at com.kms.katalon.core.webui.keyword.internal.WebUIKeywordMain.runKeyword(WebUIKeywordMain.groovy:43)
	at com.kms.katalon.core.webui.keyword.builtin.ClickKeyword.click(ClickKeyword.groovy:74)
	at com.kms.katalon.core.webui.keyword.builtin.ClickKeyword.execute(ClickKeyword.groovy:40)
	at com.kms.katalon.core.keyword.internal.KeywordExecutor.executeKeywordForPlatform(KeywordExecutor.groovy:74)
	at com.kms.katalon.core.webui.keyword.WebUiBuiltInKeywords.click(WebUiBuiltInKeywords.groovy:659)
	at Pago-exitoso.run(Pago-exitoso:25)
	at com.kms.katalon.core.main.ScriptEngine.run(ScriptEngine.java:194)
	at com.kms.katalon.core.main.ScriptEngine.runScriptAsRawText(ScriptEngine.java:119)
	at com.kms.katalon.core.main.TestCaseExecutor.runScript(TestCaseExecutor.java:448)
	at com.kms.katalon.core.main.TestCaseExecutor.doExecute(TestCaseExecutor.java:439)
	at com.kms.katalon.core.main.TestCaseExecutor.processExecutionPhase(TestCaseExecutor.java:418)
	at com.kms.katalon.core.main.TestCaseExecutor.accessMainPhase(TestCaseExecutor.java:410)
	at com.kms.katalon.core.main.TestCaseExecutor.execute(TestCaseExecutor.java:285)
	at com.kms.katalon.core.main.TestCaseMain.runTestCase(TestCaseMain.java:137)
	at com.kms.katalon.core.keyword.builtin.CallTestCaseKeyword$_callTestCase_closure1.doCall(CallTestCaseKeyword.groovy:59)
	... 25 more
Caused by: com.kms.katalon.core.webui.exception.WebElementNotFoundException: Web element with id: 'Object Repository/pago/Page_Olva Courier  Medios de pago/button_PAGAR' located by '//*[@id="pagarTottem"]' not found
	at com.kms.katalon.core.webui.common.WebUiCommonHelper.findWebElement(WebUiCommonHelper.java:1419)
	at com.kms.katalon.core.webui.keyword.internal.WebUIAbstractKeyword.findWebElement(WebUIAbstractKeyword.groovy:27)
	at com.kms.katalon.core.webui.keyword.builtin.ClickKeyword$_click_closure1.doCall(ClickKeyword.groovy:65)
	at com.kms.katalon.core.webui.keyword.builtin.ClickKeyword$_click_closure1.call(ClickKeyword.groovy)
	at com.kms.katalon.core.webui.keyword.internal.WebUIKeywordMain.runKeyword(WebUIKeywordMain.groovy:35)
	... 39 more]]></system-err>
   </testsuite>
</testsuites>
